This is pdfTeX, Version 3.141592653-2.6-1.40.25 (TeX Live 2023) (preloaded format=pdflatex 2025.4.11)  8 MAY 2025 22:20
entering extended mode
 restricted \write18 enabled.
 %&-line parsing enabled.
**mainExpD.tex
(./mainExpD.tex
LaTeX2e <2022-11-01> patch level 1
L3 programming layer <2023-02-22>
(/usr/share/texlive/texmf-dist/tex/latex/beamer/beamer.cls
Document Class: beamer 2023/02/20 v3.69 A class for typesetting presentations
(/usr/share/texlive/texmf-dist/tex/latex/beamer/beamerbasemodes.sty
(/usr/share/texlive/texmf-dist/tex/latex/etoolbox/etoolbox.sty
Package: etoolbox 2020/10/05 v2.5k e-TeX tools for LaTeX (JAW)
\etb@tempcnta=\count185
)
\beamer@tempbox=\box51
\beamer@tempcount=\count186
\c@beamerpauses=\count187

(/usr/share/texlive/texmf-dist/tex/latex/beamer/beamerbasedecode.sty
\beamer@slideinframe=\count188
\beamer@minimum=\count189
\beamer@decode@box=\box52
)
\beamer@commentbox=\box53
\beamer@modecount=\count190
)
(/usr/share/texlive/texmf-dist/tex/generic/iftex/iftex.sty
Package: iftex 2022/02/03 v1.0f TeX engine tests
)
\headdp=\dimen140
\footheight=\dimen141
\sidebarheight=\dimen142
\beamer@tempdim=\dimen143
\beamer@finalheight=\dimen144
\beamer@animht=\dimen145
\beamer@animdp=\dimen146
\beamer@animwd=\dimen147
\beamer@leftmargin=\dimen148
\beamer@rightmargin=\dimen149
\beamer@leftsidebar=\dimen150
\beamer@rightsidebar=\dimen151
\beamer@boxsize=\dimen152
\beamer@vboxoffset=\dimen153
\beamer@descdefault=\dimen154
\beamer@descriptionwidth=\dimen155
\beamer@lastskip=\skip48
\beamer@areabox=\box54
\beamer@animcurrent=\box55
\beamer@animshowbox=\box56
\beamer@sectionbox=\box57
\beamer@logobox=\box58
\beamer@linebox=\box59
\beamer@sectioncount=\count191
\beamer@subsubsectionmax=\count192
\beamer@subsectionmax=\count193
\beamer@sectionmax=\count194
\beamer@totalheads=\count195
\beamer@headcounter=\count196
\beamer@partstartpage=\count197
\beamer@sectionstartpage=\count198
\beamer@subsectionstartpage=\count199
\beamer@animationtempa=\count266
\beamer@animationtempb=\count267
\beamer@xpos=\count268
\beamer@ypos=\count269
\beamer@ypos@offset=\count270
\beamer@showpartnumber=\count271
\beamer@currentsubsection=\count272
\beamer@coveringdepth=\count273
\beamer@sectionadjust=\count274
\beamer@toclastsection=\count275
\beamer@tocsectionnumber=\count276

(/usr/share/texlive/texmf-dist/tex/latex/beamer/beamerbaseoptions.sty
(/usr/share/texlive/texmf-dist/tex/latex/graphics/keyval.sty
Package: keyval 2022/05/29 v1.15 key=value parser (DPC)
\KV@toks@=\toks16
))
\beamer@paperwidth=\skip49
\beamer@paperheight=\skip50

(/usr/share/texlive/texmf-dist/tex/latex/geometry/geometry.sty
Package: geometry 2020/01/02 v5.9 Page Geometry

(/usr/share/texlive/texmf-dist/tex/generic/iftex/ifvtex.sty
Package: ifvtex 2019/10/25 v1.7 ifvtex legacy package. Use iftex instead.
)
\Gm@cnth=\count277
\Gm@cntv=\count278
\c@Gm@tempcnt=\count279
\Gm@bindingoffset=\dimen156
\Gm@wd@mp=\dimen157
\Gm@odd@mp=\dimen158
\Gm@even@mp=\dimen159
\Gm@layoutwidth=\dimen160
\Gm@layoutheight=\dimen161
\Gm@layouthoffset=\dimen162
\Gm@layoutvoffset=\dimen163
\Gm@dimlist=\toks17
)
(/usr/share/texlive/texmf-dist/tex/latex/pgf/math/pgfmath.sty
(/usr/share/texlive/texmf-dist/tex/latex/pgf/utilities/pgfrcs.sty
(/usr/share/texlive/texmf-dist/tex/generic/pgf/utilities/pgfutil-common.tex
\pgfutil@everybye=\toks18
\pgfutil@tempdima=\dimen164
\pgfutil@tempdimb=\dimen165
)
(/usr/share/texlive/texmf-dist/tex/generic/pgf/utilities/pgfutil-latex.def
\pgfutil@abb=\box60
)
(/usr/share/texlive/texmf-dist/tex/generic/pgf/utilities/pgfrcs.code.tex
(/usr/share/texlive/texmf-dist/tex/generic/pgf/pgf.revision.tex)
Package: pgfrcs 2023-01-15 v3.1.10 (3.1.10)
))
(/usr/share/texlive/texmf-dist/tex/latex/pgf/utilities/pgfkeys.sty
(/usr/share/texlive/texmf-dist/tex/generic/pgf/utilities/pgfkeys.code.tex
\pgfkeys@pathtoks=\toks19
\pgfkeys@temptoks=\toks20

(/usr/share/texlive/texmf-dist/tex/generic/pgf/utilities/pgfkeyslibraryfiltered
.code.tex
\pgfkeys@tmptoks=\toks21
)))
(/usr/share/texlive/texmf-dist/tex/generic/pgf/math/pgfmath.code.tex
(/usr/share/texlive/texmf-dist/tex/generic/pgf/math/pgfmathutil.code.tex
\pgf@x=\dimen166
\pgf@xa=\dimen167
\pgf@xb=\dimen168
\pgf@xc=\dimen169
\pgf@y=\dimen170
\pgf@ya=\dimen171
\pgf@yb=\dimen172
\pgf@yc=\dimen173
\c@pgf@counta=\count280
\c@pgf@countb=\count281
\c@pgf@countc=\count282
\c@pgf@countd=\count283
)
(/usr/share/texlive/texmf-dist/tex/generic/pgf/math/pgfmathparser.code.tex
\pgfmath@dimen=\dimen174
\pgfmath@count=\count284
\pgfmath@box=\box61
\pgfmath@toks=\toks22
\pgfmath@stack@operand=\toks23
\pgfmath@stack@operation=\toks24
)
(/usr/share/texlive/texmf-dist/tex/generic/pgf/math/pgfmathfunctions.code.tex)
(/usr/share/texlive/texmf-dist/tex/generic/pgf/math/pgfmathfunctions.basic.code
.tex)
(/usr/share/texlive/texmf-dist/tex/generic/pgf/math/pgfmathfunctions.trigonomet
ric.code.tex)
(/usr/share/texlive/texmf-dist/tex/generic/pgf/math/pgfmathfunctions.random.cod
e.tex)
(/usr/share/texlive/texmf-dist/tex/generic/pgf/math/pgfmathfunctions.comparison
.code.tex)
(/usr/share/texlive/texmf-dist/tex/generic/pgf/math/pgfmathfunctions.base.code.
tex)
(/usr/share/texlive/texmf-dist/tex/generic/pgf/math/pgfmathfunctions.round.code
.tex)
(/usr/share/texlive/texmf-dist/tex/generic/pgf/math/pgfmathfunctions.misc.code.
tex)
(/usr/share/texlive/texmf-dist/tex/generic/pgf/math/pgfmathfunctions.integerari
thmetics.code.tex)
(/usr/share/texlive/texmf-dist/tex/generic/pgf/math/pgfmathcalc.code.tex)
(/usr/share/texlive/texmf-dist/tex/generic/pgf/math/pgfmathfloat.code.tex
\c@pgfmathroundto@lastzeros=\count285
)))
(/usr/share/texlive/texmf-dist/tex/latex/base/size11.clo
File: size11.clo 2022/07/02 v1.4n Standard LaTeX file (size option)
)
(/usr/share/texlive/texmf-dist/tex/latex/pgf/basiclayer/pgfcore.sty
(/usr/share/texlive/texmf-dist/tex/latex/graphics/graphicx.sty
Package: graphicx 2021/09/16 v1.2d Enhanced LaTeX Graphics (DPC,SPQR)

(/usr/share/texlive/texmf-dist/tex/latex/graphics/graphics.sty
Package: graphics 2022/03/10 v1.4e Standard LaTeX Graphics (DPC,SPQR)

(/usr/share/texlive/texmf-dist/tex/latex/graphics/trig.sty
Package: trig 2021/08/11 v1.11 sin cos tan (DPC)
)
(/usr/share/texlive/texmf-dist/tex/latex/graphics-cfg/graphics.cfg
File: graphics.cfg 2016/06/04 v1.11 sample graphics configuration
)
Package graphics Info: Driver file: pdftex.def on input line 107.

(/usr/share/texlive/texmf-dist/tex/latex/graphics-def/pdftex.def
File: pdftex.def 2022/09/22 v1.2b Graphics/color driver for pdftex
))
\Gin@req@height=\dimen175
\Gin@req@width=\dimen176
)
(/usr/share/texlive/texmf-dist/tex/latex/pgf/systemlayer/pgfsys.sty
(/usr/share/texlive/texmf-dist/tex/generic/pgf/systemlayer/pgfsys.code.tex
Package: pgfsys 2023-01-15 v3.1.10 (3.1.10)
\pgf@x=\dimen177
\pgf@y=\dimen178
\pgf@xa=\dimen179
\pgf@ya=\dimen180
\pgf@xb=\dimen181
\pgf@yb=\dimen182
\pgf@xc=\dimen183
\pgf@yc=\dimen184
\pgf@xd=\dimen185
\pgf@yd=\dimen186
\w@pgf@writea=\write3
\r@pgf@reada=\read2
\c@pgf@counta=\count286
\c@pgf@countb=\count287
\c@pgf@countc=\count288
\c@pgf@countd=\count289
\t@pgf@toka=\toks25
\t@pgf@tokb=\toks26
\t@pgf@tokc=\toks27
\pgf@sys@id@count=\count290

(/usr/share/texlive/texmf-dist/tex/generic/pgf/systemlayer/pgf.cfg
File: pgf.cfg 2023-01-15 v3.1.10 (3.1.10)
)
Driver file for pgf: pgfsys-pdftex.def

(/usr/share/texlive/texmf-dist/tex/generic/pgf/systemlayer/pgfsys-pdftex.def
File: pgfsys-pdftex.def 2023-01-15 v3.1.10 (3.1.10)

(/usr/share/texlive/texmf-dist/tex/generic/pgf/systemlayer/pgfsys-common-pdf.de
f
File: pgfsys-common-pdf.def 2023-01-15 v3.1.10 (3.1.10)
)))
(/usr/share/texlive/texmf-dist/tex/generic/pgf/systemlayer/pgfsyssoftpath.code.
tex
File: pgfsyssoftpath.code.tex 2023-01-15 v3.1.10 (3.1.10)
\pgfsyssoftpath@smallbuffer@items=\count291
\pgfsyssoftpath@bigbuffer@items=\count292
)
(/usr/share/texlive/texmf-dist/tex/generic/pgf/systemlayer/pgfsysprotocol.code.
tex
File: pgfsysprotocol.code.tex 2023-01-15 v3.1.10 (3.1.10)
)) (/usr/share/texlive/texmf-dist/tex/latex/xcolor/xcolor.sty
Package: xcolor 2022/06/12 v2.14 LaTeX color extensions (UK)

(/usr/share/texlive/texmf-dist/tex/latex/graphics-cfg/color.cfg
File: color.cfg 2016/01/02 v1.6 sample color configuration
)
Package xcolor Info: Driver file: pdftex.def on input line 227.

(/usr/share/texlive/texmf-dist/tex/latex/graphics/mathcolor.ltx)
Package xcolor Info: Model `cmy' substituted by `cmy0' on input line 1353.
Package xcolor Info: Model `hsb' substituted by `rgb' on input line 1357.
Package xcolor Info: Model `RGB' extended on input line 1369.
Package xcolor Info: Model `HTML' substituted by `rgb' on input line 1371.
Package xcolor Info: Model `Hsb' substituted by `hsb' on input line 1372.
Package xcolor Info: Model `tHsb' substituted by `hsb' on input line 1373.
Package xcolor Info: Model `HSB' substituted by `hsb' on input line 1374.
Package xcolor Info: Model `Gray' substituted by `gray' on input line 1375.
Package xcolor Info: Model `wave' substituted by `hsb' on input line 1376.
)
(/usr/share/texlive/texmf-dist/tex/generic/pgf/basiclayer/pgfcore.code.tex
Package: pgfcore 2023-01-15 v3.1.10 (3.1.10)

(/usr/share/texlive/texmf-dist/tex/generic/pgf/math/pgfint.code.tex)
(/usr/share/texlive/texmf-dist/tex/generic/pgf/basiclayer/pgfcorepoints.code.te
x
File: pgfcorepoints.code.tex 2023-01-15 v3.1.10 (3.1.10)
\pgf@picminx=\dimen187
\pgf@picmaxx=\dimen188
\pgf@picminy=\dimen189
\pgf@picmaxy=\dimen190
\pgf@pathminx=\dimen191
\pgf@pathmaxx=\dimen192
\pgf@pathminy=\dimen193
\pgf@pathmaxy=\dimen194
\pgf@xx=\dimen195
\pgf@xy=\dimen196
\pgf@yx=\dimen197
\pgf@yy=\dimen198
\pgf@zx=\dimen199
\pgf@zy=\dimen256
)
(/usr/share/texlive/texmf-dist/tex/generic/pgf/basiclayer/pgfcorepathconstruct.
code.tex
File: pgfcorepathconstruct.code.tex 2023-01-15 v3.1.10 (3.1.10)
\pgf@path@lastx=\dimen257
\pgf@path@lasty=\dimen258
)
(/usr/share/texlive/texmf-dist/tex/generic/pgf/basiclayer/pgfcorepathusage.code
.tex
File: pgfcorepathusage.code.tex 2023-01-15 v3.1.10 (3.1.10)
\pgf@shorten@end@additional=\dimen259
\pgf@shorten@start@additional=\dimen260
)
(/usr/share/texlive/texmf-dist/tex/generic/pgf/basiclayer/pgfcorescopes.code.te
x
File: pgfcorescopes.code.tex 2023-01-15 v3.1.10 (3.1.10)
\pgfpic=\box62
\pgf@hbox=\box63
\pgf@layerbox@main=\box64
\pgf@picture@serial@count=\count293
)
(/usr/share/texlive/texmf-dist/tex/generic/pgf/basiclayer/pgfcoregraphicstate.c
ode.tex
File: pgfcoregraphicstate.code.tex 2023-01-15 v3.1.10 (3.1.10)
\pgflinewidth=\dimen261
)
(/usr/share/texlive/texmf-dist/tex/generic/pgf/basiclayer/pgfcoretransformation
s.code.tex
File: pgfcoretransformations.code.tex 2023-01-15 v3.1.10 (3.1.10)
\pgf@pt@x=\dimen262
\pgf@pt@y=\dimen263
\pgf@pt@temp=\dimen264
)
(/usr/share/texlive/texmf-dist/tex/generic/pgf/basiclayer/pgfcorequick.code.tex
File: pgfcorequick.code.tex 2023-01-15 v3.1.10 (3.1.10)
)
(/usr/share/texlive/texmf-dist/tex/generic/pgf/basiclayer/pgfcoreobjects.code.t
ex
File: pgfcoreobjects.code.tex 2023-01-15 v3.1.10 (3.1.10)
)
(/usr/share/texlive/texmf-dist/tex/generic/pgf/basiclayer/pgfcorepathprocessing
.code.tex
File: pgfcorepathprocessing.code.tex 2023-01-15 v3.1.10 (3.1.10)
)
(/usr/share/texlive/texmf-dist/tex/generic/pgf/basiclayer/pgfcorearrows.code.te
x
File: pgfcorearrows.code.tex 2023-01-15 v3.1.10 (3.1.10)
\pgfarrowsep=\dimen265
)
(/usr/share/texlive/texmf-dist/tex/generic/pgf/basiclayer/pgfcoreshade.code.tex
File: pgfcoreshade.code.tex 2023-01-15 v3.1.10 (3.1.10)
\pgf@max=\dimen266
\pgf@sys@shading@range@num=\count294
\pgf@shadingcount=\count295
)
(/usr/share/texlive/texmf-dist/tex/generic/pgf/basiclayer/pgfcoreimage.code.tex
File: pgfcoreimage.code.tex 2023-01-15 v3.1.10 (3.1.10)
)
(/usr/share/texlive/texmf-dist/tex/generic/pgf/basiclayer/pgfcoreexternal.code.
tex
File: pgfcoreexternal.code.tex 2023-01-15 v3.1.10 (3.1.10)
\pgfexternal@startupbox=\box65
)
(/usr/share/texlive/texmf-dist/tex/generic/pgf/basiclayer/pgfcorelayers.code.te
x
File: pgfcorelayers.code.tex 2023-01-15 v3.1.10 (3.1.10)
)
(/usr/share/texlive/texmf-dist/tex/generic/pgf/basiclayer/pgfcoretransparency.c
ode.tex
File: pgfcoretransparency.code.tex 2023-01-15 v3.1.10 (3.1.10)
)
(/usr/share/texlive/texmf-dist/tex/generic/pgf/basiclayer/pgfcorepatterns.code.
tex
File: pgfcorepatterns.code.tex 2023-01-15 v3.1.10 (3.1.10)
)
(/usr/share/texlive/texmf-dist/tex/generic/pgf/basiclayer/pgfcorerdf.code.tex
File: pgfcorerdf.code.tex 2023-01-15 v3.1.10 (3.1.10)
))) (/usr/share/texlive/texmf-dist/tex/latex/pgf/utilities/xxcolor.sty
Package: xxcolor 2003/10/24 ver 0.1
\XC@nummixins=\count296
\XC@countmixins=\count297
)
(/usr/share/texlive/texmf-dist/tex/latex/base/atbegshi-ltx.sty
Package: atbegshi-ltx 2021/01/10 v1.0c Emulation of the original atbegshi
package with kernel methods
)
(/usr/share/texlive/texmf-dist/tex/latex/hyperref/hyperref.sty
Package: hyperref 2023-02-07 v7.00v Hypertext links for LaTeX

(/usr/share/texlive/texmf-dist/tex/generic/ltxcmds/ltxcmds.sty
Package: ltxcmds 2020-05-10 v1.25 LaTeX kernel commands for general use (HO)
)
(/usr/share/texlive/texmf-dist/tex/generic/pdftexcmds/pdftexcmds.sty
Package: pdftexcmds 2020-06-27 v0.33 Utility functions of pdfTeX for LuaTeX (HO
)

(/usr/share/texlive/texmf-dist/tex/generic/infwarerr/infwarerr.sty
Package: infwarerr 2019/12/03 v1.5 Providing info/warning/error messages (HO)
)
Package pdftexcmds Info: \pdf@primitive is available.
Package pdftexcmds Info: \pdf@ifprimitive is available.
Package pdftexcmds Info: \pdfdraftmode found.
)
(/usr/share/texlive/texmf-dist/tex/latex/kvsetkeys/kvsetkeys.sty
Package: kvsetkeys 2022-10-05 v1.19 Key value parser (HO)
)
(/usr/share/texlive/texmf-dist/tex/generic/kvdefinekeys/kvdefinekeys.sty
Package: kvdefinekeys 2019-12-19 v1.6 Define keys (HO)
)
(/usr/share/texlive/texmf-dist/tex/generic/pdfescape/pdfescape.sty
Package: pdfescape 2019/12/09 v1.15 Implements pdfTeX's escape features (HO)
)
(/usr/share/texlive/texmf-dist/tex/latex/hycolor/hycolor.sty
Package: hycolor 2020-01-27 v1.10 Color options for hyperref/bookmark (HO)
)
(/usr/share/texlive/texmf-dist/tex/latex/letltxmacro/letltxmacro.sty
Package: letltxmacro 2019/12/03 v1.6 Let assignment for LaTeX macros (HO)
)
(/usr/share/texlive/texmf-dist/tex/latex/auxhook/auxhook.sty
Package: auxhook 2019-12-17 v1.6 Hooks for auxiliary files (HO)
)
(/usr/share/texlive/texmf-dist/tex/latex/hyperref/nameref.sty
Package: nameref 2022-05-17 v2.50 Cross-referencing by name of section

(/usr/share/texlive/texmf-dist/tex/latex/refcount/refcount.sty
Package: refcount 2019/12/15 v3.6 Data extraction from label references (HO)
)
(/usr/share/texlive/texmf-dist/tex/generic/gettitlestring/gettitlestring.sty
Package: gettitlestring 2019/12/15 v1.6 Cleanup title references (HO)

(/usr/share/texlive/texmf-dist/tex/latex/kvoptions/kvoptions.sty
Package: kvoptions 2022-06-15 v3.15 Key value format for package options (HO)
))
\c@section@level=\count298
)
\@linkdim=\dimen267
\Hy@linkcounter=\count299
\Hy@pagecounter=\count300

(/usr/share/texlive/texmf-dist/tex/latex/hyperref/pd1enc.def
File: pd1enc.def 2023-02-07 v7.00v Hyperref: PDFDocEncoding definition (HO)
Now handling font encoding PD1 ...
... no UTF-8 mapping file for font encoding PD1
)
(/usr/share/texlive/texmf-dist/tex/generic/intcalc/intcalc.sty
Package: intcalc 2019/12/15 v1.3 Expandable calculations with integers (HO)
)
(/usr/share/texlive/texmf-dist/tex/generic/etexcmds/etexcmds.sty
Package: etexcmds 2019/12/15 v1.7 Avoid name clashes with e-TeX commands (HO)
)
\Hy@SavedSpaceFactor=\count301

(/usr/share/texlive/texmf-dist/tex/latex/hyperref/puenc.def
File: puenc.def 2023-02-07 v7.00v Hyperref: PDF Unicode definition (HO)
Now handling font encoding PU ...
... no UTF-8 mapping file for font encoding PU
)
Package hyperref Info: Option `bookmarks' set `true' on input line 4060.
Package hyperref Info: Option `bookmarksopen' set `true' on input line 4060.
Package hyperref Info: Option `implicit' set `false' on input line 4060.
Package hyperref Info: Hyper figures OFF on input line 4177.
Package hyperref Info: Link nesting OFF on input line 4182.
Package hyperref Info: Hyper index ON on input line 4185.
Package hyperref Info: Plain pages OFF on input line 4192.
Package hyperref Info: Backreferencing OFF on input line 4197.
Package hyperref Info: Implicit mode OFF; no redefinition of LaTeX internals.
Package hyperref Info: Bookmarks ON on input line 4425.
\c@Hy@tempcnt=\count302

(/usr/share/texlive/texmf-dist/tex/latex/url/url.sty
\Urlmuskip=\muskip16
Package: url 2013/09/16  ver 3.4  Verb mode for urls, etc.
)
LaTeX Info: Redefining \url on input line 4763.
\XeTeXLinkMargin=\dimen268

(/usr/share/texlive/texmf-dist/tex/generic/bitset/bitset.sty
Package: bitset 2019/12/09 v1.3 Handle bit-vector datatype (HO)

(/usr/share/texlive/texmf-dist/tex/generic/bigintcalc/bigintcalc.sty
Package: bigintcalc 2019/12/15 v1.5 Expandable calculations on big integers (HO
)
))
\Fld@menulength=\count303
\Field@Width=\dimen269
\Fld@charsize=\dimen270
Package hyperref Info: Hyper figures OFF on input line 6042.
Package hyperref Info: Link nesting OFF on input line 6047.
Package hyperref Info: Hyper index ON on input line 6050.
Package hyperref Info: backreferencing OFF on input line 6057.
Package hyperref Info: Link coloring OFF on input line 6062.
Package hyperref Info: Link coloring with OCG OFF on input line 6067.
Package hyperref Info: PDF/A mode OFF on input line 6072.
\Hy@abspage=\count304


Package hyperref Message: Stopped early.

)
Package hyperref Info: Driver (autodetected): hpdftex.
 (/usr/share/texlive/texmf-dist/tex/latex/hyperref/hpdftex.def
File: hpdftex.def 2023-02-07 v7.00v Hyperref driver for pdfTeX

(/usr/share/texlive/texmf-dist/tex/latex/base/atveryend-ltx.sty
Package: atveryend-ltx 2020/08/19 v1.0a Emulation of the original atveryend pac
kage
with kernel methods
)
\Fld@listcount=\count305
\c@bookmark@seq@number=\count306

(/usr/share/texlive/texmf-dist/tex/latex/rerunfilecheck/rerunfilecheck.sty
Package: rerunfilecheck 2022-07-10 v1.10 Rerun checks for auxiliary files (HO)

(/usr/share/texlive/texmf-dist/tex/generic/uniquecounter/uniquecounter.sty
Package: uniquecounter 2019/12/15 v1.4 Provide unlimited unique counter (HO)
)
Package uniquecounter Info: New unique counter `rerunfilecheck' on input line 2
85.
))
(/usr/share/texlive/texmf-dist/tex/latex/beamer/beamerbaserequires.sty
(/usr/share/texlive/texmf-dist/tex/latex/beamer/beamerbasecompatibility.sty)
(/usr/share/texlive/texmf-dist/tex/latex/beamer/beamerbasefont.sty
(/usr/share/texlive/texmf-dist/tex/latex/amsfonts/amssymb.sty
Package: amssymb 2013/01/14 v3.01 AMS font symbols

(/usr/share/texlive/texmf-dist/tex/latex/amsfonts/amsfonts.sty
Package: amsfonts 2013/01/14 v3.01 Basic AMSFonts support
\@emptytoks=\toks28
\symAMSa=\mathgroup4
\symAMSb=\mathgroup5
LaTeX Font Info:    Redeclaring math symbol \hbar on input line 98.
LaTeX Font Info:    Overwriting math alphabet `\mathfrak' in version `bold'
(Font)                  U/euf/m/n --> U/euf/b/n on input line 106.
))
(/usr/share/texlive/texmf-dist/tex/latex/sansmathaccent/sansmathaccent.sty
Package: sansmathaccent 2020/01/31

(/usr/share/texlive/texmf-dist/tex/latex/koma-script/scrlfile.sty
Package: scrlfile 2022/10/12 v3.38 KOMA-Script package (file load hooks)

(/usr/share/texlive/texmf-dist/tex/latex/koma-script/scrlfile-hook.sty
Package: scrlfile-hook 2022/10/12 v3.38 KOMA-Script package (using LaTeX hooks)


(/usr/share/texlive/texmf-dist/tex/latex/koma-script/scrlogo.sty
Package: scrlogo 2022/10/12 v3.38 KOMA-Script package (logo)
)))))
(/usr/share/texlive/texmf-dist/tex/latex/beamer/beamerbasetranslator.sty
(/usr/share/texlive/texmf-dist/tex/latex/translator/translator.sty
Package: translator 2021-05-31 v1.12d Easy translation of strings in LaTeX
))
(/usr/share/texlive/texmf-dist/tex/latex/beamer/beamerbasemisc.sty)
(/usr/share/texlive/texmf-dist/tex/latex/beamer/beamerbasetwoscreens.sty)
(/usr/share/texlive/texmf-dist/tex/latex/beamer/beamerbaseoverlay.sty
\beamer@argscount=\count307
\beamer@lastskipcover=\skip51
\beamer@trivlistdepth=\count308
)
(/usr/share/texlive/texmf-dist/tex/latex/beamer/beamerbasetitle.sty)
(/usr/share/texlive/texmf-dist/tex/latex/beamer/beamerbasesection.sty
\c@lecture=\count309
\c@part=\count310
\c@section=\count311
\c@subsection=\count312
\c@subsubsection=\count313
)
(/usr/share/texlive/texmf-dist/tex/latex/beamer/beamerbaseframe.sty
\beamer@framebox=\box66
\beamer@frametitlebox=\box67
\beamer@zoombox=\box68
\beamer@zoomcount=\count314
\beamer@zoomframecount=\count315
\beamer@frametextheight=\dimen271
\c@subsectionslide=\count316
\beamer@frametopskip=\skip52
\beamer@framebottomskip=\skip53
\beamer@frametopskipautobreak=\skip54
\beamer@framebottomskipautobreak=\skip55
\beamer@envbody=\toks29
\framewidth=\dimen272
\c@framenumber=\count317
)
(/usr/share/texlive/texmf-dist/tex/latex/beamer/beamerbaseverbatim.sty
\beamer@verbatimfileout=\write4
)
(/usr/share/texlive/texmf-dist/tex/latex/beamer/beamerbaseframesize.sty
\beamer@splitbox=\box69
\beamer@autobreakcount=\count318
\beamer@autobreaklastheight=\dimen273
\beamer@frametitletoks=\toks30
\beamer@framesubtitletoks=\toks31
)
(/usr/share/texlive/texmf-dist/tex/latex/beamer/beamerbaseframecomponents.sty
\beamer@footins=\box70
)
(/usr/share/texlive/texmf-dist/tex/latex/beamer/beamerbasecolor.sty)
(/usr/share/texlive/texmf-dist/tex/latex/beamer/beamerbasenotes.sty
\beamer@frameboxcopy=\box71
)
(/usr/share/texlive/texmf-dist/tex/latex/beamer/beamerbasetoc.sty)
(/usr/share/texlive/texmf-dist/tex/latex/beamer/beamerbasetemplates.sty
\beamer@sbttoks=\toks32

(/usr/share/texlive/texmf-dist/tex/latex/beamer/beamerbaseauxtemplates.sty
(/usr/share/texlive/texmf-dist/tex/latex/beamer/beamerbaseboxes.sty
\bmb@box=\box72
\bmb@colorbox=\box73
\bmb@boxwidth=\dimen274
\bmb@boxheight=\dimen275
\bmb@prevheight=\dimen276
\bmb@temp=\dimen277
\bmb@dima=\dimen278
\bmb@dimb=\dimen279
\bmb@prevheight=\dimen280
)
\beamer@blockheadheight=\dimen281
))
(/usr/share/texlive/texmf-dist/tex/latex/beamer/beamerbaselocalstructure.sty
(/usr/share/texlive/texmf-dist/tex/latex/tools/enumerate.sty
Package: enumerate 2015/07/23 v3.00 enumerate extensions (DPC)
\@enLab=\toks33
)
\beamer@bibiconwidth=\skip56
\c@figure=\count319
\c@table=\count320
\abovecaptionskip=\skip57
\belowcaptionskip=\skip58
)
(/usr/share/texlive/texmf-dist/tex/latex/beamer/beamerbasenavigation.sty
(/usr/share/texlive/texmf-dist/tex/latex/beamer/beamerbasenavigationsymbols.tex
)
\beamer@section@min@dim=\dimen282
) (/usr/share/texlive/texmf-dist/tex/latex/beamer/beamerbasetheorems.sty
(/usr/share/texlive/texmf-dist/tex/latex/amsmath/amsmath.sty
Package: amsmath 2022/04/08 v2.17n AMS math features
\@mathmargin=\skip59

For additional information on amsmath, use the `?' option.
(/usr/share/texlive/texmf-dist/tex/latex/amsmath/amstext.sty
Package: amstext 2021/08/26 v2.01 AMS text

(/usr/share/texlive/texmf-dist/tex/latex/amsmath/amsgen.sty
File: amsgen.sty 1999/11/30 v2.0 generic functions
\@emptytoks=\toks34
\ex@=\dimen283
))
(/usr/share/texlive/texmf-dist/tex/latex/amsmath/amsbsy.sty
Package: amsbsy 1999/11/29 v1.2d Bold Symbols
\pmbraise@=\dimen284
)
(/usr/share/texlive/texmf-dist/tex/latex/amsmath/amsopn.sty
Package: amsopn 2022/04/08 v2.04 operator names
)
\inf@bad=\count321
LaTeX Info: Redefining \frac on input line 234.
\uproot@=\count322
\leftroot@=\count323
LaTeX Info: Redefining \overline on input line 399.
LaTeX Info: Redefining \colon on input line 410.
\classnum@=\count324
\DOTSCASE@=\count325
LaTeX Info: Redefining \ldots on input line 496.
LaTeX Info: Redefining \dots on input line 499.
LaTeX Info: Redefining \cdots on input line 620.
\Mathstrutbox@=\box74
\strutbox@=\box75
LaTeX Info: Redefining \big on input line 722.
LaTeX Info: Redefining \Big on input line 723.
LaTeX Info: Redefining \bigg on input line 724.
LaTeX Info: Redefining \Bigg on input line 725.
\big@size=\dimen285
LaTeX Font Info:    Redeclaring font encoding OML on input line 743.
LaTeX Font Info:    Redeclaring font encoding OMS on input line 744.
\macc@depth=\count326
LaTeX Info: Redefining \bmod on input line 905.
LaTeX Info: Redefining \pmod on input line 910.
LaTeX Info: Redefining \smash on input line 940.
LaTeX Info: Redefining \relbar on input line 970.
LaTeX Info: Redefining \Relbar on input line 971.
\c@MaxMatrixCols=\count327
\dotsspace@=\muskip17
\c@parentequation=\count328
\dspbrk@lvl=\count329
\tag@help=\toks35
\row@=\count330
\column@=\count331
\maxfields@=\count332
\andhelp@=\toks36
\eqnshift@=\dimen286
\alignsep@=\dimen287
\tagshift@=\dimen288
\tagwidth@=\dimen289
\totwidth@=\dimen290
\lineht@=\dimen291
\@envbody=\toks37
\multlinegap=\skip60
\multlinetaggap=\skip61
\mathdisplay@stack=\toks38
LaTeX Info: Redefining \[ on input line 2953.
LaTeX Info: Redefining \] on input line 2954.
)
(/usr/share/texlive/texmf-dist/tex/latex/amscls/amsthm.sty
Package: amsthm 2020/05/29 v2.20.6
\thm@style=\toks39
\thm@bodyfont=\toks40
\thm@headfont=\toks41
\thm@notefont=\toks42
\thm@headpunct=\toks43
\thm@preskip=\skip62
\thm@postskip=\skip63
\thm@headsep=\skip64
\dth@everypar=\toks44
)
\c@theorem=\count333
)
(/usr/share/texlive/texmf-dist/tex/latex/beamer/beamerbasethemes.sty))
(/usr/share/texlive/texmf-dist/tex/latex/beamer/beamerthemedefault.sty
(/usr/share/texlive/texmf-dist/tex/latex/beamer/beamerfontthemedefault.sty)
(/usr/share/texlive/texmf-dist/tex/latex/beamer/beamercolorthemedefault.sty)
(/usr/share/texlive/texmf-dist/tex/latex/beamer/beamerinnerthemedefault.sty
\beamer@dima=\dimen292
\beamer@dimb=\dimen293
)
(/usr/share/texlive/texmf-dist/tex/latex/beamer/beamerouterthemedefault.sty)))
(/usr/share/texlive/texmf-dist/tex/latex/beamer/beamerthemeBerlin.sty
(/usr/share/texlive/texmf-dist/tex/latex/beamer/beamerouterthememiniframes.sty)
(/usr/share/texlive/texmf-dist/tex/latex/beamer/beamercolorthemewhale.sty)
(/usr/share/texlive/texmf-dist/tex/latex/beamer/beamercolorthemeorchid.sty)
(/usr/share/texlive/texmf-dist/tex/latex/beamer/beamerinnerthemerectangles.sty)
) (/usr/share/texlive/texmf-dist/tex/latex/l3backend/l3backend-pdftex.def
File: l3backend-pdftex.def 2023-01-16 L3 backend support: PDF output (pdfTeX)
\l__color_backend_stack_int=\count334
\l__pdf_internal_box=\box76
)
(./mainExpD.aux)
\openout1 = `mainExpD.aux'.

LaTeX Font Info:    Checking defaults for OML/cmm/m/it on input line 53.
LaTeX Font Info:    ... okay on input line 53.
LaTeX Font Info:    Checking defaults for OMS/cmsy/m/n on input line 53.
LaTeX Font Info:    ... okay on input line 53.
LaTeX Font Info:    Checking defaults for OT1/cmr/m/n on input line 53.
LaTeX Font Info:    ... okay on input line 53.
LaTeX Font Info:    Checking defaults for T1/cmr/m/n on input line 53.
LaTeX Font Info:    ... okay on input line 53.
LaTeX Font Info:    Checking defaults for TS1/cmr/m/n on input line 53.
LaTeX Font Info:    ... okay on input line 53.
LaTeX Font Info:    Checking defaults for OMX/cmex/m/n on input line 53.
LaTeX Font Info:    ... okay on input line 53.
LaTeX Font Info:    Checking defaults for U/cmr/m/n on input line 53.
LaTeX Font Info:    ... okay on input line 53.
LaTeX Font Info:    Checking defaults for PD1/pdf/m/n on input line 53.
LaTeX Font Info:    ... okay on input line 53.
LaTeX Font Info:    Checking defaults for PU/pdf/m/n on input line 53.
LaTeX Font Info:    ... okay on input line 53.

*geometry* driver: auto-detecting
*geometry* detected driver: pdftex
*geometry* verbose mode - [ preamble ] result:
* driver: pdftex
* paper: custom
* layout: <same size as paper>
* layoutoffset:(h,v)=(0.0pt,0.0pt)
* modes: includehead includefoot 
* h-part:(L,W,R)=(28.45274pt, 307.28987pt, 28.45274pt)
* v-part:(T,H,B)=(0.0pt, 273.14662pt, 0.0pt)
* \paperwidth=364.19536pt
* \paperheight=273.14662pt
* \textwidth=307.28987pt
* \textheight=244.6939pt
* \oddsidemargin=-43.81725pt
* \evensidemargin=-43.81725pt
* \topmargin=-72.26999pt
* \headheight=14.22636pt
* \headsep=0.0pt
* \topskip=11.0pt
* \footskip=14.22636pt
* \marginparwidth=4.0pt
* \marginparsep=10.0pt
* \columnsep=10.0pt
* \skip\footins=10.0pt plus 4.0pt minus 2.0pt
* \hoffset=0.0pt
* \voffset=0.0pt
* \mag=1000
* \@twocolumnfalse
* \@twosidefalse
* \@mparswitchfalse
* \@reversemarginfalse
* (1in=72.27pt=25.4mm, 1cm=28.453pt)

(/usr/share/texlive/texmf-dist/tex/context/base/mkii/supp-pdf.mkii
[Loading MPS to PDF converter (version 2006.09.02).]
\scratchcounter=\count335
\scratchdimen=\dimen294
\scratchbox=\box77
\nofMPsegments=\count336
\nofMParguments=\count337
\everyMPshowfont=\toks45
\MPscratchCnt=\count338
\MPscratchDim=\dimen295
\MPnumerator=\count339
\makeMPintoPDFobject=\count340
\everyMPtoPDFconversion=\toks46
) (/usr/share/texlive/texmf-dist/tex/latex/epstopdf-pkg/epstopdf-base.sty
Package: epstopdf-base 2020-01-24 v2.11 Base part for package epstopdf
Package epstopdf-base Info: Redefining graphics rule for `.eps' on input line 4
85.

(/usr/share/texlive/texmf-dist/tex/latex/latexconfig/epstopdf-sys.cfg
File: epstopdf-sys.cfg 2010/07/13 v1.3 Configuration of (r)epstopdf for TeX Liv
e
))
Package hyperref Info: Link coloring OFF on input line 53.

(./mainExpD.out) (./mainExpD.out)
\@outlinefile=\write5
\openout5 = `mainExpD.out'.

LaTeX Font Info:    Overwriting symbol font `operators' in version `normal'
(Font)                  OT1/cmr/m/n --> OT1/cmss/m/n on input line 53.
LaTeX Font Info:    Overwriting symbol font `operators' in version `bold'
(Font)                  OT1/cmr/bx/n --> OT1/cmss/b/n on input line 53.
\symnumbers=\mathgroup6
\sympureletters=\mathgroup7
LaTeX Font Info:    Overwriting math alphabet `\mathrm' in version `normal'
(Font)                  OT1/cmss/m/n --> OT1/cmr/m/n on input line 53.
LaTeX Font Info:    Redeclaring math alphabet \mathbf on input line 53.
LaTeX Font Info:    Overwriting math alphabet `\mathbf' in version `normal'
(Font)                  OT1/cmr/bx/n --> OT1/cmss/b/n on input line 53.
LaTeX Font Info:    Overwriting math alphabet `\mathbf' in version `bold'
(Font)                  OT1/cmr/bx/n --> OT1/cmss/b/n on input line 53.
LaTeX Font Info:    Redeclaring math alphabet \mathsf on input line 53.
LaTeX Font Info:    Overwriting math alphabet `\mathsf' in version `normal'
(Font)                  OT1/cmss/m/n --> OT1/cmss/m/n on input line 53.
LaTeX Font Info:    Overwriting math alphabet `\mathsf' in version `bold'
(Font)                  OT1/cmss/bx/n --> OT1/cmss/m/n on input line 53.
LaTeX Font Info:    Redeclaring math alphabet \mathit on input line 53.
LaTeX Font Info:    Overwriting math alphabet `\mathit' in version `normal'
(Font)                  OT1/cmr/m/it --> OT1/cmss/m/it on input line 53.
LaTeX Font Info:    Overwriting math alphabet `\mathit' in version `bold'
(Font)                  OT1/cmr/bx/it --> OT1/cmss/m/it on input line 53.
LaTeX Font Info:    Redeclaring math alphabet \mathtt on input line 53.
LaTeX Font Info:    Overwriting math alphabet `\mathtt' in version `normal'
(Font)                  OT1/cmtt/m/n --> OT1/cmtt/m/n on input line 53.
LaTeX Font Info:    Overwriting math alphabet `\mathtt' in version `bold'
(Font)                  OT1/cmtt/m/n --> OT1/cmtt/m/n on input line 53.
LaTeX Font Info:    Overwriting symbol font `numbers' in version `bold'
(Font)                  OT1/cmss/m/n --> OT1/cmss/b/n on input line 53.
LaTeX Font Info:    Overwriting symbol font `pureletters' in version `bold'
(Font)                  OT1/cmss/m/it --> OT1/cmss/b/it on input line 53.
LaTeX Font Info:    Overwriting math alphabet `\mathrm' in version `bold'
(Font)                  OT1/cmss/b/n --> OT1/cmr/b/n on input line 53.
LaTeX Font Info:    Overwriting math alphabet `\mathbf' in version `bold'
(Font)                  OT1/cmss/b/n --> OT1/cmss/b/n on input line 53.
LaTeX Font Info:    Overwriting math alphabet `\mathsf' in version `bold'
(Font)                  OT1/cmss/m/n --> OT1/cmss/b/n on input line 53.
LaTeX Font Info:    Overwriting math alphabet `\mathit' in version `bold'
(Font)                  OT1/cmss/m/it --> OT1/cmss/b/it on input line 53.
LaTeX Font Info:    Overwriting math alphabet `\mathtt' in version `bold'
(Font)                  OT1/cmtt/m/n --> OT1/cmtt/b/n on input line 53.
LaTeX Font Info:    Redeclaring symbol font `pureletters' on input line 53.
LaTeX Font Info:    Overwriting symbol font `pureletters' in version `normal'
(Font)                  OT1/cmss/m/it --> OT1/mathkerncmss/m/sl on input line 5
3.
LaTeX Font Info:    Overwriting symbol font `pureletters' in version `bold'
(Font)                  OT1/cmss/b/it --> OT1/mathkerncmss/m/sl on input line 5
3.
LaTeX Font Info:    Overwriting symbol font `pureletters' in version `bold'
(Font)                  OT1/mathkerncmss/m/sl --> OT1/mathkerncmss/bx/sl on inp
ut line 53.

(/usr/share/texlive/texmf-dist/tex/latex/translator/translator-basic-dictionary
-English.dict
Dictionary: translator-basic-dictionary, Language: English 
)
(/usr/share/texlive/texmf-dist/tex/latex/translator/translator-bibliography-dic
tionary-English.dict
Dictionary: translator-bibliography-dictionary, Language: English 
)
(/usr/share/texlive/texmf-dist/tex/latex/translator/translator-environment-dict
ionary-English.dict
Dictionary: translator-environment-dictionary, Language: English 
)
(/usr/share/texlive/texmf-dist/tex/latex/translator/translator-months-dictionar
y-English.dict
Dictionary: translator-months-dictionary, Language: English 
)
(/usr/share/texlive/texmf-dist/tex/latex/translator/translator-numbers-dictiona
ry-English.dict
Dictionary: translator-numbers-dictionary, Language: English 
)
(/usr/share/texlive/texmf-dist/tex/latex/translator/translator-theorem-dictiona
ry-English.dict
Dictionary: translator-theorem-dictionary, Language: English 
) (./mainExpD.nav)

Package hyperref Warning: Option `pdfauthor' has already been used,
(hyperref)                setting the option has no effect on input line 55.

[1{/var/lib/texmf/fonts/map/pdftex/updmap/pdftex.map}

]
LaTeX Font Info:    Trying to load font information for U+msa on input line 63.


(/usr/share/texlive/texmf-dist/tex/latex/amsfonts/umsa.fd
File: umsa.fd 2013/01/14 v3.01 AMS symbols A
)
LaTeX Font Info:    Trying to load font information for U+msb on input line 63.


(/usr/share/texlive/texmf-dist/tex/latex/amsfonts/umsb.fd
File: umsb.fd 2013/01/14 v3.01 AMS symbols B
)
LaTeX Font Info:    Trying to load font information for OT1+mathkerncmss on inp
ut line 63.

(/usr/share/texlive/texmf-dist/tex/latex/sansmathaccent/ot1mathkerncmss.fd
File: ot1mathkerncmss.fd 2020/01/31 Fontinst v1.933 font definitions for OT1/ma
thkerncmss.
)
[2

] (./mainExpD.toc) [3

] [4


] [5

] [6

] (./ExpDCommonTable000.tex) [7

]
(./ExpDCommonTable001.tex) [8

] (./ExpDDifferentTable000.tex
Overfull \hbox (35.27505pt too wide) in paragraph at lines 5--21
 [] 
 []

) [9

] (./ExpDMeanMatrixTable000.tex) [10

] (./ExpDMeanMatrixTable001.tex)
[11

]
Package epstopdf Info: Source file: <ExpDboxplottGenerations000.eps>
(epstopdf)                    date: 2025-05-08 22:20:19
(epstopdf)                    size: 5620 bytes
(epstopdf)             Output file: <ExpDboxplottGenerations000-eps-converted-t
o.pdf>
(epstopdf)                    date: 2025-05-08 22:20:26
(epstopdf)                    size: 10551 bytes
(epstopdf)             Command: <repstopdf --outfile=ExpDboxplottGenerations000
-eps-converted-to.pdf ExpDboxplottGenerations000.eps>
(epstopdf)             \includegraphics on input line 183.
Package epstopdf Info: Output file is already uptodate.
<ExpDboxplottGenerations000-eps-converted-to.pdf, id=766, 578.16pt x 758.835pt>

File: ExpDboxplottGenerations000-eps-converted-to.pdf Graphic file (type pdf)
<use ExpDboxplottGenerations000-eps-converted-to.pdf>
Package pdftex.def Info: ExpDboxplottGenerations000-eps-converted-to.pdf  used 
on input line 183.
(pdftex.def)             Requested size: 153.64493pt x 201.65768pt.
 [12

 <./ExpDboxplottGenerations000-eps-converted-to.pdf>]
Package epstopdf Info: Source file: <ExpDboxplottGenerations001.eps>
(epstopdf)                    date: 2025-05-08 22:20:19
(epstopdf)                    size: 5630 bytes
(epstopdf)             Output file: <ExpDboxplottGenerations001-eps-converted-t
o.pdf>
(epstopdf)                    date: 2025-05-08 22:20:27
(epstopdf)                    size: 10568 bytes
(epstopdf)             Command: <repstopdf --outfile=ExpDboxplottGenerations001
-eps-converted-to.pdf ExpDboxplottGenerations001.eps>
(epstopdf)             \includegraphics on input line 196.
Package epstopdf Info: Output file is already uptodate.
<ExpDboxplottGenerations001-eps-converted-to.pdf, id=830, 578.16pt x 758.835pt>

File: ExpDboxplottGenerations001-eps-converted-to.pdf Graphic file (type pdf)
<use ExpDboxplottGenerations001-eps-converted-to.pdf>
Package pdftex.def Info: ExpDboxplottGenerations001-eps-converted-to.pdf  used 
on input line 196.
(pdftex.def)             Requested size: 153.64493pt x 201.65768pt.
 [13

 <./ExpDboxplottGenerations001-eps-converted-to.pdf>]
Package epstopdf Info: Source file: <ExpDboxplottGenerations002.eps>
(epstopdf)                    date: 2025-05-08 22:20:19
(epstopdf)                    size: 5679 bytes
(epstopdf)             Output file: <ExpDboxplottGenerations002-eps-converted-t
o.pdf>
(epstopdf)                    date: 2025-05-08 22:20:27
(epstopdf)                    size: 10250 bytes
(epstopdf)             Command: <repstopdf --outfile=ExpDboxplottGenerations002
-eps-converted-to.pdf ExpDboxplottGenerations002.eps>
(epstopdf)             \includegraphics on input line 209.
Package epstopdf Info: Output file is already uptodate.
<ExpDboxplottGenerations002-eps-converted-to.pdf, id=894, 578.16pt x 758.835pt>

File: ExpDboxplottGenerations002-eps-converted-to.pdf Graphic file (type pdf)
<use ExpDboxplottGenerations002-eps-converted-to.pdf>
Package pdftex.def Info: ExpDboxplottGenerations002-eps-converted-to.pdf  used 
on input line 209.
(pdftex.def)             Requested size: 153.64493pt x 201.65768pt.
 [14

 <./ExpDboxplottGenerations002-eps-converted-to.pdf>]
Package epstopdf Info: Source file: <ExpDboxplottGenerations003.eps>
(epstopdf)                    date: 2025-05-08 22:20:19
(epstopdf)                    size: 5408 bytes
(epstopdf)             Output file: <ExpDboxplottGenerations003-eps-converted-t
o.pdf>
(epstopdf)                    date: 2025-05-08 22:20:27
(epstopdf)                    size: 10148 bytes
(epstopdf)             Command: <repstopdf --outfile=ExpDboxplottGenerations003
-eps-converted-to.pdf ExpDboxplottGenerations003.eps>
(epstopdf)             \includegraphics on input line 222.
Package epstopdf Info: Output file is already uptodate.
<ExpDboxplottGenerations003-eps-converted-to.pdf, id=958, 578.16pt x 758.835pt>

File: ExpDboxplottGenerations003-eps-converted-to.pdf Graphic file (type pdf)
<use ExpDboxplottGenerations003-eps-converted-to.pdf>
Package pdftex.def Info: ExpDboxplottGenerations003-eps-converted-to.pdf  used 
on input line 222.
(pdftex.def)             Requested size: 153.64493pt x 201.65768pt.
 [15

 <./ExpDboxplottGenerations003-eps-converted-to.pdf>]
Package epstopdf Info: Source file: <ExpDboxplottGenerations004.eps>
(epstopdf)                    date: 2025-05-08 22:20:19
(epstopdf)                    size: 5758 bytes
(epstopdf)             Output file: <ExpDboxplottGenerations004-eps-converted-t
o.pdf>
(epstopdf)                    date: 2025-05-08 22:20:27
(epstopdf)                    size: 10980 bytes
(epstopdf)             Command: <repstopdf --outfile=ExpDboxplottGenerations004
-eps-converted-to.pdf ExpDboxplottGenerations004.eps>
(epstopdf)             \includegraphics on input line 235.
Package epstopdf Info: Output file is already uptodate.
<ExpDboxplottGenerations004-eps-converted-to.pdf, id=1021, 578.16pt x 758.835pt
>
File: ExpDboxplottGenerations004-eps-converted-to.pdf Graphic file (type pdf)
<use ExpDboxplottGenerations004-eps-converted-to.pdf>
Package pdftex.def Info: ExpDboxplottGenerations004-eps-converted-to.pdf  used 
on input line 235.
(pdftex.def)             Requested size: 153.64493pt x 201.65768pt.

[16

 <./ExpDboxplottGenerations004-eps-converted-to.pdf>] [17

] [18

]
(./ExpDStatsTable000.tex
Overfull \hbox (50.43338pt too wide) in paragraph at lines 5--26
 [] 
 []

) [19

] (./ExpDStatsTable001.tex
Overfull \hbox (4.68272pt too wide) in paragraph at lines 5--26
 [] 
 []

) [20

] (./ExpDStatsTable002.tex) [21

] (./ExpDtParmTable000.tex) [22

]
(./ExpDtParmTable001.tex) [23

] (./ExpDtParmTable002.tex) [24

]
(./ExpDStatsTable003.tex
Overfull \hbox (17.59958pt too wide) in paragraph at lines 5--15
 [] 
 []

) [25

] (./ExpDSolutionTable000.tex) [26

] (./ExpDSolutionTable001.tex) [27

]
(./ExpDNNWeightTable000.tex) [28

] (./ExpDNNWeightTable001.tex) [29

]
(./ExpDNNWeightTable002.tex) [30

]
Package epstopdf Info: Source file: <ExpDPlotPopStatsFigure000.eps>
(epstopdf)                    date: 2025-05-08 22:20:19
(epstopdf)                    size: 5263 bytes
(epstopdf)             Output file: <ExpDPlotPopStatsFigure000-eps-converted-to
.pdf>
(epstopdf)                    date: 2025-05-08 22:20:28
(epstopdf)                    size: 13033 bytes
(epstopdf)             Command: <repstopdf --outfile=ExpDPlotPopStatsFigure000-
eps-converted-to.pdf ExpDPlotPopStatsFigure000.eps>
(epstopdf)             \includegraphics on input line 443.
Package epstopdf Info: Output file is already uptodate.
<ExpDPlotPopStatsFigure000-eps-converted-to.pdf, id=1874, 578.16pt x 758.835pt>

File: ExpDPlotPopStatsFigure000-eps-converted-to.pdf Graphic file (type pdf)
<use ExpDPlotPopStatsFigure000-eps-converted-to.pdf>
Package pdftex.def Info: ExpDPlotPopStatsFigure000-eps-converted-to.pdf  used o
n input line 443.
(pdftex.def)             Requested size: 153.64493pt x 201.65768pt.
 [31

 <./ExpDPlotPopStatsFigure000-eps-converted-to.pdf>] (./ExpDtParmTable003.tex) 
[32

] (./ExpDtParmTable004.tex) [33

]
(./ExpDtParmTable005.tex) [34

] (./ExpDStatsTable004.tex
Overfull \hbox (26.0997pt too wide) in paragraph at lines 5--15
 [] 
 []

) [35

] (./ExpDSolutionTable002.tex) [36

] (./ExpDSolutionTable003.tex) [37

]
(./ExpDNNWeightTable003.tex) [38

] (./ExpDNNWeightTable004.tex) [39

]
(./ExpDNNWeightTable005.tex) [40

]
Package epstopdf Info: Source file: <ExpDPlotPopStatsFigure001.eps>
(epstopdf)                    date: 2025-05-08 22:20:19
(epstopdf)                    size: 6925 bytes
(epstopdf)             Output file: <ExpDPlotPopStatsFigure001-eps-converted-to
.pdf>
(epstopdf)                    date: 2025-05-08 22:20:28
(epstopdf)                    size: 13711 bytes
(epstopdf)             Command: <repstopdf --outfile=ExpDPlotPopStatsFigure001-
eps-converted-to.pdf ExpDPlotPopStatsFigure001.eps>
(epstopdf)             \includegraphics on input line 579.
Package epstopdf Info: Output file is already uptodate.
<ExpDPlotPopStatsFigure001-eps-converted-to.pdf, id=2454, 578.16pt x 758.835pt>

File: ExpDPlotPopStatsFigure001-eps-converted-to.pdf Graphic file (type pdf)
<use ExpDPlotPopStatsFigure001-eps-converted-to.pdf>
Package pdftex.def Info: ExpDPlotPopStatsFigure001-eps-converted-to.pdf  used o
n input line 579.
(pdftex.def)             Requested size: 153.64493pt x 201.65768pt.
 [41

 <./ExpDPlotPopStatsFigure001-eps-converted-to.pdf>] (./ExpDtParmTable006.tex) 
[42

] (./ExpDtParmTable007.tex) [43

]
(./ExpDtParmTable008.tex) [44

] (./ExpDStatsTable005.tex
Overfull \hbox (43.09995pt too wide) in paragraph at lines 5--15
 [] 
 []

) [45

] (./ExpDSolutionTable004.tex) [46

] (./ExpDSolutionTable005.tex) [47

]
(./ExpDSolutionTable006.tex) [48

] (./ExpDNNWeightTable006.tex) [49

]
(./ExpDNNWeightTable007.tex) [50

] (./ExpDNNWeightTable008.tex) [51

]
Package epstopdf Info: Source file: <ExpDPlotPopStatsFigure002.eps>
(epstopdf)                    date: 2025-05-08 22:20:19
(epstopdf)                    size: 26162 bytes
(epstopdf)             Output file: <ExpDPlotPopStatsFigure002-eps-converted-to
.pdf>
(epstopdf)                    date: 2025-05-08 22:20:29
(epstopdf)                    size: 20447 bytes
(epstopdf)             Command: <repstopdf --outfile=ExpDPlotPopStatsFigure002-
eps-converted-to.pdf ExpDPlotPopStatsFigure002.eps>
(epstopdf)             \includegraphics on input line 727.
Package epstopdf Info: Output file is already uptodate.
<ExpDPlotPopStatsFigure002-eps-converted-to.pdf, id=3091, 578.16pt x 758.835pt>

File: ExpDPlotPopStatsFigure002-eps-converted-to.pdf Graphic file (type pdf)
<use ExpDPlotPopStatsFigure002-eps-converted-to.pdf>
Package pdftex.def Info: ExpDPlotPopStatsFigure002-eps-converted-to.pdf  used o
n input line 727.
(pdftex.def)             Requested size: 153.64493pt x 201.65768pt.
 [52

 <./ExpDPlotPopStatsFigure002-eps-converted-to.pdf>] (./ExpDtParmTable009.tex) 
[53

]
(./ExpDtParmTable010.tex) [54

] (./ExpDtParmTable011.tex) [55

]
(./ExpDStatsTable006.tex
Overfull \hbox (43.09995pt too wide) in paragraph at lines 5--15
 [] 
 []

) [56

] (./ExpDSolutionTable007.tex) [57

] (./ExpDSolutionTable008.tex
Overfull \hbox (13.86592pt too wide) in paragraph at lines 5--26
 [] 
 []

) [58

] (./ExpDSolutionTable009.tex
Overfull \hbox (13.86592pt too wide) in paragraph at lines 5--26
 [] 
 []

) [59

] (./ExpDSolutionTable010.tex
Overfull \hbox (13.86592pt too wide) in paragraph at lines 5--13
 [] 
 []

) [60

] (./ExpDNNWeightTable009.tex
Overfull \hbox (8.40738pt too wide) in paragraph at lines 5--18
 [] 
 []

) [61

] (./ExpDNNWeightTable010.tex) [62

] (./ExpDNNWeightTable011.tex) [63

]
Package epstopdf Info: Source file: <ExpDPlotPopStatsFigure003.eps>
(epstopdf)                    date: 2025-05-08 22:20:19
(epstopdf)                    size: 14278 bytes
(epstopdf)             Output file: <ExpDPlotPopStatsFigure003-eps-converted-to
.pdf>
(epstopdf)                    date: 2025-05-08 22:20:29
(epstopdf)                    size: 16422 bytes
(epstopdf)             Command: <repstopdf --outfile=ExpDPlotPopStatsFigure003-
eps-converted-to.pdf ExpDPlotPopStatsFigure003.eps>
(epstopdf)             \includegraphics on input line 887.
Package epstopdf Info: Output file is already uptodate.
<ExpDPlotPopStatsFigure003-eps-converted-to.pdf, id=3785, 578.16pt x 758.835pt>

File: ExpDPlotPopStatsFigure003-eps-converted-to.pdf Graphic file (type pdf)
<use ExpDPlotPopStatsFigure003-eps-converted-to.pdf>
Package pdftex.def Info: ExpDPlotPopStatsFigure003-eps-converted-to.pdf  used o
n input line 887.
(pdftex.def)             Requested size: 153.64493pt x 201.65768pt.

[64

 <./ExpDPlotPopStatsFigure003-eps-converted-to.pdf>]
(./ExpDtParmTable012.tex) [65

] (./ExpDtParmTable013.tex) [66

]
(./ExpDtParmTable014.tex) [67

] (./ExpDStatsTable007.tex
Overfull \hbox (47.35pt too wide) in paragraph at lines 5--15
 [] 
 []

) [68

] (./ExpDSolutionTable011.tex) [69

] (./ExpDSolutionTable012.tex) [70

]
(./ExpDSolutionTable013.tex) [71

] (./ExpDSolutionTable014.tex) [72

]
(./ExpDSolutionTable015.tex) [73

] (./ExpDSolutionTable016.tex) [74

]
(./ExpDNNWeightTable012.tex
Overfull \hbox (68.29681pt too wide) in paragraph at lines 5--19
 [] 
 []

) [75

] (./ExpDNNWeightTable013.tex) [76

] (./ExpDNNWeightTable014.tex) [77

]
Package epstopdf Info: Source file: <ExpDPlotPopStatsFigure004.eps>
(epstopdf)                    date: 2025-05-08 22:20:19
(epstopdf)                    size: 36590 bytes
(epstopdf)             Output file: <ExpDPlotPopStatsFigure004-eps-converted-to
.pdf>
(epstopdf)                    date: 2025-05-08 22:20:30
(epstopdf)                    size: 22228 bytes
(epstopdf)             Command: <repstopdf --outfile=ExpDPlotPopStatsFigure004-
eps-converted-to.pdf ExpDPlotPopStatsFigure004.eps>
(epstopdf)             \includegraphics on input line 1071.
Package epstopdf Info: Output file is already uptodate.
<ExpDPlotPopStatsFigure004-eps-converted-to.pdf, id=4592, 578.16pt x 758.835pt>

File: ExpDPlotPopStatsFigure004-eps-converted-to.pdf Graphic file (type pdf)
<use ExpDPlotPopStatsFigure004-eps-converted-to.pdf>
Package pdftex.def Info: ExpDPlotPopStatsFigure004-eps-converted-to.pdf  used o
n input line 1071.
(pdftex.def)             Requested size: 153.64493pt x 201.65768pt.

[78

 <./ExpDPlotPopStatsFigure004-eps-converted-to.pdf>]
(./ExpDtParmTable015.tex) [79

] (./ExpDtParmTable016.tex) [80

]
(./ExpDtParmTable017.tex) [81

] (./ExpDStatsTable008.tex
Overfull \hbox (21.68297pt too wide) in paragraph at lines 5--15
 [] 
 []

) [82

] (./ExpDSolutionTable017.tex) [83

] (./ExpDSolutionTable018.tex) [84

]
(./ExpDNNWeightTable015.tex) [85

] (./ExpDNNWeightTable016.tex) [86

]
(./ExpDNNWeightTable017.tex) [87

]
Package epstopdf Info: Source file: <ExpDPlotPopStatsFigure005.eps>
(epstopdf)                    date: 2025-05-08 22:20:19
(epstopdf)                    size: 5495 bytes
(epstopdf)             Output file: <ExpDPlotPopStatsFigure005-eps-converted-to
.pdf>
(epstopdf)                    date: 2025-05-08 22:20:30
(epstopdf)                    size: 13001 bytes
(epstopdf)             Command: <repstopdf --outfile=ExpDPlotPopStatsFigure005-
eps-converted-to.pdf ExpDPlotPopStatsFigure005.eps>
(epstopdf)             \includegraphics on input line 1207.
Package epstopdf Info: Output file is already uptodate.
<ExpDPlotPopStatsFigure005-eps-converted-to.pdf, id=5172, 578.16pt x 758.835pt>

File: ExpDPlotPopStatsFigure005-eps-converted-to.pdf Graphic file (type pdf)
<use ExpDPlotPopStatsFigure005-eps-converted-to.pdf>
Package pdftex.def Info: ExpDPlotPopStatsFigure005-eps-converted-to.pdf  used o
n input line 1207.
(pdftex.def)             Requested size: 153.64493pt x 201.65768pt.
 [88

 <./ExpDPlotPopStatsFigure005-eps-converted-to.pdf>] (./ExpDtParmTable018.tex) 
[89

] (./ExpDtParmTable019.tex) [90

]
(./ExpDtParmTable020.tex) [91

] (./ExpDStatsTable009.tex
Overfull \hbox (25.93303pt too wide) in paragraph at lines 5--15
 [] 
 []

) [92

] (./ExpDSolutionTable019.tex) [93

] (./ExpDSolutionTable020.tex) [94

]
(./ExpDNNWeightTable018.tex) [95

] (./ExpDNNWeightTable019.tex) [96

]
(./ExpDNNWeightTable020.tex) [97

]
Package epstopdf Info: Source file: <ExpDPlotPopStatsFigure006.eps>
(epstopdf)                    date: 2025-05-08 22:20:20
(epstopdf)                    size: 7923 bytes
(epstopdf)             Output file: <ExpDPlotPopStatsFigure006-eps-converted-to
.pdf>
(epstopdf)                    date: 2025-05-08 22:20:31
(epstopdf)                    size: 13977 bytes
(epstopdf)             Command: <repstopdf --outfile=ExpDPlotPopStatsFigure006-
eps-converted-to.pdf ExpDPlotPopStatsFigure006.eps>
(epstopdf)             \includegraphics on input line 1343.
Package epstopdf Info: Output file is already uptodate.
<ExpDPlotPopStatsFigure006-eps-converted-to.pdf, id=5753, 578.16pt x 758.835pt>

File: ExpDPlotPopStatsFigure006-eps-converted-to.pdf Graphic file (type pdf)
<use ExpDPlotPopStatsFigure006-eps-converted-to.pdf>
Package pdftex.def Info: ExpDPlotPopStatsFigure006-eps-converted-to.pdf  used o
n input line 1343.
(pdftex.def)             Requested size: 153.64493pt x 201.65768pt.
 [98

 <./ExpDPlotPopStatsFigure006-eps-converted-to.pdf>] (./ExpDtParmTable021.tex) 
[99

] (./ExpDtParmTable022.tex) [100

]
(./ExpDtParmTable023.tex) [101

] (./ExpDStatsTable010.tex
Overfull \hbox (38.68321pt too wide) in paragraph at lines 5--15
 [] 
 []

) [102

] (./ExpDSolutionTable021.tex) [103

] (./ExpDSolutionTable022.tex)
[104

] (./ExpDSolutionTable023.tex) [105

] (./ExpDNNWeightTable021.tex) [106

]
(./ExpDNNWeightTable022.tex) [107

] (./ExpDNNWeightTable023.tex) [108

]
Package epstopdf Info: Source file: <ExpDPlotPopStatsFigure007.eps>
(epstopdf)                    date: 2025-05-08 22:20:20
(epstopdf)                    size: 9558 bytes
(epstopdf)             Output file: <ExpDPlotPopStatsFigure007-eps-converted-to
.pdf>
(epstopdf)                    date: 2025-05-08 22:20:31
(epstopdf)                    size: 14444 bytes
(epstopdf)             Command: <repstopdf --outfile=ExpDPlotPopStatsFigure007-
eps-converted-to.pdf ExpDPlotPopStatsFigure007.eps>
(epstopdf)             \includegraphics on input line 1491.
Package epstopdf Info: Output file is already uptodate.
<ExpDPlotPopStatsFigure007-eps-converted-to.pdf, id=6389, 578.16pt x 758.835pt>

File: ExpDPlotPopStatsFigure007-eps-converted-to.pdf Graphic file (type pdf)
<use ExpDPlotPopStatsFigure007-eps-converted-to.pdf>
Package pdftex.def Info: ExpDPlotPopStatsFigure007-eps-converted-to.pdf  used o
n input line 1491.
(pdftex.def)             Requested size: 153.64493pt x 201.65768pt.
 [109

 <./ExpDPlotPopStatsFigure007-eps-converted-to.pdf>] (./ExpDtParmTable024.tex)
[110

] (./ExpDtParmTable025.tex) [111

] (./ExpDtParmTable026.tex) [112

]
(./ExpDStatsTable011.tex
Overfull \hbox (47.18333pt too wide) in paragraph at lines 5--15
 [] 
 []

) [113

] (./ExpDSolutionTable024.tex) [114

] (./ExpDSolutionTable025.tex
Overfull \hbox (13.86592pt too wide) in paragraph at lines 5--26
 [] 
 []

) [115

] (./ExpDSolutionTable026.tex
Overfull \hbox (13.86592pt too wide) in paragraph at lines 5--26
 [] 
 []

) [116

] (./ExpDSolutionTable027.tex
Overfull \hbox (13.86592pt too wide) in paragraph at lines 5--13
 [] 
 []

) [117

] (./ExpDNNWeightTable024.tex
Overfull \hbox (8.40738pt too wide) in paragraph at lines 5--18
 [] 
 []

) [118

] (./ExpDNNWeightTable025.tex) [119

] (./ExpDNNWeightTable026.tex)
[120

]
Package epstopdf Info: Source file: <ExpDPlotPopStatsFigure008.eps>
(epstopdf)                    date: 2025-05-08 22:20:20
(epstopdf)                    size: 16056 bytes
(epstopdf)             Output file: <ExpDPlotPopStatsFigure008-eps-converted-to
.pdf>
(epstopdf)                    date: 2025-05-08 22:20:31
(epstopdf)                    size: 17042 bytes
(epstopdf)             Command: <repstopdf --outfile=ExpDPlotPopStatsFigure008-
eps-converted-to.pdf ExpDPlotPopStatsFigure008.eps>
(epstopdf)             \includegraphics on input line 1651.
Package epstopdf Info: Output file is already uptodate.
<ExpDPlotPopStatsFigure008-eps-converted-to.pdf, id=7083, 578.16pt x 758.835pt>

File: ExpDPlotPopStatsFigure008-eps-converted-to.pdf Graphic file (type pdf)
<use ExpDPlotPopStatsFigure008-eps-converted-to.pdf>
Package pdftex.def Info: ExpDPlotPopStatsFigure008-eps-converted-to.pdf  used o
n input line 1651.
(pdftex.def)             Requested size: 153.64493pt x 201.65768pt.
 [121

 <./ExpDPlotPopStatsFigure008-eps-converted-to.pdf>]
(./ExpDtParmTable027.tex) [122

] (./ExpDtParmTable028.tex) [123

]
(./ExpDtParmTable029.tex) [124

] (./ExpDStatsTable012.tex
Overfull \hbox (47.18333pt too wide) in paragraph at lines 5--15
 [] 
 []

) [125

] (./ExpDSolutionTable028.tex) [126

] (./ExpDSolutionTable029.tex)
[127

] (./ExpDSolutionTable030.tex) [128

] (./ExpDSolutionTable031.tex) [129

]
(./ExpDSolutionTable032.tex) [130

] (./ExpDSolutionTable033.tex) [131

]
(./ExpDNNWeightTable027.tex
Overfull \hbox (68.29681pt too wide) in paragraph at lines 5--19
 [] 
 []

) [132

] (./ExpDNNWeightTable028.tex) [133

] (./ExpDNNWeightTable029.tex)
[134

]
Package epstopdf Info: Source file: <ExpDPlotPopStatsFigure009.eps>
(epstopdf)                    date: 2025-05-08 22:20:20
(epstopdf)                    size: 34849 bytes
(epstopdf)             Output file: <ExpDPlotPopStatsFigure009-eps-converted-to
.pdf>
(epstopdf)                    date: 2025-05-08 22:20:32
(epstopdf)                    size: 21897 bytes
(epstopdf)             Command: <repstopdf --outfile=ExpDPlotPopStatsFigure009-
eps-converted-to.pdf ExpDPlotPopStatsFigure009.eps>
(epstopdf)             \includegraphics on input line 1835.
Package epstopdf Info: Output file is already uptodate.
<ExpDPlotPopStatsFigure009-eps-converted-to.pdf, id=7890, 578.16pt x 758.835pt>

File: ExpDPlotPopStatsFigure009-eps-converted-to.pdf Graphic file (type pdf)
<use ExpDPlotPopStatsFigure009-eps-converted-to.pdf>
Package pdftex.def Info: ExpDPlotPopStatsFigure009-eps-converted-to.pdf  used o
n input line 1835.
(pdftex.def)             Requested size: 153.64493pt x 201.65768pt.
 [135

 <./ExpDPlotPopStatsFigure009-eps-converted-to.pdf>]
(./ExpDtParmTable030.tex) [136

] (./ExpDtParmTable031.tex) [137

]
(./ExpDtParmTable032.tex) [138

] (./ExpDtParmTable033.tex) [139

]
(./ExpDtParmTable034.tex) [140

] (./ExpDtParmTable035.tex) [141

]
\tf@nav=\write6
\openout6 = `mainExpD.nav'.

\tf@toc=\write7
\openout7 = `mainExpD.toc'.

\tf@snm=\write8
\openout8 = `mainExpD.snm'.

 (./mainExpD.aux)

LaTeX Warning: Label(s) may have changed. Rerun to get cross-references right.


Package rerunfilecheck Warning: File `mainExpD.out' has changed.
(rerunfilecheck)                Rerun to get outlines right
(rerunfilecheck)                or use package `bookmark'.

Package rerunfilecheck Info: Checksums for `mainExpD.out':
(rerunfilecheck)             Before: 6A8D4AE0EE5A05BD9593CF04FE27B347;2536
(rerunfilecheck)             After:  A3D0891C80C1506FB2C3E261D17DA0D6;2537.
 ) 
Here is how much of TeX's memory you used:
 23342 strings out of 476041
 463671 string characters out of 5793174
 1890388 words of memory out of 6000000
 42518 multiletter control sequences out of 15000+600000
 525414 words of font info for 80 fonts, out of 8000000 for 9000
 1137 hyphenation exceptions out of 8191
 128i,19n,122p,396b,772s stack positions out of 10000i,1000n,20000p,200000b,200000s

pdfTeX warning (dest): name{Outline0.4.10.121} has been referenced but does not
 exist, replaced by a fixed one


pdfTeX warning (dest): name{Outline0.4.9.109} has been referenced but does not 
exist, replaced by a fixed one


pdfTeX warning (dest): name{Outline0.4.8.98} has been referenced but does not e
xist, replaced by a fixed one


pdfTeX warning (dest): name{Outline0.4.7.88} has been referenced but does not e
xist, replaced by a fixed one


pdfTeX warning (dest): name{Outline0.4.6.78} has been referenced but does not e
xist, replaced by a fixed one


pdfTeX warning (dest): name{Outline0.4.5.64} has been referenced but does not e
xist, replaced by a fixed one


pdfTeX warning (dest): name{Outline0.4.4.52} has been referenced but does not e
xist, replaced by a fixed one


pdfTeX warning (dest): name{Outline0.4.3.41} has been referenced but does not e
xist, replaced by a fixed one


pdfTeX warning (dest): name{Outline0.4.2.31} has been referenced but does not e
xist, replaced by a fixed one


pdfTeX warning (dest): name{Outline0.4.1.21} has been referenced but does not e
xist, replaced by a fixed one


pdfTeX warning (dest): name{Outline0.2.1.9} has been referenced but does not ex
ist, replaced by a fixed one

</usr/share/texlive/texmf-dist/fonts/type1/public/amsfonts/cm/cmmi10.pfb></usr/
share/texlive/texmf-dist/fonts/type1/public/amsfonts/cm/cmss10.pfb></usr/share/
texlive/texmf-dist/fonts/type1/public/amsfonts/cm/cmss12.pfb></usr/share/texliv
e/texmf-dist/fonts/type1/public/amsfonts/cm/cmss8.pfb></usr/share/texlive/texmf
-dist/fonts/type1/public/amsfonts/cm/cmss9.pfb></usr/share/texlive/texmf-dist/f
onts/type1/public/amsfonts/cm/cmssbx10.pfb></usr/share/texlive/texmf-dist/fonts
/type1/public/amsfonts/cm/cmssi10.pfb></usr/share/texlive/texmf-dist/fonts/type
1/public/amsfonts/cm/cmssi8.pfb></usr/share/texlive/texmf-dist/fonts/type1/publ
ic/amsfonts/cm/cmssi9.pfb></usr/share/texlive/texmf-dist/fonts/type1/public/ams
fonts/cm/cmsy10.pfb></usr/share/texlive/texmf-dist/fonts/type1/public/amsfonts/
cm/cmsy9.pfb></usr/share/texlive/texmf-dist/fonts/type1/public/amsfonts/cm/cmtt
10.pfb>
Output written on mainExpD.pdf (141 pages, 759186 bytes).
PDF statistics:
 8437 PDF objects out of 8907 (max. 8388607)
 8099 compressed objects within 81 object streams
 443 named destinations out of 1000 (max. 500000)
 246 words of extra memory for PDF output out of 10000 (max. 10000000)

