This is pdfTeX, Version 3.141592653-2.6-1.40.25 (TeX Live 2023) (preloaded format=pdflatex 2025.4.11)  7 MAY 2025 22:00
entering extended mode
 restricted \write18 enabled.
 %&-line parsing enabled.
**mainExpF.tex
(./mainExpF.tex
LaTeX2e <2022-11-01> patch level 1
L3 programming layer <2023-02-22>
(/usr/share/texlive/texmf-dist/tex/latex/beamer/beamer.cls
Document Class: beamer 2023/02/20 v3.69 A class for typesetting presentations
(/usr/share/texlive/texmf-dist/tex/latex/beamer/beamerbasemodes.sty
(/usr/share/texlive/texmf-dist/tex/latex/etoolbox/etoolbox.sty
Package: etoolbox 2020/10/05 v2.5k e-TeX tools for LaTeX (JAW)
\etb@tempcnta=\count185
)
\beamer@tempbox=\box51
\beamer@tempcount=\count186
\c@beamerpauses=\count187

(/usr/share/texlive/texmf-dist/tex/latex/beamer/beamerbasedecode.sty
\beamer@slideinframe=\count188
\beamer@minimum=\count189
\beamer@decode@box=\box52
)
\beamer@commentbox=\box53
\beamer@modecount=\count190
)
(/usr/share/texlive/texmf-dist/tex/generic/iftex/iftex.sty
Package: iftex 2022/02/03 v1.0f TeX engine tests
)
\headdp=\dimen140
\footheight=\dimen141
\sidebarheight=\dimen142
\beamer@tempdim=\dimen143
\beamer@finalheight=\dimen144
\beamer@animht=\dimen145
\beamer@animdp=\dimen146
\beamer@animwd=\dimen147
\beamer@leftmargin=\dimen148
\beamer@rightmargin=\dimen149
\beamer@leftsidebar=\dimen150
\beamer@rightsidebar=\dimen151
\beamer@boxsize=\dimen152
\beamer@vboxoffset=\dimen153
\beamer@descdefault=\dimen154
\beamer@descriptionwidth=\dimen155
\beamer@lastskip=\skip48
\beamer@areabox=\box54
\beamer@animcurrent=\box55
\beamer@animshowbox=\box56
\beamer@sectionbox=\box57
\beamer@logobox=\box58
\beamer@linebox=\box59
\beamer@sectioncount=\count191
\beamer@subsubsectionmax=\count192
\beamer@subsectionmax=\count193
\beamer@sectionmax=\count194
\beamer@totalheads=\count195
\beamer@headcounter=\count196
\beamer@partstartpage=\count197
\beamer@sectionstartpage=\count198
\beamer@subsectionstartpage=\count199
\beamer@animationtempa=\count266
\beamer@animationtempb=\count267
\beamer@xpos=\count268
\beamer@ypos=\count269
\beamer@ypos@offset=\count270
\beamer@showpartnumber=\count271
\beamer@currentsubsection=\count272
\beamer@coveringdepth=\count273
\beamer@sectionadjust=\count274
\beamer@toclastsection=\count275
\beamer@tocsectionnumber=\count276

(/usr/share/texlive/texmf-dist/tex/latex/beamer/beamerbaseoptions.sty
(/usr/share/texlive/texmf-dist/tex/latex/graphics/keyval.sty
Package: keyval 2022/05/29 v1.15 key=value parser (DPC)
\KV@toks@=\toks16
))
\beamer@paperwidth=\skip49
\beamer@paperheight=\skip50

(/usr/share/texlive/texmf-dist/tex/latex/geometry/geometry.sty
Package: geometry 2020/01/02 v5.9 Page Geometry

(/usr/share/texlive/texmf-dist/tex/generic/iftex/ifvtex.sty
Package: ifvtex 2019/10/25 v1.7 ifvtex legacy package. Use iftex instead.
)
\Gm@cnth=\count277
\Gm@cntv=\count278
\c@Gm@tempcnt=\count279
\Gm@bindingoffset=\dimen156
\Gm@wd@mp=\dimen157
\Gm@odd@mp=\dimen158
\Gm@even@mp=\dimen159
\Gm@layoutwidth=\dimen160
\Gm@layoutheight=\dimen161
\Gm@layouthoffset=\dimen162
\Gm@layoutvoffset=\dimen163
\Gm@dimlist=\toks17
)
(/usr/share/texlive/texmf-dist/tex/latex/pgf/math/pgfmath.sty
(/usr/share/texlive/texmf-dist/tex/latex/pgf/utilities/pgfrcs.sty
(/usr/share/texlive/texmf-dist/tex/generic/pgf/utilities/pgfutil-common.tex
\pgfutil@everybye=\toks18
\pgfutil@tempdima=\dimen164
\pgfutil@tempdimb=\dimen165
)
(/usr/share/texlive/texmf-dist/tex/generic/pgf/utilities/pgfutil-latex.def
\pgfutil@abb=\box60
)
(/usr/share/texlive/texmf-dist/tex/generic/pgf/utilities/pgfrcs.code.tex
(/usr/share/texlive/texmf-dist/tex/generic/pgf/pgf.revision.tex)
Package: pgfrcs 2023-01-15 v3.1.10 (3.1.10)
))
(/usr/share/texlive/texmf-dist/tex/latex/pgf/utilities/pgfkeys.sty
(/usr/share/texlive/texmf-dist/tex/generic/pgf/utilities/pgfkeys.code.tex
\pgfkeys@pathtoks=\toks19
\pgfkeys@temptoks=\toks20

(/usr/share/texlive/texmf-dist/tex/generic/pgf/utilities/pgfkeyslibraryfiltered
.code.tex
\pgfkeys@tmptoks=\toks21
)))
(/usr/share/texlive/texmf-dist/tex/generic/pgf/math/pgfmath.code.tex
(/usr/share/texlive/texmf-dist/tex/generic/pgf/math/pgfmathutil.code.tex
\pgf@x=\dimen166
\pgf@xa=\dimen167
\pgf@xb=\dimen168
\pgf@xc=\dimen169
\pgf@y=\dimen170
\pgf@ya=\dimen171
\pgf@yb=\dimen172
\pgf@yc=\dimen173
\c@pgf@counta=\count280
\c@pgf@countb=\count281
\c@pgf@countc=\count282
\c@pgf@countd=\count283
)
(/usr/share/texlive/texmf-dist/tex/generic/pgf/math/pgfmathparser.code.tex
\pgfmath@dimen=\dimen174
\pgfmath@count=\count284
\pgfmath@box=\box61
\pgfmath@toks=\toks22
\pgfmath@stack@operand=\toks23
\pgfmath@stack@operation=\toks24
)
(/usr/share/texlive/texmf-dist/tex/generic/pgf/math/pgfmathfunctions.code.tex)
(/usr/share/texlive/texmf-dist/tex/generic/pgf/math/pgfmathfunctions.basic.code
.tex)
(/usr/share/texlive/texmf-dist/tex/generic/pgf/math/pgfmathfunctions.trigonomet
ric.code.tex)
(/usr/share/texlive/texmf-dist/tex/generic/pgf/math/pgfmathfunctions.random.cod
e.tex)
(/usr/share/texlive/texmf-dist/tex/generic/pgf/math/pgfmathfunctions.comparison
.code.tex)
(/usr/share/texlive/texmf-dist/tex/generic/pgf/math/pgfmathfunctions.base.code.
tex)
(/usr/share/texlive/texmf-dist/tex/generic/pgf/math/pgfmathfunctions.round.code
.tex)
(/usr/share/texlive/texmf-dist/tex/generic/pgf/math/pgfmathfunctions.misc.code.
tex)
(/usr/share/texlive/texmf-dist/tex/generic/pgf/math/pgfmathfunctions.integerari
thmetics.code.tex)
(/usr/share/texlive/texmf-dist/tex/generic/pgf/math/pgfmathcalc.code.tex)
(/usr/share/texlive/texmf-dist/tex/generic/pgf/math/pgfmathfloat.code.tex
\c@pgfmathroundto@lastzeros=\count285
)))
(/usr/share/texlive/texmf-dist/tex/latex/base/size11.clo
File: size11.clo 2022/07/02 v1.4n Standard LaTeX file (size option)
)
(/usr/share/texlive/texmf-dist/tex/latex/pgf/basiclayer/pgfcore.sty
(/usr/share/texlive/texmf-dist/tex/latex/graphics/graphicx.sty
Package: graphicx 2021/09/16 v1.2d Enhanced LaTeX Graphics (DPC,SPQR)

(/usr/share/texlive/texmf-dist/tex/latex/graphics/graphics.sty
Package: graphics 2022/03/10 v1.4e Standard LaTeX Graphics (DPC,SPQR)

(/usr/share/texlive/texmf-dist/tex/latex/graphics/trig.sty
Package: trig 2021/08/11 v1.11 sin cos tan (DPC)
)
(/usr/share/texlive/texmf-dist/tex/latex/graphics-cfg/graphics.cfg
File: graphics.cfg 2016/06/04 v1.11 sample graphics configuration
)
Package graphics Info: Driver file: pdftex.def on input line 107.

(/usr/share/texlive/texmf-dist/tex/latex/graphics-def/pdftex.def
File: pdftex.def 2022/09/22 v1.2b Graphics/color driver for pdftex
))
\Gin@req@height=\dimen175
\Gin@req@width=\dimen176
)
(/usr/share/texlive/texmf-dist/tex/latex/pgf/systemlayer/pgfsys.sty
(/usr/share/texlive/texmf-dist/tex/generic/pgf/systemlayer/pgfsys.code.tex
Package: pgfsys 2023-01-15 v3.1.10 (3.1.10)
\pgf@x=\dimen177
\pgf@y=\dimen178
\pgf@xa=\dimen179
\pgf@ya=\dimen180
\pgf@xb=\dimen181
\pgf@yb=\dimen182
\pgf@xc=\dimen183
\pgf@yc=\dimen184
\pgf@xd=\dimen185
\pgf@yd=\dimen186
\w@pgf@writea=\write3
\r@pgf@reada=\read2
\c@pgf@counta=\count286
\c@pgf@countb=\count287
\c@pgf@countc=\count288
\c@pgf@countd=\count289
\t@pgf@toka=\toks25
\t@pgf@tokb=\toks26
\t@pgf@tokc=\toks27
\pgf@sys@id@count=\count290

(/usr/share/texlive/texmf-dist/tex/generic/pgf/systemlayer/pgf.cfg
File: pgf.cfg 2023-01-15 v3.1.10 (3.1.10)
)
Driver file for pgf: pgfsys-pdftex.def

(/usr/share/texlive/texmf-dist/tex/generic/pgf/systemlayer/pgfsys-pdftex.def
File: pgfsys-pdftex.def 2023-01-15 v3.1.10 (3.1.10)

(/usr/share/texlive/texmf-dist/tex/generic/pgf/systemlayer/pgfsys-common-pdf.de
f
File: pgfsys-common-pdf.def 2023-01-15 v3.1.10 (3.1.10)
)))
(/usr/share/texlive/texmf-dist/tex/generic/pgf/systemlayer/pgfsyssoftpath.code.
tex
File: pgfsyssoftpath.code.tex 2023-01-15 v3.1.10 (3.1.10)
\pgfsyssoftpath@smallbuffer@items=\count291
\pgfsyssoftpath@bigbuffer@items=\count292
)
(/usr/share/texlive/texmf-dist/tex/generic/pgf/systemlayer/pgfsysprotocol.code.
tex
File: pgfsysprotocol.code.tex 2023-01-15 v3.1.10 (3.1.10)
)) (/usr/share/texlive/texmf-dist/tex/latex/xcolor/xcolor.sty
Package: xcolor 2022/06/12 v2.14 LaTeX color extensions (UK)

(/usr/share/texlive/texmf-dist/tex/latex/graphics-cfg/color.cfg
File: color.cfg 2016/01/02 v1.6 sample color configuration
)
Package xcolor Info: Driver file: pdftex.def on input line 227.

(/usr/share/texlive/texmf-dist/tex/latex/graphics/mathcolor.ltx)
Package xcolor Info: Model `cmy' substituted by `cmy0' on input line 1353.
Package xcolor Info: Model `hsb' substituted by `rgb' on input line 1357.
Package xcolor Info: Model `RGB' extended on input line 1369.
Package xcolor Info: Model `HTML' substituted by `rgb' on input line 1371.
Package xcolor Info: Model `Hsb' substituted by `hsb' on input line 1372.
Package xcolor Info: Model `tHsb' substituted by `hsb' on input line 1373.
Package xcolor Info: Model `HSB' substituted by `hsb' on input line 1374.
Package xcolor Info: Model `Gray' substituted by `gray' on input line 1375.
Package xcolor Info: Model `wave' substituted by `hsb' on input line 1376.
)
(/usr/share/texlive/texmf-dist/tex/generic/pgf/basiclayer/pgfcore.code.tex
Package: pgfcore 2023-01-15 v3.1.10 (3.1.10)

(/usr/share/texlive/texmf-dist/tex/generic/pgf/math/pgfint.code.tex)
(/usr/share/texlive/texmf-dist/tex/generic/pgf/basiclayer/pgfcorepoints.code.te
x
File: pgfcorepoints.code.tex 2023-01-15 v3.1.10 (3.1.10)
\pgf@picminx=\dimen187
\pgf@picmaxx=\dimen188
\pgf@picminy=\dimen189
\pgf@picmaxy=\dimen190
\pgf@pathminx=\dimen191
\pgf@pathmaxx=\dimen192
\pgf@pathminy=\dimen193
\pgf@pathmaxy=\dimen194
\pgf@xx=\dimen195
\pgf@xy=\dimen196
\pgf@yx=\dimen197
\pgf@yy=\dimen198
\pgf@zx=\dimen199
\pgf@zy=\dimen256
)
(/usr/share/texlive/texmf-dist/tex/generic/pgf/basiclayer/pgfcorepathconstruct.
code.tex
File: pgfcorepathconstruct.code.tex 2023-01-15 v3.1.10 (3.1.10)
\pgf@path@lastx=\dimen257
\pgf@path@lasty=\dimen258
)
(/usr/share/texlive/texmf-dist/tex/generic/pgf/basiclayer/pgfcorepathusage.code
.tex
File: pgfcorepathusage.code.tex 2023-01-15 v3.1.10 (3.1.10)
\pgf@shorten@end@additional=\dimen259
\pgf@shorten@start@additional=\dimen260
)
(/usr/share/texlive/texmf-dist/tex/generic/pgf/basiclayer/pgfcorescopes.code.te
x
File: pgfcorescopes.code.tex 2023-01-15 v3.1.10 (3.1.10)
\pgfpic=\box62
\pgf@hbox=\box63
\pgf@layerbox@main=\box64
\pgf@picture@serial@count=\count293
)
(/usr/share/texlive/texmf-dist/tex/generic/pgf/basiclayer/pgfcoregraphicstate.c
ode.tex
File: pgfcoregraphicstate.code.tex 2023-01-15 v3.1.10 (3.1.10)
\pgflinewidth=\dimen261
)
(/usr/share/texlive/texmf-dist/tex/generic/pgf/basiclayer/pgfcoretransformation
s.code.tex
File: pgfcoretransformations.code.tex 2023-01-15 v3.1.10 (3.1.10)
\pgf@pt@x=\dimen262
\pgf@pt@y=\dimen263
\pgf@pt@temp=\dimen264
)
(/usr/share/texlive/texmf-dist/tex/generic/pgf/basiclayer/pgfcorequick.code.tex
File: pgfcorequick.code.tex 2023-01-15 v3.1.10 (3.1.10)
)
(/usr/share/texlive/texmf-dist/tex/generic/pgf/basiclayer/pgfcoreobjects.code.t
ex
File: pgfcoreobjects.code.tex 2023-01-15 v3.1.10 (3.1.10)
)
(/usr/share/texlive/texmf-dist/tex/generic/pgf/basiclayer/pgfcorepathprocessing
.code.tex
File: pgfcorepathprocessing.code.tex 2023-01-15 v3.1.10 (3.1.10)
)
(/usr/share/texlive/texmf-dist/tex/generic/pgf/basiclayer/pgfcorearrows.code.te
x
File: pgfcorearrows.code.tex 2023-01-15 v3.1.10 (3.1.10)
\pgfarrowsep=\dimen265
)
(/usr/share/texlive/texmf-dist/tex/generic/pgf/basiclayer/pgfcoreshade.code.tex
File: pgfcoreshade.code.tex 2023-01-15 v3.1.10 (3.1.10)
\pgf@max=\dimen266
\pgf@sys@shading@range@num=\count294
\pgf@shadingcount=\count295
)
(/usr/share/texlive/texmf-dist/tex/generic/pgf/basiclayer/pgfcoreimage.code.tex
File: pgfcoreimage.code.tex 2023-01-15 v3.1.10 (3.1.10)
)
(/usr/share/texlive/texmf-dist/tex/generic/pgf/basiclayer/pgfcoreexternal.code.
tex
File: pgfcoreexternal.code.tex 2023-01-15 v3.1.10 (3.1.10)
\pgfexternal@startupbox=\box65
)
(/usr/share/texlive/texmf-dist/tex/generic/pgf/basiclayer/pgfcorelayers.code.te
x
File: pgfcorelayers.code.tex 2023-01-15 v3.1.10 (3.1.10)
)
(/usr/share/texlive/texmf-dist/tex/generic/pgf/basiclayer/pgfcoretransparency.c
ode.tex
File: pgfcoretransparency.code.tex 2023-01-15 v3.1.10 (3.1.10)
)
(/usr/share/texlive/texmf-dist/tex/generic/pgf/basiclayer/pgfcorepatterns.code.
tex
File: pgfcorepatterns.code.tex 2023-01-15 v3.1.10 (3.1.10)
)
(/usr/share/texlive/texmf-dist/tex/generic/pgf/basiclayer/pgfcorerdf.code.tex
File: pgfcorerdf.code.tex 2023-01-15 v3.1.10 (3.1.10)
))) (/usr/share/texlive/texmf-dist/tex/latex/pgf/utilities/xxcolor.sty
Package: xxcolor 2003/10/24 ver 0.1
\XC@nummixins=\count296
\XC@countmixins=\count297
)
(/usr/share/texlive/texmf-dist/tex/latex/base/atbegshi-ltx.sty
Package: atbegshi-ltx 2021/01/10 v1.0c Emulation of the original atbegshi
package with kernel methods
)
(/usr/share/texlive/texmf-dist/tex/latex/hyperref/hyperref.sty
Package: hyperref 2023-02-07 v7.00v Hypertext links for LaTeX

(/usr/share/texlive/texmf-dist/tex/generic/ltxcmds/ltxcmds.sty
Package: ltxcmds 2020-05-10 v1.25 LaTeX kernel commands for general use (HO)
)
(/usr/share/texlive/texmf-dist/tex/generic/pdftexcmds/pdftexcmds.sty
Package: pdftexcmds 2020-06-27 v0.33 Utility functions of pdfTeX for LuaTeX (HO
)

(/usr/share/texlive/texmf-dist/tex/generic/infwarerr/infwarerr.sty
Package: infwarerr 2019/12/03 v1.5 Providing info/warning/error messages (HO)
)
Package pdftexcmds Info: \pdf@primitive is available.
Package pdftexcmds Info: \pdf@ifprimitive is available.
Package pdftexcmds Info: \pdfdraftmode found.
)
(/usr/share/texlive/texmf-dist/tex/latex/kvsetkeys/kvsetkeys.sty
Package: kvsetkeys 2022-10-05 v1.19 Key value parser (HO)
)
(/usr/share/texlive/texmf-dist/tex/generic/kvdefinekeys/kvdefinekeys.sty
Package: kvdefinekeys 2019-12-19 v1.6 Define keys (HO)
)
(/usr/share/texlive/texmf-dist/tex/generic/pdfescape/pdfescape.sty
Package: pdfescape 2019/12/09 v1.15 Implements pdfTeX's escape features (HO)
)
(/usr/share/texlive/texmf-dist/tex/latex/hycolor/hycolor.sty
Package: hycolor 2020-01-27 v1.10 Color options for hyperref/bookmark (HO)
)
(/usr/share/texlive/texmf-dist/tex/latex/letltxmacro/letltxmacro.sty
Package: letltxmacro 2019/12/03 v1.6 Let assignment for LaTeX macros (HO)
)
(/usr/share/texlive/texmf-dist/tex/latex/auxhook/auxhook.sty
Package: auxhook 2019-12-17 v1.6 Hooks for auxiliary files (HO)
)
(/usr/share/texlive/texmf-dist/tex/latex/hyperref/nameref.sty
Package: nameref 2022-05-17 v2.50 Cross-referencing by name of section

(/usr/share/texlive/texmf-dist/tex/latex/refcount/refcount.sty
Package: refcount 2019/12/15 v3.6 Data extraction from label references (HO)
)
(/usr/share/texlive/texmf-dist/tex/generic/gettitlestring/gettitlestring.sty
Package: gettitlestring 2019/12/15 v1.6 Cleanup title references (HO)

(/usr/share/texlive/texmf-dist/tex/latex/kvoptions/kvoptions.sty
Package: kvoptions 2022-06-15 v3.15 Key value format for package options (HO)
))
\c@section@level=\count298
)
\@linkdim=\dimen267
\Hy@linkcounter=\count299
\Hy@pagecounter=\count300

(/usr/share/texlive/texmf-dist/tex/latex/hyperref/pd1enc.def
File: pd1enc.def 2023-02-07 v7.00v Hyperref: PDFDocEncoding definition (HO)
Now handling font encoding PD1 ...
... no UTF-8 mapping file for font encoding PD1
)
(/usr/share/texlive/texmf-dist/tex/generic/intcalc/intcalc.sty
Package: intcalc 2019/12/15 v1.3 Expandable calculations with integers (HO)
)
(/usr/share/texlive/texmf-dist/tex/generic/etexcmds/etexcmds.sty
Package: etexcmds 2019/12/15 v1.7 Avoid name clashes with e-TeX commands (HO)
)
\Hy@SavedSpaceFactor=\count301

(/usr/share/texlive/texmf-dist/tex/latex/hyperref/puenc.def
File: puenc.def 2023-02-07 v7.00v Hyperref: PDF Unicode definition (HO)
Now handling font encoding PU ...
... no UTF-8 mapping file for font encoding PU
)
Package hyperref Info: Option `bookmarks' set `true' on input line 4060.
Package hyperref Info: Option `bookmarksopen' set `true' on input line 4060.
Package hyperref Info: Option `implicit' set `false' on input line 4060.
Package hyperref Info: Hyper figures OFF on input line 4177.
Package hyperref Info: Link nesting OFF on input line 4182.
Package hyperref Info: Hyper index ON on input line 4185.
Package hyperref Info: Plain pages OFF on input line 4192.
Package hyperref Info: Backreferencing OFF on input line 4197.
Package hyperref Info: Implicit mode OFF; no redefinition of LaTeX internals.
Package hyperref Info: Bookmarks ON on input line 4425.
\c@Hy@tempcnt=\count302

(/usr/share/texlive/texmf-dist/tex/latex/url/url.sty
\Urlmuskip=\muskip16
Package: url 2013/09/16  ver 3.4  Verb mode for urls, etc.
)
LaTeX Info: Redefining \url on input line 4763.
\XeTeXLinkMargin=\dimen268

(/usr/share/texlive/texmf-dist/tex/generic/bitset/bitset.sty
Package: bitset 2019/12/09 v1.3 Handle bit-vector datatype (HO)

(/usr/share/texlive/texmf-dist/tex/generic/bigintcalc/bigintcalc.sty
Package: bigintcalc 2019/12/15 v1.5 Expandable calculations on big integers (HO
)
))
\Fld@menulength=\count303
\Field@Width=\dimen269
\Fld@charsize=\dimen270
Package hyperref Info: Hyper figures OFF on input line 6042.
Package hyperref Info: Link nesting OFF on input line 6047.
Package hyperref Info: Hyper index ON on input line 6050.
Package hyperref Info: backreferencing OFF on input line 6057.
Package hyperref Info: Link coloring OFF on input line 6062.
Package hyperref Info: Link coloring with OCG OFF on input line 6067.
Package hyperref Info: PDF/A mode OFF on input line 6072.
\Hy@abspage=\count304


Package hyperref Message: Stopped early.

)
Package hyperref Info: Driver (autodetected): hpdftex.
 (/usr/share/texlive/texmf-dist/tex/latex/hyperref/hpdftex.def
File: hpdftex.def 2023-02-07 v7.00v Hyperref driver for pdfTeX

(/usr/share/texlive/texmf-dist/tex/latex/base/atveryend-ltx.sty
Package: atveryend-ltx 2020/08/19 v1.0a Emulation of the original atveryend pac
kage
with kernel methods
)
\Fld@listcount=\count305
\c@bookmark@seq@number=\count306

(/usr/share/texlive/texmf-dist/tex/latex/rerunfilecheck/rerunfilecheck.sty
Package: rerunfilecheck 2022-07-10 v1.10 Rerun checks for auxiliary files (HO)

(/usr/share/texlive/texmf-dist/tex/generic/uniquecounter/uniquecounter.sty
Package: uniquecounter 2019/12/15 v1.4 Provide unlimited unique counter (HO)
)
Package uniquecounter Info: New unique counter `rerunfilecheck' on input line 2
85.
))
(/usr/share/texlive/texmf-dist/tex/latex/beamer/beamerbaserequires.sty
(/usr/share/texlive/texmf-dist/tex/latex/beamer/beamerbasecompatibility.sty)
(/usr/share/texlive/texmf-dist/tex/latex/beamer/beamerbasefont.sty
(/usr/share/texlive/texmf-dist/tex/latex/amsfonts/amssymb.sty
Package: amssymb 2013/01/14 v3.01 AMS font symbols

(/usr/share/texlive/texmf-dist/tex/latex/amsfonts/amsfonts.sty
Package: amsfonts 2013/01/14 v3.01 Basic AMSFonts support
\@emptytoks=\toks28
\symAMSa=\mathgroup4
\symAMSb=\mathgroup5
LaTeX Font Info:    Redeclaring math symbol \hbar on input line 98.
LaTeX Font Info:    Overwriting math alphabet `\mathfrak' in version `bold'
(Font)                  U/euf/m/n --> U/euf/b/n on input line 106.
))
(/usr/share/texlive/texmf-dist/tex/latex/sansmathaccent/sansmathaccent.sty
Package: sansmathaccent 2020/01/31

(/usr/share/texlive/texmf-dist/tex/latex/koma-script/scrlfile.sty
Package: scrlfile 2022/10/12 v3.38 KOMA-Script package (file load hooks)

(/usr/share/texlive/texmf-dist/tex/latex/koma-script/scrlfile-hook.sty
Package: scrlfile-hook 2022/10/12 v3.38 KOMA-Script package (using LaTeX hooks)


(/usr/share/texlive/texmf-dist/tex/latex/koma-script/scrlogo.sty
Package: scrlogo 2022/10/12 v3.38 KOMA-Script package (logo)
)))))
(/usr/share/texlive/texmf-dist/tex/latex/beamer/beamerbasetranslator.sty
(/usr/share/texlive/texmf-dist/tex/latex/translator/translator.sty
Package: translator 2021-05-31 v1.12d Easy translation of strings in LaTeX
))
(/usr/share/texlive/texmf-dist/tex/latex/beamer/beamerbasemisc.sty)
(/usr/share/texlive/texmf-dist/tex/latex/beamer/beamerbasetwoscreens.sty)
(/usr/share/texlive/texmf-dist/tex/latex/beamer/beamerbaseoverlay.sty
\beamer@argscount=\count307
\beamer@lastskipcover=\skip51
\beamer@trivlistdepth=\count308
)
(/usr/share/texlive/texmf-dist/tex/latex/beamer/beamerbasetitle.sty)
(/usr/share/texlive/texmf-dist/tex/latex/beamer/beamerbasesection.sty
\c@lecture=\count309
\c@part=\count310
\c@section=\count311
\c@subsection=\count312
\c@subsubsection=\count313
)
(/usr/share/texlive/texmf-dist/tex/latex/beamer/beamerbaseframe.sty
\beamer@framebox=\box66
\beamer@frametitlebox=\box67
\beamer@zoombox=\box68
\beamer@zoomcount=\count314
\beamer@zoomframecount=\count315
\beamer@frametextheight=\dimen271
\c@subsectionslide=\count316
\beamer@frametopskip=\skip52
\beamer@framebottomskip=\skip53
\beamer@frametopskipautobreak=\skip54
\beamer@framebottomskipautobreak=\skip55
\beamer@envbody=\toks29
\framewidth=\dimen272
\c@framenumber=\count317
)
(/usr/share/texlive/texmf-dist/tex/latex/beamer/beamerbaseverbatim.sty
\beamer@verbatimfileout=\write4
)
(/usr/share/texlive/texmf-dist/tex/latex/beamer/beamerbaseframesize.sty
\beamer@splitbox=\box69
\beamer@autobreakcount=\count318
\beamer@autobreaklastheight=\dimen273
\beamer@frametitletoks=\toks30
\beamer@framesubtitletoks=\toks31
)
(/usr/share/texlive/texmf-dist/tex/latex/beamer/beamerbaseframecomponents.sty
\beamer@footins=\box70
)
(/usr/share/texlive/texmf-dist/tex/latex/beamer/beamerbasecolor.sty)
(/usr/share/texlive/texmf-dist/tex/latex/beamer/beamerbasenotes.sty
\beamer@frameboxcopy=\box71
)
(/usr/share/texlive/texmf-dist/tex/latex/beamer/beamerbasetoc.sty)
(/usr/share/texlive/texmf-dist/tex/latex/beamer/beamerbasetemplates.sty
\beamer@sbttoks=\toks32

(/usr/share/texlive/texmf-dist/tex/latex/beamer/beamerbaseauxtemplates.sty
(/usr/share/texlive/texmf-dist/tex/latex/beamer/beamerbaseboxes.sty
\bmb@box=\box72
\bmb@colorbox=\box73
\bmb@boxwidth=\dimen274
\bmb@boxheight=\dimen275
\bmb@prevheight=\dimen276
\bmb@temp=\dimen277
\bmb@dima=\dimen278
\bmb@dimb=\dimen279
\bmb@prevheight=\dimen280
)
\beamer@blockheadheight=\dimen281
))
(/usr/share/texlive/texmf-dist/tex/latex/beamer/beamerbaselocalstructure.sty
(/usr/share/texlive/texmf-dist/tex/latex/tools/enumerate.sty
Package: enumerate 2015/07/23 v3.00 enumerate extensions (DPC)
\@enLab=\toks33
)
\beamer@bibiconwidth=\skip56
\c@figure=\count319
\c@table=\count320
\abovecaptionskip=\skip57
\belowcaptionskip=\skip58
)
(/usr/share/texlive/texmf-dist/tex/latex/beamer/beamerbasenavigation.sty
(/usr/share/texlive/texmf-dist/tex/latex/beamer/beamerbasenavigationsymbols.tex
)
\beamer@section@min@dim=\dimen282
) (/usr/share/texlive/texmf-dist/tex/latex/beamer/beamerbasetheorems.sty
(/usr/share/texlive/texmf-dist/tex/latex/amsmath/amsmath.sty
Package: amsmath 2022/04/08 v2.17n AMS math features
\@mathmargin=\skip59

For additional information on amsmath, use the `?' option.
(/usr/share/texlive/texmf-dist/tex/latex/amsmath/amstext.sty
Package: amstext 2021/08/26 v2.01 AMS text

(/usr/share/texlive/texmf-dist/tex/latex/amsmath/amsgen.sty
File: amsgen.sty 1999/11/30 v2.0 generic functions
\@emptytoks=\toks34
\ex@=\dimen283
))
(/usr/share/texlive/texmf-dist/tex/latex/amsmath/amsbsy.sty
Package: amsbsy 1999/11/29 v1.2d Bold Symbols
\pmbraise@=\dimen284
)
(/usr/share/texlive/texmf-dist/tex/latex/amsmath/amsopn.sty
Package: amsopn 2022/04/08 v2.04 operator names
)
\inf@bad=\count321
LaTeX Info: Redefining \frac on input line 234.
\uproot@=\count322
\leftroot@=\count323
LaTeX Info: Redefining \overline on input line 399.
LaTeX Info: Redefining \colon on input line 410.
\classnum@=\count324
\DOTSCASE@=\count325
LaTeX Info: Redefining \ldots on input line 496.
LaTeX Info: Redefining \dots on input line 499.
LaTeX Info: Redefining \cdots on input line 620.
\Mathstrutbox@=\box74
\strutbox@=\box75
LaTeX Info: Redefining \big on input line 722.
LaTeX Info: Redefining \Big on input line 723.
LaTeX Info: Redefining \bigg on input line 724.
LaTeX Info: Redefining \Bigg on input line 725.
\big@size=\dimen285
LaTeX Font Info:    Redeclaring font encoding OML on input line 743.
LaTeX Font Info:    Redeclaring font encoding OMS on input line 744.
\macc@depth=\count326
LaTeX Info: Redefining \bmod on input line 905.
LaTeX Info: Redefining \pmod on input line 910.
LaTeX Info: Redefining \smash on input line 940.
LaTeX Info: Redefining \relbar on input line 970.
LaTeX Info: Redefining \Relbar on input line 971.
\c@MaxMatrixCols=\count327
\dotsspace@=\muskip17
\c@parentequation=\count328
\dspbrk@lvl=\count329
\tag@help=\toks35
\row@=\count330
\column@=\count331
\maxfields@=\count332
\andhelp@=\toks36
\eqnshift@=\dimen286
\alignsep@=\dimen287
\tagshift@=\dimen288
\tagwidth@=\dimen289
\totwidth@=\dimen290
\lineht@=\dimen291
\@envbody=\toks37
\multlinegap=\skip60
\multlinetaggap=\skip61
\mathdisplay@stack=\toks38
LaTeX Info: Redefining \[ on input line 2953.
LaTeX Info: Redefining \] on input line 2954.
)
(/usr/share/texlive/texmf-dist/tex/latex/amscls/amsthm.sty
Package: amsthm 2020/05/29 v2.20.6
\thm@style=\toks39
\thm@bodyfont=\toks40
\thm@headfont=\toks41
\thm@notefont=\toks42
\thm@headpunct=\toks43
\thm@preskip=\skip62
\thm@postskip=\skip63
\thm@headsep=\skip64
\dth@everypar=\toks44
)
\c@theorem=\count333
)
(/usr/share/texlive/texmf-dist/tex/latex/beamer/beamerbasethemes.sty))
(/usr/share/texlive/texmf-dist/tex/latex/beamer/beamerthemedefault.sty
(/usr/share/texlive/texmf-dist/tex/latex/beamer/beamerfontthemedefault.sty)
(/usr/share/texlive/texmf-dist/tex/latex/beamer/beamercolorthemedefault.sty)
(/usr/share/texlive/texmf-dist/tex/latex/beamer/beamerinnerthemedefault.sty
\beamer@dima=\dimen292
\beamer@dimb=\dimen293
)
(/usr/share/texlive/texmf-dist/tex/latex/beamer/beamerouterthemedefault.sty)))
(/usr/share/texlive/texmf-dist/tex/latex/beamer/beamerthemeBerlin.sty
(/usr/share/texlive/texmf-dist/tex/latex/beamer/beamerouterthememiniframes.sty)
(/usr/share/texlive/texmf-dist/tex/latex/beamer/beamercolorthemewhale.sty)
(/usr/share/texlive/texmf-dist/tex/latex/beamer/beamercolorthemeorchid.sty)
(/usr/share/texlive/texmf-dist/tex/latex/beamer/beamerinnerthemerectangles.sty)
) (/usr/share/texlive/texmf-dist/tex/latex/l3backend/l3backend-pdftex.def
File: l3backend-pdftex.def 2023-01-16 L3 backend support: PDF output (pdfTeX)
\l__color_backend_stack_int=\count334
\l__pdf_internal_box=\box76
)
No file mainExpF.aux.
\openout1 = `mainExpF.aux'.

LaTeX Font Info:    Checking defaults for OML/cmm/m/it on input line 41.
LaTeX Font Info:    ... okay on input line 41.
LaTeX Font Info:    Checking defaults for OMS/cmsy/m/n on input line 41.
LaTeX Font Info:    ... okay on input line 41.
LaTeX Font Info:    Checking defaults for OT1/cmr/m/n on input line 41.
LaTeX Font Info:    ... okay on input line 41.
LaTeX Font Info:    Checking defaults for T1/cmr/m/n on input line 41.
LaTeX Font Info:    ... okay on input line 41.
LaTeX Font Info:    Checking defaults for TS1/cmr/m/n on input line 41.
LaTeX Font Info:    ... okay on input line 41.
LaTeX Font Info:    Checking defaults for OMX/cmex/m/n on input line 41.
LaTeX Font Info:    ... okay on input line 41.
LaTeX Font Info:    Checking defaults for U/cmr/m/n on input line 41.
LaTeX Font Info:    ... okay on input line 41.
LaTeX Font Info:    Checking defaults for PD1/pdf/m/n on input line 41.
LaTeX Font Info:    ... okay on input line 41.
LaTeX Font Info:    Checking defaults for PU/pdf/m/n on input line 41.
LaTeX Font Info:    ... okay on input line 41.
*geometry* driver: auto-detecting
*geometry* detected driver: pdftex
*geometry* verbose mode - [ preamble ] result:
* driver: pdftex
* paper: custom
* layout: <same size as paper>
* layoutoffset:(h,v)=(0.0pt,0.0pt)
* modes: includehead includefoot 
* h-part:(L,W,R)=(28.45274pt, 307.28987pt, 28.45274pt)
* v-part:(T,H,B)=(0.0pt, 273.14662pt, 0.0pt)
* \paperwidth=364.19536pt
* \paperheight=273.14662pt
* \textwidth=307.28987pt
* \textheight=244.6939pt
* \oddsidemargin=-43.81725pt
* \evensidemargin=-43.81725pt
* \topmargin=-72.26999pt
* \headheight=14.22636pt
* \headsep=0.0pt
* \topskip=11.0pt
* \footskip=14.22636pt
* \marginparwidth=4.0pt
* \marginparsep=10.0pt
* \columnsep=10.0pt
* \skip\footins=10.0pt plus 4.0pt minus 2.0pt
* \hoffset=0.0pt
* \voffset=0.0pt
* \mag=1000
* \@twocolumnfalse
* \@twosidefalse
* \@mparswitchfalse
* \@reversemarginfalse
* (1in=72.27pt=25.4mm, 1cm=28.453pt)

(/usr/share/texlive/texmf-dist/tex/context/base/mkii/supp-pdf.mkii
[Loading MPS to PDF converter (version 2006.09.02).]
\scratchcounter=\count335
\scratchdimen=\dimen294
\scratchbox=\box77
\nofMPsegments=\count336
\nofMParguments=\count337
\everyMPshowfont=\toks45
\MPscratchCnt=\count338
\MPscratchDim=\dimen295
\MPnumerator=\count339
\makeMPintoPDFobject=\count340
\everyMPtoPDFconversion=\toks46
) (/usr/share/texlive/texmf-dist/tex/latex/epstopdf-pkg/epstopdf-base.sty
Package: epstopdf-base 2020-01-24 v2.11 Base part for package epstopdf
Package epstopdf-base Info: Redefining graphics rule for `.eps' on input line 4
85.

(/usr/share/texlive/texmf-dist/tex/latex/latexconfig/epstopdf-sys.cfg
File: epstopdf-sys.cfg 2010/07/13 v1.3 Configuration of (r)epstopdf for TeX Liv
e
))
Package hyperref Info: Link coloring OFF on input line 41.
\@outlinefile=\write5
\openout5 = `mainExpF.out'.

LaTeX Font Info:    Overwriting symbol font `operators' in version `normal'
(Font)                  OT1/cmr/m/n --> OT1/cmss/m/n on input line 41.
LaTeX Font Info:    Overwriting symbol font `operators' in version `bold'
(Font)                  OT1/cmr/bx/n --> OT1/cmss/b/n on input line 41.
\symnumbers=\mathgroup6
\sympureletters=\mathgroup7
LaTeX Font Info:    Overwriting math alphabet `\mathrm' in version `normal'
(Font)                  OT1/cmss/m/n --> OT1/cmr/m/n on input line 41.
LaTeX Font Info:    Redeclaring math alphabet \mathbf on input line 41.
LaTeX Font Info:    Overwriting math alphabet `\mathbf' in version `normal'
(Font)                  OT1/cmr/bx/n --> OT1/cmss/b/n on input line 41.
LaTeX Font Info:    Overwriting math alphabet `\mathbf' in version `bold'
(Font)                  OT1/cmr/bx/n --> OT1/cmss/b/n on input line 41.
LaTeX Font Info:    Redeclaring math alphabet \mathsf on input line 41.
LaTeX Font Info:    Overwriting math alphabet `\mathsf' in version `normal'
(Font)                  OT1/cmss/m/n --> OT1/cmss/m/n on input line 41.
LaTeX Font Info:    Overwriting math alphabet `\mathsf' in version `bold'
(Font)                  OT1/cmss/bx/n --> OT1/cmss/m/n on input line 41.
LaTeX Font Info:    Redeclaring math alphabet \mathit on input line 41.
LaTeX Font Info:    Overwriting math alphabet `\mathit' in version `normal'
(Font)                  OT1/cmr/m/it --> OT1/cmss/m/it on input line 41.
LaTeX Font Info:    Overwriting math alphabet `\mathit' in version `bold'
(Font)                  OT1/cmr/bx/it --> OT1/cmss/m/it on input line 41.
LaTeX Font Info:    Redeclaring math alphabet \mathtt on input line 41.
LaTeX Font Info:    Overwriting math alphabet `\mathtt' in version `normal'
(Font)                  OT1/cmtt/m/n --> OT1/cmtt/m/n on input line 41.
LaTeX Font Info:    Overwriting math alphabet `\mathtt' in version `bold'
(Font)                  OT1/cmtt/m/n --> OT1/cmtt/m/n on input line 41.
LaTeX Font Info:    Overwriting symbol font `numbers' in version `bold'
(Font)                  OT1/cmss/m/n --> OT1/cmss/b/n on input line 41.
LaTeX Font Info:    Overwriting symbol font `pureletters' in version `bold'
(Font)                  OT1/cmss/m/it --> OT1/cmss/b/it on input line 41.
LaTeX Font Info:    Overwriting math alphabet `\mathrm' in version `bold'
(Font)                  OT1/cmss/b/n --> OT1/cmr/b/n on input line 41.
LaTeX Font Info:    Overwriting math alphabet `\mathbf' in version `bold'
(Font)                  OT1/cmss/b/n --> OT1/cmss/b/n on input line 41.
LaTeX Font Info:    Overwriting math alphabet `\mathsf' in version `bold'
(Font)                  OT1/cmss/m/n --> OT1/cmss/b/n on input line 41.
LaTeX Font Info:    Overwriting math alphabet `\mathit' in version `bold'
(Font)                  OT1/cmss/m/it --> OT1/cmss/b/it on input line 41.
LaTeX Font Info:    Overwriting math alphabet `\mathtt' in version `bold'
(Font)                  OT1/cmtt/m/n --> OT1/cmtt/b/n on input line 41.
LaTeX Font Info:    Redeclaring symbol font `pureletters' on input line 41.
LaTeX Font Info:    Overwriting symbol font `pureletters' in version `normal'
(Font)                  OT1/cmss/m/it --> OT1/mathkerncmss/m/sl on input line 4
1.
LaTeX Font Info:    Overwriting symbol font `pureletters' in version `bold'
(Font)                  OT1/cmss/b/it --> OT1/mathkerncmss/m/sl on input line 4
1.
LaTeX Font Info:    Overwriting symbol font `pureletters' in version `bold'
(Font)                  OT1/mathkerncmss/m/sl --> OT1/mathkerncmss/bx/sl on inp
ut line 41.

(/usr/share/texlive/texmf-dist/tex/latex/translator/translator-basic-dictionary
-English.dict
Dictionary: translator-basic-dictionary, Language: English 
)
(/usr/share/texlive/texmf-dist/tex/latex/translator/translator-bibliography-dic
tionary-English.dict
Dictionary: translator-bibliography-dictionary, Language: English 
)
(/usr/share/texlive/texmf-dist/tex/latex/translator/translator-environment-dict
ionary-English.dict
Dictionary: translator-environment-dictionary, Language: English 
)
(/usr/share/texlive/texmf-dist/tex/latex/translator/translator-months-dictionar
y-English.dict
Dictionary: translator-months-dictionary, Language: English 
)
(/usr/share/texlive/texmf-dist/tex/latex/translator/translator-numbers-dictiona
ry-English.dict
Dictionary: translator-numbers-dictionary, Language: English 
)
(/usr/share/texlive/texmf-dist/tex/latex/translator/translator-theorem-dictiona
ry-English.dict
Dictionary: translator-theorem-dictionary, Language: English 
)
No file mainExpF.nav.

Package hyperref Warning: Option `pdfauthor' has already been used,
(hyperref)                setting the option has no effect on input line 43.

[1

{/var/lib/texmf/fonts/map/pdftex/updmap/pdftex.map}] [2

]
No file mainExpF.toc.
[3

]
LaTeX Font Info:    Trying to load font information for U+msa on input line 80.

 (/usr/share/texlive/texmf-dist/tex/latex/amsfonts/umsa.fd
File: umsa.fd 2013/01/14 v3.01 AMS symbols A
)
LaTeX Font Info:    Trying to load font information for U+msb on input line 80.


(/usr/share/texlive/texmf-dist/tex/latex/amsfonts/umsb.fd
File: umsb.fd 2013/01/14 v3.01 AMS symbols B
)
LaTeX Font Info:    Trying to load font information for OT1+mathkerncmss on inp
ut line 80.

(/usr/share/texlive/texmf-dist/tex/latex/sansmathaccent/ot1mathkerncmss.fd
File: ot1mathkerncmss.fd 2020/01/31 Fontinst v1.933 font definitions for OT1/ma
thkerncmss.
)
[4


] [5

] (./ExpFCommonTable000.tex) [6

] (./ExpFCommonTable001.tex) [7

]
(./ExpFDifferentTable000.tex) [8

] (./ExpFGrammarTable000.tex) [9

]
(./ExpFGrammarTable001.tex) [10

] (./ExpFStatsTable000.tex) [11



]
(./ExpFStatsTable001.tex) [12

] (./ExpFStatsTable002.tex
Overfull \hbox (3.68274pt too wide) in paragraph at lines 5--22
 [] 
 []

) [13

] [14

]
Package epstopdf Info: Source file: <ExpFboxplottSeconds000.eps>
(epstopdf)                    date: 2025-05-07 22:00:23
(epstopdf)                    size: 4793 bytes
(epstopdf)             Output file: <ExpFboxplottSeconds000-eps-converted-to.pd
f>
(epstopdf)             Command: <repstopdf --outfile=ExpFboxplottSeconds000-eps
-converted-to.pdf ExpFboxplottSeconds000.eps>
(epstopdf)             \includegraphics on input line 221.
runsystem(repstopdf --outfile=ExpFboxplottSeconds000-eps-converted-to.pdf ExpFb
oxplottSeconds000.eps)...executed safely (allowed).

Package epstopdf Info: Result file: <ExpFboxplottSeconds000-eps-converted-to.pd
f>
(epstopdf)                    date: 2025-05-07 22:00:33
(epstopdf)                    size: 10136 bytes.
<ExpFboxplottSeconds000-eps-converted-to.pdf, id=409, 578.16pt x 758.835pt>
File: ExpFboxplottSeconds000-eps-converted-to.pdf Graphic file (type pdf)
<use ExpFboxplottSeconds000-eps-converted-to.pdf>
Package pdftex.def Info: ExpFboxplottSeconds000-eps-converted-to.pdf  used on i
nput line 221.
(pdftex.def)             Requested size: 153.64493pt x 201.65768pt.
 [15


 <./ExpFboxplottSeconds000-eps-converted-to.pdf>]
Package epstopdf Info: Source file: <ExpFboxplottSeconds001.eps>
(epstopdf)                    date: 2025-05-07 22:00:23
(epstopdf)                    size: 4860 bytes
(epstopdf)             Output file: <ExpFboxplottSeconds001-eps-converted-to.pd
f>
(epstopdf)             Command: <repstopdf --outfile=ExpFboxplottSeconds001-eps
-converted-to.pdf ExpFboxplottSeconds001.eps>
(epstopdf)             \includegraphics on input line 234.
runsystem(repstopdf --outfile=ExpFboxplottSeconds001-eps-converted-to.pdf ExpFb
oxplottSeconds001.eps)...executed safely (allowed).

Package epstopdf Info: Result file: <ExpFboxplottSeconds001-eps-converted-to.pd
f>
(epstopdf)                    date: 2025-05-07 22:00:34
(epstopdf)                    size: 10189 bytes.
<ExpFboxplottSeconds001-eps-converted-to.pdf, id=446, 578.16pt x 758.835pt>
File: ExpFboxplottSeconds001-eps-converted-to.pdf Graphic file (type pdf)
<use ExpFboxplottSeconds001-eps-converted-to.pdf>
Package pdftex.def Info: ExpFboxplottSeconds001-eps-converted-to.pdf  used on i
nput line 234.
(pdftex.def)             Requested size: 153.64493pt x 201.65768pt.
 [16

 <./ExpFboxplottSeconds001-eps-converted-to.pdf>]
Package epstopdf Info: Source file: <ExpFboxplottSeconds002.eps>
(epstopdf)                    date: 2025-05-07 22:00:23
(epstopdf)                    size: 4865 bytes
(epstopdf)             Output file: <ExpFboxplottSeconds002-eps-converted-to.pd
f>
(epstopdf)             Command: <repstopdf --outfile=ExpFboxplottSeconds002-eps
-converted-to.pdf ExpFboxplottSeconds002.eps>
(epstopdf)             \includegraphics on input line 247.
runsystem(repstopdf --outfile=ExpFboxplottSeconds002-eps-converted-to.pdf ExpFb
oxplottSeconds002.eps)...executed safely (allowed).

Package epstopdf Info: Result file: <ExpFboxplottSeconds002-eps-converted-to.pd
f>
(epstopdf)                    date: 2025-05-07 22:00:34
(epstopdf)                    size: 10031 bytes.
<ExpFboxplottSeconds002-eps-converted-to.pdf, id=483, 578.16pt x 758.835pt>
File: ExpFboxplottSeconds002-eps-converted-to.pdf Graphic file (type pdf)
<use ExpFboxplottSeconds002-eps-converted-to.pdf>
Package pdftex.def Info: ExpFboxplottSeconds002-eps-converted-to.pdf  used on i
nput line 247.
(pdftex.def)             Requested size: 153.64493pt x 201.65768pt.
 [17

 <./ExpFboxplottSeconds002-eps-converted-to.pdf>]
Package epstopdf Info: Source file: <ExpFboxplottSeconds003.eps>
(epstopdf)                    date: 2025-05-07 22:00:23
(epstopdf)                    size: 4809 bytes
(epstopdf)             Output file: <ExpFboxplottSeconds003-eps-converted-to.pd
f>
(epstopdf)             Command: <repstopdf --outfile=ExpFboxplottSeconds003-eps
-converted-to.pdf ExpFboxplottSeconds003.eps>
(epstopdf)             \includegraphics on input line 260.
runsystem(repstopdf --outfile=ExpFboxplottSeconds003-eps-converted-to.pdf ExpFb
oxplottSeconds003.eps)...executed safely (allowed).

Package epstopdf Info: Result file: <ExpFboxplottSeconds003-eps-converted-to.pd
f>
(epstopdf)                    date: 2025-05-07 22:00:34
(epstopdf)                    size: 10068 bytes.
<ExpFboxplottSeconds003-eps-converted-to.pdf, id=519, 578.16pt x 758.835pt>
File: ExpFboxplottSeconds003-eps-converted-to.pdf Graphic file (type pdf)
<use ExpFboxplottSeconds003-eps-converted-to.pdf>
Package pdftex.def Info: ExpFboxplottSeconds003-eps-converted-to.pdf  used on i
nput line 260.
(pdftex.def)             Requested size: 153.64493pt x 201.65768pt.
 [18

 <./ExpFboxplottSeconds003-eps-converted-to.pdf>]
Package epstopdf Info: Source file: <ExpFboxplottSeconds004.eps>
(epstopdf)                    date: 2025-05-07 22:00:23
(epstopdf)                    size: 4906 bytes
(epstopdf)             Output file: <ExpFboxplottSeconds004-eps-converted-to.pd
f>
(epstopdf)             Command: <repstopdf --outfile=ExpFboxplottSeconds004-eps
-converted-to.pdf ExpFboxplottSeconds004.eps>
(epstopdf)             \includegraphics on input line 273.
runsystem(repstopdf --outfile=ExpFboxplottSeconds004-eps-converted-to.pdf ExpFb
oxplottSeconds004.eps)...executed safely (allowed).

Package epstopdf Info: Result file: <ExpFboxplottSeconds004-eps-converted-to.pd
f>
(epstopdf)                    date: 2025-05-07 22:00:34
(epstopdf)                    size: 10106 bytes.
<ExpFboxplottSeconds004-eps-converted-to.pdf, id=555, 578.16pt x 758.835pt>
File: ExpFboxplottSeconds004-eps-converted-to.pdf Graphic file (type pdf)
<use ExpFboxplottSeconds004-eps-converted-to.pdf>
Package pdftex.def Info: ExpFboxplottSeconds004-eps-converted-to.pdf  used on i
nput line 273.
(pdftex.def)             Requested size: 153.64493pt x 201.65768pt.
 [19

 <./ExpFboxplottSeconds004-eps-converted-to.pdf>]
Package epstopdf Info: Source file: <ExpFboxplottSeconds005.eps>
(epstopdf)                    date: 2025-05-07 22:00:23
(epstopdf)                    size: 4847 bytes
(epstopdf)             Output file: <ExpFboxplottSeconds005-eps-converted-to.pd
f>
(epstopdf)             Command: <repstopdf --outfile=ExpFboxplottSeconds005-eps
-converted-to.pdf ExpFboxplottSeconds005.eps>
(epstopdf)             \includegraphics on input line 286.
runsystem(repstopdf --outfile=ExpFboxplottSeconds005-eps-converted-to.pdf ExpFb
oxplottSeconds005.eps)...executed safely (allowed).

Package epstopdf Info: Result file: <ExpFboxplottSeconds005-eps-converted-to.pd
f>
(epstopdf)                    date: 2025-05-07 22:00:35
(epstopdf)                    size: 9993 bytes.
<ExpFboxplottSeconds005-eps-converted-to.pdf, id=593, 578.16pt x 758.835pt>
File: ExpFboxplottSeconds005-eps-converted-to.pdf Graphic file (type pdf)
<use ExpFboxplottSeconds005-eps-converted-to.pdf>
Package pdftex.def Info: ExpFboxplottSeconds005-eps-converted-to.pdf  used on i
nput line 286.
(pdftex.def)             Requested size: 153.64493pt x 201.65768pt.
 [20

 <./ExpFboxplottSeconds005-eps-converted-to.pdf>]
Package epstopdf Info: Source file: <ExpFboxplottSeconds006.eps>
(epstopdf)                    date: 2025-05-07 22:00:23
(epstopdf)                    size: 4788 bytes
(epstopdf)             Output file: <ExpFboxplottSeconds006-eps-converted-to.pd
f>
(epstopdf)             Command: <repstopdf --outfile=ExpFboxplottSeconds006-eps
-converted-to.pdf ExpFboxplottSeconds006.eps>
(epstopdf)             \includegraphics on input line 299.
runsystem(repstopdf --outfile=ExpFboxplottSeconds006-eps-converted-to.pdf ExpFb
oxplottSeconds006.eps)...executed safely (allowed).

Package epstopdf Info: Result file: <ExpFboxplottSeconds006-eps-converted-to.pd
f>
(epstopdf)                    date: 2025-05-07 22:00:35
(epstopdf)                    size: 10036 bytes.
<ExpFboxplottSeconds006-eps-converted-to.pdf, id=629, 578.16pt x 758.835pt>
File: ExpFboxplottSeconds006-eps-converted-to.pdf Graphic file (type pdf)
<use ExpFboxplottSeconds006-eps-converted-to.pdf>
Package pdftex.def Info: ExpFboxplottSeconds006-eps-converted-to.pdf  used on i
nput line 299.
(pdftex.def)             Requested size: 153.64493pt x 201.65768pt.
 [21

 <./ExpFboxplottSeconds006-eps-converted-to.pdf>]
Package epstopdf Info: Source file: <ExpFboxplottSeconds007.eps>
(epstopdf)                    date: 2025-05-07 22:00:23
(epstopdf)                    size: 4740 bytes
(epstopdf)             Output file: <ExpFboxplottSeconds007-eps-converted-to.pd
f>
(epstopdf)             Command: <repstopdf --outfile=ExpFboxplottSeconds007-eps
-converted-to.pdf ExpFboxplottSeconds007.eps>
(epstopdf)             \includegraphics on input line 312.
runsystem(repstopdf --outfile=ExpFboxplottSeconds007-eps-converted-to.pdf ExpFb
oxplottSeconds007.eps)...executed safely (allowed).

Package epstopdf Info: Result file: <ExpFboxplottSeconds007-eps-converted-to.pd
f>
(epstopdf)                    date: 2025-05-07 22:00:35
(epstopdf)                    size: 10118 bytes.
<ExpFboxplottSeconds007-eps-converted-to.pdf, id=665, 578.16pt x 758.835pt>
File: ExpFboxplottSeconds007-eps-converted-to.pdf Graphic file (type pdf)
<use ExpFboxplottSeconds007-eps-converted-to.pdf>
Package pdftex.def Info: ExpFboxplottSeconds007-eps-converted-to.pdf  used on i
nput line 312.
(pdftex.def)             Requested size: 153.64493pt x 201.65768pt.
 [22

 <./ExpFboxplottSeconds007-eps-converted-to.pdf>]
Package epstopdf Info: Source file: <ExpFboxplottSeconds008.eps>
(epstopdf)                    date: 2025-05-07 22:00:23
(epstopdf)                    size: 4972 bytes
(epstopdf)             Output file: <ExpFboxplottSeconds008-eps-converted-to.pd
f>
(epstopdf)             Command: <repstopdf --outfile=ExpFboxplottSeconds008-eps
-converted-to.pdf ExpFboxplottSeconds008.eps>
(epstopdf)             \includegraphics on input line 325.
runsystem(repstopdf --outfile=ExpFboxplottSeconds008-eps-converted-to.pdf ExpFb
oxplottSeconds008.eps)...executed safely (allowed).

Package epstopdf Info: Result file: <ExpFboxplottSeconds008-eps-converted-to.pd
f>
(epstopdf)                    date: 2025-05-07 22:00:35
(epstopdf)                    size: 10018 bytes.
<ExpFboxplottSeconds008-eps-converted-to.pdf, id=702, 578.16pt x 758.835pt>
File: ExpFboxplottSeconds008-eps-converted-to.pdf Graphic file (type pdf)
<use ExpFboxplottSeconds008-eps-converted-to.pdf>
Package pdftex.def Info: ExpFboxplottSeconds008-eps-converted-to.pdf  used on i
nput line 325.
(pdftex.def)             Requested size: 153.64493pt x 201.65768pt.
 [23

 <./ExpFboxplottSeconds008-eps-converted-to.pdf>]
Package epstopdf Info: Source file: <ExpFboxplottSeconds009.eps>
(epstopdf)                    date: 2025-05-07 22:00:23
(epstopdf)                    size: 4921 bytes
(epstopdf)             Output file: <ExpFboxplottSeconds009-eps-converted-to.pd
f>
(epstopdf)             Command: <repstopdf --outfile=ExpFboxplottSeconds009-eps
-converted-to.pdf ExpFboxplottSeconds009.eps>
(epstopdf)             \includegraphics on input line 338.
runsystem(repstopdf --outfile=ExpFboxplottSeconds009-eps-converted-to.pdf ExpFb
oxplottSeconds009.eps)...executed safely (allowed).

Package epstopdf Info: Result file: <ExpFboxplottSeconds009-eps-converted-to.pd
f>
(epstopdf)                    date: 2025-05-07 22:00:36
(epstopdf)                    size: 10181 bytes.
<ExpFboxplottSeconds009-eps-converted-to.pdf, id=738, 578.16pt x 758.835pt>
File: ExpFboxplottSeconds009-eps-converted-to.pdf Graphic file (type pdf)
<use ExpFboxplottSeconds009-eps-converted-to.pdf>
Package pdftex.def Info: ExpFboxplottSeconds009-eps-converted-to.pdf  used on i
nput line 338.
(pdftex.def)             Requested size: 153.64493pt x 201.65768pt.
 [24

 <./ExpFboxplottSeconds009-eps-converted-to.pdf>]
Package epstopdf Info: Source file: <ExpFboxplottSeconds010.eps>
(epstopdf)                    date: 2025-05-07 22:00:23
(epstopdf)                    size: 4851 bytes
(epstopdf)             Output file: <ExpFboxplottSeconds010-eps-converted-to.pd
f>
(epstopdf)             Command: <repstopdf --outfile=ExpFboxplottSeconds010-eps
-converted-to.pdf ExpFboxplottSeconds010.eps>
(epstopdf)             \includegraphics on input line 351.
runsystem(repstopdf --outfile=ExpFboxplottSeconds010-eps-converted-to.pdf ExpFb
oxplottSeconds010.eps)...executed safely (allowed).

Package epstopdf Info: Result file: <ExpFboxplottSeconds010-eps-converted-to.pd
f>
(epstopdf)                    date: 2025-05-07 22:00:36
(epstopdf)                    size: 9928 bytes.
<ExpFboxplottSeconds010-eps-converted-to.pdf, id=774, 578.16pt x 758.835pt>
File: ExpFboxplottSeconds010-eps-converted-to.pdf Graphic file (type pdf)
<use ExpFboxplottSeconds010-eps-converted-to.pdf>
Package pdftex.def Info: ExpFboxplottSeconds010-eps-converted-to.pdf  used on i
nput line 351.
(pdftex.def)             Requested size: 153.64493pt x 201.65768pt.
 [25

 <./ExpFboxplottSeconds010-eps-converted-to.pdf>]
Package epstopdf Info: Source file: <ExpFboxplottGenerations000.eps>
(epstopdf)                    date: 2025-05-07 22:00:23
(epstopdf)                    size: 4730 bytes
(epstopdf)             Output file: <ExpFboxplottGenerations000-eps-converted-t
o.pdf>
(epstopdf)             Command: <repstopdf --outfile=ExpFboxplottGenerations000
-eps-converted-to.pdf ExpFboxplottGenerations000.eps>
(epstopdf)             \includegraphics on input line 364.
runsystem(repstopdf --outfile=ExpFboxplottGenerations000-eps-converted-to.pdf E
xpFboxplottGenerations000.eps)...executed safely (allowed).

Package epstopdf Info: Result file: <ExpFboxplottGenerations000-eps-converted-t
o.pdf>
(epstopdf)                    date: 2025-05-07 22:00:36
(epstopdf)                    size: 10181 bytes.
<ExpFboxplottGenerations000-eps-converted-to.pdf, id=812, 578.16pt x 758.835pt>

File: ExpFboxplottGenerations000-eps-converted-to.pdf Graphic file (type pdf)
<use ExpFboxplottGenerations000-eps-converted-to.pdf>
Package pdftex.def Info: ExpFboxplottGenerations000-eps-converted-to.pdf  used 
on input line 364.
(pdftex.def)             Requested size: 153.64493pt x 201.65768pt.
 [26

 <./ExpFboxplottGenerations000-eps-converted-to.pdf>]
Package epstopdf Info: Source file: <ExpFboxplottGenerations001.eps>
(epstopdf)                    date: 2025-05-07 22:00:23
(epstopdf)                    size: 4730 bytes
(epstopdf)             Output file: <ExpFboxplottGenerations001-eps-converted-t
o.pdf>
(epstopdf)             Command: <repstopdf --outfile=ExpFboxplottGenerations001
-eps-converted-to.pdf ExpFboxplottGenerations001.eps>
(epstopdf)             \includegraphics on input line 377.
runsystem(repstopdf --outfile=ExpFboxplottGenerations001-eps-converted-to.pdf E
xpFboxplottGenerations001.eps)...executed safely (allowed).

Package epstopdf Info: Result file: <ExpFboxplottGenerations001-eps-converted-t
o.pdf>
(epstopdf)                    date: 2025-05-07 22:00:36
(epstopdf)                    size: 10302 bytes.
<ExpFboxplottGenerations001-eps-converted-to.pdf, id=848, 578.16pt x 758.835pt>

File: ExpFboxplottGenerations001-eps-converted-to.pdf Graphic file (type pdf)
<use ExpFboxplottGenerations001-eps-converted-to.pdf>
Package pdftex.def Info: ExpFboxplottGenerations001-eps-converted-to.pdf  used 
on input line 377.
(pdftex.def)             Requested size: 153.64493pt x 201.65768pt.
 [27

 <./ExpFboxplottGenerations001-eps-converted-to.pdf>]
Package epstopdf Info: Source file: <ExpFboxplottGenerations002.eps>
(epstopdf)                    date: 2025-05-07 22:00:23
(epstopdf)                    size: 4754 bytes
(epstopdf)             Output file: <ExpFboxplottGenerations002-eps-converted-t
o.pdf>
(epstopdf)             Command: <repstopdf --outfile=ExpFboxplottGenerations002
-eps-converted-to.pdf ExpFboxplottGenerations002.eps>
(epstopdf)             \includegraphics on input line 390.
runsystem(repstopdf --outfile=ExpFboxplottGenerations002-eps-converted-to.pdf E
xpFboxplottGenerations002.eps)...executed safely (allowed).

Package epstopdf Info: Result file: <ExpFboxplottGenerations002-eps-converted-t
o.pdf>
(epstopdf)                    date: 2025-05-07 22:00:36
(epstopdf)                    size: 10134 bytes.
<ExpFboxplottGenerations002-eps-converted-to.pdf, id=884, 578.16pt x 758.835pt>

File: ExpFboxplottGenerations002-eps-converted-to.pdf Graphic file (type pdf)
<use ExpFboxplottGenerations002-eps-converted-to.pdf>
Package pdftex.def Info: ExpFboxplottGenerations002-eps-converted-to.pdf  used 
on input line 390.
(pdftex.def)             Requested size: 153.64493pt x 201.65768pt.

[28

 <./ExpFboxplottGenerations002-eps-converted-to.pdf>]
Package epstopdf Info: Source file: <ExpFboxplottGenerations003.eps>
(epstopdf)                    date: 2025-05-07 22:00:23
(epstopdf)                    size: 4986 bytes
(epstopdf)             Output file: <ExpFboxplottGenerations003-eps-converted-t
o.pdf>
(epstopdf)             Command: <repstopdf --outfile=ExpFboxplottGenerations003
-eps-converted-to.pdf ExpFboxplottGenerations003.eps>
(epstopdf)             \includegraphics on input line 403.
runsystem(repstopdf --outfile=ExpFboxplottGenerations003-eps-converted-to.pdf E
xpFboxplottGenerations003.eps)...executed safely (allowed).

Package epstopdf Info: Result file: <ExpFboxplottGenerations003-eps-converted-t
o.pdf>
(epstopdf)                    date: 2025-05-07 22:00:37
(epstopdf)                    size: 10182 bytes.
<ExpFboxplottGenerations003-eps-converted-to.pdf, id=921, 578.16pt x 758.835pt>

File: ExpFboxplottGenerations003-eps-converted-to.pdf Graphic file (type pdf)
<use ExpFboxplottGenerations003-eps-converted-to.pdf>
Package pdftex.def Info: ExpFboxplottGenerations003-eps-converted-to.pdf  used 
on input line 403.
(pdftex.def)             Requested size: 153.64493pt x 201.65768pt.
 [29

 <./ExpFboxplottGenerations003-eps-converted-to.pdf>]
Package epstopdf Info: Source file: <ExpFboxplottGenerations004.eps>
(epstopdf)                    date: 2025-05-07 22:00:23
(epstopdf)                    size: 4769 bytes
(epstopdf)             Output file: <ExpFboxplottGenerations004-eps-converted-t
o.pdf>
(epstopdf)             Command: <repstopdf --outfile=ExpFboxplottGenerations004
-eps-converted-to.pdf ExpFboxplottGenerations004.eps>
(epstopdf)             \includegraphics on input line 416.
runsystem(repstopdf --outfile=ExpFboxplottGenerations004-eps-converted-to.pdf E
xpFboxplottGenerations004.eps)...executed safely (allowed).

Package epstopdf Info: Result file: <ExpFboxplottGenerations004-eps-converted-t
o.pdf>
(epstopdf)                    date: 2025-05-07 22:00:37
(epstopdf)                    size: 10081 bytes.
<ExpFboxplottGenerations004-eps-converted-to.pdf, id=957, 578.16pt x 758.835pt>

File: ExpFboxplottGenerations004-eps-converted-to.pdf Graphic file (type pdf)
<use ExpFboxplottGenerations004-eps-converted-to.pdf>
Package pdftex.def Info: ExpFboxplottGenerations004-eps-converted-to.pdf  used 
on input line 416.
(pdftex.def)             Requested size: 153.64493pt x 201.65768pt.
 [30

 <./ExpFboxplottGenerations004-eps-converted-to.pdf>]
Package epstopdf Info: Source file: <ExpFboxplottGenerations005.eps>
(epstopdf)                    date: 2025-05-07 22:00:23
(epstopdf)                    size: 4804 bytes
(epstopdf)             Output file: <ExpFboxplottGenerations005-eps-converted-t
o.pdf>
(epstopdf)             Command: <repstopdf --outfile=ExpFboxplottGenerations005
-eps-converted-to.pdf ExpFboxplottGenerations005.eps>
(epstopdf)             \includegraphics on input line 429.
runsystem(repstopdf --outfile=ExpFboxplottGenerations005-eps-converted-to.pdf E
xpFboxplottGenerations005.eps)...executed safely (allowed).

Package epstopdf Info: Result file: <ExpFboxplottGenerations005-eps-converted-t
o.pdf>
(epstopdf)                    date: 2025-05-07 22:00:37
(epstopdf)                    size: 10245 bytes.
<ExpFboxplottGenerations005-eps-converted-to.pdf, id=993, 578.16pt x 758.835pt>

File: ExpFboxplottGenerations005-eps-converted-to.pdf Graphic file (type pdf)
<use ExpFboxplottGenerations005-eps-converted-to.pdf>
Package pdftex.def Info: ExpFboxplottGenerations005-eps-converted-to.pdf  used 
on input line 429.
(pdftex.def)             Requested size: 153.64493pt x 201.65768pt.
 [31

 <./ExpFboxplottGenerations005-eps-converted-to.pdf>]
Package epstopdf Info: Source file: <ExpFboxplottGenerations006.eps>
(epstopdf)                    date: 2025-05-07 22:00:23
(epstopdf)                    size: 4751 bytes
(epstopdf)             Output file: <ExpFboxplottGenerations006-eps-converted-t
o.pdf>
(epstopdf)             Command: <repstopdf --outfile=ExpFboxplottGenerations006
-eps-converted-to.pdf ExpFboxplottGenerations006.eps>
(epstopdf)             \includegraphics on input line 442.
runsystem(repstopdf --outfile=ExpFboxplottGenerations006-eps-converted-to.pdf E
xpFboxplottGenerations006.eps)...executed safely (allowed).

Package epstopdf Info: Result file: <ExpFboxplottGenerations006-eps-converted-t
o.pdf>
(epstopdf)                    date: 2025-05-07 22:00:37
(epstopdf)                    size: 10166 bytes.
<ExpFboxplottGenerations006-eps-converted-to.pdf, id=1031, 578.16pt x 758.835pt
>
File: ExpFboxplottGenerations006-eps-converted-to.pdf Graphic file (type pdf)
<use ExpFboxplottGenerations006-eps-converted-to.pdf>
Package pdftex.def Info: ExpFboxplottGenerations006-eps-converted-to.pdf  used 
on input line 442.
(pdftex.def)             Requested size: 153.64493pt x 201.65768pt.
 [32

 <./ExpFboxplottGenerations006-eps-converted-to.pdf>]
Package epstopdf Info: Source file: <ExpFboxplottGenerations007.eps>
(epstopdf)                    date: 2025-05-07 22:00:23
(epstopdf)                    size: 4869 bytes
(epstopdf)             Output file: <ExpFboxplottGenerations007-eps-converted-t
o.pdf>
(epstopdf)             Command: <repstopdf --outfile=ExpFboxplottGenerations007
-eps-converted-to.pdf ExpFboxplottGenerations007.eps>
(epstopdf)             \includegraphics on input line 455.
runsystem(repstopdf --outfile=ExpFboxplottGenerations007-eps-converted-to.pdf E
xpFboxplottGenerations007.eps)...executed safely (allowed).

Package epstopdf Info: Result file: <ExpFboxplottGenerations007-eps-converted-t
o.pdf>
(epstopdf)                    date: 2025-05-07 22:00:38
(epstopdf)                    size: 10381 bytes.
<ExpFboxplottGenerations007-eps-converted-to.pdf, id=1067, 578.16pt x 758.835pt
>
File: ExpFboxplottGenerations007-eps-converted-to.pdf Graphic file (type pdf)
<use ExpFboxplottGenerations007-eps-converted-to.pdf>
Package pdftex.def Info: ExpFboxplottGenerations007-eps-converted-to.pdf  used 
on input line 455.
(pdftex.def)             Requested size: 153.64493pt x 201.65768pt.
 [33

 <./ExpFboxplottGenerations007-eps-converted-to.pdf>]
Package epstopdf Info: Source file: <ExpFboxplottGenerations008.eps>
(epstopdf)                    date: 2025-05-07 22:00:23
(epstopdf)                    size: 4757 bytes
(epstopdf)             Output file: <ExpFboxplottGenerations008-eps-converted-t
o.pdf>
(epstopdf)             Command: <repstopdf --outfile=ExpFboxplottGenerations008
-eps-converted-to.pdf ExpFboxplottGenerations008.eps>
(epstopdf)             \includegraphics on input line 468.
runsystem(repstopdf --outfile=ExpFboxplottGenerations008-eps-converted-to.pdf E
xpFboxplottGenerations008.eps)...executed safely (allowed).

Package epstopdf Info: Result file: <ExpFboxplottGenerations008-eps-converted-t
o.pdf>
(epstopdf)                    date: 2025-05-07 22:00:38
(epstopdf)                    size: 9909 bytes.
<ExpFboxplottGenerations008-eps-converted-to.pdf, id=1103, 578.16pt x 758.835pt
>
File: ExpFboxplottGenerations008-eps-converted-to.pdf Graphic file (type pdf)
<use ExpFboxplottGenerations008-eps-converted-to.pdf>
Package pdftex.def Info: ExpFboxplottGenerations008-eps-converted-to.pdf  used 
on input line 468.
(pdftex.def)             Requested size: 153.64493pt x 201.65768pt.
 [34

 <./ExpFboxplottGenerations008-eps-converted-to.pdf>]
Package epstopdf Info: Source file: <ExpFboxplottGenerations009.eps>
(epstopdf)                    date: 2025-05-07 22:00:23
(epstopdf)                    size: 4826 bytes
(epstopdf)             Output file: <ExpFboxplottGenerations009-eps-converted-t
o.pdf>
(epstopdf)             Command: <repstopdf --outfile=ExpFboxplottGenerations009
-eps-converted-to.pdf ExpFboxplottGenerations009.eps>
(epstopdf)             \includegraphics on input line 481.
runsystem(repstopdf --outfile=ExpFboxplottGenerations009-eps-converted-to.pdf E
xpFboxplottGenerations009.eps)...executed safely (allowed).

Package epstopdf Info: Result file: <ExpFboxplottGenerations009-eps-converted-t
o.pdf>
(epstopdf)                    date: 2025-05-07 22:00:38
(epstopdf)                    size: 9986 bytes.
<ExpFboxplottGenerations009-eps-converted-to.pdf, id=1140, 578.16pt x 758.835pt
>
File: ExpFboxplottGenerations009-eps-converted-to.pdf Graphic file (type pdf)
<use ExpFboxplottGenerations009-eps-converted-to.pdf>
Package pdftex.def Info: ExpFboxplottGenerations009-eps-converted-to.pdf  used 
on input line 481.
(pdftex.def)             Requested size: 153.64493pt x 201.65768pt.
 [35

 <./ExpFboxplottGenerations009-eps-converted-to.pdf>]
Package epstopdf Info: Source file: <ExpFboxplottGenerations010.eps>
(epstopdf)                    date: 2025-05-07 22:00:23
(epstopdf)                    size: 4865 bytes
(epstopdf)             Output file: <ExpFboxplottGenerations010-eps-converted-t
o.pdf>
(epstopdf)             Command: <repstopdf --outfile=ExpFboxplottGenerations010
-eps-converted-to.pdf ExpFboxplottGenerations010.eps>
(epstopdf)             \includegraphics on input line 494.
runsystem(repstopdf --outfile=ExpFboxplottGenerations010-eps-converted-to.pdf E
xpFboxplottGenerations010.eps)...executed safely (allowed).

Package epstopdf Info: Result file: <ExpFboxplottGenerations010-eps-converted-t
o.pdf>
(epstopdf)                    date: 2025-05-07 22:00:38
(epstopdf)                    size: 10202 bytes.
<ExpFboxplottGenerations010-eps-converted-to.pdf, id=1176, 578.16pt x 758.835pt
>
File: ExpFboxplottGenerations010-eps-converted-to.pdf Graphic file (type pdf)
<use ExpFboxplottGenerations010-eps-converted-to.pdf>
Package pdftex.def Info: ExpFboxplottGenerations010-eps-converted-to.pdf  used 
on input line 494.
(pdftex.def)             Requested size: 153.64493pt x 201.65768pt.
 [36

 <./ExpFboxplottGenerations010-eps-converted-to.pdf>] [37

]
Package epstopdf Info: Source file: <ExpFboxplottGenerations011.eps>
(epstopdf)                    date: 2025-05-07 22:00:23
(epstopdf)                    size: 10631 bytes
(epstopdf)             Output file: <ExpFboxplottGenerations011-eps-converted-t
o.pdf>
(epstopdf)             Command: <repstopdf --outfile=ExpFboxplottGenerations011
-eps-converted-to.pdf ExpFboxplottGenerations011.eps>
(epstopdf)             \includegraphics on input line 525.
runsystem(repstopdf --outfile=ExpFboxplottGenerations011-eps-converted-to.pdf E
xpFboxplottGenerations011.eps)...executed safely (allowed).

Package epstopdf Info: Result file: <ExpFboxplottGenerations011-eps-converted-t
o.pdf>
(epstopdf)                    date: 2025-05-07 22:00:39
(epstopdf)                    size: 11699 bytes.
<ExpFboxplottGenerations011-eps-converted-to.pdf, id=1241, 578.16pt x 758.835pt
>
File: ExpFboxplottGenerations011-eps-converted-to.pdf Graphic file (type pdf)
<use ExpFboxplottGenerations011-eps-converted-to.pdf>
Package pdftex.def Info: ExpFboxplottGenerations011-eps-converted-to.pdf  used 
on input line 525.
(pdftex.def)             Requested size: 153.64493pt x 201.65768pt.
 [38


 <./ExpFboxplottGenerations011-eps-converted-to.pdf>] [39

] [40

] (./ExpFStatsTable003.tex
Overfull \hbox (40.93327pt too wide) in paragraph at lines 5--26
 [] 
 []

) [41


] (./ExpFStatsTable004.tex
Overfull \hbox (3.68274pt too wide) in paragraph at lines 5--26
 [] 
 []

) [42

] (./ExpFStatsTable005.tex
Overfull \hbox (12.18286pt too wide) in paragraph at lines 5--25
 [] 
 []

) [43

] (./ExpFtParmTable000.tex) [44



] (./ExpFtParmTable001.tex) [45

]
(./ExpFtParmTable002.tex) [46

] (./ExpFtParmTable003.tex) [47

]
(./ExpFStatsTable006.tex
Overfull \hbox (29.1831pt too wide) in paragraph at lines 5--15
 [] 
 []

) [48

] (./ExpFSolutionTable000.tex
Underfull \hbox (badness 10000) in paragraph at lines 9--10
\OT1/cmss/m/n/8 sPair(NOT(D3), NOT(D8))), sPair(NOT(D5), NOT(D6))),
 []

) [49

]

pdfTeX warning: pdflatex (file ./ExpFDerivationTreeFigure000.pdf): PDF inclusio
n: found PDF version <1.7>, but at most version <1.5> allowed
<ExpFDerivationTreeFigure000.pdf, id=1590, 505.89pt x 505.89pt>
File: ExpFDerivationTreeFigure000.pdf Graphic file (type pdf)
<use ExpFDerivationTreeFigure000.pdf>
Package pdftex.def Info: ExpFDerivationTreeFigure000.pdf  used on input line 70
1.
(pdftex.def)             Requested size: 153.64493pt x 153.64394pt.
[50

 <./ExpFDerivationTreeFigure000.pdf>]
Package epstopdf Info: Source file: <ExpFPlotPopStatsFigure000.eps>
(epstopdf)                    date: 2025-05-07 22:00:24
(epstopdf)                    size: 6942 bytes
(epstopdf)             Output file: <ExpFPlotPopStatsFigure000-eps-converted-to
.pdf>
(epstopdf)             Command: <repstopdf --outfile=ExpFPlotPopStatsFigure000-
eps-converted-to.pdf ExpFPlotPopStatsFigure000.eps>
(epstopdf)             \includegraphics on input line 714.
runsystem(repstopdf --outfile=ExpFPlotPopStatsFigure000-eps-converted-to.pdf Ex
pFPlotPopStatsFigure000.eps)...executed safely (allowed).

Package epstopdf Info: Result file: <ExpFPlotPopStatsFigure000-eps-converted-to
.pdf>
(epstopdf)                    date: 2025-05-07 22:00:39
(epstopdf)                    size: 13732 bytes.
<ExpFPlotPopStatsFigure000-eps-converted-to.pdf, id=1627, 578.16pt x 758.835pt>

File: ExpFPlotPopStatsFigure000-eps-converted-to.pdf Graphic file (type pdf)
<use ExpFPlotPopStatsFigure000-eps-converted-to.pdf>
Package pdftex.def Info: ExpFPlotPopStatsFigure000-eps-converted-to.pdf  used o
n input line 714.
(pdftex.def)             Requested size: 153.64493pt x 201.65768pt.
 [51

 <./ExpFPlotPopStatsFigure000-eps-converted-to.pdf>] (./ExpFtParmTable004.tex) 
[52


] (./ExpFtParmTable005.tex)
[53

] (./ExpFtParmTable006.tex) [54

] (./ExpFtParmTable007.tex) [55

]
(./ExpFStatsTable007.tex
Overfull \hbox (29.1831pt too wide) in paragraph at lines 5--15
 [] 
 []

) [56

] (./ExpFSolutionTable001.tex
Underfull \hbox (badness 10000) in paragraph at lines 9--10
[]\OT1/cmss/m/n/8 NOT(NOT(AND(sPair(NOT(D1), NOT(D11)),
 []


Underfull \hbox (badness 10000) in paragraph at lines 9--10
\OT1/cmss/m/n/8 AND(AND(AND(sPair(NOT(D3), NOT(D9)), sPair(D5, D7)),
 []

) [57

]

pdfTeX warning: pdflatex (file ./ExpFDerivationTreeFigure001.pdf): PDF inclusio
n: found PDF version <1.7>, but at most version <1.5> allowed
<ExpFDerivationTreeFigure001.pdf, id=1840, 505.89pt x 505.89pt>
File: ExpFDerivationTreeFigure001.pdf Graphic file (type pdf)
<use ExpFDerivationTreeFigure001.pdf>
Package pdftex.def Info: ExpFDerivationTreeFigure001.pdf  used on input line 81
0.
(pdftex.def)             Requested size: 153.64493pt x 153.64394pt.
[58

 <./ExpFDerivationTreeFigure001.pdf>]
Package epstopdf Info: Source file: <ExpFPlotPopStatsFigure001.eps>
(epstopdf)                    date: 2025-05-07 22:00:24
(epstopdf)                    size: 10805 bytes
(epstopdf)             Output file: <ExpFPlotPopStatsFigure001-eps-converted-to
.pdf>
(epstopdf)             Command: <repstopdf --outfile=ExpFPlotPopStatsFigure001-
eps-converted-to.pdf ExpFPlotPopStatsFigure001.eps>
(epstopdf)             \includegraphics on input line 823.
runsystem(repstopdf --outfile=ExpFPlotPopStatsFigure001-eps-converted-to.pdf Ex
pFPlotPopStatsFigure001.eps)...executed safely (allowed).

Package epstopdf Info: Result file: <ExpFPlotPopStatsFigure001-eps-converted-to
.pdf>
(epstopdf)                    date: 2025-05-07 22:00:39
(epstopdf)                    size: 15032 bytes.
<ExpFPlotPopStatsFigure001-eps-converted-to.pdf, id=1877, 578.16pt x 758.835pt>

File: ExpFPlotPopStatsFigure001-eps-converted-to.pdf Graphic file (type pdf)
<use ExpFPlotPopStatsFigure001-eps-converted-to.pdf>
Package pdftex.def Info: ExpFPlotPopStatsFigure001-eps-converted-to.pdf  used o
n input line 823.
(pdftex.def)             Requested size: 153.64493pt x 201.65768pt.
 [59

 <./ExpFPlotPopStatsFigure001-eps-converted-to.pdf>] (./ExpFtParmTable008.tex) 
[60


] (./ExpFtParmTable009.tex)
[61

] (./ExpFtParmTable010.tex) [62

] (./ExpFtParmTable011.tex) [63

]
(./ExpFStatsTable008.tex
Overfull \hbox (41.93329pt too wide) in paragraph at lines 5--15
 [] 
 []

) [64

] (./ExpFSolutionTable002.tex
Underfull \hbox (badness 10000) in paragraph at lines 9--10
[]\OT1/cmss/m/n/8 AND(AND(AND(NOT(NOT(sPair(NOT(D3), NOT(D10)))),
 []


Underfull \hbox (badness 10000) in paragraph at lines 9--10
\OT1/cmss/m/n/8 NOT(D7))), AND(AND(AND(sPair(NOT(D2), NOT(D11)),
 []


Underfull \hbox (badness 4181) in paragraph at lines 9--10
\OT1/cmss/m/n/8 OR(sPair(D1, D12), NOT(D4))), AND(OR(NOT(D5), sPair(D2,
 []

) [65

]

pdfTeX warning: pdflatex (file ./ExpFDerivationTreeFigure002.pdf): PDF inclusio
n: found PDF version <1.7>, but at most version <1.5> allowed
<ExpFDerivationTreeFigure002.pdf, id=2090, 505.89pt x 505.89pt>
File: ExpFDerivationTreeFigure002.pdf Graphic file (type pdf)
<use ExpFDerivationTreeFigure002.pdf>
Package pdftex.def Info: ExpFDerivationTreeFigure002.pdf  used on input line 91
9.
(pdftex.def)             Requested size: 153.64493pt x 153.64394pt.
[66

 <./ExpFDerivationTreeFigure002.pdf>]
Package epstopdf Info: Source file: <ExpFPlotPopStatsFigure002.eps>
(epstopdf)                    date: 2025-05-07 22:00:24
(epstopdf)                    size: 39434 bytes
(epstopdf)             Output file: <ExpFPlotPopStatsFigure002-eps-converted-to
.pdf>
(epstopdf)             Command: <repstopdf --outfile=ExpFPlotPopStatsFigure002-
eps-converted-to.pdf ExpFPlotPopStatsFigure002.eps>
(epstopdf)             \includegraphics on input line 932.
runsystem(repstopdf --outfile=ExpFPlotPopStatsFigure002-eps-converted-to.pdf Ex
pFPlotPopStatsFigure002.eps)...executed safely (allowed).

Package epstopdf Info: Result file: <ExpFPlotPopStatsFigure002-eps-converted-to
.pdf>
(epstopdf)                    date: 2025-05-07 22:00:40
(epstopdf)                    size: 25698 bytes.
<ExpFPlotPopStatsFigure002-eps-converted-to.pdf, id=2128, 578.16pt x 758.835pt>

File: ExpFPlotPopStatsFigure002-eps-converted-to.pdf Graphic file (type pdf)
<use ExpFPlotPopStatsFigure002-eps-converted-to.pdf>
Package pdftex.def Info: ExpFPlotPopStatsFigure002-eps-converted-to.pdf  used o
n input line 932.
(pdftex.def)             Requested size: 153.64493pt x 201.65768pt.
 [67

 <./ExpFPlotPopStatsFigure002-eps-converted-to.pdf>] (./ExpFtParmTable012.tex) 
[68


] (./ExpFtParmTable013.tex)
[69

] (./ExpFtParmTable014.tex) [70

] (./ExpFtParmTable015.tex) [71

]
(./ExpFStatsTable009.tex) [72

] (./ExpFSolutionTable003.tex) [73

]

pdfTeX warning: pdflatex (file ./ExpFDerivationTreeFigure003.pdf): PDF inclusio
n: found PDF version <1.7>, but at most version <1.5> allowed
<ExpFDerivationTreeFigure003.pdf, id=2342, 505.89pt x 505.89pt>
File: ExpFDerivationTreeFigure003.pdf Graphic file (type pdf)
<use ExpFDerivationTreeFigure003.pdf>
Package pdftex.def Info: ExpFDerivationTreeFigure003.pdf  used on input line 10
28.
(pdftex.def)             Requested size: 153.64493pt x 153.64394pt.
[74

 <./ExpFDerivationTreeFigure003.pdf>]
Package epstopdf Info: Source file: <ExpFPlotPopStatsFigure003.eps>
(epstopdf)                    date: 2025-05-07 22:00:24
(epstopdf)                    size: 5366 bytes
(epstopdf)             Output file: <ExpFPlotPopStatsFigure003-eps-converted-to
.pdf>
(epstopdf)             Command: <repstopdf --outfile=ExpFPlotPopStatsFigure003-
eps-converted-to.pdf ExpFPlotPopStatsFigure003.eps>
(epstopdf)             \includegraphics on input line 1041.
runsystem(repstopdf --outfile=ExpFPlotPopStatsFigure003-eps-converted-to.pdf Ex
pFPlotPopStatsFigure003.eps)...executed safely (allowed).

Package epstopdf Info: Result file: <ExpFPlotPopStatsFigure003-eps-converted-to
.pdf>
(epstopdf)                    date: 2025-05-07 22:00:40
(epstopdf)                    size: 13049 bytes.
<ExpFPlotPopStatsFigure003-eps-converted-to.pdf, id=2379, 578.16pt x 758.835pt>

File: ExpFPlotPopStatsFigure003-eps-converted-to.pdf Graphic file (type pdf)
<use ExpFPlotPopStatsFigure003-eps-converted-to.pdf>
Package pdftex.def Info: ExpFPlotPopStatsFigure003-eps-converted-to.pdf  used o
n input line 1041.
(pdftex.def)             Requested size: 153.64493pt x 201.65768pt.
 [75

 <./ExpFPlotPopStatsFigure003-eps-converted-to.pdf>] (./ExpFtParmTable016.tex) 
[76


] (./ExpFtParmTable017.tex)
[77

] (./ExpFtParmTable018.tex) [78

] (./ExpFtParmTable019.tex) [79

]
(./ExpFStatsTable010.tex) [80

] (./ExpFSolutionTable004.tex) [81

]

pdfTeX warning: pdflatex (file ./ExpFDerivationTreeFigure004.pdf): PDF inclusio
n: found PDF version <1.7>, but at most version <1.5> allowed
<ExpFDerivationTreeFigure004.pdf, id=2592, 505.89pt x 505.89pt>
File: ExpFDerivationTreeFigure004.pdf Graphic file (type pdf)
<use ExpFDerivationTreeFigure004.pdf>
Package pdftex.def Info: ExpFDerivationTreeFigure004.pdf  used on input line 11
37.
(pdftex.def)             Requested size: 153.64493pt x 153.64394pt.
[82

 <./ExpFDerivationTreeFigure004.pdf>]
Package epstopdf Info: Source file: <ExpFPlotPopStatsFigure004.eps>
(epstopdf)                    date: 2025-05-07 22:00:24
(epstopdf)                    size: 5366 bytes
(epstopdf)             Output file: <ExpFPlotPopStatsFigure004-eps-converted-to
.pdf>
(epstopdf)             Command: <repstopdf --outfile=ExpFPlotPopStatsFigure004-
eps-converted-to.pdf ExpFPlotPopStatsFigure004.eps>
(epstopdf)             \includegraphics on input line 1150.
runsystem(repstopdf --outfile=ExpFPlotPopStatsFigure004-eps-converted-to.pdf Ex
pFPlotPopStatsFigure004.eps)...executed safely (allowed).

Package epstopdf Info: Result file: <ExpFPlotPopStatsFigure004-eps-converted-to
.pdf>
(epstopdf)                    date: 2025-05-07 22:00:41
(epstopdf)                    size: 13087 bytes.
<ExpFPlotPopStatsFigure004-eps-converted-to.pdf, id=2629, 578.16pt x 758.835pt>

File: ExpFPlotPopStatsFigure004-eps-converted-to.pdf Graphic file (type pdf)
<use ExpFPlotPopStatsFigure004-eps-converted-to.pdf>
Package pdftex.def Info: ExpFPlotPopStatsFigure004-eps-converted-to.pdf  used o
n input line 1150.
(pdftex.def)             Requested size: 153.64493pt x 201.65768pt.
 [83

 <./ExpFPlotPopStatsFigure004-eps-converted-to.pdf>] (./ExpFtParmTable020.tex) 
[84


] (./ExpFtParmTable021.tex)
[85

] (./ExpFtParmTable022.tex) [86

] (./ExpFtParmTable023.tex) [87

]
(./ExpFStatsTable011.tex) [88

] (./ExpFSolutionTable005.tex) [89

]

pdfTeX warning: pdflatex (file ./ExpFDerivationTreeFigure005.pdf): PDF inclusio
n: found PDF version <1.7>, but at most version <1.5> allowed
<ExpFDerivationTreeFigure005.pdf, id=2842, 505.89pt x 505.89pt>
File: ExpFDerivationTreeFigure005.pdf Graphic file (type pdf)
<use ExpFDerivationTreeFigure005.pdf>
Package pdftex.def Info: ExpFDerivationTreeFigure005.pdf  used on input line 12
46.
(pdftex.def)             Requested size: 153.64493pt x 153.64394pt.
[90

 <./ExpFDerivationTreeFigure005.pdf>]
Package epstopdf Info: Source file: <ExpFPlotPopStatsFigure005.eps>
(epstopdf)                    date: 2025-05-07 22:00:24
(epstopdf)                    size: 5311 bytes
(epstopdf)             Output file: <ExpFPlotPopStatsFigure005-eps-converted-to
.pdf>
(epstopdf)             Command: <repstopdf --outfile=ExpFPlotPopStatsFigure005-
eps-converted-to.pdf ExpFPlotPopStatsFigure005.eps>
(epstopdf)             \includegraphics on input line 1259.
runsystem(repstopdf --outfile=ExpFPlotPopStatsFigure005-eps-converted-to.pdf Ex
pFPlotPopStatsFigure005.eps)...executed safely (allowed).

Package epstopdf Info: Result file: <ExpFPlotPopStatsFigure005-eps-converted-to
.pdf>
(epstopdf)                    date: 2025-05-07 22:00:41
(epstopdf)                    size: 13014 bytes.
<ExpFPlotPopStatsFigure005-eps-converted-to.pdf, id=2880, 578.16pt x 758.835pt>

File: ExpFPlotPopStatsFigure005-eps-converted-to.pdf Graphic file (type pdf)
<use ExpFPlotPopStatsFigure005-eps-converted-to.pdf>
Package pdftex.def Info: ExpFPlotPopStatsFigure005-eps-converted-to.pdf  used o
n input line 1259.
(pdftex.def)             Requested size: 153.64493pt x 201.65768pt.
 [91

 <./ExpFPlotPopStatsFigure005-eps-converted-to.pdf>] (./ExpFtParmTable024.tex) 
[92


] (./ExpFtParmTable025.tex)
[93

] (./ExpFtParmTable026.tex) [94

] (./ExpFtParmTable027.tex) [95

]
(./ExpFStatsTable012.tex) [96

] (./ExpFSolutionTable006.tex) [97

]

pdfTeX warning: pdflatex (file ./ExpFDerivationTreeFigure006.pdf): PDF inclusio
n: found PDF version <1.7>, but at most version <1.5> allowed
<ExpFDerivationTreeFigure006.pdf, id=3094, 505.89pt x 505.89pt>
File: ExpFDerivationTreeFigure006.pdf Graphic file (type pdf)
<use ExpFDerivationTreeFigure006.pdf>
Package pdftex.def Info: ExpFDerivationTreeFigure006.pdf  used on input line 13
55.
(pdftex.def)             Requested size: 153.64493pt x 153.64394pt.
[98

 <./ExpFDerivationTreeFigure006.pdf>]
Package epstopdf Info: Source file: <ExpFPlotPopStatsFigure006.eps>
(epstopdf)                    date: 2025-05-07 22:00:24
(epstopdf)                    size: 5487 bytes
(epstopdf)             Output file: <ExpFPlotPopStatsFigure006-eps-converted-to
.pdf>
(epstopdf)             Command: <repstopdf --outfile=ExpFPlotPopStatsFigure006-
eps-converted-to.pdf ExpFPlotPopStatsFigure006.eps>
(epstopdf)             \includegraphics on input line 1368.
runsystem(repstopdf --outfile=ExpFPlotPopStatsFigure006-eps-converted-to.pdf Ex
pFPlotPopStatsFigure006.eps)...executed safely (allowed).

Package epstopdf Info: Result file: <ExpFPlotPopStatsFigure006-eps-converted-to
.pdf>
(epstopdf)                    date: 2025-05-07 22:00:41
(epstopdf)                    size: 13082 bytes.
<ExpFPlotPopStatsFigure006-eps-converted-to.pdf, id=3131, 578.16pt x 758.835pt>

File: ExpFPlotPopStatsFigure006-eps-converted-to.pdf Graphic file (type pdf)
<use ExpFPlotPopStatsFigure006-eps-converted-to.pdf>
Package pdftex.def Info: ExpFPlotPopStatsFigure006-eps-converted-to.pdf  used o
n input line 1368.
(pdftex.def)             Requested size: 153.64493pt x 201.65768pt.
 [99

 <./ExpFPlotPopStatsFigure006-eps-converted-to.pdf>] (./ExpFtParmTable028.tex) 
[100


] (./ExpFtParmTable029.tex)
[101

] (./ExpFtParmTable030.tex) [102

] (./ExpFtParmTable031.tex) [103

]
(./ExpFStatsTable013.tex
Overfull \hbox (12.18286pt too wide) in paragraph at lines 5--15
 [] 
 []

) [104

] (./ExpFSolutionTable007.tex) [105

]

pdfTeX warning: pdflatex (file ./ExpFDerivationTreeFigure007.pdf): PDF inclusio
n: found PDF version <1.7>, but at most version <1.5> allowed
<ExpFDerivationTreeFigure007.pdf, id=3344, 505.89pt x 505.89pt>
File: ExpFDerivationTreeFigure007.pdf Graphic file (type pdf)
<use ExpFDerivationTreeFigure007.pdf>
Package pdftex.def Info: ExpFDerivationTreeFigure007.pdf  used on input line 14
64.
(pdftex.def)             Requested size: 153.64493pt x 153.64394pt.
[106

 <./ExpFDerivationTreeFigure007.pdf>]
Package epstopdf Info: Source file: <ExpFPlotPopStatsFigure007.eps>
(epstopdf)                    date: 2025-05-07 22:00:24
(epstopdf)                    size: 6121 bytes
(epstopdf)             Output file: <ExpFPlotPopStatsFigure007-eps-converted-to
.pdf>
(epstopdf)             Command: <repstopdf --outfile=ExpFPlotPopStatsFigure007-
eps-converted-to.pdf ExpFPlotPopStatsFigure007.eps>
(epstopdf)             \includegraphics on input line 1477.
runsystem(repstopdf --outfile=ExpFPlotPopStatsFigure007-eps-converted-to.pdf Ex
pFPlotPopStatsFigure007.eps)...executed safely (allowed).

Package epstopdf Info: Result file: <ExpFPlotPopStatsFigure007-eps-converted-to
.pdf>
(epstopdf)                    date: 2025-05-07 22:00:42
(epstopdf)                    size: 13377 bytes.
<ExpFPlotPopStatsFigure007-eps-converted-to.pdf, id=3381, 578.16pt x 758.835pt>

File: ExpFPlotPopStatsFigure007-eps-converted-to.pdf Graphic file (type pdf)
<use ExpFPlotPopStatsFigure007-eps-converted-to.pdf>
Package pdftex.def Info: ExpFPlotPopStatsFigure007-eps-converted-to.pdf  used o
n input line 1477.
(pdftex.def)             Requested size: 153.64493pt x 201.65768pt.
 [107

 <./ExpFPlotPopStatsFigure007-eps-converted-to.pdf>] (./ExpFtParmTable032.tex) 
[108


] (./ExpFtParmTable033.tex)
[109

] (./ExpFtParmTable034.tex) [110

] (./ExpFtParmTable035.tex) [111

]
(./ExpFStatsTable014.tex
Overfull \hbox (7.9328pt too wide) in paragraph at lines 5--15
 [] 
 []

) [112

] (./ExpFSolutionTable008.tex) [113

]

pdfTeX warning: pdflatex (file ./ExpFDerivationTreeFigure008.pdf): PDF inclusio
n: found PDF version <1.7>, but at most version <1.5> allowed
<ExpFDerivationTreeFigure008.pdf, id=3594, 505.89pt x 505.89pt>
File: ExpFDerivationTreeFigure008.pdf Graphic file (type pdf)
<use ExpFDerivationTreeFigure008.pdf>
Package pdftex.def Info: ExpFDerivationTreeFigure008.pdf  used on input line 15
73.
(pdftex.def)             Requested size: 153.64493pt x 153.64394pt.
[114

 <./ExpFDerivationTreeFigure008.pdf>]
Package epstopdf Info: Source file: <ExpFPlotPopStatsFigure008.eps>
(epstopdf)                    date: 2025-05-07 22:00:24
(epstopdf)                    size: 6110 bytes
(epstopdf)             Output file: <ExpFPlotPopStatsFigure008-eps-converted-to
.pdf>
(epstopdf)             Command: <repstopdf --outfile=ExpFPlotPopStatsFigure008-
eps-converted-to.pdf ExpFPlotPopStatsFigure008.eps>
(epstopdf)             \includegraphics on input line 1586.
runsystem(repstopdf --outfile=ExpFPlotPopStatsFigure008-eps-converted-to.pdf Ex
pFPlotPopStatsFigure008.eps)...executed safely (allowed).

Package epstopdf Info: Result file: <ExpFPlotPopStatsFigure008-eps-converted-to
.pdf>
(epstopdf)                    date: 2025-05-07 22:00:42
(epstopdf)                    size: 13317 bytes.
<ExpFPlotPopStatsFigure008-eps-converted-to.pdf, id=3632, 578.16pt x 758.835pt>

File: ExpFPlotPopStatsFigure008-eps-converted-to.pdf Graphic file (type pdf)
<use ExpFPlotPopStatsFigure008-eps-converted-to.pdf>
Package pdftex.def Info: ExpFPlotPopStatsFigure008-eps-converted-to.pdf  used o
n input line 1586.
(pdftex.def)             Requested size: 153.64493pt x 201.65768pt.
 [115

 <./ExpFPlotPopStatsFigure008-eps-converted-to.pdf>] (./ExpFtParmTable036.tex) 
[116


] (./ExpFtParmTable037.tex)
[117

] (./ExpFtParmTable038.tex) [118

] (./ExpFtParmTable039.tex) [119

]
(./ExpFStatsTable015.tex
Overfull \hbox (20.68298pt too wide) in paragraph at lines 5--15
 [] 
 []

) [120

] (./ExpFSolutionTable009.tex) [121

]

pdfTeX warning: pdflatex (file ./ExpFDerivationTreeFigure009.pdf): PDF inclusio
n: found PDF version <1.7>, but at most version <1.5> allowed
<ExpFDerivationTreeFigure009.pdf, id=3846, 505.89pt x 505.89pt>
File: ExpFDerivationTreeFigure009.pdf Graphic file (type pdf)
<use ExpFDerivationTreeFigure009.pdf>
Package pdftex.def Info: ExpFDerivationTreeFigure009.pdf  used on input line 16
82.
(pdftex.def)             Requested size: 153.64493pt x 153.64394pt.
[122

 <./ExpFDerivationTreeFigure009.pdf>]
Package epstopdf Info: Source file: <ExpFPlotPopStatsFigure009.eps>
(epstopdf)                    date: 2025-05-07 22:00:25
(epstopdf)                    size: 8469 bytes
(epstopdf)             Output file: <ExpFPlotPopStatsFigure009-eps-converted-to
.pdf>
(epstopdf)             Command: <repstopdf --outfile=ExpFPlotPopStatsFigure009-
eps-converted-to.pdf ExpFPlotPopStatsFigure009.eps>
(epstopdf)             \includegraphics on input line 1695.
runsystem(repstopdf --outfile=ExpFPlotPopStatsFigure009-eps-converted-to.pdf Ex
pFPlotPopStatsFigure009.eps)...executed safely (allowed).

Package epstopdf Info: Result file: <ExpFPlotPopStatsFigure009-eps-converted-to
.pdf>
(epstopdf)                    date: 2025-05-07 22:00:43
(epstopdf)                    size: 14153 bytes.
<ExpFPlotPopStatsFigure009-eps-converted-to.pdf, id=3883, 578.16pt x 758.835pt>

File: ExpFPlotPopStatsFigure009-eps-converted-to.pdf Graphic file (type pdf)
<use ExpFPlotPopStatsFigure009-eps-converted-to.pdf>
Package pdftex.def Info: ExpFPlotPopStatsFigure009-eps-converted-to.pdf  used o
n input line 1695.
(pdftex.def)             Requested size: 153.64493pt x 201.65768pt.
 [123

 <./ExpFPlotPopStatsFigure009-eps-converted-to.pdf>] (./ExpFtParmTable040.tex) 
[124


] (./ExpFtParmTable041.tex)
[125

] (./ExpFtParmTable042.tex) [126

] (./ExpFtParmTable043.tex) [127

]
(./ExpFStatsTable016.tex
Overfull \hbox (20.68298pt too wide) in paragraph at lines 5--15
 [] 
 []

) [128

] (./ExpFSolutionTable010.tex
Underfull \hbox (badness 10000) in paragraph at lines 9--10
[]\OT1/cmss/m/n/8 AND(AND(AND(sPair(D1, D9), sPair(NOT(D2), NOT(D8))),
 []

) [129

]

pdfTeX warning: pdflatex (file ./ExpFDerivationTreeFigure010.pdf): PDF inclusio
n: found PDF version <1.7>, but at most version <1.5> allowed
<ExpFDerivationTreeFigure010.pdf, id=4096, 505.89pt x 505.89pt>
File: ExpFDerivationTreeFigure010.pdf Graphic file (type pdf)
<use ExpFDerivationTreeFigure010.pdf>
Package pdftex.def Info: ExpFDerivationTreeFigure010.pdf  used on input line 17
91.
(pdftex.def)             Requested size: 153.64493pt x 153.64394pt.
[130

 <./ExpFDerivationTreeFigure010.pdf>]
Package epstopdf Info: Source file: <ExpFPlotPopStatsFigure010.eps>
(epstopdf)                    date: 2025-05-07 22:00:25
(epstopdf)                    size: 5924 bytes
(epstopdf)             Output file: <ExpFPlotPopStatsFigure010-eps-converted-to
.pdf>
(epstopdf)             Command: <repstopdf --outfile=ExpFPlotPopStatsFigure010-
eps-converted-to.pdf ExpFPlotPopStatsFigure010.eps>
(epstopdf)             \includegraphics on input line 1804.
runsystem(repstopdf --outfile=ExpFPlotPopStatsFigure010-eps-converted-to.pdf Ex
pFPlotPopStatsFigure010.eps)...executed safely (allowed).

Package epstopdf Info: Result file: <ExpFPlotPopStatsFigure010-eps-converted-to
.pdf>
(epstopdf)                    date: 2025-05-07 22:00:43
(epstopdf)                    size: 13451 bytes.
<ExpFPlotPopStatsFigure010-eps-converted-to.pdf, id=4133, 578.16pt x 758.835pt>

File: ExpFPlotPopStatsFigure010-eps-converted-to.pdf Graphic file (type pdf)
<use ExpFPlotPopStatsFigure010-eps-converted-to.pdf>
Package pdftex.def Info: ExpFPlotPopStatsFigure010-eps-converted-to.pdf  used o
n input line 1804.
(pdftex.def)             Requested size: 153.64493pt x 201.65768pt.
 [131

 <./ExpFPlotPopStatsFigure010-eps-converted-to.pdf>] (./ExpFtParmTable044.tex
Overfull \hbox (1.7919pt too wide) in paragraph at lines 5--27
 [] 
 []

) [132


] (./ExpFtParmTable045.tex) [133

] (./ExpFtParmTable046.tex) [134

]
(./ExpFtParmTable047.tex) [135

] (./ExpFtParmTable048.tex) [136

]
(./ExpFtParmTable049.tex) [137

]
\tf@nav=\write6
\openout6 = `mainExpF.nav'.

\tf@toc=\write7
\openout7 = `mainExpF.toc'.

\tf@snm=\write8
\openout8 = `mainExpF.snm'.

 (./mainExpF.aux)

LaTeX Warning: Label(s) may have changed. Rerun to get cross-references right.


Package rerunfilecheck Warning: File `mainExpF.out' has changed.
(rerunfilecheck)                Rerun to get outlines right
(rerunfilecheck)                or use package `bookmark'.

Package rerunfilecheck Info: Checksums for `mainExpF.out':
(rerunfilecheck)             Before: <no file>
(rerunfilecheck)             After:  A97E86F6600058AFB5C3840D2256B6DA;3138.
 ) 
Here is how much of TeX's memory you used:
 23126 strings out of 476041
 463769 string characters out of 5793174
 1875388 words of memory out of 6000000
 42412 multiletter control sequences out of 15000+600000
 521450 words of font info for 65 fonts, out of 8000000 for 9000
 1137 hyphenation exceptions out of 8191
 128i,15n,122p,430b,563s stack positions out of 10000i,1000n,20000p,200000b,200000s
</usr/share/texlive/texmf-dist/fonts/type1/public/amsfonts/cm/cmmi10.pfb></us
r/share/texlive/texmf-dist/fonts/type1/public/amsfonts/cm/cmmi8.pfb></usr/share
/texlive/texmf-dist/fonts/type1/public/amsfonts/cm/cmss10.pfb></usr/share/texli
ve/texmf-dist/fonts/type1/public/amsfonts/cm/cmss12.pfb></usr/share/texlive/tex
mf-dist/fonts/type1/public/amsfonts/cm/cmss8.pfb></usr/share/texlive/texmf-dist
/fonts/type1/public/amsfonts/cm/cmss9.pfb></usr/share/texlive/texmf-dist/fonts/
type1/public/amsfonts/cm/cmssbx10.pfb></usr/share/texlive/texmf-dist/fonts/type
1/public/amsfonts/cm/cmssi10.pfb></usr/share/texlive/texmf-dist/fonts/type1/pub
lic/amsfonts/cm/cmssi8.pfb></usr/share/texlive/texmf-dist/fonts/type1/public/am
sfonts/cm/cmsy10.pfb></usr/share/texlive/texmf-dist/fonts/type1/public/amsfonts
/cm/cmtt10.pfb>
Output written on mainExpF.pdf (137 pages, 869850 bytes).
PDF statistics:
 4480 PDF objects out of 5155 (max. 8388607)
 4124 compressed objects within 42 object streams
 422 named destinations out of 1000 (max. 500000)
 268 words of extra memory for PDF output out of 10000 (max. 10000000)

