This is pdfTeX, Version 3.141592653-2.6-1.40.25 (TeX Live 2023) (preloaded format=pdflatex 2025.4.11)  14 MAY 2025 17:33
entering extended mode
 restricted \write18 enabled.
 %&-line parsing enabled.
**mainExpE.tex
(./mainExpE.tex
LaTeX2e <2022-11-01> patch level 1
L3 programming layer <2023-02-22>
(/usr/share/texlive/texmf-dist/tex/latex/beamer/beamer.cls
Document Class: beamer 2023/02/20 v3.69 A class for typesetting presentations
(/usr/share/texlive/texmf-dist/tex/latex/beamer/beamerbasemodes.sty
(/usr/share/texlive/texmf-dist/tex/latex/etoolbox/etoolbox.sty
Package: etoolbox 2020/10/05 v2.5k e-TeX tools for LaTeX (JAW)
\etb@tempcnta=\count185
)
\beamer@tempbox=\box51
\beamer@tempcount=\count186
\c@beamerpauses=\count187

(/usr/share/texlive/texmf-dist/tex/latex/beamer/beamerbasedecode.sty
\beamer@slideinframe=\count188
\beamer@minimum=\count189
\beamer@decode@box=\box52
)
\beamer@commentbox=\box53
\beamer@modecount=\count190
)
(/usr/share/texlive/texmf-dist/tex/generic/iftex/iftex.sty
Package: iftex 2022/02/03 v1.0f TeX engine tests
)
\headdp=\dimen140
\footheight=\dimen141
\sidebarheight=\dimen142
\beamer@tempdim=\dimen143
\beamer@finalheight=\dimen144
\beamer@animht=\dimen145
\beamer@animdp=\dimen146
\beamer@animwd=\dimen147
\beamer@leftmargin=\dimen148
\beamer@rightmargin=\dimen149
\beamer@leftsidebar=\dimen150
\beamer@rightsidebar=\dimen151
\beamer@boxsize=\dimen152
\beamer@vboxoffset=\dimen153
\beamer@descdefault=\dimen154
\beamer@descriptionwidth=\dimen155
\beamer@lastskip=\skip48
\beamer@areabox=\box54
\beamer@animcurrent=\box55
\beamer@animshowbox=\box56
\beamer@sectionbox=\box57
\beamer@logobox=\box58
\beamer@linebox=\box59
\beamer@sectioncount=\count191
\beamer@subsubsectionmax=\count192
\beamer@subsectionmax=\count193
\beamer@sectionmax=\count194
\beamer@totalheads=\count195
\beamer@headcounter=\count196
\beamer@partstartpage=\count197
\beamer@sectionstartpage=\count198
\beamer@subsectionstartpage=\count199
\beamer@animationtempa=\count266
\beamer@animationtempb=\count267
\beamer@xpos=\count268
\beamer@ypos=\count269
\beamer@ypos@offset=\count270
\beamer@showpartnumber=\count271
\beamer@currentsubsection=\count272
\beamer@coveringdepth=\count273
\beamer@sectionadjust=\count274
\beamer@toclastsection=\count275
\beamer@tocsectionnumber=\count276

(/usr/share/texlive/texmf-dist/tex/latex/beamer/beamerbaseoptions.sty
(/usr/share/texlive/texmf-dist/tex/latex/graphics/keyval.sty
Package: keyval 2022/05/29 v1.15 key=value parser (DPC)
\KV@toks@=\toks16
))
\beamer@paperwidth=\skip49
\beamer@paperheight=\skip50

(/usr/share/texlive/texmf-dist/tex/latex/geometry/geometry.sty
Package: geometry 2020/01/02 v5.9 Page Geometry

(/usr/share/texlive/texmf-dist/tex/generic/iftex/ifvtex.sty
Package: ifvtex 2019/10/25 v1.7 ifvtex legacy package. Use iftex instead.
)
\Gm@cnth=\count277
\Gm@cntv=\count278
\c@Gm@tempcnt=\count279
\Gm@bindingoffset=\dimen156
\Gm@wd@mp=\dimen157
\Gm@odd@mp=\dimen158
\Gm@even@mp=\dimen159
\Gm@layoutwidth=\dimen160
\Gm@layoutheight=\dimen161
\Gm@layouthoffset=\dimen162
\Gm@layoutvoffset=\dimen163
\Gm@dimlist=\toks17
)
(/usr/share/texlive/texmf-dist/tex/latex/pgf/math/pgfmath.sty
(/usr/share/texlive/texmf-dist/tex/latex/pgf/utilities/pgfrcs.sty
(/usr/share/texlive/texmf-dist/tex/generic/pgf/utilities/pgfutil-common.tex
\pgfutil@everybye=\toks18
\pgfutil@tempdima=\dimen164
\pgfutil@tempdimb=\dimen165
)
(/usr/share/texlive/texmf-dist/tex/generic/pgf/utilities/pgfutil-latex.def
\pgfutil@abb=\box60
)
(/usr/share/texlive/texmf-dist/tex/generic/pgf/utilities/pgfrcs.code.tex
(/usr/share/texlive/texmf-dist/tex/generic/pgf/pgf.revision.tex)
Package: pgfrcs 2023-01-15 v3.1.10 (3.1.10)
))
(/usr/share/texlive/texmf-dist/tex/latex/pgf/utilities/pgfkeys.sty
(/usr/share/texlive/texmf-dist/tex/generic/pgf/utilities/pgfkeys.code.tex
\pgfkeys@pathtoks=\toks19
\pgfkeys@temptoks=\toks20

(/usr/share/texlive/texmf-dist/tex/generic/pgf/utilities/pgfkeyslibraryfiltered
.code.tex
\pgfkeys@tmptoks=\toks21
)))
(/usr/share/texlive/texmf-dist/tex/generic/pgf/math/pgfmath.code.tex
(/usr/share/texlive/texmf-dist/tex/generic/pgf/math/pgfmathutil.code.tex
\pgf@x=\dimen166
\pgf@xa=\dimen167
\pgf@xb=\dimen168
\pgf@xc=\dimen169
\pgf@y=\dimen170
\pgf@ya=\dimen171
\pgf@yb=\dimen172
\pgf@yc=\dimen173
\c@pgf@counta=\count280
\c@pgf@countb=\count281
\c@pgf@countc=\count282
\c@pgf@countd=\count283
)
(/usr/share/texlive/texmf-dist/tex/generic/pgf/math/pgfmathparser.code.tex
\pgfmath@dimen=\dimen174
\pgfmath@count=\count284
\pgfmath@box=\box61
\pgfmath@toks=\toks22
\pgfmath@stack@operand=\toks23
\pgfmath@stack@operation=\toks24
)
(/usr/share/texlive/texmf-dist/tex/generic/pgf/math/pgfmathfunctions.code.tex)
(/usr/share/texlive/texmf-dist/tex/generic/pgf/math/pgfmathfunctions.basic.code
.tex)
(/usr/share/texlive/texmf-dist/tex/generic/pgf/math/pgfmathfunctions.trigonomet
ric.code.tex)
(/usr/share/texlive/texmf-dist/tex/generic/pgf/math/pgfmathfunctions.random.cod
e.tex)
(/usr/share/texlive/texmf-dist/tex/generic/pgf/math/pgfmathfunctions.comparison
.code.tex)
(/usr/share/texlive/texmf-dist/tex/generic/pgf/math/pgfmathfunctions.base.code.
tex)
(/usr/share/texlive/texmf-dist/tex/generic/pgf/math/pgfmathfunctions.round.code
.tex)
(/usr/share/texlive/texmf-dist/tex/generic/pgf/math/pgfmathfunctions.misc.code.
tex)
(/usr/share/texlive/texmf-dist/tex/generic/pgf/math/pgfmathfunctions.integerari
thmetics.code.tex)
(/usr/share/texlive/texmf-dist/tex/generic/pgf/math/pgfmathcalc.code.tex)
(/usr/share/texlive/texmf-dist/tex/generic/pgf/math/pgfmathfloat.code.tex
\c@pgfmathroundto@lastzeros=\count285
)))
(/usr/share/texlive/texmf-dist/tex/latex/base/size11.clo
File: size11.clo 2022/07/02 v1.4n Standard LaTeX file (size option)
)
(/usr/share/texlive/texmf-dist/tex/latex/pgf/basiclayer/pgfcore.sty
(/usr/share/texlive/texmf-dist/tex/latex/graphics/graphicx.sty
Package: graphicx 2021/09/16 v1.2d Enhanced LaTeX Graphics (DPC,SPQR)

(/usr/share/texlive/texmf-dist/tex/latex/graphics/graphics.sty
Package: graphics 2022/03/10 v1.4e Standard LaTeX Graphics (DPC,SPQR)

(/usr/share/texlive/texmf-dist/tex/latex/graphics/trig.sty
Package: trig 2021/08/11 v1.11 sin cos tan (DPC)
)
(/usr/share/texlive/texmf-dist/tex/latex/graphics-cfg/graphics.cfg
File: graphics.cfg 2016/06/04 v1.11 sample graphics configuration
)
Package graphics Info: Driver file: pdftex.def on input line 107.

(/usr/share/texlive/texmf-dist/tex/latex/graphics-def/pdftex.def
File: pdftex.def 2022/09/22 v1.2b Graphics/color driver for pdftex
))
\Gin@req@height=\dimen175
\Gin@req@width=\dimen176
)
(/usr/share/texlive/texmf-dist/tex/latex/pgf/systemlayer/pgfsys.sty
(/usr/share/texlive/texmf-dist/tex/generic/pgf/systemlayer/pgfsys.code.tex
Package: pgfsys 2023-01-15 v3.1.10 (3.1.10)
\pgf@x=\dimen177
\pgf@y=\dimen178
\pgf@xa=\dimen179
\pgf@ya=\dimen180
\pgf@xb=\dimen181
\pgf@yb=\dimen182
\pgf@xc=\dimen183
\pgf@yc=\dimen184
\pgf@xd=\dimen185
\pgf@yd=\dimen186
\w@pgf@writea=\write3
\r@pgf@reada=\read2
\c@pgf@counta=\count286
\c@pgf@countb=\count287
\c@pgf@countc=\count288
\c@pgf@countd=\count289
\t@pgf@toka=\toks25
\t@pgf@tokb=\toks26
\t@pgf@tokc=\toks27
\pgf@sys@id@count=\count290

(/usr/share/texlive/texmf-dist/tex/generic/pgf/systemlayer/pgf.cfg
File: pgf.cfg 2023-01-15 v3.1.10 (3.1.10)
)
Driver file for pgf: pgfsys-pdftex.def

(/usr/share/texlive/texmf-dist/tex/generic/pgf/systemlayer/pgfsys-pdftex.def
File: pgfsys-pdftex.def 2023-01-15 v3.1.10 (3.1.10)

(/usr/share/texlive/texmf-dist/tex/generic/pgf/systemlayer/pgfsys-common-pdf.de
f
File: pgfsys-common-pdf.def 2023-01-15 v3.1.10 (3.1.10)
)))
(/usr/share/texlive/texmf-dist/tex/generic/pgf/systemlayer/pgfsyssoftpath.code.
tex
File: pgfsyssoftpath.code.tex 2023-01-15 v3.1.10 (3.1.10)
\pgfsyssoftpath@smallbuffer@items=\count291
\pgfsyssoftpath@bigbuffer@items=\count292
)
(/usr/share/texlive/texmf-dist/tex/generic/pgf/systemlayer/pgfsysprotocol.code.
tex
File: pgfsysprotocol.code.tex 2023-01-15 v3.1.10 (3.1.10)
)) (/usr/share/texlive/texmf-dist/tex/latex/xcolor/xcolor.sty
Package: xcolor 2022/06/12 v2.14 LaTeX color extensions (UK)

(/usr/share/texlive/texmf-dist/tex/latex/graphics-cfg/color.cfg
File: color.cfg 2016/01/02 v1.6 sample color configuration
)
Package xcolor Info: Driver file: pdftex.def on input line 227.

(/usr/share/texlive/texmf-dist/tex/latex/graphics/mathcolor.ltx)
Package xcolor Info: Model `cmy' substituted by `cmy0' on input line 1353.
Package xcolor Info: Model `hsb' substituted by `rgb' on input line 1357.
Package xcolor Info: Model `RGB' extended on input line 1369.
Package xcolor Info: Model `HTML' substituted by `rgb' on input line 1371.
Package xcolor Info: Model `Hsb' substituted by `hsb' on input line 1372.
Package xcolor Info: Model `tHsb' substituted by `hsb' on input line 1373.
Package xcolor Info: Model `HSB' substituted by `hsb' on input line 1374.
Package xcolor Info: Model `Gray' substituted by `gray' on input line 1375.
Package xcolor Info: Model `wave' substituted by `hsb' on input line 1376.
)
(/usr/share/texlive/texmf-dist/tex/generic/pgf/basiclayer/pgfcore.code.tex
Package: pgfcore 2023-01-15 v3.1.10 (3.1.10)

(/usr/share/texlive/texmf-dist/tex/generic/pgf/math/pgfint.code.tex)
(/usr/share/texlive/texmf-dist/tex/generic/pgf/basiclayer/pgfcorepoints.code.te
x
File: pgfcorepoints.code.tex 2023-01-15 v3.1.10 (3.1.10)
\pgf@picminx=\dimen187
\pgf@picmaxx=\dimen188
\pgf@picminy=\dimen189
\pgf@picmaxy=\dimen190
\pgf@pathminx=\dimen191
\pgf@pathmaxx=\dimen192
\pgf@pathminy=\dimen193
\pgf@pathmaxy=\dimen194
\pgf@xx=\dimen195
\pgf@xy=\dimen196
\pgf@yx=\dimen197
\pgf@yy=\dimen198
\pgf@zx=\dimen199
\pgf@zy=\dimen256
)
(/usr/share/texlive/texmf-dist/tex/generic/pgf/basiclayer/pgfcorepathconstruct.
code.tex
File: pgfcorepathconstruct.code.tex 2023-01-15 v3.1.10 (3.1.10)
\pgf@path@lastx=\dimen257
\pgf@path@lasty=\dimen258
)
(/usr/share/texlive/texmf-dist/tex/generic/pgf/basiclayer/pgfcorepathusage.code
.tex
File: pgfcorepathusage.code.tex 2023-01-15 v3.1.10 (3.1.10)
\pgf@shorten@end@additional=\dimen259
\pgf@shorten@start@additional=\dimen260
)
(/usr/share/texlive/texmf-dist/tex/generic/pgf/basiclayer/pgfcorescopes.code.te
x
File: pgfcorescopes.code.tex 2023-01-15 v3.1.10 (3.1.10)
\pgfpic=\box62
\pgf@hbox=\box63
\pgf@layerbox@main=\box64
\pgf@picture@serial@count=\count293
)
(/usr/share/texlive/texmf-dist/tex/generic/pgf/basiclayer/pgfcoregraphicstate.c
ode.tex
File: pgfcoregraphicstate.code.tex 2023-01-15 v3.1.10 (3.1.10)
\pgflinewidth=\dimen261
)
(/usr/share/texlive/texmf-dist/tex/generic/pgf/basiclayer/pgfcoretransformation
s.code.tex
File: pgfcoretransformations.code.tex 2023-01-15 v3.1.10 (3.1.10)
\pgf@pt@x=\dimen262
\pgf@pt@y=\dimen263
\pgf@pt@temp=\dimen264
)
(/usr/share/texlive/texmf-dist/tex/generic/pgf/basiclayer/pgfcorequick.code.tex
File: pgfcorequick.code.tex 2023-01-15 v3.1.10 (3.1.10)
)
(/usr/share/texlive/texmf-dist/tex/generic/pgf/basiclayer/pgfcoreobjects.code.t
ex
File: pgfcoreobjects.code.tex 2023-01-15 v3.1.10 (3.1.10)
)
(/usr/share/texlive/texmf-dist/tex/generic/pgf/basiclayer/pgfcorepathprocessing
.code.tex
File: pgfcorepathprocessing.code.tex 2023-01-15 v3.1.10 (3.1.10)
)
(/usr/share/texlive/texmf-dist/tex/generic/pgf/basiclayer/pgfcorearrows.code.te
x
File: pgfcorearrows.code.tex 2023-01-15 v3.1.10 (3.1.10)
\pgfarrowsep=\dimen265
)
(/usr/share/texlive/texmf-dist/tex/generic/pgf/basiclayer/pgfcoreshade.code.tex
File: pgfcoreshade.code.tex 2023-01-15 v3.1.10 (3.1.10)
\pgf@max=\dimen266
\pgf@sys@shading@range@num=\count294
\pgf@shadingcount=\count295
)
(/usr/share/texlive/texmf-dist/tex/generic/pgf/basiclayer/pgfcoreimage.code.tex
File: pgfcoreimage.code.tex 2023-01-15 v3.1.10 (3.1.10)
)
(/usr/share/texlive/texmf-dist/tex/generic/pgf/basiclayer/pgfcoreexternal.code.
tex
File: pgfcoreexternal.code.tex 2023-01-15 v3.1.10 (3.1.10)
\pgfexternal@startupbox=\box65
)
(/usr/share/texlive/texmf-dist/tex/generic/pgf/basiclayer/pgfcorelayers.code.te
x
File: pgfcorelayers.code.tex 2023-01-15 v3.1.10 (3.1.10)
)
(/usr/share/texlive/texmf-dist/tex/generic/pgf/basiclayer/pgfcoretransparency.c
ode.tex
File: pgfcoretransparency.code.tex 2023-01-15 v3.1.10 (3.1.10)
)
(/usr/share/texlive/texmf-dist/tex/generic/pgf/basiclayer/pgfcorepatterns.code.
tex
File: pgfcorepatterns.code.tex 2023-01-15 v3.1.10 (3.1.10)
)
(/usr/share/texlive/texmf-dist/tex/generic/pgf/basiclayer/pgfcorerdf.code.tex
File: pgfcorerdf.code.tex 2023-01-15 v3.1.10 (3.1.10)
))) (/usr/share/texlive/texmf-dist/tex/latex/pgf/utilities/xxcolor.sty
Package: xxcolor 2003/10/24 ver 0.1
\XC@nummixins=\count296
\XC@countmixins=\count297
)
(/usr/share/texlive/texmf-dist/tex/latex/base/atbegshi-ltx.sty
Package: atbegshi-ltx 2021/01/10 v1.0c Emulation of the original atbegshi
package with kernel methods
)
(/usr/share/texlive/texmf-dist/tex/latex/hyperref/hyperref.sty
Package: hyperref 2023-02-07 v7.00v Hypertext links for LaTeX

(/usr/share/texlive/texmf-dist/tex/generic/ltxcmds/ltxcmds.sty
Package: ltxcmds 2020-05-10 v1.25 LaTeX kernel commands for general use (HO)
)
(/usr/share/texlive/texmf-dist/tex/generic/pdftexcmds/pdftexcmds.sty
Package: pdftexcmds 2020-06-27 v0.33 Utility functions of pdfTeX for LuaTeX (HO
)

(/usr/share/texlive/texmf-dist/tex/generic/infwarerr/infwarerr.sty
Package: infwarerr 2019/12/03 v1.5 Providing info/warning/error messages (HO)
)
Package pdftexcmds Info: \pdf@primitive is available.
Package pdftexcmds Info: \pdf@ifprimitive is available.
Package pdftexcmds Info: \pdfdraftmode found.
)
(/usr/share/texlive/texmf-dist/tex/latex/kvsetkeys/kvsetkeys.sty
Package: kvsetkeys 2022-10-05 v1.19 Key value parser (HO)
)
(/usr/share/texlive/texmf-dist/tex/generic/kvdefinekeys/kvdefinekeys.sty
Package: kvdefinekeys 2019-12-19 v1.6 Define keys (HO)
)
(/usr/share/texlive/texmf-dist/tex/generic/pdfescape/pdfescape.sty
Package: pdfescape 2019/12/09 v1.15 Implements pdfTeX's escape features (HO)
)
(/usr/share/texlive/texmf-dist/tex/latex/hycolor/hycolor.sty
Package: hycolor 2020-01-27 v1.10 Color options for hyperref/bookmark (HO)
)
(/usr/share/texlive/texmf-dist/tex/latex/letltxmacro/letltxmacro.sty
Package: letltxmacro 2019/12/03 v1.6 Let assignment for LaTeX macros (HO)
)
(/usr/share/texlive/texmf-dist/tex/latex/auxhook/auxhook.sty
Package: auxhook 2019-12-17 v1.6 Hooks for auxiliary files (HO)
)
(/usr/share/texlive/texmf-dist/tex/latex/hyperref/nameref.sty
Package: nameref 2022-05-17 v2.50 Cross-referencing by name of section

(/usr/share/texlive/texmf-dist/tex/latex/refcount/refcount.sty
Package: refcount 2019/12/15 v3.6 Data extraction from label references (HO)
)
(/usr/share/texlive/texmf-dist/tex/generic/gettitlestring/gettitlestring.sty
Package: gettitlestring 2019/12/15 v1.6 Cleanup title references (HO)

(/usr/share/texlive/texmf-dist/tex/latex/kvoptions/kvoptions.sty
Package: kvoptions 2022-06-15 v3.15 Key value format for package options (HO)
))
\c@section@level=\count298
)
\@linkdim=\dimen267
\Hy@linkcounter=\count299
\Hy@pagecounter=\count300

(/usr/share/texlive/texmf-dist/tex/latex/hyperref/pd1enc.def
File: pd1enc.def 2023-02-07 v7.00v Hyperref: PDFDocEncoding definition (HO)
Now handling font encoding PD1 ...
... no UTF-8 mapping file for font encoding PD1
)
(/usr/share/texlive/texmf-dist/tex/generic/intcalc/intcalc.sty
Package: intcalc 2019/12/15 v1.3 Expandable calculations with integers (HO)
)
(/usr/share/texlive/texmf-dist/tex/generic/etexcmds/etexcmds.sty
Package: etexcmds 2019/12/15 v1.7 Avoid name clashes with e-TeX commands (HO)
)
\Hy@SavedSpaceFactor=\count301

(/usr/share/texlive/texmf-dist/tex/latex/hyperref/puenc.def
File: puenc.def 2023-02-07 v7.00v Hyperref: PDF Unicode definition (HO)
Now handling font encoding PU ...
... no UTF-8 mapping file for font encoding PU
)
Package hyperref Info: Option `bookmarks' set `true' on input line 4060.
Package hyperref Info: Option `bookmarksopen' set `true' on input line 4060.
Package hyperref Info: Option `implicit' set `false' on input line 4060.
Package hyperref Info: Hyper figures OFF on input line 4177.
Package hyperref Info: Link nesting OFF on input line 4182.
Package hyperref Info: Hyper index ON on input line 4185.
Package hyperref Info: Plain pages OFF on input line 4192.
Package hyperref Info: Backreferencing OFF on input line 4197.
Package hyperref Info: Implicit mode OFF; no redefinition of LaTeX internals.
Package hyperref Info: Bookmarks ON on input line 4425.
\c@Hy@tempcnt=\count302

(/usr/share/texlive/texmf-dist/tex/latex/url/url.sty
\Urlmuskip=\muskip16
Package: url 2013/09/16  ver 3.4  Verb mode for urls, etc.
)
LaTeX Info: Redefining \url on input line 4763.
\XeTeXLinkMargin=\dimen268

(/usr/share/texlive/texmf-dist/tex/generic/bitset/bitset.sty
Package: bitset 2019/12/09 v1.3 Handle bit-vector datatype (HO)

(/usr/share/texlive/texmf-dist/tex/generic/bigintcalc/bigintcalc.sty
Package: bigintcalc 2019/12/15 v1.5 Expandable calculations on big integers (HO
)
))
\Fld@menulength=\count303
\Field@Width=\dimen269
\Fld@charsize=\dimen270
Package hyperref Info: Hyper figures OFF on input line 6042.
Package hyperref Info: Link nesting OFF on input line 6047.
Package hyperref Info: Hyper index ON on input line 6050.
Package hyperref Info: backreferencing OFF on input line 6057.
Package hyperref Info: Link coloring OFF on input line 6062.
Package hyperref Info: Link coloring with OCG OFF on input line 6067.
Package hyperref Info: PDF/A mode OFF on input line 6072.
\Hy@abspage=\count304


Package hyperref Message: Stopped early.

)
Package hyperref Info: Driver (autodetected): hpdftex.
 (/usr/share/texlive/texmf-dist/tex/latex/hyperref/hpdftex.def
File: hpdftex.def 2023-02-07 v7.00v Hyperref driver for pdfTeX

(/usr/share/texlive/texmf-dist/tex/latex/base/atveryend-ltx.sty
Package: atveryend-ltx 2020/08/19 v1.0a Emulation of the original atveryend pac
kage
with kernel methods
)
\Fld@listcount=\count305
\c@bookmark@seq@number=\count306

(/usr/share/texlive/texmf-dist/tex/latex/rerunfilecheck/rerunfilecheck.sty
Package: rerunfilecheck 2022-07-10 v1.10 Rerun checks for auxiliary files (HO)

(/usr/share/texlive/texmf-dist/tex/generic/uniquecounter/uniquecounter.sty
Package: uniquecounter 2019/12/15 v1.4 Provide unlimited unique counter (HO)
)
Package uniquecounter Info: New unique counter `rerunfilecheck' on input line 2
85.
))
(/usr/share/texlive/texmf-dist/tex/latex/beamer/beamerbaserequires.sty
(/usr/share/texlive/texmf-dist/tex/latex/beamer/beamerbasecompatibility.sty)
(/usr/share/texlive/texmf-dist/tex/latex/beamer/beamerbasefont.sty
(/usr/share/texlive/texmf-dist/tex/latex/amsfonts/amssymb.sty
Package: amssymb 2013/01/14 v3.01 AMS font symbols

(/usr/share/texlive/texmf-dist/tex/latex/amsfonts/amsfonts.sty
Package: amsfonts 2013/01/14 v3.01 Basic AMSFonts support
\@emptytoks=\toks28
\symAMSa=\mathgroup4
\symAMSb=\mathgroup5
LaTeX Font Info:    Redeclaring math symbol \hbar on input line 98.
LaTeX Font Info:    Overwriting math alphabet `\mathfrak' in version `bold'
(Font)                  U/euf/m/n --> U/euf/b/n on input line 106.
))
(/usr/share/texlive/texmf-dist/tex/latex/sansmathaccent/sansmathaccent.sty
Package: sansmathaccent 2020/01/31

(/usr/share/texlive/texmf-dist/tex/latex/koma-script/scrlfile.sty
Package: scrlfile 2022/10/12 v3.38 KOMA-Script package (file load hooks)

(/usr/share/texlive/texmf-dist/tex/latex/koma-script/scrlfile-hook.sty
Package: scrlfile-hook 2022/10/12 v3.38 KOMA-Script package (using LaTeX hooks)


(/usr/share/texlive/texmf-dist/tex/latex/koma-script/scrlogo.sty
Package: scrlogo 2022/10/12 v3.38 KOMA-Script package (logo)
)))))
(/usr/share/texlive/texmf-dist/tex/latex/beamer/beamerbasetranslator.sty
(/usr/share/texlive/texmf-dist/tex/latex/translator/translator.sty
Package: translator 2021-05-31 v1.12d Easy translation of strings in LaTeX
))
(/usr/share/texlive/texmf-dist/tex/latex/beamer/beamerbasemisc.sty)
(/usr/share/texlive/texmf-dist/tex/latex/beamer/beamerbasetwoscreens.sty)
(/usr/share/texlive/texmf-dist/tex/latex/beamer/beamerbaseoverlay.sty
\beamer@argscount=\count307
\beamer@lastskipcover=\skip51
\beamer@trivlistdepth=\count308
)
(/usr/share/texlive/texmf-dist/tex/latex/beamer/beamerbasetitle.sty)
(/usr/share/texlive/texmf-dist/tex/latex/beamer/beamerbasesection.sty
\c@lecture=\count309
\c@part=\count310
\c@section=\count311
\c@subsection=\count312
\c@subsubsection=\count313
)
(/usr/share/texlive/texmf-dist/tex/latex/beamer/beamerbaseframe.sty
\beamer@framebox=\box66
\beamer@frametitlebox=\box67
\beamer@zoombox=\box68
\beamer@zoomcount=\count314
\beamer@zoomframecount=\count315
\beamer@frametextheight=\dimen271
\c@subsectionslide=\count316
\beamer@frametopskip=\skip52
\beamer@framebottomskip=\skip53
\beamer@frametopskipautobreak=\skip54
\beamer@framebottomskipautobreak=\skip55
\beamer@envbody=\toks29
\framewidth=\dimen272
\c@framenumber=\count317
)
(/usr/share/texlive/texmf-dist/tex/latex/beamer/beamerbaseverbatim.sty
\beamer@verbatimfileout=\write4
)
(/usr/share/texlive/texmf-dist/tex/latex/beamer/beamerbaseframesize.sty
\beamer@splitbox=\box69
\beamer@autobreakcount=\count318
\beamer@autobreaklastheight=\dimen273
\beamer@frametitletoks=\toks30
\beamer@framesubtitletoks=\toks31
)
(/usr/share/texlive/texmf-dist/tex/latex/beamer/beamerbaseframecomponents.sty
\beamer@footins=\box70
)
(/usr/share/texlive/texmf-dist/tex/latex/beamer/beamerbasecolor.sty)
(/usr/share/texlive/texmf-dist/tex/latex/beamer/beamerbasenotes.sty
\beamer@frameboxcopy=\box71
)
(/usr/share/texlive/texmf-dist/tex/latex/beamer/beamerbasetoc.sty)
(/usr/share/texlive/texmf-dist/tex/latex/beamer/beamerbasetemplates.sty
\beamer@sbttoks=\toks32

(/usr/share/texlive/texmf-dist/tex/latex/beamer/beamerbaseauxtemplates.sty
(/usr/share/texlive/texmf-dist/tex/latex/beamer/beamerbaseboxes.sty
\bmb@box=\box72
\bmb@colorbox=\box73
\bmb@boxwidth=\dimen274
\bmb@boxheight=\dimen275
\bmb@prevheight=\dimen276
\bmb@temp=\dimen277
\bmb@dima=\dimen278
\bmb@dimb=\dimen279
\bmb@prevheight=\dimen280
)
\beamer@blockheadheight=\dimen281
))
(/usr/share/texlive/texmf-dist/tex/latex/beamer/beamerbaselocalstructure.sty
(/usr/share/texlive/texmf-dist/tex/latex/tools/enumerate.sty
Package: enumerate 2015/07/23 v3.00 enumerate extensions (DPC)
\@enLab=\toks33
)
\beamer@bibiconwidth=\skip56
\c@figure=\count319
\c@table=\count320
\abovecaptionskip=\skip57
\belowcaptionskip=\skip58
)
(/usr/share/texlive/texmf-dist/tex/latex/beamer/beamerbasenavigation.sty
(/usr/share/texlive/texmf-dist/tex/latex/beamer/beamerbasenavigationsymbols.tex
)
\beamer@section@min@dim=\dimen282
) (/usr/share/texlive/texmf-dist/tex/latex/beamer/beamerbasetheorems.sty
(/usr/share/texlive/texmf-dist/tex/latex/amsmath/amsmath.sty
Package: amsmath 2022/04/08 v2.17n AMS math features
\@mathmargin=\skip59

For additional information on amsmath, use the `?' option.
(/usr/share/texlive/texmf-dist/tex/latex/amsmath/amstext.sty
Package: amstext 2021/08/26 v2.01 AMS text

(/usr/share/texlive/texmf-dist/tex/latex/amsmath/amsgen.sty
File: amsgen.sty 1999/11/30 v2.0 generic functions
\@emptytoks=\toks34
\ex@=\dimen283
))
(/usr/share/texlive/texmf-dist/tex/latex/amsmath/amsbsy.sty
Package: amsbsy 1999/11/29 v1.2d Bold Symbols
\pmbraise@=\dimen284
)
(/usr/share/texlive/texmf-dist/tex/latex/amsmath/amsopn.sty
Package: amsopn 2022/04/08 v2.04 operator names
)
\inf@bad=\count321
LaTeX Info: Redefining \frac on input line 234.
\uproot@=\count322
\leftroot@=\count323
LaTeX Info: Redefining \overline on input line 399.
LaTeX Info: Redefining \colon on input line 410.
\classnum@=\count324
\DOTSCASE@=\count325
LaTeX Info: Redefining \ldots on input line 496.
LaTeX Info: Redefining \dots on input line 499.
LaTeX Info: Redefining \cdots on input line 620.
\Mathstrutbox@=\box74
\strutbox@=\box75
LaTeX Info: Redefining \big on input line 722.
LaTeX Info: Redefining \Big on input line 723.
LaTeX Info: Redefining \bigg on input line 724.
LaTeX Info: Redefining \Bigg on input line 725.
\big@size=\dimen285
LaTeX Font Info:    Redeclaring font encoding OML on input line 743.
LaTeX Font Info:    Redeclaring font encoding OMS on input line 744.
\macc@depth=\count326
LaTeX Info: Redefining \bmod on input line 905.
LaTeX Info: Redefining \pmod on input line 910.
LaTeX Info: Redefining \smash on input line 940.
LaTeX Info: Redefining \relbar on input line 970.
LaTeX Info: Redefining \Relbar on input line 971.
\c@MaxMatrixCols=\count327
\dotsspace@=\muskip17
\c@parentequation=\count328
\dspbrk@lvl=\count329
\tag@help=\toks35
\row@=\count330
\column@=\count331
\maxfields@=\count332
\andhelp@=\toks36
\eqnshift@=\dimen286
\alignsep@=\dimen287
\tagshift@=\dimen288
\tagwidth@=\dimen289
\totwidth@=\dimen290
\lineht@=\dimen291
\@envbody=\toks37
\multlinegap=\skip60
\multlinetaggap=\skip61
\mathdisplay@stack=\toks38
LaTeX Info: Redefining \[ on input line 2953.
LaTeX Info: Redefining \] on input line 2954.
)
(/usr/share/texlive/texmf-dist/tex/latex/amscls/amsthm.sty
Package: amsthm 2020/05/29 v2.20.6
\thm@style=\toks39
\thm@bodyfont=\toks40
\thm@headfont=\toks41
\thm@notefont=\toks42
\thm@headpunct=\toks43
\thm@preskip=\skip62
\thm@postskip=\skip63
\thm@headsep=\skip64
\dth@everypar=\toks44
)
\c@theorem=\count333
)
(/usr/share/texlive/texmf-dist/tex/latex/beamer/beamerbasethemes.sty))
(/usr/share/texlive/texmf-dist/tex/latex/beamer/beamerthemedefault.sty
(/usr/share/texlive/texmf-dist/tex/latex/beamer/beamerfontthemedefault.sty)
(/usr/share/texlive/texmf-dist/tex/latex/beamer/beamercolorthemedefault.sty)
(/usr/share/texlive/texmf-dist/tex/latex/beamer/beamerinnerthemedefault.sty
\beamer@dima=\dimen292
\beamer@dimb=\dimen293
)
(/usr/share/texlive/texmf-dist/tex/latex/beamer/beamerouterthemedefault.sty)))
(/usr/share/texlive/texmf-dist/tex/latex/beamer/beamerthemeBerlin.sty
(/usr/share/texlive/texmf-dist/tex/latex/beamer/beamerouterthememiniframes.sty)
(/usr/share/texlive/texmf-dist/tex/latex/beamer/beamercolorthemewhale.sty)
(/usr/share/texlive/texmf-dist/tex/latex/beamer/beamercolorthemeorchid.sty)
(/usr/share/texlive/texmf-dist/tex/latex/beamer/beamerinnerthemerectangles.sty)
) (/usr/share/texlive/texmf-dist/tex/latex/l3backend/l3backend-pdftex.def
File: l3backend-pdftex.def 2023-01-16 L3 backend support: PDF output (pdfTeX)
\l__color_backend_stack_int=\count334
\l__pdf_internal_box=\box76
)
(./mainExpE.aux)
\openout1 = `mainExpE.aux'.

LaTeX Font Info:    Checking defaults for OML/cmm/m/it on input line 53.
LaTeX Font Info:    ... okay on input line 53.
LaTeX Font Info:    Checking defaults for OMS/cmsy/m/n on input line 53.
LaTeX Font Info:    ... okay on input line 53.
LaTeX Font Info:    Checking defaults for OT1/cmr/m/n on input line 53.
LaTeX Font Info:    ... okay on input line 53.
LaTeX Font Info:    Checking defaults for T1/cmr/m/n on input line 53.
LaTeX Font Info:    ... okay on input line 53.
LaTeX Font Info:    Checking defaults for TS1/cmr/m/n on input line 53.
LaTeX Font Info:    ... okay on input line 53.
LaTeX Font Info:    Checking defaults for OMX/cmex/m/n on input line 53.
LaTeX Font Info:    ... okay on input line 53.
LaTeX Font Info:    Checking defaults for U/cmr/m/n on input line 53.
LaTeX Font Info:    ... okay on input line 53.
LaTeX Font Info:    Checking defaults for PD1/pdf/m/n on input line 53.
LaTeX Font Info:    ... okay on input line 53.
LaTeX Font Info:    Checking defaults for PU/pdf/m/n on input line 53.
LaTeX Font Info:    ... okay on input line 53.

*geometry* driver: auto-detecting
*geometry* detected driver: pdftex
*geometry* verbose mode - [ preamble ] result:
* driver: pdftex
* paper: custom
* layout: <same size as paper>
* layoutoffset:(h,v)=(0.0pt,0.0pt)
* modes: includehead includefoot 
* h-part:(L,W,R)=(28.45274pt, 307.28987pt, 28.45274pt)
* v-part:(T,H,B)=(0.0pt, 273.14662pt, 0.0pt)
* \paperwidth=364.19536pt
* \paperheight=273.14662pt
* \textwidth=307.28987pt
* \textheight=244.6939pt
* \oddsidemargin=-43.81725pt
* \evensidemargin=-43.81725pt
* \topmargin=-72.26999pt
* \headheight=14.22636pt
* \headsep=0.0pt
* \topskip=11.0pt
* \footskip=14.22636pt
* \marginparwidth=4.0pt
* \marginparsep=10.0pt
* \columnsep=10.0pt
* \skip\footins=10.0pt plus 4.0pt minus 2.0pt
* \hoffset=0.0pt
* \voffset=0.0pt
* \mag=1000
* \@twocolumnfalse
* \@twosidefalse
* \@mparswitchfalse
* \@reversemarginfalse
* (1in=72.27pt=25.4mm, 1cm=28.453pt)

(/usr/share/texlive/texmf-dist/tex/context/base/mkii/supp-pdf.mkii
[Loading MPS to PDF converter (version 2006.09.02).]
\scratchcounter=\count335
\scratchdimen=\dimen294
\scratchbox=\box77
\nofMPsegments=\count336
\nofMParguments=\count337
\everyMPshowfont=\toks45
\MPscratchCnt=\count338
\MPscratchDim=\dimen295
\MPnumerator=\count339
\makeMPintoPDFobject=\count340
\everyMPtoPDFconversion=\toks46
) (/usr/share/texlive/texmf-dist/tex/latex/epstopdf-pkg/epstopdf-base.sty
Package: epstopdf-base 2020-01-24 v2.11 Base part for package epstopdf
Package epstopdf-base Info: Redefining graphics rule for `.eps' on input line 4
85.

(/usr/share/texlive/texmf-dist/tex/latex/latexconfig/epstopdf-sys.cfg
File: epstopdf-sys.cfg 2010/07/13 v1.3 Configuration of (r)epstopdf for TeX Liv
e
))
Package hyperref Info: Link coloring OFF on input line 53.

(./mainExpE.out) (./mainExpE.out)
\@outlinefile=\write5
\openout5 = `mainExpE.out'.

LaTeX Font Info:    Overwriting symbol font `operators' in version `normal'
(Font)                  OT1/cmr/m/n --> OT1/cmss/m/n on input line 53.
LaTeX Font Info:    Overwriting symbol font `operators' in version `bold'
(Font)                  OT1/cmr/bx/n --> OT1/cmss/b/n on input line 53.
\symnumbers=\mathgroup6
\sympureletters=\mathgroup7
LaTeX Font Info:    Overwriting math alphabet `\mathrm' in version `normal'
(Font)                  OT1/cmss/m/n --> OT1/cmr/m/n on input line 53.
LaTeX Font Info:    Redeclaring math alphabet \mathbf on input line 53.
LaTeX Font Info:    Overwriting math alphabet `\mathbf' in version `normal'
(Font)                  OT1/cmr/bx/n --> OT1/cmss/b/n on input line 53.
LaTeX Font Info:    Overwriting math alphabet `\mathbf' in version `bold'
(Font)                  OT1/cmr/bx/n --> OT1/cmss/b/n on input line 53.
LaTeX Font Info:    Redeclaring math alphabet \mathsf on input line 53.
LaTeX Font Info:    Overwriting math alphabet `\mathsf' in version `normal'
(Font)                  OT1/cmss/m/n --> OT1/cmss/m/n on input line 53.
LaTeX Font Info:    Overwriting math alphabet `\mathsf' in version `bold'
(Font)                  OT1/cmss/bx/n --> OT1/cmss/m/n on input line 53.
LaTeX Font Info:    Redeclaring math alphabet \mathit on input line 53.
LaTeX Font Info:    Overwriting math alphabet `\mathit' in version `normal'
(Font)                  OT1/cmr/m/it --> OT1/cmss/m/it on input line 53.
LaTeX Font Info:    Overwriting math alphabet `\mathit' in version `bold'
(Font)                  OT1/cmr/bx/it --> OT1/cmss/m/it on input line 53.
LaTeX Font Info:    Redeclaring math alphabet \mathtt on input line 53.
LaTeX Font Info:    Overwriting math alphabet `\mathtt' in version `normal'
(Font)                  OT1/cmtt/m/n --> OT1/cmtt/m/n on input line 53.
LaTeX Font Info:    Overwriting math alphabet `\mathtt' in version `bold'
(Font)                  OT1/cmtt/m/n --> OT1/cmtt/m/n on input line 53.
LaTeX Font Info:    Overwriting symbol font `numbers' in version `bold'
(Font)                  OT1/cmss/m/n --> OT1/cmss/b/n on input line 53.
LaTeX Font Info:    Overwriting symbol font `pureletters' in version `bold'
(Font)                  OT1/cmss/m/it --> OT1/cmss/b/it on input line 53.
LaTeX Font Info:    Overwriting math alphabet `\mathrm' in version `bold'
(Font)                  OT1/cmss/b/n --> OT1/cmr/b/n on input line 53.
LaTeX Font Info:    Overwriting math alphabet `\mathbf' in version `bold'
(Font)                  OT1/cmss/b/n --> OT1/cmss/b/n on input line 53.
LaTeX Font Info:    Overwriting math alphabet `\mathsf' in version `bold'
(Font)                  OT1/cmss/m/n --> OT1/cmss/b/n on input line 53.
LaTeX Font Info:    Overwriting math alphabet `\mathit' in version `bold'
(Font)                  OT1/cmss/m/it --> OT1/cmss/b/it on input line 53.
LaTeX Font Info:    Overwriting math alphabet `\mathtt' in version `bold'
(Font)                  OT1/cmtt/m/n --> OT1/cmtt/b/n on input line 53.
LaTeX Font Info:    Redeclaring symbol font `pureletters' on input line 53.
LaTeX Font Info:    Overwriting symbol font `pureletters' in version `normal'
(Font)                  OT1/cmss/m/it --> OT1/mathkerncmss/m/sl on input line 5
3.
LaTeX Font Info:    Overwriting symbol font `pureletters' in version `bold'
(Font)                  OT1/cmss/b/it --> OT1/mathkerncmss/m/sl on input line 5
3.
LaTeX Font Info:    Overwriting symbol font `pureletters' in version `bold'
(Font)                  OT1/mathkerncmss/m/sl --> OT1/mathkerncmss/bx/sl on inp
ut line 53.

(/usr/share/texlive/texmf-dist/tex/latex/translator/translator-basic-dictionary
-English.dict
Dictionary: translator-basic-dictionary, Language: English 
)
(/usr/share/texlive/texmf-dist/tex/latex/translator/translator-bibliography-dic
tionary-English.dict
Dictionary: translator-bibliography-dictionary, Language: English 
)
(/usr/share/texlive/texmf-dist/tex/latex/translator/translator-environment-dict
ionary-English.dict
Dictionary: translator-environment-dictionary, Language: English 
)
(/usr/share/texlive/texmf-dist/tex/latex/translator/translator-months-dictionar
y-English.dict
Dictionary: translator-months-dictionary, Language: English 
)
(/usr/share/texlive/texmf-dist/tex/latex/translator/translator-numbers-dictiona
ry-English.dict
Dictionary: translator-numbers-dictionary, Language: English 
)
(/usr/share/texlive/texmf-dist/tex/latex/translator/translator-theorem-dictiona
ry-English.dict
Dictionary: translator-theorem-dictionary, Language: English 
) (./mainExpE.nav)

Package hyperref Warning: Option `pdfauthor' has already been used,
(hyperref)                setting the option has no effect on input line 55.

[1{/var/lib/texmf/fonts/map/pdftex/updmap/pdftex.map}

] [2

] (./mainExpE.toc)
[3

] [4


] [5

] [6

]
LaTeX Font Info:    Trying to load font information for U+msa on input line 118
.
 (/usr/share/texlive/texmf-dist/tex/latex/amsfonts/umsa.fd
File: umsa.fd 2013/01/14 v3.01 AMS symbols A
)
LaTeX Font Info:    Trying to load font information for U+msb on input line 118
.

(/usr/share/texlive/texmf-dist/tex/latex/amsfonts/umsb.fd
File: umsb.fd 2013/01/14 v3.01 AMS symbols B
)
LaTeX Font Info:    Trying to load font information for OT1+mathkerncmss on inp
ut line 118.

(/usr/share/texlive/texmf-dist/tex/latex/sansmathaccent/ot1mathkerncmss.fd
File: ot1mathkerncmss.fd 2020/01/31 Fontinst v1.933 font definitions for OT1/ma
thkerncmss.
)
[7

]
LaTeX Font Info:    Trying to load font information for OMS+cmss on input line 
136.
LaTeX Font Info:    No file OMScmss.fd. on input line 136.


LaTeX Font Warning: Font shape `OMS/cmss/m/n' undefined
(Font)              using `OMS/cmsy/m/n' instead
(Font)              for symbol `textbraceleft' on input line 136.

[8

] (./ExpECommonTable000.tex) [9

] (./ExpECommonTable001.tex) [10

]
(./ExpEDifferentTable000.tex
Overfull \hbox (100.02031pt too wide) in paragraph at lines 5--21
 [] 
 []

) [11

] (./ExpEMeanMatrixTable000.tex) [12

] (./ExpEMeanMatrixTable001.tex)
[13

] [14

] (./ExpEMeanMatrixTable002.tex) [15

] (./ExpEMeanMatrixTable003.tex)
[16

]
Package epstopdf Info: Source file: <ExpEboxplottGenerations000.eps>
(epstopdf)                    date: 2025-05-14 17:33:40
(epstopdf)                    size: 5261 bytes
(epstopdf)             Output file: <ExpEboxplottGenerations000-eps-converted-t
o.pdf>
(epstopdf)                    date: 2025-05-14 17:33:48
(epstopdf)                    size: 10250 bytes
(epstopdf)             Command: <repstopdf --outfile=ExpEboxplottGenerations000
-eps-converted-to.pdf ExpEboxplottGenerations000.eps>
(epstopdf)             \includegraphics on input line 251.
Package epstopdf Info: Output file is already uptodate.
<ExpEboxplottGenerations000-eps-converted-to.pdf, id=1196, 578.16pt x 758.835pt
>
File: ExpEboxplottGenerations000-eps-converted-to.pdf Graphic file (type pdf)
<use ExpEboxplottGenerations000-eps-converted-to.pdf>
Package pdftex.def Info: ExpEboxplottGenerations000-eps-converted-to.pdf  used 
on input line 251.
(pdftex.def)             Requested size: 153.64493pt x 201.65768pt.
 [17

 <./ExpEboxplottGenerations000-eps-converted-to.pdf>]
Package epstopdf Info: Source file: <ExpEboxplottGenerations001.eps>
(epstopdf)                    date: 2025-05-14 17:33:40
(epstopdf)                    size: 5341 bytes
(epstopdf)             Output file: <ExpEboxplottGenerations001-eps-converted-t
o.pdf>
(epstopdf)                    date: 2025-05-14 17:33:48
(epstopdf)                    size: 10453 bytes
(epstopdf)             Command: <repstopdf --outfile=ExpEboxplottGenerations001
-eps-converted-to.pdf ExpEboxplottGenerations001.eps>
(epstopdf)             \includegraphics on input line 264.
Package epstopdf Info: Output file is already uptodate.
<ExpEboxplottGenerations001-eps-converted-to.pdf, id=1268, 578.16pt x 758.835pt
>
File: ExpEboxplottGenerations001-eps-converted-to.pdf Graphic file (type pdf)
<use ExpEboxplottGenerations001-eps-converted-to.pdf>
Package pdftex.def Info: ExpEboxplottGenerations001-eps-converted-to.pdf  used 
on input line 264.
(pdftex.def)             Requested size: 153.64493pt x 201.65768pt.
 [18

 <./ExpEboxplottGenerations001-eps-converted-to.pdf>]
Package epstopdf Info: Source file: <ExpEboxplottGenerations002.eps>
(epstopdf)                    date: 2025-05-14 17:33:40
(epstopdf)                    size: 5712 bytes
(epstopdf)             Output file: <ExpEboxplottGenerations002-eps-converted-t
o.pdf>
(epstopdf)                    date: 2025-05-14 17:33:49
(epstopdf)                    size: 10359 bytes
(epstopdf)             Command: <repstopdf --outfile=ExpEboxplottGenerations002
-eps-converted-to.pdf ExpEboxplottGenerations002.eps>
(epstopdf)             \includegraphics on input line 277.
Package epstopdf Info: Output file is already uptodate.
<ExpEboxplottGenerations002-eps-converted-to.pdf, id=1339, 578.16pt x 758.835pt
>
File: ExpEboxplottGenerations002-eps-converted-to.pdf Graphic file (type pdf)
<use ExpEboxplottGenerations002-eps-converted-to.pdf>
Package pdftex.def Info: ExpEboxplottGenerations002-eps-converted-to.pdf  used 
on input line 277.
(pdftex.def)             Requested size: 153.64493pt x 201.65768pt.
 [19

 <./ExpEboxplottGenerations002-eps-converted-to.pdf>]
Package epstopdf Info: Source file: <ExpEboxplottGenerations003.eps>
(epstopdf)                    date: 2025-05-14 17:33:40
(epstopdf)                    size: 5791 bytes
(epstopdf)             Output file: <ExpEboxplottGenerations003-eps-converted-t
o.pdf>
(epstopdf)                    date: 2025-05-14 17:33:49
(epstopdf)                    size: 10553 bytes
(epstopdf)             Command: <repstopdf --outfile=ExpEboxplottGenerations003
-eps-converted-to.pdf ExpEboxplottGenerations003.eps>
(epstopdf)             \includegraphics on input line 290.
Package epstopdf Info: Output file is already uptodate.
<ExpEboxplottGenerations003-eps-converted-to.pdf, id=1412, 578.16pt x 758.835pt
>
File: ExpEboxplottGenerations003-eps-converted-to.pdf Graphic file (type pdf)
<use ExpEboxplottGenerations003-eps-converted-to.pdf>
Package pdftex.def Info: ExpEboxplottGenerations003-eps-converted-to.pdf  used 
on input line 290.
(pdftex.def)             Requested size: 153.64493pt x 201.65768pt.
 [20

 <./ExpEboxplottGenerations003-eps-converted-to.pdf>]
Package epstopdf Info: Source file: <ExpEboxplottGenerations004.eps>
(epstopdf)                    date: 2025-05-14 17:33:40
(epstopdf)                    size: 5730 bytes
(epstopdf)             Output file: <ExpEboxplottGenerations004-eps-converted-t
o.pdf>
(epstopdf)                    date: 2025-05-14 17:33:50
(epstopdf)                    size: 11042 bytes
(epstopdf)             Command: <repstopdf --outfile=ExpEboxplottGenerations004
-eps-converted-to.pdf ExpEboxplottGenerations004.eps>
(epstopdf)             \includegraphics on input line 303.
Package epstopdf Info: Output file is already uptodate.
<ExpEboxplottGenerations004-eps-converted-to.pdf, id=1484, 578.16pt x 758.835pt
>
File: ExpEboxplottGenerations004-eps-converted-to.pdf Graphic file (type pdf)
<use ExpEboxplottGenerations004-eps-converted-to.pdf>
Package pdftex.def Info: ExpEboxplottGenerations004-eps-converted-to.pdf  used 
on input line 303.
(pdftex.def)             Requested size: 153.64493pt x 201.65768pt.

[21

 <./ExpEboxplottGenerations004-eps-converted-to.pdf>] [22

]
Package epstopdf Info: Source file: <ExpEboxplottGenerations005.eps>
(epstopdf)                    date: 2025-05-14 17:33:40
(epstopdf)                    size: 7554 bytes
(epstopdf)             Output file: <ExpEboxplottGenerations005-eps-converted-t
o.pdf>
(epstopdf)                    date: 2025-05-14 17:33:50
(epstopdf)                    size: 11658 bytes
(epstopdf)             Command: <repstopdf --outfile=ExpEboxplottGenerations005
-eps-converted-to.pdf ExpEboxplottGenerations005.eps>
(epstopdf)             \includegraphics on input line 334.
Package epstopdf Info: Output file is already uptodate.
<ExpEboxplottGenerations005-eps-converted-to.pdf, id=1619, 578.16pt x 758.835pt
>
File: ExpEboxplottGenerations005-eps-converted-to.pdf Graphic file (type pdf)
<use ExpEboxplottGenerations005-eps-converted-to.pdf>
Package pdftex.def Info: ExpEboxplottGenerations005-eps-converted-to.pdf  used 
on input line 334.
(pdftex.def)             Requested size: 153.64493pt x 201.65768pt.
 [23

 <./ExpEboxplottGenerations005-eps-converted-to.pdf>]
Package epstopdf Info: Source file: <ExpEboxplottGenerations006.eps>
(epstopdf)                    date: 2025-05-14 17:33:40
(epstopdf)                    size: 7493 bytes
(epstopdf)             Output file: <ExpEboxplottGenerations006-eps-converted-t
o.pdf>
(epstopdf)                    date: 2025-05-14 17:33:51
(epstopdf)                    size: 10935 bytes
(epstopdf)             Command: <repstopdf --outfile=ExpEboxplottGenerations006
-eps-converted-to.pdf ExpEboxplottGenerations006.eps>
(epstopdf)             \includegraphics on input line 347.
Package epstopdf Info: Output file is already uptodate.
<ExpEboxplottGenerations006-eps-converted-to.pdf, id=1692, 578.16pt x 758.835pt
>
File: ExpEboxplottGenerations006-eps-converted-to.pdf Graphic file (type pdf)
<use ExpEboxplottGenerations006-eps-converted-to.pdf>
Package pdftex.def Info: ExpEboxplottGenerations006-eps-converted-to.pdf  used 
on input line 347.
(pdftex.def)             Requested size: 153.64493pt x 201.65768pt.
 [24

 <./ExpEboxplottGenerations006-eps-converted-to.pdf>] [25

] [26

] (./ExpEStatsTable000.tex
Overfull \hbox (36.68321pt too wide) in paragraph at lines 5--26
 [] 
 []

) [27

] (./ExpEStatsTable001.tex) [28

] (./ExpEStatsTable002.tex) [29

]
(./ExpEtParmTable000.tex) [30

] (./ExpEtParmTable001.tex) [31

]
(./ExpEtParmTable002.tex) [32

] (./ExpEtParmTable003.tex) [33

]
(./ExpEGrammarTable000.tex) [34

] (./ExpEStatsTable003.tex) [35

]
(./ExpESolutionTable000.tex) [36

]

pdfTeX warning: pdflatex (file ./ExpEDerivationTreeFigure000.pdf): PDF inclusio
n: found PDF version <1.7>, but at most version <1.5> allowed
<ExpEDerivationTreeFigure000.pdf, id=2535, 505.89pt x 505.89pt>
File: ExpEDerivationTreeFigure000.pdf Graphic file (type pdf)
<use ExpEDerivationTreeFigure000.pdf>
Package pdftex.def Info: ExpEDerivationTreeFigure000.pdf  used on input line 53
5.
(pdftex.def)             Requested size: 153.64493pt x 153.64394pt.
[37

 <./ExpEDerivationTreeFigure000.pdf>]
Package epstopdf Info: Source file: <ExpEPlotPopStatsFigure000.eps>
(epstopdf)                    date: 2025-05-14 17:33:40
(epstopdf)                    size: 5492 bytes
(epstopdf)             Output file: <ExpEPlotPopStatsFigure000-eps-converted-to
.pdf>
(epstopdf)                    date: 2025-05-14 17:33:52
(epstopdf)                    size: 13079 bytes
(epstopdf)             Command: <repstopdf --outfile=ExpEPlotPopStatsFigure000-
eps-converted-to.pdf ExpEPlotPopStatsFigure000.eps>
(epstopdf)             \includegraphics on input line 548.
Package epstopdf Info: Output file is already uptodate.
<ExpEPlotPopStatsFigure000-eps-converted-to.pdf, id=2609, 578.16pt x 758.835pt>

File: ExpEPlotPopStatsFigure000-eps-converted-to.pdf Graphic file (type pdf)
<use ExpEPlotPopStatsFigure000-eps-converted-to.pdf>
Package pdftex.def Info: ExpEPlotPopStatsFigure000-eps-converted-to.pdf  used o
n input line 548.
(pdftex.def)             Requested size: 153.64493pt x 201.65768pt.
 [38

 <./ExpEPlotPopStatsFigure000-eps-converted-to.pdf>] (./ExpEtParmTable004.tex) 
[39

] (./ExpEtParmTable005.tex)
[40

] (./ExpEtParmTable006.tex) [41

] (./ExpEtParmTable007.tex) [42

]
(./ExpEGrammarTable001.tex) [43

] (./ExpEStatsTable004.tex) [44

]
(./ExpESolutionTable001.tex) [45

]

pdfTeX warning: pdflatex (file ./ExpEDerivationTreeFigure001.pdf): PDF inclusio
n: found PDF version <1.7>, but at most version <1.5> allowed
<ExpEDerivationTreeFigure001.pdf, id=3141, 505.89pt x 505.89pt>
File: ExpEDerivationTreeFigure001.pdf Graphic file (type pdf)
<use ExpEDerivationTreeFigure001.pdf>
Package pdftex.def Info: ExpEDerivationTreeFigure001.pdf  used on input line 65
6.
(pdftex.def)             Requested size: 153.64493pt x 153.64394pt.
[46

 <./ExpEDerivationTreeFigure001.pdf>]
Package epstopdf Info: Source file: <ExpEPlotPopStatsFigure001.eps>
(epstopdf)                    date: 2025-05-14 17:33:41
(epstopdf)                    size: 5364 bytes
(epstopdf)             Output file: <ExpEPlotPopStatsFigure001-eps-converted-to
.pdf>
(epstopdf)                    date: 2025-05-14 17:33:53
(epstopdf)                    size: 12999 bytes
(epstopdf)             Command: <repstopdf --outfile=ExpEPlotPopStatsFigure001-
eps-converted-to.pdf ExpEPlotPopStatsFigure001.eps>
(epstopdf)             \includegraphics on input line 669.
Package epstopdf Info: Output file is already uptodate.
<ExpEPlotPopStatsFigure001-eps-converted-to.pdf, id=3213, 578.16pt x 758.835pt>

File: ExpEPlotPopStatsFigure001-eps-converted-to.pdf Graphic file (type pdf)
<use ExpEPlotPopStatsFigure001-eps-converted-to.pdf>
Package pdftex.def Info: ExpEPlotPopStatsFigure001-eps-converted-to.pdf  used o
n input line 669.
(pdftex.def)             Requested size: 153.64493pt x 201.65768pt.
 [47

 <./ExpEPlotPopStatsFigure001-eps-converted-to.pdf>] (./ExpEtParmTable008.tex) 
[48

] (./ExpEtParmTable009.tex)
[49

] (./ExpEtParmTable010.tex) [50

] (./ExpEtParmTable011.tex) [51

]
(./ExpEGrammarTable002.tex)
Overfull \vbox (0.12675pt too high) detected at line 739
 []

[52

] (./ExpEGrammarTable003.tex) [53

] (./ExpEStatsTable005.tex
Overfull \hbox (24.93304pt too wide) in paragraph at lines 5--15
 [] 
 []

) [54

] (./ExpESolutionTable002.tex) [55

]

pdfTeX warning: pdflatex (file ./ExpEDerivationTreeFigure002.pdf): PDF inclusio
n: found PDF version <1.7>, but at most version <1.5> allowed
<ExpEDerivationTreeFigure002.pdf, id=3811, 505.89pt x 505.89pt>
File: ExpEDerivationTreeFigure002.pdf Graphic file (type pdf)
<use ExpEDerivationTreeFigure002.pdf>
Package pdftex.def Info: ExpEDerivationTreeFigure002.pdf  used on input line 78
9.
(pdftex.def)             Requested size: 153.64493pt x 153.64394pt.
[56

 <./ExpEDerivationTreeFigure002.pdf>]
Package epstopdf Info: Source file: <ExpEPlotPopStatsFigure002.eps>
(epstopdf)                    date: 2025-05-14 17:33:41
(epstopdf)                    size: 8264 bytes
(epstopdf)             Output file: <ExpEPlotPopStatsFigure002-eps-converted-to
.pdf>
(epstopdf)                    date: 2025-05-14 17:33:54
(epstopdf)                    size: 13641 bytes
(epstopdf)             Command: <repstopdf --outfile=ExpEPlotPopStatsFigure002-
eps-converted-to.pdf ExpEPlotPopStatsFigure002.eps>
(epstopdf)             \includegraphics on input line 802.
Package epstopdf Info: Output file is already uptodate.
<ExpEPlotPopStatsFigure002-eps-converted-to.pdf, id=3884, 578.16pt x 758.835pt>

File: ExpEPlotPopStatsFigure002-eps-converted-to.pdf Graphic file (type pdf)
<use ExpEPlotPopStatsFigure002-eps-converted-to.pdf>
Package pdftex.def Info: ExpEPlotPopStatsFigure002-eps-converted-to.pdf  used o
n input line 802.
(pdftex.def)             Requested size: 153.64493pt x 201.65768pt.
 [57

 <./ExpEPlotPopStatsFigure002-eps-converted-to.pdf>] (./ExpEtParmTable012.tex) 
[58

] (./ExpEtParmTable013.tex)
[59

] (./ExpEtParmTable014.tex) [60

] (./ExpEtParmTable015.tex) [61

]
(./ExpEGrammarTable004.tex)
Overfull \vbox (0.12675pt too high) detected at line 872
 []

[62

] (./ExpEGrammarTable005.tex) [63

] (./ExpEStatsTable006.tex
Overfull \hbox (29.1831pt too wide) in paragraph at lines 5--15
 [] 
 []

) [64

] (./ExpESolutionTable003.tex
Underfull \hbox (badness 10000) in paragraph at lines 9--10
[]\OT1/cmss/m/n/8 AND(OR(AND(NOT(D2), NOT(D4)), AND(D2, D4)),
 []

) [65

]

pdfTeX warning: pdflatex (file ./ExpEDerivationTreeFigure003.pdf): PDF inclusio
n: found PDF version <1.7>, but at most version <1.5> allowed
<ExpEDerivationTreeFigure003.pdf, id=4481, 505.89pt x 505.89pt>
File: ExpEDerivationTreeFigure003.pdf Graphic file (type pdf)
<use ExpEDerivationTreeFigure003.pdf>
Package pdftex.def Info: ExpEDerivationTreeFigure003.pdf  used on input line 92
2.
(pdftex.def)             Requested size: 153.64493pt x 153.64394pt.
[66

 <./ExpEDerivationTreeFigure003.pdf>]
Package epstopdf Info: Source file: <ExpEPlotPopStatsFigure003.eps>
(epstopdf)                    date: 2025-05-14 17:33:41
(epstopdf)                    size: 11160 bytes
(epstopdf)             Output file: <ExpEPlotPopStatsFigure003-eps-converted-to
.pdf>
(epstopdf)                    date: 2025-05-14 17:33:54
(epstopdf)                    size: 14720 bytes
(epstopdf)             Command: <repstopdf --outfile=ExpEPlotPopStatsFigure003-
eps-converted-to.pdf ExpEPlotPopStatsFigure003.eps>
(epstopdf)             \includegraphics on input line 935.
Package epstopdf Info: Output file is already uptodate.
<ExpEPlotPopStatsFigure003-eps-converted-to.pdf, id=4553, 578.16pt x 758.835pt>

File: ExpEPlotPopStatsFigure003-eps-converted-to.pdf Graphic file (type pdf)
<use ExpEPlotPopStatsFigure003-eps-converted-to.pdf>
Package pdftex.def Info: ExpEPlotPopStatsFigure003-eps-converted-to.pdf  used o
n input line 935.
(pdftex.def)             Requested size: 153.64493pt x 201.65768pt.
 [67

 <./ExpEPlotPopStatsFigure003-eps-converted-to.pdf>] (./ExpEtParmTable016.tex) 
[68

] (./ExpEtParmTable017.tex)
[69

] (./ExpEtParmTable018.tex) [70

] (./ExpEtParmTable019.tex) [71

]
(./ExpEGrammarTable006.tex)
Overfull \vbox (0.12675pt too high) detected at line 1005
 []

[72

] (./ExpEGrammarTable007.tex) [73

] (./ExpEStatsTable007.tex
Overfull \hbox (37.68323pt too wide) in paragraph at lines 5--15
 [] 
 []

) [74

] (./ExpESolutionTable004.tex
Underfull \hbox (badness 10000) in paragraph at lines 9--10
[]\OT1/cmss/m/n/8 AND(AND(OR(AND(NOT(D1), NOT(D6)), AND(D1, D6)),
 []


Underfull \hbox (badness 4328) in paragraph at lines 9--10
\OT1/cmss/m/n/8 OR(AND(NOT(D3), NOT(D4)), AND(D3, D4))), OR(AND(D2,
 []

) [75

]

pdfTeX warning: pdflatex (file ./ExpEDerivationTreeFigure004.pdf): PDF inclusio
n: found PDF version <1.7>, but at most version <1.5> allowed
<ExpEDerivationTreeFigure004.pdf, id=5151, 505.89pt x 505.89pt>
File: ExpEDerivationTreeFigure004.pdf Graphic file (type pdf)
<use ExpEDerivationTreeFigure004.pdf>
Package pdftex.def Info: ExpEDerivationTreeFigure004.pdf  used on input line 10
55.
(pdftex.def)             Requested size: 153.64493pt x 153.64394pt.
[76

 <./ExpEDerivationTreeFigure004.pdf>]
Package epstopdf Info: Source file: <ExpEPlotPopStatsFigure004.eps>
(epstopdf)                    date: 2025-05-14 17:33:41
(epstopdf)                    size: 37123 bytes
(epstopdf)             Output file: <ExpEPlotPopStatsFigure004-eps-converted-to
.pdf>
(epstopdf)                    date: 2025-05-14 17:33:55
(epstopdf)                    size: 23071 bytes
(epstopdf)             Command: <repstopdf --outfile=ExpEPlotPopStatsFigure004-
eps-converted-to.pdf ExpEPlotPopStatsFigure004.eps>
(epstopdf)             \includegraphics on input line 1068.
Package epstopdf Info: Output file is already uptodate.
<ExpEPlotPopStatsFigure004-eps-converted-to.pdf, id=5224, 578.16pt x 758.835pt>

File: ExpEPlotPopStatsFigure004-eps-converted-to.pdf Graphic file (type pdf)
<use ExpEPlotPopStatsFigure004-eps-converted-to.pdf>
Package pdftex.def Info: ExpEPlotPopStatsFigure004-eps-converted-to.pdf  used o
n input line 1068.
(pdftex.def)             Requested size: 153.64493pt x 201.65768pt.
 [77

 <./ExpEPlotPopStatsFigure004-eps-converted-to.pdf>] (./ExpEtParmTable020.tex) 
[78

] (./ExpEtParmTable021.tex)
[79

] (./ExpEtParmTable022.tex) [80

] (./ExpEtParmTable023.tex) [81

]
(./ExpEGrammarTable008.tex) [82

] (./ExpEStatsTable008.tex) [83

]
(./ExpESolutionTable005.tex) [84

]

pdfTeX warning: pdflatex (file ./ExpEDerivationTreeFigure005.pdf): PDF inclusio
n: found PDF version <1.7>, but at most version <1.5> allowed
<ExpEDerivationTreeFigure005.pdf, id=5756, 505.89pt x 505.89pt>
File: ExpEDerivationTreeFigure005.pdf Graphic file (type pdf)
<use ExpEDerivationTreeFigure005.pdf>
Package pdftex.def Info: ExpEDerivationTreeFigure005.pdf  used on input line 11
76.
(pdftex.def)             Requested size: 153.64493pt x 153.64394pt.
[85

 <./ExpEDerivationTreeFigure005.pdf>]
Package epstopdf Info: Source file: <ExpEPlotPopStatsFigure005.eps>
(epstopdf)                    date: 2025-05-14 17:33:42
(epstopdf)                    size: 5366 bytes
(epstopdf)             Output file: <ExpEPlotPopStatsFigure005-eps-converted-to
.pdf>
(epstopdf)                    date: 2025-05-14 17:33:56
(epstopdf)                    size: 13051 bytes
(epstopdf)             Command: <repstopdf --outfile=ExpEPlotPopStatsFigure005-
eps-converted-to.pdf ExpEPlotPopStatsFigure005.eps>
(epstopdf)             \includegraphics on input line 1189.
Package epstopdf Info: Output file is already uptodate.
<ExpEPlotPopStatsFigure005-eps-converted-to.pdf, id=5830, 578.16pt x 758.835pt>

File: ExpEPlotPopStatsFigure005-eps-converted-to.pdf Graphic file (type pdf)
<use ExpEPlotPopStatsFigure005-eps-converted-to.pdf>
Package pdftex.def Info: ExpEPlotPopStatsFigure005-eps-converted-to.pdf  used o
n input line 1189.
(pdftex.def)             Requested size: 153.64493pt x 201.65768pt.
 [86

 <./ExpEPlotPopStatsFigure005-eps-converted-to.pdf>] (./ExpEtParmTable024.tex) 
[87

] (./ExpEtParmTable025.tex)
[88

] (./ExpEtParmTable026.tex) [89

] (./ExpEtParmTable027.tex) [90

]
(./ExpEGrammarTable009.tex) [91

] (./ExpEStatsTable009.tex) [92

]
(./ExpESolutionTable006.tex) [93

]

pdfTeX warning: pdflatex (file ./ExpEDerivationTreeFigure006.pdf): PDF inclusio
n: found PDF version <1.7>, but at most version <1.5> allowed
<ExpEDerivationTreeFigure006.pdf, id=6362, 505.89pt x 505.89pt>
File: ExpEDerivationTreeFigure006.pdf Graphic file (type pdf)
<use ExpEDerivationTreeFigure006.pdf>
Package pdftex.def Info: ExpEDerivationTreeFigure006.pdf  used on input line 12
97.
(pdftex.def)             Requested size: 153.64493pt x 153.64394pt.
[94

 <./ExpEDerivationTreeFigure006.pdf>]
Package epstopdf Info: Source file: <ExpEPlotPopStatsFigure006.eps>
(epstopdf)                    date: 2025-05-14 17:33:42
(epstopdf)                    size: 5365 bytes
(epstopdf)             Output file: <ExpEPlotPopStatsFigure006-eps-converted-to
.pdf>
(epstopdf)                    date: 2025-05-14 17:33:56
(epstopdf)                    size: 13091 bytes
(epstopdf)             Command: <repstopdf --outfile=ExpEPlotPopStatsFigure006-
eps-converted-to.pdf ExpEPlotPopStatsFigure006.eps>
(epstopdf)             \includegraphics on input line 1310.
Package epstopdf Info: Output file is already uptodate.
<ExpEPlotPopStatsFigure006-eps-converted-to.pdf, id=6434, 578.16pt x 758.835pt>

File: ExpEPlotPopStatsFigure006-eps-converted-to.pdf Graphic file (type pdf)
<use ExpEPlotPopStatsFigure006-eps-converted-to.pdf>
Package pdftex.def Info: ExpEPlotPopStatsFigure006-eps-converted-to.pdf  used o
n input line 1310.
(pdftex.def)             Requested size: 153.64493pt x 201.65768pt.
 [95

 <./ExpEPlotPopStatsFigure006-eps-converted-to.pdf>] (./ExpEtParmTable028.tex) 
[96

] (./ExpEtParmTable029.tex)
[97

] (./ExpEtParmTable030.tex) [98

] (./ExpEtParmTable031.tex) [99

]
(./ExpEGrammarTable010.tex) [100

] (./ExpEStatsTable010.tex) [101

]
(./ExpESolutionTable007.tex) [102

]

pdfTeX warning: pdflatex (file ./ExpEDerivationTreeFigure007.pdf): PDF inclusio
n: found PDF version <1.7>, but at most version <1.5> allowed
<ExpEDerivationTreeFigure007.pdf, id=6967, 505.89pt x 505.89pt>
File: ExpEDerivationTreeFigure007.pdf Graphic file (type pdf)
<use ExpEDerivationTreeFigure007.pdf>
Package pdftex.def Info: ExpEDerivationTreeFigure007.pdf  used on input line 14
18.
(pdftex.def)             Requested size: 153.64493pt x 153.64394pt.
[103

 <./ExpEDerivationTreeFigure007.pdf>]
Package epstopdf Info: Source file: <ExpEPlotPopStatsFigure007.eps>
(epstopdf)                    date: 2025-05-14 17:33:42
(epstopdf)                    size: 5540 bytes
(epstopdf)             Output file: <ExpEPlotPopStatsFigure007-eps-converted-to
.pdf>
(epstopdf)                    date: 2025-05-14 17:33:57
(epstopdf)                    size: 13060 bytes
(epstopdf)             Command: <repstopdf --outfile=ExpEPlotPopStatsFigure007-
eps-converted-to.pdf ExpEPlotPopStatsFigure007.eps>
(epstopdf)             \includegraphics on input line 1431.
Package epstopdf Info: Output file is already uptodate.
<ExpEPlotPopStatsFigure007-eps-converted-to.pdf, id=7040, 578.16pt x 758.835pt>

File: ExpEPlotPopStatsFigure007-eps-converted-to.pdf Graphic file (type pdf)
<use ExpEPlotPopStatsFigure007-eps-converted-to.pdf>
Package pdftex.def Info: ExpEPlotPopStatsFigure007-eps-converted-to.pdf  used o
n input line 1431.
(pdftex.def)             Requested size: 153.64493pt x 201.65768pt.
 [104

 <./ExpEPlotPopStatsFigure007-eps-converted-to.pdf>] (./ExpEtParmTable032.tex) 
[105

] (./ExpEtParmTable033.tex)
[106

] (./ExpEtParmTable034.tex) [107

] (./ExpEtParmTable035.tex) [108

]
(./ExpEGrammarTable011.tex)
Overfull \vbox (0.12675pt too high) detected at line 1501
 []

[109

] (./ExpEGrammarTable012.tex) [110

] (./ExpEStatsTable011.tex) [111

]
(./ExpESolutionTable008.tex) [112

]

pdfTeX warning: pdflatex (file ./ExpEDerivationTreeFigure008.pdf): PDF inclusio
n: found PDF version <1.7>, but at most version <1.5> allowed
<ExpEDerivationTreeFigure008.pdf, id=7637, 505.89pt x 505.89pt>
File: ExpEDerivationTreeFigure008.pdf Graphic file (type pdf)
<use ExpEDerivationTreeFigure008.pdf>
Package pdftex.def Info: ExpEDerivationTreeFigure008.pdf  used on input line 15
51.
(pdftex.def)             Requested size: 153.64493pt x 153.64394pt.
[113

 <./ExpEDerivationTreeFigure008.pdf>]
Package epstopdf Info: Source file: <ExpEPlotPopStatsFigure008.eps>
(epstopdf)                    date: 2025-05-14 17:33:42
(epstopdf)                    size: 5369 bytes
(epstopdf)             Output file: <ExpEPlotPopStatsFigure008-eps-converted-to
.pdf>
(epstopdf)                    date: 2025-05-14 17:33:57
(epstopdf)                    size: 13065 bytes
(epstopdf)             Command: <repstopdf --outfile=ExpEPlotPopStatsFigure008-
eps-converted-to.pdf ExpEPlotPopStatsFigure008.eps>
(epstopdf)             \includegraphics on input line 1564.
Package epstopdf Info: Output file is already uptodate.
<ExpEPlotPopStatsFigure008-eps-converted-to.pdf, id=7710, 578.16pt x 758.835pt>

File: ExpEPlotPopStatsFigure008-eps-converted-to.pdf Graphic file (type pdf)
<use ExpEPlotPopStatsFigure008-eps-converted-to.pdf>
Package pdftex.def Info: ExpEPlotPopStatsFigure008-eps-converted-to.pdf  used o
n input line 1564.
(pdftex.def)             Requested size: 153.64493pt x 201.65768pt.
 [114

 <./ExpEPlotPopStatsFigure008-eps-converted-to.pdf>] (./ExpEtParmTable036.tex) 
[115

] (./ExpEtParmTable037.tex)
[116

] (./ExpEtParmTable038.tex) [117

] (./ExpEtParmTable039.tex) [118

]
(./ExpEGrammarTable013.tex)
Overfull \vbox (0.12675pt too high) detected at line 1634
 []

[119

] (./ExpEGrammarTable014.tex) [120

] (./ExpEStatsTable012.tex
Overfull \hbox (7.9328pt too wide) in paragraph at lines 5--15
 [] 
 []

) [121

] (./ExpESolutionTable009.tex) [122

]

pdfTeX warning: pdflatex (file ./ExpEDerivationTreeFigure009.pdf): PDF inclusio
n: found PDF version <1.7>, but at most version <1.5> allowed
<ExpEDerivationTreeFigure009.pdf, id=8307, 505.89pt x 505.89pt>
File: ExpEDerivationTreeFigure009.pdf Graphic file (type pdf)
<use ExpEDerivationTreeFigure009.pdf>
Package pdftex.def Info: ExpEDerivationTreeFigure009.pdf  used on input line 16
84.
(pdftex.def)             Requested size: 153.64493pt x 153.64394pt.
[123

 <./ExpEDerivationTreeFigure009.pdf>]
Package epstopdf Info: Source file: <ExpEPlotPopStatsFigure009.eps>
(epstopdf)                    date: 2025-05-14 17:33:42
(epstopdf)                    size: 5443 bytes
(epstopdf)             Output file: <ExpEPlotPopStatsFigure009-eps-converted-to
.pdf>
(epstopdf)                    date: 2025-05-14 17:33:58
(epstopdf)                    size: 12986 bytes
(epstopdf)             Command: <repstopdf --outfile=ExpEPlotPopStatsFigure009-
eps-converted-to.pdf ExpEPlotPopStatsFigure009.eps>
(epstopdf)             \includegraphics on input line 1697.
Package epstopdf Info: Output file is already uptodate.
<ExpEPlotPopStatsFigure009-eps-converted-to.pdf, id=8379, 578.16pt x 758.835pt>

File: ExpEPlotPopStatsFigure009-eps-converted-to.pdf Graphic file (type pdf)
<use ExpEPlotPopStatsFigure009-eps-converted-to.pdf>
Package pdftex.def Info: ExpEPlotPopStatsFigure009-eps-converted-to.pdf  used o
n input line 1697.
(pdftex.def)             Requested size: 153.64493pt x 201.65768pt.
 [124

 <./ExpEPlotPopStatsFigure009-eps-converted-to.pdf>] (./ExpEtParmTable040.tex
Overfull \hbox (1.7919pt too wide) in paragraph at lines 5--27
 [] 
 []

) [125

] (./ExpEtParmTable041.tex) [126

] (./ExpEtParmTable042.tex) [127

]
(./ExpEtParmTable043.tex) [128

] (./ExpEtParmTable044.tex) [129

]
(./ExpEtParmTable045.tex) [130

]
\tf@nav=\write6
\openout6 = `mainExpE.nav'.

\tf@toc=\write7
\openout7 = `mainExpE.toc'.

\tf@snm=\write8
\openout8 = `mainExpE.snm'.

 (./mainExpE.aux)

LaTeX Font Warning: Some font shapes were not available, defaults substituted.


LaTeX Warning: Label(s) may have changed. Rerun to get cross-references right.


Package rerunfilecheck Warning: File `mainExpE.out' has changed.
(rerunfilecheck)                Rerun to get outlines right
(rerunfilecheck)                or use package `bookmark'.

Package rerunfilecheck Info: Checksums for `mainExpE.out':
(rerunfilecheck)             Before: 78772EFDF9004D23D1D043E48D18C3CC;2953
(rerunfilecheck)             After:  4149BA9B2555B6EBFC98A4D71176E822;2953.
 ) 
Here is how much of TeX's memory you used:
 23266 strings out of 476041
 462887 string characters out of 5793174
 1890388 words of memory out of 6000000
 42546 multiletter control sequences out of 15000+600000
 523893 words of font info for 74 fonts, out of 8000000 for 9000
 1137 hyphenation exceptions out of 8191
 128i,19n,122p,396b,772s stack positions out of 10000i,1000n,20000p,200000b,200000s

pdfTeX warning (dest): name{Outline0.4.10.114} has been referenced but does not
 exist, replaced by a fixed one


pdfTeX warning (dest): name{Outline0.4.9.104} has been referenced but does not 
exist, replaced by a fixed one


pdfTeX warning (dest): name{Outline0.4.8.95} has been referenced but does not e
xist, replaced by a fixed one


pdfTeX warning (dest): name{Outline0.4.7.86} has been referenced but does not e
xist, replaced by a fixed one


pdfTeX warning (dest): name{Outline0.4.6.77} has been referenced but does not e
xist, replaced by a fixed one


pdfTeX warning (dest): name{Outline0.4.5.67} has been referenced but does not e
xist, replaced by a fixed one


pdfTeX warning (dest): name{Outline0.4.4.57} has been referenced but does not e
xist, replaced by a fixed one


pdfTeX warning (dest): name{Outline0.4.3.47} has been referenced but does not e
xist, replaced by a fixed one


pdfTeX warning (dest): name{Outline0.4.2.38} has been referenced but does not e
xist, replaced by a fixed one


pdfTeX warning (dest): name{Outline0.4.1.29} has been referenced but does not e
xist, replaced by a fixed one


pdfTeX warning (dest): name{Outline0.2.3.22} has been referenced but does not e
xist, replaced by a fixed one


pdfTeX warning (dest): name{Outline0.2.2.14} has been referenced but does not e
xist, replaced by a fixed one


pdfTeX warning (dest): name{Outline0.2.1.11} has been referenced but does not e
xist, replaced by a fixed one

</usr/share/texlive/texmf-dist/fonts/type1/public/amsfonts/cm/cmmi10.pfb></usr/
share/texlive/texmf-dist/fonts/type1/public/amsfonts/cm/cmmi8.pfb></usr/share/t
exlive/texmf-dist/fonts/type1/public/amsfonts/cm/cmss10.pfb></usr/share/texlive
/texmf-dist/fonts/type1/public/amsfonts/cm/cmss12.pfb></usr/share/texlive/texmf
-dist/fonts/type1/public/amsfonts/cm/cmss8.pfb></usr/share/texlive/texmf-dist/f
onts/type1/public/amsfonts/cm/cmss9.pfb></usr/share/texlive/texmf-dist/fonts/ty
pe1/public/amsfonts/cm/cmssbx10.pfb></usr/share/texlive/texmf-dist/fonts/type1/
public/amsfonts/cm/cmssi10.pfb></usr/share/texlive/texmf-dist/fonts/type1/publi
c/amsfonts/cm/cmssi8.pfb></usr/share/texlive/texmf-dist/fonts/type1/public/amsf
onts/cm/cmsy10.pfb></usr/share/texlive/texmf-dist/fonts/type1/public/amsfonts/c
m/cmtt10.pfb>
Output written on mainExpE.pdf (130 pages, 871360 bytes).
PDF statistics:
 8972 PDF objects out of 10688 (max. 8388607)
 8598 compressed objects within 86 object streams
 410 named destinations out of 1000 (max. 500000)
 322 words of extra memory for PDF output out of 10000 (max. 10000000)

