This is pdfTeX, Version 3.141592653-2.6-1.40.25 (TeX Live 2023) (preloaded format=pdflatex 2025.4.11)  9 MAY 2025 19:07
entering extended mode
 restricted \write18 enabled.
 %&-line parsing enabled.
**mainExpB.tex
(./mainExpB.tex
LaTeX2e <2022-11-01> patch level 1
L3 programming layer <2023-02-22>
(/usr/share/texlive/texmf-dist/tex/latex/beamer/beamer.cls
Document Class: beamer 2023/02/20 v3.69 A class for typesetting presentations
(/usr/share/texlive/texmf-dist/tex/latex/beamer/beamerbasemodes.sty
(/usr/share/texlive/texmf-dist/tex/latex/etoolbox/etoolbox.sty
Package: etoolbox 2020/10/05 v2.5k e-TeX tools for LaTeX (JAW)
\etb@tempcnta=\count185
)
\beamer@tempbox=\box51
\beamer@tempcount=\count186
\c@beamerpauses=\count187

(/usr/share/texlive/texmf-dist/tex/latex/beamer/beamerbasedecode.sty
\beamer@slideinframe=\count188
\beamer@minimum=\count189
\beamer@decode@box=\box52
)
\beamer@commentbox=\box53
\beamer@modecount=\count190
)
(/usr/share/texlive/texmf-dist/tex/generic/iftex/iftex.sty
Package: iftex 2022/02/03 v1.0f TeX engine tests
)
\headdp=\dimen140
\footheight=\dimen141
\sidebarheight=\dimen142
\beamer@tempdim=\dimen143
\beamer@finalheight=\dimen144
\beamer@animht=\dimen145
\beamer@animdp=\dimen146
\beamer@animwd=\dimen147
\beamer@leftmargin=\dimen148
\beamer@rightmargin=\dimen149
\beamer@leftsidebar=\dimen150
\beamer@rightsidebar=\dimen151
\beamer@boxsize=\dimen152
\beamer@vboxoffset=\dimen153
\beamer@descdefault=\dimen154
\beamer@descriptionwidth=\dimen155
\beamer@lastskip=\skip48
\beamer@areabox=\box54
\beamer@animcurrent=\box55
\beamer@animshowbox=\box56
\beamer@sectionbox=\box57
\beamer@logobox=\box58
\beamer@linebox=\box59
\beamer@sectioncount=\count191
\beamer@subsubsectionmax=\count192
\beamer@subsectionmax=\count193
\beamer@sectionmax=\count194
\beamer@totalheads=\count195
\beamer@headcounter=\count196
\beamer@partstartpage=\count197
\beamer@sectionstartpage=\count198
\beamer@subsectionstartpage=\count199
\beamer@animationtempa=\count266
\beamer@animationtempb=\count267
\beamer@xpos=\count268
\beamer@ypos=\count269
\beamer@ypos@offset=\count270
\beamer@showpartnumber=\count271
\beamer@currentsubsection=\count272
\beamer@coveringdepth=\count273
\beamer@sectionadjust=\count274
\beamer@toclastsection=\count275
\beamer@tocsectionnumber=\count276

(/usr/share/texlive/texmf-dist/tex/latex/beamer/beamerbaseoptions.sty
(/usr/share/texlive/texmf-dist/tex/latex/graphics/keyval.sty
Package: keyval 2022/05/29 v1.15 key=value parser (DPC)
\KV@toks@=\toks16
))
\beamer@paperwidth=\skip49
\beamer@paperheight=\skip50

(/usr/share/texlive/texmf-dist/tex/latex/geometry/geometry.sty
Package: geometry 2020/01/02 v5.9 Page Geometry

(/usr/share/texlive/texmf-dist/tex/generic/iftex/ifvtex.sty
Package: ifvtex 2019/10/25 v1.7 ifvtex legacy package. Use iftex instead.
)
\Gm@cnth=\count277
\Gm@cntv=\count278
\c@Gm@tempcnt=\count279
\Gm@bindingoffset=\dimen156
\Gm@wd@mp=\dimen157
\Gm@odd@mp=\dimen158
\Gm@even@mp=\dimen159
\Gm@layoutwidth=\dimen160
\Gm@layoutheight=\dimen161
\Gm@layouthoffset=\dimen162
\Gm@layoutvoffset=\dimen163
\Gm@dimlist=\toks17
)
(/usr/share/texlive/texmf-dist/tex/latex/pgf/math/pgfmath.sty
(/usr/share/texlive/texmf-dist/tex/latex/pgf/utilities/pgfrcs.sty
(/usr/share/texlive/texmf-dist/tex/generic/pgf/utilities/pgfutil-common.tex
\pgfutil@everybye=\toks18
\pgfutil@tempdima=\dimen164
\pgfutil@tempdimb=\dimen165
)
(/usr/share/texlive/texmf-dist/tex/generic/pgf/utilities/pgfutil-latex.def
\pgfutil@abb=\box60
)
(/usr/share/texlive/texmf-dist/tex/generic/pgf/utilities/pgfrcs.code.tex
(/usr/share/texlive/texmf-dist/tex/generic/pgf/pgf.revision.tex)
Package: pgfrcs 2023-01-15 v3.1.10 (3.1.10)
))
(/usr/share/texlive/texmf-dist/tex/latex/pgf/utilities/pgfkeys.sty
(/usr/share/texlive/texmf-dist/tex/generic/pgf/utilities/pgfkeys.code.tex
\pgfkeys@pathtoks=\toks19
\pgfkeys@temptoks=\toks20

(/usr/share/texlive/texmf-dist/tex/generic/pgf/utilities/pgfkeyslibraryfiltered
.code.tex
\pgfkeys@tmptoks=\toks21
)))
(/usr/share/texlive/texmf-dist/tex/generic/pgf/math/pgfmath.code.tex
(/usr/share/texlive/texmf-dist/tex/generic/pgf/math/pgfmathutil.code.tex
\pgf@x=\dimen166
\pgf@xa=\dimen167
\pgf@xb=\dimen168
\pgf@xc=\dimen169
\pgf@y=\dimen170
\pgf@ya=\dimen171
\pgf@yb=\dimen172
\pgf@yc=\dimen173
\c@pgf@counta=\count280
\c@pgf@countb=\count281
\c@pgf@countc=\count282
\c@pgf@countd=\count283
)
(/usr/share/texlive/texmf-dist/tex/generic/pgf/math/pgfmathparser.code.tex
\pgfmath@dimen=\dimen174
\pgfmath@count=\count284
\pgfmath@box=\box61
\pgfmath@toks=\toks22
\pgfmath@stack@operand=\toks23
\pgfmath@stack@operation=\toks24
)
(/usr/share/texlive/texmf-dist/tex/generic/pgf/math/pgfmathfunctions.code.tex)
(/usr/share/texlive/texmf-dist/tex/generic/pgf/math/pgfmathfunctions.basic.code
.tex)
(/usr/share/texlive/texmf-dist/tex/generic/pgf/math/pgfmathfunctions.trigonomet
ric.code.tex)
(/usr/share/texlive/texmf-dist/tex/generic/pgf/math/pgfmathfunctions.random.cod
e.tex)
(/usr/share/texlive/texmf-dist/tex/generic/pgf/math/pgfmathfunctions.comparison
.code.tex)
(/usr/share/texlive/texmf-dist/tex/generic/pgf/math/pgfmathfunctions.base.code.
tex)
(/usr/share/texlive/texmf-dist/tex/generic/pgf/math/pgfmathfunctions.round.code
.tex)
(/usr/share/texlive/texmf-dist/tex/generic/pgf/math/pgfmathfunctions.misc.code.
tex)
(/usr/share/texlive/texmf-dist/tex/generic/pgf/math/pgfmathfunctions.integerari
thmetics.code.tex)
(/usr/share/texlive/texmf-dist/tex/generic/pgf/math/pgfmathcalc.code.tex)
(/usr/share/texlive/texmf-dist/tex/generic/pgf/math/pgfmathfloat.code.tex
\c@pgfmathroundto@lastzeros=\count285
)))
(/usr/share/texlive/texmf-dist/tex/latex/base/size11.clo
File: size11.clo 2022/07/02 v1.4n Standard LaTeX file (size option)
)
(/usr/share/texlive/texmf-dist/tex/latex/pgf/basiclayer/pgfcore.sty
(/usr/share/texlive/texmf-dist/tex/latex/graphics/graphicx.sty
Package: graphicx 2021/09/16 v1.2d Enhanced LaTeX Graphics (DPC,SPQR)

(/usr/share/texlive/texmf-dist/tex/latex/graphics/graphics.sty
Package: graphics 2022/03/10 v1.4e Standard LaTeX Graphics (DPC,SPQR)

(/usr/share/texlive/texmf-dist/tex/latex/graphics/trig.sty
Package: trig 2021/08/11 v1.11 sin cos tan (DPC)
)
(/usr/share/texlive/texmf-dist/tex/latex/graphics-cfg/graphics.cfg
File: graphics.cfg 2016/06/04 v1.11 sample graphics configuration
)
Package graphics Info: Driver file: pdftex.def on input line 107.

(/usr/share/texlive/texmf-dist/tex/latex/graphics-def/pdftex.def
File: pdftex.def 2022/09/22 v1.2b Graphics/color driver for pdftex
))
\Gin@req@height=\dimen175
\Gin@req@width=\dimen176
)
(/usr/share/texlive/texmf-dist/tex/latex/pgf/systemlayer/pgfsys.sty
(/usr/share/texlive/texmf-dist/tex/generic/pgf/systemlayer/pgfsys.code.tex
Package: pgfsys 2023-01-15 v3.1.10 (3.1.10)
\pgf@x=\dimen177
\pgf@y=\dimen178
\pgf@xa=\dimen179
\pgf@ya=\dimen180
\pgf@xb=\dimen181
\pgf@yb=\dimen182
\pgf@xc=\dimen183
\pgf@yc=\dimen184
\pgf@xd=\dimen185
\pgf@yd=\dimen186
\w@pgf@writea=\write3
\r@pgf@reada=\read2
\c@pgf@counta=\count286
\c@pgf@countb=\count287
\c@pgf@countc=\count288
\c@pgf@countd=\count289
\t@pgf@toka=\toks25
\t@pgf@tokb=\toks26
\t@pgf@tokc=\toks27
\pgf@sys@id@count=\count290

(/usr/share/texlive/texmf-dist/tex/generic/pgf/systemlayer/pgf.cfg
File: pgf.cfg 2023-01-15 v3.1.10 (3.1.10)
)
Driver file for pgf: pgfsys-pdftex.def

(/usr/share/texlive/texmf-dist/tex/generic/pgf/systemlayer/pgfsys-pdftex.def
File: pgfsys-pdftex.def 2023-01-15 v3.1.10 (3.1.10)

(/usr/share/texlive/texmf-dist/tex/generic/pgf/systemlayer/pgfsys-common-pdf.de
f
File: pgfsys-common-pdf.def 2023-01-15 v3.1.10 (3.1.10)
)))
(/usr/share/texlive/texmf-dist/tex/generic/pgf/systemlayer/pgfsyssoftpath.code.
tex
File: pgfsyssoftpath.code.tex 2023-01-15 v3.1.10 (3.1.10)
\pgfsyssoftpath@smallbuffer@items=\count291
\pgfsyssoftpath@bigbuffer@items=\count292
)
(/usr/share/texlive/texmf-dist/tex/generic/pgf/systemlayer/pgfsysprotocol.code.
tex
File: pgfsysprotocol.code.tex 2023-01-15 v3.1.10 (3.1.10)
)) (/usr/share/texlive/texmf-dist/tex/latex/xcolor/xcolor.sty
Package: xcolor 2022/06/12 v2.14 LaTeX color extensions (UK)

(/usr/share/texlive/texmf-dist/tex/latex/graphics-cfg/color.cfg
File: color.cfg 2016/01/02 v1.6 sample color configuration
)
Package xcolor Info: Driver file: pdftex.def on input line 227.

(/usr/share/texlive/texmf-dist/tex/latex/graphics/mathcolor.ltx)
Package xcolor Info: Model `cmy' substituted by `cmy0' on input line 1353.
Package xcolor Info: Model `hsb' substituted by `rgb' on input line 1357.
Package xcolor Info: Model `RGB' extended on input line 1369.
Package xcolor Info: Model `HTML' substituted by `rgb' on input line 1371.
Package xcolor Info: Model `Hsb' substituted by `hsb' on input line 1372.
Package xcolor Info: Model `tHsb' substituted by `hsb' on input line 1373.
Package xcolor Info: Model `HSB' substituted by `hsb' on input line 1374.
Package xcolor Info: Model `Gray' substituted by `gray' on input line 1375.
Package xcolor Info: Model `wave' substituted by `hsb' on input line 1376.
)
(/usr/share/texlive/texmf-dist/tex/generic/pgf/basiclayer/pgfcore.code.tex
Package: pgfcore 2023-01-15 v3.1.10 (3.1.10)

(/usr/share/texlive/texmf-dist/tex/generic/pgf/math/pgfint.code.tex)
(/usr/share/texlive/texmf-dist/tex/generic/pgf/basiclayer/pgfcorepoints.code.te
x
File: pgfcorepoints.code.tex 2023-01-15 v3.1.10 (3.1.10)
\pgf@picminx=\dimen187
\pgf@picmaxx=\dimen188
\pgf@picminy=\dimen189
\pgf@picmaxy=\dimen190
\pgf@pathminx=\dimen191
\pgf@pathmaxx=\dimen192
\pgf@pathminy=\dimen193
\pgf@pathmaxy=\dimen194
\pgf@xx=\dimen195
\pgf@xy=\dimen196
\pgf@yx=\dimen197
\pgf@yy=\dimen198
\pgf@zx=\dimen199
\pgf@zy=\dimen256
)
(/usr/share/texlive/texmf-dist/tex/generic/pgf/basiclayer/pgfcorepathconstruct.
code.tex
File: pgfcorepathconstruct.code.tex 2023-01-15 v3.1.10 (3.1.10)
\pgf@path@lastx=\dimen257
\pgf@path@lasty=\dimen258
)
(/usr/share/texlive/texmf-dist/tex/generic/pgf/basiclayer/pgfcorepathusage.code
.tex
File: pgfcorepathusage.code.tex 2023-01-15 v3.1.10 (3.1.10)
\pgf@shorten@end@additional=\dimen259
\pgf@shorten@start@additional=\dimen260
)
(/usr/share/texlive/texmf-dist/tex/generic/pgf/basiclayer/pgfcorescopes.code.te
x
File: pgfcorescopes.code.tex 2023-01-15 v3.1.10 (3.1.10)
\pgfpic=\box62
\pgf@hbox=\box63
\pgf@layerbox@main=\box64
\pgf@picture@serial@count=\count293
)
(/usr/share/texlive/texmf-dist/tex/generic/pgf/basiclayer/pgfcoregraphicstate.c
ode.tex
File: pgfcoregraphicstate.code.tex 2023-01-15 v3.1.10 (3.1.10)
\pgflinewidth=\dimen261
)
(/usr/share/texlive/texmf-dist/tex/generic/pgf/basiclayer/pgfcoretransformation
s.code.tex
File: pgfcoretransformations.code.tex 2023-01-15 v3.1.10 (3.1.10)
\pgf@pt@x=\dimen262
\pgf@pt@y=\dimen263
\pgf@pt@temp=\dimen264
)
(/usr/share/texlive/texmf-dist/tex/generic/pgf/basiclayer/pgfcorequick.code.tex
File: pgfcorequick.code.tex 2023-01-15 v3.1.10 (3.1.10)
)
(/usr/share/texlive/texmf-dist/tex/generic/pgf/basiclayer/pgfcoreobjects.code.t
ex
File: pgfcoreobjects.code.tex 2023-01-15 v3.1.10 (3.1.10)
)
(/usr/share/texlive/texmf-dist/tex/generic/pgf/basiclayer/pgfcorepathprocessing
.code.tex
File: pgfcorepathprocessing.code.tex 2023-01-15 v3.1.10 (3.1.10)
)
(/usr/share/texlive/texmf-dist/tex/generic/pgf/basiclayer/pgfcorearrows.code.te
x
File: pgfcorearrows.code.tex 2023-01-15 v3.1.10 (3.1.10)
\pgfarrowsep=\dimen265
)
(/usr/share/texlive/texmf-dist/tex/generic/pgf/basiclayer/pgfcoreshade.code.tex
File: pgfcoreshade.code.tex 2023-01-15 v3.1.10 (3.1.10)
\pgf@max=\dimen266
\pgf@sys@shading@range@num=\count294
\pgf@shadingcount=\count295
)
(/usr/share/texlive/texmf-dist/tex/generic/pgf/basiclayer/pgfcoreimage.code.tex
File: pgfcoreimage.code.tex 2023-01-15 v3.1.10 (3.1.10)
)
(/usr/share/texlive/texmf-dist/tex/generic/pgf/basiclayer/pgfcoreexternal.code.
tex
File: pgfcoreexternal.code.tex 2023-01-15 v3.1.10 (3.1.10)
\pgfexternal@startupbox=\box65
)
(/usr/share/texlive/texmf-dist/tex/generic/pgf/basiclayer/pgfcorelayers.code.te
x
File: pgfcorelayers.code.tex 2023-01-15 v3.1.10 (3.1.10)
)
(/usr/share/texlive/texmf-dist/tex/generic/pgf/basiclayer/pgfcoretransparency.c
ode.tex
File: pgfcoretransparency.code.tex 2023-01-15 v3.1.10 (3.1.10)
)
(/usr/share/texlive/texmf-dist/tex/generic/pgf/basiclayer/pgfcorepatterns.code.
tex
File: pgfcorepatterns.code.tex 2023-01-15 v3.1.10 (3.1.10)
)
(/usr/share/texlive/texmf-dist/tex/generic/pgf/basiclayer/pgfcorerdf.code.tex
File: pgfcorerdf.code.tex 2023-01-15 v3.1.10 (3.1.10)
))) (/usr/share/texlive/texmf-dist/tex/latex/pgf/utilities/xxcolor.sty
Package: xxcolor 2003/10/24 ver 0.1
\XC@nummixins=\count296
\XC@countmixins=\count297
)
(/usr/share/texlive/texmf-dist/tex/latex/base/atbegshi-ltx.sty
Package: atbegshi-ltx 2021/01/10 v1.0c Emulation of the original atbegshi
package with kernel methods
)
(/usr/share/texlive/texmf-dist/tex/latex/hyperref/hyperref.sty
Package: hyperref 2023-02-07 v7.00v Hypertext links for LaTeX

(/usr/share/texlive/texmf-dist/tex/generic/ltxcmds/ltxcmds.sty
Package: ltxcmds 2020-05-10 v1.25 LaTeX kernel commands for general use (HO)
)
(/usr/share/texlive/texmf-dist/tex/generic/pdftexcmds/pdftexcmds.sty
Package: pdftexcmds 2020-06-27 v0.33 Utility functions of pdfTeX for LuaTeX (HO
)

(/usr/share/texlive/texmf-dist/tex/generic/infwarerr/infwarerr.sty
Package: infwarerr 2019/12/03 v1.5 Providing info/warning/error messages (HO)
)
Package pdftexcmds Info: \pdf@primitive is available.
Package pdftexcmds Info: \pdf@ifprimitive is available.
Package pdftexcmds Info: \pdfdraftmode found.
)
(/usr/share/texlive/texmf-dist/tex/latex/kvsetkeys/kvsetkeys.sty
Package: kvsetkeys 2022-10-05 v1.19 Key value parser (HO)
)
(/usr/share/texlive/texmf-dist/tex/generic/kvdefinekeys/kvdefinekeys.sty
Package: kvdefinekeys 2019-12-19 v1.6 Define keys (HO)
)
(/usr/share/texlive/texmf-dist/tex/generic/pdfescape/pdfescape.sty
Package: pdfescape 2019/12/09 v1.15 Implements pdfTeX's escape features (HO)
)
(/usr/share/texlive/texmf-dist/tex/latex/hycolor/hycolor.sty
Package: hycolor 2020-01-27 v1.10 Color options for hyperref/bookmark (HO)
)
(/usr/share/texlive/texmf-dist/tex/latex/letltxmacro/letltxmacro.sty
Package: letltxmacro 2019/12/03 v1.6 Let assignment for LaTeX macros (HO)
)
(/usr/share/texlive/texmf-dist/tex/latex/auxhook/auxhook.sty
Package: auxhook 2019-12-17 v1.6 Hooks for auxiliary files (HO)
)
(/usr/share/texlive/texmf-dist/tex/latex/hyperref/nameref.sty
Package: nameref 2022-05-17 v2.50 Cross-referencing by name of section

(/usr/share/texlive/texmf-dist/tex/latex/refcount/refcount.sty
Package: refcount 2019/12/15 v3.6 Data extraction from label references (HO)
)
(/usr/share/texlive/texmf-dist/tex/generic/gettitlestring/gettitlestring.sty
Package: gettitlestring 2019/12/15 v1.6 Cleanup title references (HO)

(/usr/share/texlive/texmf-dist/tex/latex/kvoptions/kvoptions.sty
Package: kvoptions 2022-06-15 v3.15 Key value format for package options (HO)
))
\c@section@level=\count298
)
\@linkdim=\dimen267
\Hy@linkcounter=\count299
\Hy@pagecounter=\count300

(/usr/share/texlive/texmf-dist/tex/latex/hyperref/pd1enc.def
File: pd1enc.def 2023-02-07 v7.00v Hyperref: PDFDocEncoding definition (HO)
Now handling font encoding PD1 ...
... no UTF-8 mapping file for font encoding PD1
)
(/usr/share/texlive/texmf-dist/tex/generic/intcalc/intcalc.sty
Package: intcalc 2019/12/15 v1.3 Expandable calculations with integers (HO)
)
(/usr/share/texlive/texmf-dist/tex/generic/etexcmds/etexcmds.sty
Package: etexcmds 2019/12/15 v1.7 Avoid name clashes with e-TeX commands (HO)
)
\Hy@SavedSpaceFactor=\count301

(/usr/share/texlive/texmf-dist/tex/latex/hyperref/puenc.def
File: puenc.def 2023-02-07 v7.00v Hyperref: PDF Unicode definition (HO)
Now handling font encoding PU ...
... no UTF-8 mapping file for font encoding PU
)
Package hyperref Info: Option `bookmarks' set `true' on input line 4060.
Package hyperref Info: Option `bookmarksopen' set `true' on input line 4060.
Package hyperref Info: Option `implicit' set `false' on input line 4060.
Package hyperref Info: Hyper figures OFF on input line 4177.
Package hyperref Info: Link nesting OFF on input line 4182.
Package hyperref Info: Hyper index ON on input line 4185.
Package hyperref Info: Plain pages OFF on input line 4192.
Package hyperref Info: Backreferencing OFF on input line 4197.
Package hyperref Info: Implicit mode OFF; no redefinition of LaTeX internals.
Package hyperref Info: Bookmarks ON on input line 4425.
\c@Hy@tempcnt=\count302

(/usr/share/texlive/texmf-dist/tex/latex/url/url.sty
\Urlmuskip=\muskip16
Package: url 2013/09/16  ver 3.4  Verb mode for urls, etc.
)
LaTeX Info: Redefining \url on input line 4763.
\XeTeXLinkMargin=\dimen268

(/usr/share/texlive/texmf-dist/tex/generic/bitset/bitset.sty
Package: bitset 2019/12/09 v1.3 Handle bit-vector datatype (HO)

(/usr/share/texlive/texmf-dist/tex/generic/bigintcalc/bigintcalc.sty
Package: bigintcalc 2019/12/15 v1.5 Expandable calculations on big integers (HO
)
))
\Fld@menulength=\count303
\Field@Width=\dimen269
\Fld@charsize=\dimen270
Package hyperref Info: Hyper figures OFF on input line 6042.
Package hyperref Info: Link nesting OFF on input line 6047.
Package hyperref Info: Hyper index ON on input line 6050.
Package hyperref Info: backreferencing OFF on input line 6057.
Package hyperref Info: Link coloring OFF on input line 6062.
Package hyperref Info: Link coloring with OCG OFF on input line 6067.
Package hyperref Info: PDF/A mode OFF on input line 6072.
\Hy@abspage=\count304


Package hyperref Message: Stopped early.

)
Package hyperref Info: Driver (autodetected): hpdftex.
 (/usr/share/texlive/texmf-dist/tex/latex/hyperref/hpdftex.def
File: hpdftex.def 2023-02-07 v7.00v Hyperref driver for pdfTeX

(/usr/share/texlive/texmf-dist/tex/latex/base/atveryend-ltx.sty
Package: atveryend-ltx 2020/08/19 v1.0a Emulation of the original atveryend pac
kage
with kernel methods
)
\Fld@listcount=\count305
\c@bookmark@seq@number=\count306

(/usr/share/texlive/texmf-dist/tex/latex/rerunfilecheck/rerunfilecheck.sty
Package: rerunfilecheck 2022-07-10 v1.10 Rerun checks for auxiliary files (HO)

(/usr/share/texlive/texmf-dist/tex/generic/uniquecounter/uniquecounter.sty
Package: uniquecounter 2019/12/15 v1.4 Provide unlimited unique counter (HO)
)
Package uniquecounter Info: New unique counter `rerunfilecheck' on input line 2
85.
))
(/usr/share/texlive/texmf-dist/tex/latex/beamer/beamerbaserequires.sty
(/usr/share/texlive/texmf-dist/tex/latex/beamer/beamerbasecompatibility.sty)
(/usr/share/texlive/texmf-dist/tex/latex/beamer/beamerbasefont.sty
(/usr/share/texlive/texmf-dist/tex/latex/amsfonts/amssymb.sty
Package: amssymb 2013/01/14 v3.01 AMS font symbols

(/usr/share/texlive/texmf-dist/tex/latex/amsfonts/amsfonts.sty
Package: amsfonts 2013/01/14 v3.01 Basic AMSFonts support
\@emptytoks=\toks28
\symAMSa=\mathgroup4
\symAMSb=\mathgroup5
LaTeX Font Info:    Redeclaring math symbol \hbar on input line 98.
LaTeX Font Info:    Overwriting math alphabet `\mathfrak' in version `bold'
(Font)                  U/euf/m/n --> U/euf/b/n on input line 106.
))
(/usr/share/texlive/texmf-dist/tex/latex/sansmathaccent/sansmathaccent.sty
Package: sansmathaccent 2020/01/31

(/usr/share/texlive/texmf-dist/tex/latex/koma-script/scrlfile.sty
Package: scrlfile 2022/10/12 v3.38 KOMA-Script package (file load hooks)

(/usr/share/texlive/texmf-dist/tex/latex/koma-script/scrlfile-hook.sty
Package: scrlfile-hook 2022/10/12 v3.38 KOMA-Script package (using LaTeX hooks)


(/usr/share/texlive/texmf-dist/tex/latex/koma-script/scrlogo.sty
Package: scrlogo 2022/10/12 v3.38 KOMA-Script package (logo)
)))))
(/usr/share/texlive/texmf-dist/tex/latex/beamer/beamerbasetranslator.sty
(/usr/share/texlive/texmf-dist/tex/latex/translator/translator.sty
Package: translator 2021-05-31 v1.12d Easy translation of strings in LaTeX
))
(/usr/share/texlive/texmf-dist/tex/latex/beamer/beamerbasemisc.sty)
(/usr/share/texlive/texmf-dist/tex/latex/beamer/beamerbasetwoscreens.sty)
(/usr/share/texlive/texmf-dist/tex/latex/beamer/beamerbaseoverlay.sty
\beamer@argscount=\count307
\beamer@lastskipcover=\skip51
\beamer@trivlistdepth=\count308
)
(/usr/share/texlive/texmf-dist/tex/latex/beamer/beamerbasetitle.sty)
(/usr/share/texlive/texmf-dist/tex/latex/beamer/beamerbasesection.sty
\c@lecture=\count309
\c@part=\count310
\c@section=\count311
\c@subsection=\count312
\c@subsubsection=\count313
)
(/usr/share/texlive/texmf-dist/tex/latex/beamer/beamerbaseframe.sty
\beamer@framebox=\box66
\beamer@frametitlebox=\box67
\beamer@zoombox=\box68
\beamer@zoomcount=\count314
\beamer@zoomframecount=\count315
\beamer@frametextheight=\dimen271
\c@subsectionslide=\count316
\beamer@frametopskip=\skip52
\beamer@framebottomskip=\skip53
\beamer@frametopskipautobreak=\skip54
\beamer@framebottomskipautobreak=\skip55
\beamer@envbody=\toks29
\framewidth=\dimen272
\c@framenumber=\count317
)
(/usr/share/texlive/texmf-dist/tex/latex/beamer/beamerbaseverbatim.sty
\beamer@verbatimfileout=\write4
)
(/usr/share/texlive/texmf-dist/tex/latex/beamer/beamerbaseframesize.sty
\beamer@splitbox=\box69
\beamer@autobreakcount=\count318
\beamer@autobreaklastheight=\dimen273
\beamer@frametitletoks=\toks30
\beamer@framesubtitletoks=\toks31
)
(/usr/share/texlive/texmf-dist/tex/latex/beamer/beamerbaseframecomponents.sty
\beamer@footins=\box70
)
(/usr/share/texlive/texmf-dist/tex/latex/beamer/beamerbasecolor.sty)
(/usr/share/texlive/texmf-dist/tex/latex/beamer/beamerbasenotes.sty
\beamer@frameboxcopy=\box71
)
(/usr/share/texlive/texmf-dist/tex/latex/beamer/beamerbasetoc.sty)
(/usr/share/texlive/texmf-dist/tex/latex/beamer/beamerbasetemplates.sty
\beamer@sbttoks=\toks32

(/usr/share/texlive/texmf-dist/tex/latex/beamer/beamerbaseauxtemplates.sty
(/usr/share/texlive/texmf-dist/tex/latex/beamer/beamerbaseboxes.sty
\bmb@box=\box72
\bmb@colorbox=\box73
\bmb@boxwidth=\dimen274
\bmb@boxheight=\dimen275
\bmb@prevheight=\dimen276
\bmb@temp=\dimen277
\bmb@dima=\dimen278
\bmb@dimb=\dimen279
\bmb@prevheight=\dimen280
)
\beamer@blockheadheight=\dimen281
))
(/usr/share/texlive/texmf-dist/tex/latex/beamer/beamerbaselocalstructure.sty
(/usr/share/texlive/texmf-dist/tex/latex/tools/enumerate.sty
Package: enumerate 2015/07/23 v3.00 enumerate extensions (DPC)
\@enLab=\toks33
)
\beamer@bibiconwidth=\skip56
\c@figure=\count319
\c@table=\count320
\abovecaptionskip=\skip57
\belowcaptionskip=\skip58
)
(/usr/share/texlive/texmf-dist/tex/latex/beamer/beamerbasenavigation.sty
(/usr/share/texlive/texmf-dist/tex/latex/beamer/beamerbasenavigationsymbols.tex
)
\beamer@section@min@dim=\dimen282
) (/usr/share/texlive/texmf-dist/tex/latex/beamer/beamerbasetheorems.sty
(/usr/share/texlive/texmf-dist/tex/latex/amsmath/amsmath.sty
Package: amsmath 2022/04/08 v2.17n AMS math features
\@mathmargin=\skip59

For additional information on amsmath, use the `?' option.
(/usr/share/texlive/texmf-dist/tex/latex/amsmath/amstext.sty
Package: amstext 2021/08/26 v2.01 AMS text

(/usr/share/texlive/texmf-dist/tex/latex/amsmath/amsgen.sty
File: amsgen.sty 1999/11/30 v2.0 generic functions
\@emptytoks=\toks34
\ex@=\dimen283
))
(/usr/share/texlive/texmf-dist/tex/latex/amsmath/amsbsy.sty
Package: amsbsy 1999/11/29 v1.2d Bold Symbols
\pmbraise@=\dimen284
)
(/usr/share/texlive/texmf-dist/tex/latex/amsmath/amsopn.sty
Package: amsopn 2022/04/08 v2.04 operator names
)
\inf@bad=\count321
LaTeX Info: Redefining \frac on input line 234.
\uproot@=\count322
\leftroot@=\count323
LaTeX Info: Redefining \overline on input line 399.
LaTeX Info: Redefining \colon on input line 410.
\classnum@=\count324
\DOTSCASE@=\count325
LaTeX Info: Redefining \ldots on input line 496.
LaTeX Info: Redefining \dots on input line 499.
LaTeX Info: Redefining \cdots on input line 620.
\Mathstrutbox@=\box74
\strutbox@=\box75
LaTeX Info: Redefining \big on input line 722.
LaTeX Info: Redefining \Big on input line 723.
LaTeX Info: Redefining \bigg on input line 724.
LaTeX Info: Redefining \Bigg on input line 725.
\big@size=\dimen285
LaTeX Font Info:    Redeclaring font encoding OML on input line 743.
LaTeX Font Info:    Redeclaring font encoding OMS on input line 744.
\macc@depth=\count326
LaTeX Info: Redefining \bmod on input line 905.
LaTeX Info: Redefining \pmod on input line 910.
LaTeX Info: Redefining \smash on input line 940.
LaTeX Info: Redefining \relbar on input line 970.
LaTeX Info: Redefining \Relbar on input line 971.
\c@MaxMatrixCols=\count327
\dotsspace@=\muskip17
\c@parentequation=\count328
\dspbrk@lvl=\count329
\tag@help=\toks35
\row@=\count330
\column@=\count331
\maxfields@=\count332
\andhelp@=\toks36
\eqnshift@=\dimen286
\alignsep@=\dimen287
\tagshift@=\dimen288
\tagwidth@=\dimen289
\totwidth@=\dimen290
\lineht@=\dimen291
\@envbody=\toks37
\multlinegap=\skip60
\multlinetaggap=\skip61
\mathdisplay@stack=\toks38
LaTeX Info: Redefining \[ on input line 2953.
LaTeX Info: Redefining \] on input line 2954.
)
(/usr/share/texlive/texmf-dist/tex/latex/amscls/amsthm.sty
Package: amsthm 2020/05/29 v2.20.6
\thm@style=\toks39
\thm@bodyfont=\toks40
\thm@headfont=\toks41
\thm@notefont=\toks42
\thm@headpunct=\toks43
\thm@preskip=\skip62
\thm@postskip=\skip63
\thm@headsep=\skip64
\dth@everypar=\toks44
)
\c@theorem=\count333
)
(/usr/share/texlive/texmf-dist/tex/latex/beamer/beamerbasethemes.sty))
(/usr/share/texlive/texmf-dist/tex/latex/beamer/beamerthemedefault.sty
(/usr/share/texlive/texmf-dist/tex/latex/beamer/beamerfontthemedefault.sty)
(/usr/share/texlive/texmf-dist/tex/latex/beamer/beamercolorthemedefault.sty)
(/usr/share/texlive/texmf-dist/tex/latex/beamer/beamerinnerthemedefault.sty
\beamer@dima=\dimen292
\beamer@dimb=\dimen293
)
(/usr/share/texlive/texmf-dist/tex/latex/beamer/beamerouterthemedefault.sty)))
(/usr/share/texlive/texmf-dist/tex/latex/beamer/beamerthemeAntibes.sty
(/usr/share/texlive/texmf-dist/tex/latex/beamer/beamerouterthemetree.sty)
(/usr/share/texlive/texmf-dist/tex/latex/beamer/beamercolorthemewhale.sty)
(/usr/share/texlive/texmf-dist/tex/latex/beamer/beamercolorthemeorchid.sty)
(/usr/share/texlive/texmf-dist/tex/latex/beamer/beamerinnerthemerectangles.sty)
) (/usr/share/texlive/texmf-dist/tex/latex/l3backend/l3backend-pdftex.def
File: l3backend-pdftex.def 2023-01-16 L3 backend support: PDF output (pdfTeX)
\l__color_backend_stack_int=\count334
\l__pdf_internal_box=\box76
)
(./mainExpB.aux)
\openout1 = `mainExpB.aux'.

LaTeX Font Info:    Checking defaults for OML/cmm/m/it on input line 53.
LaTeX Font Info:    ... okay on input line 53.
LaTeX Font Info:    Checking defaults for OMS/cmsy/m/n on input line 53.
LaTeX Font Info:    ... okay on input line 53.
LaTeX Font Info:    Checking defaults for OT1/cmr/m/n on input line 53.
LaTeX Font Info:    ... okay on input line 53.
LaTeX Font Info:    Checking defaults for T1/cmr/m/n on input line 53.
LaTeX Font Info:    ... okay on input line 53.
LaTeX Font Info:    Checking defaults for TS1/cmr/m/n on input line 53.
LaTeX Font Info:    ... okay on input line 53.
LaTeX Font Info:    Checking defaults for OMX/cmex/m/n on input line 53.
LaTeX Font Info:    ... okay on input line 53.
LaTeX Font Info:    Checking defaults for U/cmr/m/n on input line 53.
LaTeX Font Info:    ... okay on input line 53.
LaTeX Font Info:    Checking defaults for PD1/pdf/m/n on input line 53.
LaTeX Font Info:    ... okay on input line 53.
LaTeX Font Info:    Checking defaults for PU/pdf/m/n on input line 53.
LaTeX Font Info:    ... okay on input line 53.

*geometry* driver: auto-detecting
*geometry* detected driver: pdftex
*geometry* verbose mode - [ preamble ] result:
* driver: pdftex
* paper: custom
* layout: <same size as paper>
* layoutoffset:(h,v)=(0.0pt,0.0pt)
* modes: includehead includefoot 
* h-part:(L,W,R)=(28.45274pt, 307.28987pt, 28.45274pt)
* v-part:(T,H,B)=(0.0pt, 273.14662pt, 0.0pt)
* \paperwidth=364.19536pt
* \paperheight=273.14662pt
* \textwidth=307.28987pt
* \textheight=244.6939pt
* \oddsidemargin=-43.81725pt
* \evensidemargin=-43.81725pt
* \topmargin=-72.26999pt
* \headheight=14.22636pt
* \headsep=0.0pt
* \topskip=11.0pt
* \footskip=14.22636pt
* \marginparwidth=4.0pt
* \marginparsep=10.0pt
* \columnsep=10.0pt
* \skip\footins=10.0pt plus 4.0pt minus 2.0pt
* \hoffset=0.0pt
* \voffset=0.0pt
* \mag=1000
* \@twocolumnfalse
* \@twosidefalse
* \@mparswitchfalse
* \@reversemarginfalse
* (1in=72.27pt=25.4mm, 1cm=28.453pt)

(/usr/share/texlive/texmf-dist/tex/context/base/mkii/supp-pdf.mkii
[Loading MPS to PDF converter (version 2006.09.02).]
\scratchcounter=\count335
\scratchdimen=\dimen294
\scratchbox=\box77
\nofMPsegments=\count336
\nofMParguments=\count337
\everyMPshowfont=\toks45
\MPscratchCnt=\count338
\MPscratchDim=\dimen295
\MPnumerator=\count339
\makeMPintoPDFobject=\count340
\everyMPtoPDFconversion=\toks46
) (/usr/share/texlive/texmf-dist/tex/latex/epstopdf-pkg/epstopdf-base.sty
Package: epstopdf-base 2020-01-24 v2.11 Base part for package epstopdf
Package epstopdf-base Info: Redefining graphics rule for `.eps' on input line 4
85.

(/usr/share/texlive/texmf-dist/tex/latex/latexconfig/epstopdf-sys.cfg
File: epstopdf-sys.cfg 2010/07/13 v1.3 Configuration of (r)epstopdf for TeX Liv
e
))
Package hyperref Info: Link coloring OFF on input line 53.

(./mainExpB.out) (./mainExpB.out)
\@outlinefile=\write5
\openout5 = `mainExpB.out'.

LaTeX Font Info:    Overwriting symbol font `operators' in version `normal'
(Font)                  OT1/cmr/m/n --> OT1/cmss/m/n on input line 53.
LaTeX Font Info:    Overwriting symbol font `operators' in version `bold'
(Font)                  OT1/cmr/bx/n --> OT1/cmss/b/n on input line 53.
\symnumbers=\mathgroup6
\sympureletters=\mathgroup7
LaTeX Font Info:    Overwriting math alphabet `\mathrm' in version `normal'
(Font)                  OT1/cmss/m/n --> OT1/cmr/m/n on input line 53.
LaTeX Font Info:    Redeclaring math alphabet \mathbf on input line 53.
LaTeX Font Info:    Overwriting math alphabet `\mathbf' in version `normal'
(Font)                  OT1/cmr/bx/n --> OT1/cmss/b/n on input line 53.
LaTeX Font Info:    Overwriting math alphabet `\mathbf' in version `bold'
(Font)                  OT1/cmr/bx/n --> OT1/cmss/b/n on input line 53.
LaTeX Font Info:    Redeclaring math alphabet \mathsf on input line 53.
LaTeX Font Info:    Overwriting math alphabet `\mathsf' in version `normal'
(Font)                  OT1/cmss/m/n --> OT1/cmss/m/n on input line 53.
LaTeX Font Info:    Overwriting math alphabet `\mathsf' in version `bold'
(Font)                  OT1/cmss/bx/n --> OT1/cmss/m/n on input line 53.
LaTeX Font Info:    Redeclaring math alphabet \mathit on input line 53.
LaTeX Font Info:    Overwriting math alphabet `\mathit' in version `normal'
(Font)                  OT1/cmr/m/it --> OT1/cmss/m/it on input line 53.
LaTeX Font Info:    Overwriting math alphabet `\mathit' in version `bold'
(Font)                  OT1/cmr/bx/it --> OT1/cmss/m/it on input line 53.
LaTeX Font Info:    Redeclaring math alphabet \mathtt on input line 53.
LaTeX Font Info:    Overwriting math alphabet `\mathtt' in version `normal'
(Font)                  OT1/cmtt/m/n --> OT1/cmtt/m/n on input line 53.
LaTeX Font Info:    Overwriting math alphabet `\mathtt' in version `bold'
(Font)                  OT1/cmtt/m/n --> OT1/cmtt/m/n on input line 53.
LaTeX Font Info:    Overwriting symbol font `numbers' in version `bold'
(Font)                  OT1/cmss/m/n --> OT1/cmss/b/n on input line 53.
LaTeX Font Info:    Overwriting symbol font `pureletters' in version `bold'
(Font)                  OT1/cmss/m/it --> OT1/cmss/b/it on input line 53.
LaTeX Font Info:    Overwriting math alphabet `\mathrm' in version `bold'
(Font)                  OT1/cmss/b/n --> OT1/cmr/b/n on input line 53.
LaTeX Font Info:    Overwriting math alphabet `\mathbf' in version `bold'
(Font)                  OT1/cmss/b/n --> OT1/cmss/b/n on input line 53.
LaTeX Font Info:    Overwriting math alphabet `\mathsf' in version `bold'
(Font)                  OT1/cmss/m/n --> OT1/cmss/b/n on input line 53.
LaTeX Font Info:    Overwriting math alphabet `\mathit' in version `bold'
(Font)                  OT1/cmss/m/it --> OT1/cmss/b/it on input line 53.
LaTeX Font Info:    Overwriting math alphabet `\mathtt' in version `bold'
(Font)                  OT1/cmtt/m/n --> OT1/cmtt/b/n on input line 53.
LaTeX Font Info:    Redeclaring symbol font `pureletters' on input line 53.
LaTeX Font Info:    Overwriting symbol font `pureletters' in version `normal'
(Font)                  OT1/cmss/m/it --> OT1/mathkerncmss/m/sl on input line 5
3.
LaTeX Font Info:    Overwriting symbol font `pureletters' in version `bold'
(Font)                  OT1/cmss/b/it --> OT1/mathkerncmss/m/sl on input line 5
3.
LaTeX Font Info:    Overwriting symbol font `pureletters' in version `bold'
(Font)                  OT1/mathkerncmss/m/sl --> OT1/mathkerncmss/bx/sl on inp
ut line 53.

(/usr/share/texlive/texmf-dist/tex/latex/translator/translator-basic-dictionary
-English.dict
Dictionary: translator-basic-dictionary, Language: English 
)
(/usr/share/texlive/texmf-dist/tex/latex/translator/translator-bibliography-dic
tionary-English.dict
Dictionary: translator-bibliography-dictionary, Language: English 
)
(/usr/share/texlive/texmf-dist/tex/latex/translator/translator-environment-dict
ionary-English.dict
Dictionary: translator-environment-dictionary, Language: English 
)
(/usr/share/texlive/texmf-dist/tex/latex/translator/translator-months-dictionar
y-English.dict
Dictionary: translator-months-dictionary, Language: English 
)
(/usr/share/texlive/texmf-dist/tex/latex/translator/translator-numbers-dictiona
ry-English.dict
Dictionary: translator-numbers-dictionary, Language: English 
)
(/usr/share/texlive/texmf-dist/tex/latex/translator/translator-theorem-dictiona
ry-English.dict
Dictionary: translator-theorem-dictionary, Language: English 
) (./mainExpB.nav)

Package hyperref Warning: Option `pdfauthor' has already been used,
(hyperref)                setting the option has no effect on input line 55.

[1{/var/lib/texmf/fonts/map/pdftex/updmap/pdftex.map}

] [2

] (./mainExpB.toc)
[3

] [4


] [5


] [6

]
LaTeX Font Info:    Trying to load font information for U+msa on input line 98.

 (/usr/share/texlive/texmf-dist/tex/latex/amsfonts/umsa.fd
File: umsa.fd 2013/01/14 v3.01 AMS symbols A
)
LaTeX Font Info:    Trying to load font information for U+msb on input line 98.


(/usr/share/texlive/texmf-dist/tex/latex/amsfonts/umsb.fd
File: umsb.fd 2013/01/14 v3.01 AMS symbols B
)
LaTeX Font Info:    Trying to load font information for OT1+mathkerncmss on inp
ut line 98.

(/usr/share/texlive/texmf-dist/tex/latex/sansmathaccent/ot1mathkerncmss.fd
File: ot1mathkerncmss.fd 2020/01/31 Fontinst v1.933 font definitions for OT1/ma
thkerncmss.
)
[7

] [8

] [9

] (./ExpBCommonTable000.tex) [10

] (./ExpBCommonTable001.tex) [11

]
(./ExpBDifferentTable000.tex
Overfull \hbox (47.6864pt too wide) in paragraph at lines 5--26
 [] 
 []

) [12

] (./ExpBDifferentTable001.tex
Overfull \hbox (47.6864pt too wide) in paragraph at lines 5--21
 [] 
 []

) [13

] (./ExpBMeanMatrixTable000.tex) [14

] (./ExpBMeanMatrixTable001.tex)
[15

] [16

] (./ExpBMeanMatrixTable002.tex) [17

] (./ExpBMeanMatrixTable003.tex)
[18

]
Package epstopdf Info: Source file: <ExpBboxplottGenerations000.eps>
(epstopdf)                    date: 2025-05-09 19:04:42
(epstopdf)                    size: 7389 bytes
(epstopdf)             Output file: <ExpBboxplottGenerations000-eps-converted-t
o.pdf>
(epstopdf)                    date: 2025-05-09 19:05:33
(epstopdf)                    size: 10757 bytes
(epstopdf)             Command: <repstopdf --outfile=ExpBboxplottGenerations000
-eps-converted-to.pdf ExpBboxplottGenerations000.eps>
(epstopdf)             \includegraphics on input line 273.
Package epstopdf Info: Output file is already uptodate.
<ExpBboxplottGenerations000-eps-converted-to.pdf, id=733, 578.16pt x 758.835pt>

File: ExpBboxplottGenerations000-eps-converted-to.pdf Graphic file (type pdf)
<use ExpBboxplottGenerations000-eps-converted-to.pdf>
Package pdftex.def Info: ExpBboxplottGenerations000-eps-converted-to.pdf  used 
on input line 273.
(pdftex.def)             Requested size: 153.64493pt x 201.65768pt.
 [19

 <./ExpBboxplottGenerations000-eps-converted-to.pdf>]
Package epstopdf Info: Source file: <ExpBboxplottGenerations001.eps>
(epstopdf)                    date: 2025-05-09 19:04:42
(epstopdf)                    size: 7640 bytes
(epstopdf)             Output file: <ExpBboxplottGenerations001-eps-converted-t
o.pdf>
(epstopdf)                    date: 2025-05-09 19:05:34
(epstopdf)                    size: 11322 bytes
(epstopdf)             Command: <repstopdf --outfile=ExpBboxplottGenerations001
-eps-converted-to.pdf ExpBboxplottGenerations001.eps>
(epstopdf)             \includegraphics on input line 286.
Package epstopdf Info: Output file is already uptodate.
<ExpBboxplottGenerations001-eps-converted-to.pdf, id=774, 578.16pt x 758.835pt>

File: ExpBboxplottGenerations001-eps-converted-to.pdf Graphic file (type pdf)
<use ExpBboxplottGenerations001-eps-converted-to.pdf>
Package pdftex.def Info: ExpBboxplottGenerations001-eps-converted-to.pdf  used 
on input line 286.
(pdftex.def)             Requested size: 153.64493pt x 201.65768pt.
 [20

 <./ExpBboxplottGenerations001-eps-converted-to.pdf>]
Package epstopdf Info: Source file: <ExpBboxplottGenerations002.eps>
(epstopdf)                    date: 2025-05-09 19:04:42
(epstopdf)                    size: 8179 bytes
(epstopdf)             Output file: <ExpBboxplottGenerations002-eps-converted-t
o.pdf>
(epstopdf)                    date: 2025-05-09 19:05:34
(epstopdf)                    size: 12138 bytes
(epstopdf)             Command: <repstopdf --outfile=ExpBboxplottGenerations002
-eps-converted-to.pdf ExpBboxplottGenerations002.eps>
(epstopdf)             \includegraphics on input line 299.
Package epstopdf Info: Output file is already uptodate.
<ExpBboxplottGenerations002-eps-converted-to.pdf, id=813, 578.16pt x 758.835pt>

File: ExpBboxplottGenerations002-eps-converted-to.pdf Graphic file (type pdf)
<use ExpBboxplottGenerations002-eps-converted-to.pdf>
Package pdftex.def Info: ExpBboxplottGenerations002-eps-converted-to.pdf  used 
on input line 299.
(pdftex.def)             Requested size: 153.64493pt x 201.65768pt.
 [21

 <./ExpBboxplottGenerations002-eps-converted-to.pdf>]
Package epstopdf Info: Source file: <ExpBboxplottGenerations003.eps>
(epstopdf)                    date: 2025-05-09 19:04:42
(epstopdf)                    size: 7914 bytes
(epstopdf)             Output file: <ExpBboxplottGenerations003-eps-converted-t
o.pdf>
(epstopdf)                    date: 2025-05-09 19:05:34
(epstopdf)                    size: 12008 bytes
(epstopdf)             Command: <repstopdf --outfile=ExpBboxplottGenerations003
-eps-converted-to.pdf ExpBboxplottGenerations003.eps>
(epstopdf)             \includegraphics on input line 312.
Package epstopdf Info: Output file is already uptodate.
<ExpBboxplottGenerations003-eps-converted-to.pdf, id=852, 578.16pt x 758.835pt>

File: ExpBboxplottGenerations003-eps-converted-to.pdf Graphic file (type pdf)
<use ExpBboxplottGenerations003-eps-converted-to.pdf>
Package pdftex.def Info: ExpBboxplottGenerations003-eps-converted-to.pdf  used 
on input line 312.
(pdftex.def)             Requested size: 153.64493pt x 201.65768pt.
 [22

 <./ExpBboxplottGenerations003-eps-converted-to.pdf>]
Package epstopdf Info: Source file: <ExpBboxplottGenerations004.eps>
(epstopdf)                    date: 2025-05-09 19:04:42
(epstopdf)                    size: 7362 bytes
(epstopdf)             Output file: <ExpBboxplottGenerations004-eps-converted-t
o.pdf>
(epstopdf)                    date: 2025-05-09 19:05:35
(epstopdf)                    size: 11548 bytes
(epstopdf)             Command: <repstopdf --outfile=ExpBboxplottGenerations004
-eps-converted-to.pdf ExpBboxplottGenerations004.eps>
(epstopdf)             \includegraphics on input line 325.
Package epstopdf Info: Output file is already uptodate.
<ExpBboxplottGenerations004-eps-converted-to.pdf, id=892, 578.16pt x 758.835pt>

File: ExpBboxplottGenerations004-eps-converted-to.pdf Graphic file (type pdf)
<use ExpBboxplottGenerations004-eps-converted-to.pdf>
Package pdftex.def Info: ExpBboxplottGenerations004-eps-converted-to.pdf  used 
on input line 325.
(pdftex.def)             Requested size: 153.64493pt x 201.65768pt.

[23

 <./ExpBboxplottGenerations004-eps-converted-to.pdf>] [24

]
Package epstopdf Info: Source file: <ExpBboxplottGenerations005.eps>
(epstopdf)                    date: 2025-05-09 19:04:42
(epstopdf)                    size: 7987 bytes
(epstopdf)             Output file: <ExpBboxplottGenerations005-eps-converted-t
o.pdf>
(epstopdf)                    date: 2025-05-09 19:05:35
(epstopdf)                    size: 12440 bytes
(epstopdf)             Command: <repstopdf --outfile=ExpBboxplottGenerations005
-eps-converted-to.pdf ExpBboxplottGenerations005.eps>
(epstopdf)             \includegraphics on input line 355.
Package epstopdf Info: Output file is already uptodate.
<ExpBboxplottGenerations005-eps-converted-to.pdf, id=959, 578.16pt x 758.835pt>

File: ExpBboxplottGenerations005-eps-converted-to.pdf Graphic file (type pdf)
<use ExpBboxplottGenerations005-eps-converted-to.pdf>
Package pdftex.def Info: ExpBboxplottGenerations005-eps-converted-to.pdf  used 
on input line 355.
(pdftex.def)             Requested size: 153.64493pt x 201.65768pt.
 [25

 <./ExpBboxplottGenerations005-eps-converted-to.pdf>]
Package epstopdf Info: Source file: <ExpBboxplottGenerations006.eps>
(epstopdf)                    date: 2025-05-09 19:04:42
(epstopdf)                    size: 7534 bytes
(epstopdf)             Output file: <ExpBboxplottGenerations006-eps-converted-t
o.pdf>
(epstopdf)                    date: 2025-05-09 19:05:36
(epstopdf)                    size: 11422 bytes
(epstopdf)             Command: <repstopdf --outfile=ExpBboxplottGenerations006
-eps-converted-to.pdf ExpBboxplottGenerations006.eps>
(epstopdf)             \includegraphics on input line 368.
Package epstopdf Info: Output file is already uptodate.
<ExpBboxplottGenerations006-eps-converted-to.pdf, id=1000, 578.16pt x 758.835pt
>
File: ExpBboxplottGenerations006-eps-converted-to.pdf Graphic file (type pdf)
<use ExpBboxplottGenerations006-eps-converted-to.pdf>
Package pdftex.def Info: ExpBboxplottGenerations006-eps-converted-to.pdf  used 
on input line 368.
(pdftex.def)             Requested size: 153.64493pt x 201.65768pt.
 [26

 <./ExpBboxplottGenerations006-eps-converted-to.pdf>]
Package epstopdf Info: Source file: <ExpBboxplottGenerations007.eps>
(epstopdf)                    date: 2025-05-09 19:04:42
(epstopdf)                    size: 7824 bytes
(epstopdf)             Output file: <ExpBboxplottGenerations007-eps-converted-t
o.pdf>
(epstopdf)                    date: 2025-05-09 19:05:37
(epstopdf)                    size: 11273 bytes
(epstopdf)             Command: <repstopdf --outfile=ExpBboxplottGenerations007
-eps-converted-to.pdf ExpBboxplottGenerations007.eps>
(epstopdf)             \includegraphics on input line 381.
Package epstopdf Info: Output file is already uptodate.
<ExpBboxplottGenerations007-eps-converted-to.pdf, id=1039, 578.16pt x 758.835pt
>
File: ExpBboxplottGenerations007-eps-converted-to.pdf Graphic file (type pdf)
<use ExpBboxplottGenerations007-eps-converted-to.pdf>
Package pdftex.def Info: ExpBboxplottGenerations007-eps-converted-to.pdf  used 
on input line 381.
(pdftex.def)             Requested size: 153.64493pt x 201.65768pt.
 [27

 <./ExpBboxplottGenerations007-eps-converted-to.pdf>]
Package epstopdf Info: Source file: <ExpBboxplottGenerations008.eps>
(epstopdf)                    date: 2025-05-09 19:04:42
(epstopdf)                    size: 7464 bytes
(epstopdf)             Output file: <ExpBboxplottGenerations008-eps-converted-t
o.pdf>
(epstopdf)                    date: 2025-05-09 19:05:39
(epstopdf)                    size: 11274 bytes
(epstopdf)             Command: <repstopdf --outfile=ExpBboxplottGenerations008
-eps-converted-to.pdf ExpBboxplottGenerations008.eps>
(epstopdf)             \includegraphics on input line 394.
Package epstopdf Info: Output file is already uptodate.
<ExpBboxplottGenerations008-eps-converted-to.pdf, id=1078, 578.16pt x 758.835pt
>
File: ExpBboxplottGenerations008-eps-converted-to.pdf Graphic file (type pdf)
<use ExpBboxplottGenerations008-eps-converted-to.pdf>
Package pdftex.def Info: ExpBboxplottGenerations008-eps-converted-to.pdf  used 
on input line 394.
(pdftex.def)             Requested size: 153.64493pt x 201.65768pt.

[28

 <./ExpBboxplottGenerations008-eps-converted-to.pdf>]
Package epstopdf Info: Source file: <ExpBboxplottGenerations009.eps>
(epstopdf)                    date: 2025-05-09 19:04:42
(epstopdf)                    size: 7554 bytes
(epstopdf)             Output file: <ExpBboxplottGenerations009-eps-converted-t
o.pdf>
(epstopdf)                    date: 2025-05-09 19:05:41
(epstopdf)                    size: 11658 bytes
(epstopdf)             Command: <repstopdf --outfile=ExpBboxplottGenerations009
-eps-converted-to.pdf ExpBboxplottGenerations009.eps>
(epstopdf)             \includegraphics on input line 407.
Package epstopdf Info: Output file is already uptodate.
<ExpBboxplottGenerations009-eps-converted-to.pdf, id=1118, 578.16pt x 758.835pt
>
File: ExpBboxplottGenerations009-eps-converted-to.pdf Graphic file (type pdf)
<use ExpBboxplottGenerations009-eps-converted-to.pdf>
Package pdftex.def Info: ExpBboxplottGenerations009-eps-converted-to.pdf  used 
on input line 407.
(pdftex.def)             Requested size: 153.64493pt x 201.65768pt.
 [29

 <./ExpBboxplottGenerations009-eps-converted-to.pdf>] [30

] (./ExpBStatsTable000.tex
Overfull \hbox (45.18333pt too wide) in paragraph at lines 5--26
 [] 
 []

) [31

] (./ExpBStatsTable001.tex
Overfull \hbox (40.93327pt too wide) in paragraph at lines 5--26
 [] 
 []

) [32

] (./ExpBStatsTable002.tex) [33

] (./ExpBStatsTable003.tex) [34

]
(./ExpBStatsTable004.tex) [35

] (./ExpBStatsTable005.tex) [36

]
(./ExpBStatsTable006.tex) [37

] (./ExpBtParmTable000.tex) [38

]
(./ExpBtParmTable001.tex) [39

] (./ExpBtParmTable002.tex) [40

]
(./ExpBtParmTable003.tex) [41

] (./ExpBGrammarTable000.tex) [42

]
(./ExpBStatsTable007.tex
Overfull \hbox (7.9328pt too wide) in paragraph at lines 5--15
 [] 
 []

) [43

] (./ExpBSolutionTable000.tex) [44

]

pdfTeX warning: pdflatex (file ./ExpBDerivationTreeFigure000.pdf): PDF inclusio
n: found PDF version <1.7>, but at most version <1.5> allowed
<ExpBDerivationTreeFigure000.pdf, id=1614, 505.89pt x 505.89pt>
File: ExpBDerivationTreeFigure000.pdf Graphic file (type pdf)
<use ExpBDerivationTreeFigure000.pdf>
Package pdftex.def Info: ExpBDerivationTreeFigure000.pdf  used on input line 62
0.
(pdftex.def)             Requested size: 153.64493pt x 153.64394pt.
[45

 <./ExpBDerivationTreeFigure000.pdf>]
Package epstopdf Info: Source file: <ExpBPlotPopStatsFigure000.eps>
(epstopdf)                    date: 2025-05-09 19:04:44
(epstopdf)                    size: 5883 bytes
(epstopdf)             Output file: <ExpBPlotPopStatsFigure000-eps-converted-to
.pdf>
(epstopdf)                    date: 2025-05-09 19:05:43
(epstopdf)                    size: 13093 bytes
(epstopdf)             Command: <repstopdf --outfile=ExpBPlotPopStatsFigure000-
eps-converted-to.pdf ExpBPlotPopStatsFigure000.eps>
(epstopdf)             \includegraphics on input line 633.
Package epstopdf Info: Output file is already uptodate.
<ExpBPlotPopStatsFigure000-eps-converted-to.pdf, id=1653, 578.16pt x 758.835pt>

File: ExpBPlotPopStatsFigure000-eps-converted-to.pdf Graphic file (type pdf)
<use ExpBPlotPopStatsFigure000-eps-converted-to.pdf>
Package pdftex.def Info: ExpBPlotPopStatsFigure000-eps-converted-to.pdf  used o
n input line 633.
(pdftex.def)             Requested size: 153.64493pt x 201.65768pt.
 [46

 <./ExpBPlotPopStatsFigure000-eps-converted-to.pdf>] (./ExpBtParmTable004.tex) 
[47

] (./ExpBtParmTable005.tex)
[48

] (./ExpBtParmTable006.tex) [49

] (./ExpBtParmTable007.tex) [50

]
(./ExpBGrammarTable001.tex) [51

] (./ExpBStatsTable008.tex
Overfull \hbox (12.18286pt too wide) in paragraph at lines 5--15
 [] 
 []

) [52

] (./ExpBSolutionTable001.tex) [53

]

pdfTeX warning: pdflatex (file ./ExpBDerivationTreeFigure001.pdf): PDF inclusio
n: found PDF version <1.7>, but at most version <1.5> allowed
<ExpBDerivationTreeFigure001.pdf, id=1918, 505.89pt x 505.89pt>
File: ExpBDerivationTreeFigure001.pdf Graphic file (type pdf)
<use ExpBDerivationTreeFigure001.pdf>
Package pdftex.def Info: ExpBDerivationTreeFigure001.pdf  used on input line 74
1.
(pdftex.def)             Requested size: 153.64493pt x 153.64394pt.
[54

 <./ExpBDerivationTreeFigure001.pdf>]
Package epstopdf Info: Source file: <ExpBPlotPopStatsFigure001.eps>
(epstopdf)                    date: 2025-05-09 19:04:45
(epstopdf)                    size: 6705 bytes
(epstopdf)             Output file: <ExpBPlotPopStatsFigure001-eps-converted-to
.pdf>
(epstopdf)                    date: 2025-05-09 19:05:45
(epstopdf)                    size: 13266 bytes
(epstopdf)             Command: <repstopdf --outfile=ExpBPlotPopStatsFigure001-
eps-converted-to.pdf ExpBPlotPopStatsFigure001.eps>
(epstopdf)             \includegraphics on input line 754.
Package epstopdf Info: Output file is already uptodate.
<ExpBPlotPopStatsFigure001-eps-converted-to.pdf, id=1957, 578.16pt x 758.835pt>

File: ExpBPlotPopStatsFigure001-eps-converted-to.pdf Graphic file (type pdf)
<use ExpBPlotPopStatsFigure001-eps-converted-to.pdf>
Package pdftex.def Info: ExpBPlotPopStatsFigure001-eps-converted-to.pdf  used o
n input line 754.
(pdftex.def)             Requested size: 153.64493pt x 201.65768pt.
 [55

 <./ExpBPlotPopStatsFigure001-eps-converted-to.pdf>] (./ExpBtParmTable008.tex) 
[56

] (./ExpBtParmTable009.tex)
[57

] (./ExpBtParmTable010.tex) [58

] (./ExpBtParmTable011.tex) [59

]
(./ExpBGrammarTable002.tex) [60

] (./ExpBStatsTable009.tex
Overfull \hbox (37.68323pt too wide) in paragraph at lines 5--15
 [] 
 []

) [61

] (./ExpBSolutionTable002.tex
Underfull \hbox (badness 10000) in paragraph at lines 9--10
[]\OT1/cmss/m/n/8 AND(NOT(AND(NOT(AND(OR(AND(D2, D1), D4), D4)),
 []


Underfull \hbox (badness 10000) in paragraph at lines 9--10
\OT1/cmss/m/n/8 NOT(AND(NOT(NOT(NOT(D1))), NOT(OR(D4, D1)))))),
 []

) [62

]

pdfTeX warning: pdflatex (file ./ExpBDerivationTreeFigure002.pdf): PDF inclusio
n: found PDF version <1.7>, but at most version <1.5> allowed
<ExpBDerivationTreeFigure002.pdf, id=2222, 505.89pt x 505.89pt>
File: ExpBDerivationTreeFigure002.pdf Graphic file (type pdf)
<use ExpBDerivationTreeFigure002.pdf>
Package pdftex.def Info: ExpBDerivationTreeFigure002.pdf  used on input line 86
2.
(pdftex.def)             Requested size: 153.64493pt x 153.64394pt.
[63

 <./ExpBDerivationTreeFigure002.pdf>]
Package epstopdf Info: Source file: <ExpBPlotPopStatsFigure002.eps>
(epstopdf)                    date: 2025-05-09 19:04:46
(epstopdf)                    size: 36466 bytes
(epstopdf)             Output file: <ExpBPlotPopStatsFigure002-eps-converted-to
.pdf>
(epstopdf)                    date: 2025-05-09 19:05:47
(epstopdf)                    size: 21978 bytes
(epstopdf)             Command: <repstopdf --outfile=ExpBPlotPopStatsFigure002-
eps-converted-to.pdf ExpBPlotPopStatsFigure002.eps>
(epstopdf)             \includegraphics on input line 875.
Package epstopdf Info: Output file is already uptodate.
<ExpBPlotPopStatsFigure002-eps-converted-to.pdf, id=2262, 578.16pt x 758.835pt>

File: ExpBPlotPopStatsFigure002-eps-converted-to.pdf Graphic file (type pdf)
<use ExpBPlotPopStatsFigure002-eps-converted-to.pdf>
Package pdftex.def Info: ExpBPlotPopStatsFigure002-eps-converted-to.pdf  used o
n input line 875.
(pdftex.def)             Requested size: 153.64493pt x 201.65768pt.
 [64

 <./ExpBPlotPopStatsFigure002-eps-converted-to.pdf>] (./ExpBtParmTable012.tex) 
[65

] (./ExpBtParmTable013.tex)
[66

] (./ExpBtParmTable014.tex) [67

] (./ExpBtParmTable015.tex) [68

]
(./ExpBGrammarTable003.tex) [69

] (./ExpBStatsTable010.tex
Overfull \hbox (37.68323pt too wide) in paragraph at lines 5--15
 [] 
 []

) [70

] (./ExpBSolutionTable003.tex) [71

]

pdfTeX warning: pdflatex (file ./ExpBDerivationTreeFigure003.pdf): PDF inclusio
n: found PDF version <1.7>, but at most version <1.5> allowed
<ExpBDerivationTreeFigure003.pdf, id=2526, 505.89pt x 505.89pt>
File: ExpBDerivationTreeFigure003.pdf Graphic file (type pdf)
<use ExpBDerivationTreeFigure003.pdf>
Package pdftex.def Info: ExpBDerivationTreeFigure003.pdf  used on input line 98
3.
(pdftex.def)             Requested size: 153.64493pt x 153.64394pt.
[72

 <./ExpBDerivationTreeFigure003.pdf>]
Package epstopdf Info: Source file: <ExpBPlotPopStatsFigure003.eps>
(epstopdf)                    date: 2025-05-09 19:04:47
(epstopdf)                    size: 36669 bytes
(epstopdf)             Output file: <ExpBPlotPopStatsFigure003-eps-converted-to
.pdf>
(epstopdf)                    date: 2025-05-09 19:05:51
(epstopdf)                    size: 22677 bytes
(epstopdf)             Command: <repstopdf --outfile=ExpBPlotPopStatsFigure003-
eps-converted-to.pdf ExpBPlotPopStatsFigure003.eps>
(epstopdf)             \includegraphics on input line 996.
Package epstopdf Info: Output file is already uptodate.
<ExpBPlotPopStatsFigure003-eps-converted-to.pdf, id=2565, 578.16pt x 758.835pt>

File: ExpBPlotPopStatsFigure003-eps-converted-to.pdf Graphic file (type pdf)
<use ExpBPlotPopStatsFigure003-eps-converted-to.pdf>
Package pdftex.def Info: ExpBPlotPopStatsFigure003-eps-converted-to.pdf  used o
n input line 996.
(pdftex.def)             Requested size: 153.64493pt x 201.65768pt.
 [73

 <./ExpBPlotPopStatsFigure003-eps-converted-to.pdf>] (./ExpBtParmTable016.tex) 
[74

] (./ExpBtParmTable017.tex)
[75

] (./ExpBtParmTable018.tex) [76

] (./ExpBtParmTable019.tex) [77

]
(./ExpBGrammarTable004.tex) [78

] (./ExpBStatsTable011.tex
Overfull \hbox (33.43317pt too wide) in paragraph at lines 5--15
 [] 
 []

) [79

] (./ExpBSolutionTable004.tex
Underfull \hbox (badness 10000) in paragraph at lines 9--10
[]\OT1/cmss/m/n/8 AND(NOT(NOT(AND(D2, AND(OR(NOT(NOT(D4)),
 []


Underfull \hbox (badness 10000) in paragraph at lines 9--10
\OT1/cmss/m/n/8 D2), OR(AND(D6, D1), NOT(OR(D1, D6))))))),
 []

) [80

]

pdfTeX warning: pdflatex (file ./ExpBDerivationTreeFigure004.pdf): PDF inclusio
n: found PDF version <1.7>, but at most version <1.5> allowed
<ExpBDerivationTreeFigure004.pdf, id=2831, 505.89pt x 505.89pt>
File: ExpBDerivationTreeFigure004.pdf Graphic file (type pdf)
<use ExpBDerivationTreeFigure004.pdf>
Package pdftex.def Info: ExpBDerivationTreeFigure004.pdf  used on input line 11
04.
(pdftex.def)             Requested size: 153.64493pt x 153.64394pt.
[81

 <./ExpBDerivationTreeFigure004.pdf>]
Package epstopdf Info: Source file: <ExpBPlotPopStatsFigure004.eps>
(epstopdf)                    date: 2025-05-09 19:04:47
(epstopdf)                    size: 37009 bytes
(epstopdf)             Output file: <ExpBPlotPopStatsFigure004-eps-converted-to
.pdf>
(epstopdf)                    date: 2025-05-09 19:05:54
(epstopdf)                    size: 20726 bytes
(epstopdf)             Command: <repstopdf --outfile=ExpBPlotPopStatsFigure004-
eps-converted-to.pdf ExpBPlotPopStatsFigure004.eps>
(epstopdf)             \includegraphics on input line 1117.
Package epstopdf Info: Output file is already uptodate.
<ExpBPlotPopStatsFigure004-eps-converted-to.pdf, id=2870, 578.16pt x 758.835pt>

File: ExpBPlotPopStatsFigure004-eps-converted-to.pdf Graphic file (type pdf)
<use ExpBPlotPopStatsFigure004-eps-converted-to.pdf>
Package pdftex.def Info: ExpBPlotPopStatsFigure004-eps-converted-to.pdf  used o
n input line 1117.
(pdftex.def)             Requested size: 153.64493pt x 201.65768pt.
 [82

 <./ExpBPlotPopStatsFigure004-eps-converted-to.pdf>] (./ExpBtParmTable020.tex) 
[83

] (./ExpBtParmTable021.tex)
[84

] (./ExpBtParmTable022.tex) [85

] (./ExpBtParmTable023.tex) [86

]
(./ExpBGrammarTable005.tex) [87

] (./ExpBStatsTable012.tex) [88

]
(./ExpBSolutionTable005.tex) [89

]

pdfTeX warning: pdflatex (file ./ExpBDerivationTreeFigure005.pdf): PDF inclusio
n: found PDF version <1.7>, but at most version <1.5> allowed
<ExpBDerivationTreeFigure005.pdf, id=3134, 505.89pt x 505.89pt>
File: ExpBDerivationTreeFigure005.pdf Graphic file (type pdf)
<use ExpBDerivationTreeFigure005.pdf>
Package pdftex.def Info: ExpBDerivationTreeFigure005.pdf  used on input line 12
25.
(pdftex.def)             Requested size: 153.64493pt x 153.64394pt.
[90

 <./ExpBDerivationTreeFigure005.pdf>]
Package epstopdf Info: Source file: <ExpBPlotPopStatsFigure005.eps>
(epstopdf)                    date: 2025-05-09 19:04:48
(epstopdf)                    size: 5361 bytes
(epstopdf)             Output file: <ExpBPlotPopStatsFigure005-eps-converted-to
.pdf>
(epstopdf)                    date: 2025-05-09 19:05:56
(epstopdf)                    size: 12957 bytes
(epstopdf)             Command: <repstopdf --outfile=ExpBPlotPopStatsFigure005-
eps-converted-to.pdf ExpBPlotPopStatsFigure005.eps>
(epstopdf)             \includegraphics on input line 1238.
Package epstopdf Info: Output file is already uptodate.
<ExpBPlotPopStatsFigure005-eps-converted-to.pdf, id=3174, 578.16pt x 758.835pt>

File: ExpBPlotPopStatsFigure005-eps-converted-to.pdf Graphic file (type pdf)
<use ExpBPlotPopStatsFigure005-eps-converted-to.pdf>
Package pdftex.def Info: ExpBPlotPopStatsFigure005-eps-converted-to.pdf  used o
n input line 1238.
(pdftex.def)             Requested size: 153.64493pt x 201.65768pt.
 [91

 <./ExpBPlotPopStatsFigure005-eps-converted-to.pdf>] (./ExpBtParmTable024.tex) 
[92

] (./ExpBtParmTable025.tex)
[93

] (./ExpBtParmTable026.tex) [94

] (./ExpBtParmTable027.tex) [95

]
(./ExpBGrammarTable006.tex) [96

] (./ExpBStatsTable013.tex) [97

]
(./ExpBSolutionTable006.tex) [98

]

pdfTeX warning: pdflatex (file ./ExpBDerivationTreeFigure006.pdf): PDF inclusio
n: found PDF version <1.7>, but at most version <1.5> allowed
<ExpBDerivationTreeFigure006.pdf, id=3439, 505.89pt x 505.89pt>
File: ExpBDerivationTreeFigure006.pdf Graphic file (type pdf)
<use ExpBDerivationTreeFigure006.pdf>
Package pdftex.def Info: ExpBDerivationTreeFigure006.pdf  used on input line 13
46.
(pdftex.def)             Requested size: 153.64493pt x 153.64394pt.
[99

 <./ExpBDerivationTreeFigure006.pdf>]
Package epstopdf Info: Source file: <ExpBPlotPopStatsFigure006.eps>
(epstopdf)                    date: 2025-05-09 19:04:48
(epstopdf)                    size: 5502 bytes
(epstopdf)             Output file: <ExpBPlotPopStatsFigure006-eps-converted-to
.pdf>
(epstopdf)                    date: 2025-05-09 19:05:58
(epstopdf)                    size: 13001 bytes
(epstopdf)             Command: <repstopdf --outfile=ExpBPlotPopStatsFigure006-
eps-converted-to.pdf ExpBPlotPopStatsFigure006.eps>
(epstopdf)             \includegraphics on input line 1359.
Package epstopdf Info: Output file is already uptodate.
<ExpBPlotPopStatsFigure006-eps-converted-to.pdf, id=3478, 578.16pt x 758.835pt>

File: ExpBPlotPopStatsFigure006-eps-converted-to.pdf Graphic file (type pdf)
<use ExpBPlotPopStatsFigure006-eps-converted-to.pdf>
Package pdftex.def Info: ExpBPlotPopStatsFigure006-eps-converted-to.pdf  used o
n input line 1359.
(pdftex.def)             Requested size: 153.64493pt x 201.65768pt.
 [100

 <./ExpBPlotPopStatsFigure006-eps-converted-to.pdf>] (./ExpBtParmTable028.tex) 
[101

] (./ExpBtParmTable029.tex)
[102

] (./ExpBtParmTable030.tex) [103

] (./ExpBtParmTable031.tex) [104

]
(./ExpBGrammarTable007.tex) [105

] (./ExpBStatsTable014.tex
Overfull \hbox (33.43317pt too wide) in paragraph at lines 5--15
 [] 
 []

) [106

] (./ExpBSolutionTable007.tex) [107

]

pdfTeX warning: pdflatex (file ./ExpBDerivationTreeFigure007.pdf): PDF inclusio
n: found PDF version <1.7>, but at most version <1.5> allowed
<ExpBDerivationTreeFigure007.pdf, id=3743, 505.89pt x 505.89pt>
File: ExpBDerivationTreeFigure007.pdf Graphic file (type pdf)
<use ExpBDerivationTreeFigure007.pdf>
Package pdftex.def Info: ExpBDerivationTreeFigure007.pdf  used on input line 14
67.
(pdftex.def)             Requested size: 153.64493pt x 153.64394pt.
[108

 <./ExpBDerivationTreeFigure007.pdf>]
Package epstopdf Info: Source file: <ExpBPlotPopStatsFigure007.eps>
(epstopdf)                    date: 2025-05-09 19:04:48
(epstopdf)                    size: 8782 bytes
(epstopdf)             Output file: <ExpBPlotPopStatsFigure007-eps-converted-to
.pdf>
(epstopdf)                    date: 2025-05-09 19:05:58
(epstopdf)                    size: 14119 bytes
(epstopdf)             Command: <repstopdf --outfile=ExpBPlotPopStatsFigure007-
eps-converted-to.pdf ExpBPlotPopStatsFigure007.eps>
(epstopdf)             \includegraphics on input line 1480.
Package epstopdf Info: Output file is already uptodate.
<ExpBPlotPopStatsFigure007-eps-converted-to.pdf, id=3782, 578.16pt x 758.835pt>

File: ExpBPlotPopStatsFigure007-eps-converted-to.pdf Graphic file (type pdf)
<use ExpBPlotPopStatsFigure007-eps-converted-to.pdf>
Package pdftex.def Info: ExpBPlotPopStatsFigure007-eps-converted-to.pdf  used o
n input line 1480.
(pdftex.def)             Requested size: 153.64493pt x 201.65768pt.
 [109

 <./ExpBPlotPopStatsFigure007-eps-converted-to.pdf>] (./ExpBtParmTable032.tex) 
[110

] (./ExpBtParmTable033.tex)
[111

] (./ExpBtParmTable034.tex) [112

] (./ExpBtParmTable035.tex) [113

]
(./ExpBGrammarTable008.tex) [114

] (./ExpBStatsTable015.tex
Overfull \hbox (33.43317pt too wide) in paragraph at lines 5--15
 [] 
 []

) [115

] (./ExpBSolutionTable008.tex) [116

]

pdfTeX warning: pdflatex (file ./ExpBDerivationTreeFigure008.pdf): PDF inclusio
n: found PDF version <1.7>, but at most version <1.5> allowed
<ExpBDerivationTreeFigure008.pdf, id=4047, 505.89pt x 505.89pt>
File: ExpBDerivationTreeFigure008.pdf Graphic file (type pdf)
<use ExpBDerivationTreeFigure008.pdf>
Package pdftex.def Info: ExpBDerivationTreeFigure008.pdf  used on input line 15
88.
(pdftex.def)             Requested size: 153.64493pt x 153.64394pt.
[117

 <./ExpBDerivationTreeFigure008.pdf>]
Package epstopdf Info: Source file: <ExpBPlotPopStatsFigure008.eps>
(epstopdf)                    date: 2025-05-09 19:04:49
(epstopdf)                    size: 21217 bytes
(epstopdf)             Output file: <ExpBPlotPopStatsFigure008-eps-converted-to
.pdf>
(epstopdf)                    date: 2025-05-09 19:05:59
(epstopdf)                    size: 18435 bytes
(epstopdf)             Command: <repstopdf --outfile=ExpBPlotPopStatsFigure008-
eps-converted-to.pdf ExpBPlotPopStatsFigure008.eps>
(epstopdf)             \includegraphics on input line 1601.
Package epstopdf Info: Output file is already uptodate.
<ExpBPlotPopStatsFigure008-eps-converted-to.pdf, id=4087, 578.16pt x 758.835pt>

File: ExpBPlotPopStatsFigure008-eps-converted-to.pdf Graphic file (type pdf)
<use ExpBPlotPopStatsFigure008-eps-converted-to.pdf>
Package pdftex.def Info: ExpBPlotPopStatsFigure008-eps-converted-to.pdf  used o
n input line 1601.
(pdftex.def)             Requested size: 153.64493pt x 201.65768pt.
 [118

 <./ExpBPlotPopStatsFigure008-eps-converted-to.pdf>] (./ExpBtParmTable036.tex) 
[119

] (./ExpBtParmTable037.tex)
[120

] (./ExpBtParmTable038.tex) [121

] (./ExpBtParmTable039.tex) [122

]
(./ExpBGrammarTable009.tex) [123

] (./ExpBStatsTable016.tex
Overfull \hbox (33.43317pt too wide) in paragraph at lines 5--15
 [] 
 []

) [124

] (./ExpBSolutionTable009.tex
Underfull \hbox (badness 4416) in paragraph at lines 9--10
[]\OT1/cmss/m/n/8 NOT(OR(NOT(OR(AND(D1, D1), AND(NOT(D6), NOT(D6)))),
 []


Underfull \hbox (badness 7451) in paragraph at lines 9--10
\OT1/cmss/m/n/8 OR(NOT(AND(OR(AND(D6, D6), AND(NOT(D1), NOT(D1))),
 []

) [125

]

pdfTeX warning: pdflatex (file ./ExpBDerivationTreeFigure009.pdf): PDF inclusio
n: found PDF version <1.7>, but at most version <1.5> allowed
<ExpBDerivationTreeFigure009.pdf, id=4351, 505.89pt x 505.89pt>
File: ExpBDerivationTreeFigure009.pdf Graphic file (type pdf)
<use ExpBDerivationTreeFigure009.pdf>
Package pdftex.def Info: ExpBDerivationTreeFigure009.pdf  used on input line 17
09.
(pdftex.def)             Requested size: 153.64493pt x 153.64394pt.
[126

 <./ExpBDerivationTreeFigure009.pdf>]
Package epstopdf Info: Source file: <ExpBPlotPopStatsFigure009.eps>
(epstopdf)                    date: 2025-05-09 19:04:49
(epstopdf)                    size: 37181 bytes
(epstopdf)             Output file: <ExpBPlotPopStatsFigure009-eps-converted-to
.pdf>
(epstopdf)                    date: 2025-05-09 19:06:00
(epstopdf)                    size: 23104 bytes
(epstopdf)             Command: <repstopdf --outfile=ExpBPlotPopStatsFigure009-
eps-converted-to.pdf ExpBPlotPopStatsFigure009.eps>
(epstopdf)             \includegraphics on input line 1722.
Package epstopdf Info: Output file is already uptodate.
<ExpBPlotPopStatsFigure009-eps-converted-to.pdf, id=4390, 578.16pt x 758.835pt>

File: ExpBPlotPopStatsFigure009-eps-converted-to.pdf Graphic file (type pdf)
<use ExpBPlotPopStatsFigure009-eps-converted-to.pdf>
Package pdftex.def Info: ExpBPlotPopStatsFigure009-eps-converted-to.pdf  used o
n input line 1722.
(pdftex.def)             Requested size: 153.64493pt x 201.65768pt.
 [127

 <./ExpBPlotPopStatsFigure009-eps-converted-to.pdf>] (./ExpBtParmTable040.tex) 
[128

] (./ExpBtParmTable041.tex)
[129

] (./ExpBtParmTable042.tex) [130

] (./ExpBtParmTable043.tex) [131

]
(./ExpBGrammarTable010.tex) [132

] (./ExpBStatsTable017.tex) [133

]
(./ExpBSolutionTable010.tex) [134

]

pdfTeX warning: pdflatex (file ./ExpBDerivationTreeFigure010.pdf): PDF inclusio
n: found PDF version <1.7>, but at most version <1.5> allowed
<ExpBDerivationTreeFigure010.pdf, id=4656, 505.89pt x 505.89pt>
File: ExpBDerivationTreeFigure010.pdf Graphic file (type pdf)
<use ExpBDerivationTreeFigure010.pdf>
Package pdftex.def Info: ExpBDerivationTreeFigure010.pdf  used on input line 18
30.
(pdftex.def)             Requested size: 153.64493pt x 153.64394pt.
[135

 <./ExpBDerivationTreeFigure010.pdf>]
Package epstopdf Info: Source file: <ExpBPlotPopStatsFigure010.eps>
(epstopdf)                    date: 2025-05-09 19:04:50
(epstopdf)                    size: 5487 bytes
(epstopdf)             Output file: <ExpBPlotPopStatsFigure010-eps-converted-to
.pdf>
(epstopdf)                    date: 2025-05-09 19:06:01
(epstopdf)                    size: 13078 bytes
(epstopdf)             Command: <repstopdf --outfile=ExpBPlotPopStatsFigure010-
eps-converted-to.pdf ExpBPlotPopStatsFigure010.eps>
(epstopdf)             \includegraphics on input line 1843.
Package epstopdf Info: Output file is already uptodate.
<ExpBPlotPopStatsFigure010-eps-converted-to.pdf, id=4695, 578.16pt x 758.835pt>

File: ExpBPlotPopStatsFigure010-eps-converted-to.pdf Graphic file (type pdf)
<use ExpBPlotPopStatsFigure010-eps-converted-to.pdf>
Package pdftex.def Info: ExpBPlotPopStatsFigure010-eps-converted-to.pdf  used o
n input line 1843.
(pdftex.def)             Requested size: 153.64493pt x 201.65768pt.
 [136

 <./ExpBPlotPopStatsFigure010-eps-converted-to.pdf>] (./ExpBtParmTable044.tex) 
[137

] (./ExpBtParmTable045.tex)
[138

] (./ExpBtParmTable046.tex) [139

] (./ExpBtParmTable047.tex) [140

]
(./ExpBGrammarTable011.tex) [141

] (./ExpBStatsTable018.tex
Overfull \hbox (3.68274pt too wide) in paragraph at lines 5--15
 [] 
 []

) [142

] (./ExpBSolutionTable011.tex) [143

]

pdfTeX warning: pdflatex (file ./ExpBDerivationTreeFigure011.pdf): PDF inclusio
n: found PDF version <1.7>, but at most version <1.5> allowed
<ExpBDerivationTreeFigure011.pdf, id=4959, 505.89pt x 505.89pt>
File: ExpBDerivationTreeFigure011.pdf Graphic file (type pdf)
<use ExpBDerivationTreeFigure011.pdf>
Package pdftex.def Info: ExpBDerivationTreeFigure011.pdf  used on input line 19
51.
(pdftex.def)             Requested size: 153.64493pt x 153.64394pt.
[144

 <./ExpBDerivationTreeFigure011.pdf>]
Package epstopdf Info: Source file: <ExpBPlotPopStatsFigure011.eps>
(epstopdf)                    date: 2025-05-09 19:04:51
(epstopdf)                    size: 5365 bytes
(epstopdf)             Output file: <ExpBPlotPopStatsFigure011-eps-converted-to
.pdf>
(epstopdf)                    date: 2025-05-09 19:06:03
(epstopdf)                    size: 12999 bytes
(epstopdf)             Command: <repstopdf --outfile=ExpBPlotPopStatsFigure011-
eps-converted-to.pdf ExpBPlotPopStatsFigure011.eps>
(epstopdf)             \includegraphics on input line 1964.
Package epstopdf Info: Output file is already uptodate.
<ExpBPlotPopStatsFigure011-eps-converted-to.pdf, id=4999, 578.16pt x 758.835pt>

File: ExpBPlotPopStatsFigure011-eps-converted-to.pdf Graphic file (type pdf)
<use ExpBPlotPopStatsFigure011-eps-converted-to.pdf>
Package pdftex.def Info: ExpBPlotPopStatsFigure011-eps-converted-to.pdf  used o
n input line 1964.
(pdftex.def)             Requested size: 153.64493pt x 201.65768pt.
 [145

 <./ExpBPlotPopStatsFigure011-eps-converted-to.pdf>] (./ExpBtParmTable048.tex) 
[146

] (./ExpBtParmTable049.tex)
[147

] (./ExpBtParmTable050.tex) [148

] (./ExpBtParmTable051.tex) [149

]
(./ExpBGrammarTable012.tex) [150

] (./ExpBGrammarTable013.tex) [151

]
(./ExpBStatsTable019.tex
Overfull \hbox (33.43317pt too wide) in paragraph at lines 5--15
 [] 
 []

) [152

] (./ExpBSolutionTable012.tex
Underfull \hbox (badness 10000) in paragraph at lines 9--10
[]\OT1/cmss/m/n/8 AND(OR(AND(NOT(D1), NOT(D4)), AND(D1, D4)),
 []

) [153

]

pdfTeX warning: pdflatex (file ./ExpBDerivationTreeFigure012.pdf): PDF inclusio
n: found PDF version <1.7>, but at most version <1.5> allowed
<ExpBDerivationTreeFigure012.pdf, id=5295, 505.89pt x 505.89pt>
File: ExpBDerivationTreeFigure012.pdf Graphic file (type pdf)
<use ExpBDerivationTreeFigure012.pdf>
Package pdftex.def Info: ExpBDerivationTreeFigure012.pdf  used on input line 20
84.
(pdftex.def)             Requested size: 153.64493pt x 153.64394pt.
[154

 <./ExpBDerivationTreeFigure012.pdf>]
Package epstopdf Info: Source file: <ExpBPlotPopStatsFigure012.eps>
(epstopdf)                    date: 2025-05-09 19:04:53
(epstopdf)                    size: 14092 bytes
(epstopdf)             Output file: <ExpBPlotPopStatsFigure012-eps-converted-to
.pdf>
(epstopdf)                    date: 2025-05-09 19:06:07
(epstopdf)                    size: 15153 bytes
(epstopdf)             Command: <repstopdf --outfile=ExpBPlotPopStatsFigure012-
eps-converted-to.pdf ExpBPlotPopStatsFigure012.eps>
(epstopdf)             \includegraphics on input line 2097.
Package epstopdf Info: Output file is already uptodate.
<ExpBPlotPopStatsFigure012-eps-converted-to.pdf, id=5335, 578.16pt x 758.835pt>

File: ExpBPlotPopStatsFigure012-eps-converted-to.pdf Graphic file (type pdf)
<use ExpBPlotPopStatsFigure012-eps-converted-to.pdf>
Package pdftex.def Info: ExpBPlotPopStatsFigure012-eps-converted-to.pdf  used o
n input line 2097.
(pdftex.def)             Requested size: 153.64493pt x 201.65768pt.
 [155

 <./ExpBPlotPopStatsFigure012-eps-converted-to.pdf>] (./ExpBtParmTable052.tex) 
[156

] (./ExpBtParmTable053.tex)
[157

] (./ExpBtParmTable054.tex) [158

] (./ExpBtParmTable055.tex) [159

]
(./ExpBGrammarTable014.tex) [160

] (./ExpBGrammarTable015.tex) [161

]
(./ExpBStatsTable020.tex
Overfull \hbox (33.43317pt too wide) in paragraph at lines 5--15
 [] 
 []

) [162

] (./ExpBSolutionTable013.tex) [163

]

pdfTeX warning: pdflatex (file ./ExpBDerivationTreeFigure013.pdf): PDF inclusio
n: found PDF version <1.7>, but at most version <1.5> allowed
<ExpBDerivationTreeFigure013.pdf, id=5631, 505.89pt x 505.89pt>
File: ExpBDerivationTreeFigure013.pdf Graphic file (type pdf)
<use ExpBDerivationTreeFigure013.pdf>
Package pdftex.def Info: ExpBDerivationTreeFigure013.pdf  used on input line 22
17.
(pdftex.def)             Requested size: 153.64493pt x 153.64394pt.
[164

 <./ExpBDerivationTreeFigure013.pdf>]
Package epstopdf Info: Source file: <ExpBPlotPopStatsFigure013.eps>
(epstopdf)                    date: 2025-05-09 19:04:56
(epstopdf)                    size: 24965 bytes
(epstopdf)             Output file: <ExpBPlotPopStatsFigure013-eps-converted-to
.pdf>
(epstopdf)                    date: 2025-05-09 19:06:09
(epstopdf)                    size: 19007 bytes
(epstopdf)             Command: <repstopdf --outfile=ExpBPlotPopStatsFigure013-
eps-converted-to.pdf ExpBPlotPopStatsFigure013.eps>
(epstopdf)             \includegraphics on input line 2230.
Package epstopdf Info: Output file is already uptodate.
<ExpBPlotPopStatsFigure013-eps-converted-to.pdf, id=5671, 578.16pt x 758.835pt>

File: ExpBPlotPopStatsFigure013-eps-converted-to.pdf Graphic file (type pdf)
<use ExpBPlotPopStatsFigure013-eps-converted-to.pdf>
Package pdftex.def Info: ExpBPlotPopStatsFigure013-eps-converted-to.pdf  used o
n input line 2230.
(pdftex.def)             Requested size: 153.64493pt x 201.65768pt.
 [165

 <./ExpBPlotPopStatsFigure013-eps-converted-to.pdf>] (./ExpBtParmTable056.tex) 
[166

] (./ExpBtParmTable057.tex)
[167

] (./ExpBtParmTable058.tex) [168

] (./ExpBtParmTable059.tex) [169

]
(./ExpBGrammarTable016.tex) [170

] (./ExpBGrammarTable017.tex) [171

]
(./ExpBStatsTable021.tex
Overfull \hbox (33.43317pt too wide) in paragraph at lines 5--15
 [] 
 []

) [172

] (./ExpBSolutionTable014.tex
Underfull \hbox (badness 10000) in paragraph at lines 9--10
[]\OT1/cmss/m/n/8 AND(AND(NOT(NOT(OR(AND(D1, D6), AND(NOT(D1),
 []


Underfull \hbox (badness 10000) in paragraph at lines 9--10
\OT1/cmss/m/n/8 NOT(D5))), OR(D1, NOT(D1)))))), OR(AND(D3, D4),
 []

) [173

]

pdfTeX warning: pdflatex (file ./ExpBDerivationTreeFigure014.pdf): PDF inclusio
n: found PDF version <1.7>, but at most version <1.5> allowed
<ExpBDerivationTreeFigure014.pdf, id=5966, 505.89pt x 505.89pt>
File: ExpBDerivationTreeFigure014.pdf Graphic file (type pdf)
<use ExpBDerivationTreeFigure014.pdf>
Package pdftex.def Info: ExpBDerivationTreeFigure014.pdf  used on input line 23
50.
(pdftex.def)             Requested size: 153.64493pt x 153.64394pt.
[174

 <./ExpBDerivationTreeFigure014.pdf>]
Package epstopdf Info: Source file: <ExpBPlotPopStatsFigure014.eps>
(epstopdf)                    date: 2025-05-09 19:04:58
(epstopdf)                    size: 36813 bytes
(epstopdf)             Output file: <ExpBPlotPopStatsFigure014-eps-converted-to
.pdf>
(epstopdf)                    date: 2025-05-09 19:06:12
(epstopdf)                    size: 21848 bytes
(epstopdf)             Command: <repstopdf --outfile=ExpBPlotPopStatsFigure014-
eps-converted-to.pdf ExpBPlotPopStatsFigure014.eps>
(epstopdf)             \includegraphics on input line 2363.
Package epstopdf Info: Output file is already uptodate.
<ExpBPlotPopStatsFigure014-eps-converted-to.pdf, id=6006, 578.16pt x 758.835pt>

File: ExpBPlotPopStatsFigure014-eps-converted-to.pdf Graphic file (type pdf)
<use ExpBPlotPopStatsFigure014-eps-converted-to.pdf>
Package pdftex.def Info: ExpBPlotPopStatsFigure014-eps-converted-to.pdf  used o
n input line 2363.
(pdftex.def)             Requested size: 153.64493pt x 201.65768pt.
 [175

 <./ExpBPlotPopStatsFigure014-eps-converted-to.pdf>] (./ExpBtParmTable060.tex) 
[176

] (./ExpBtParmTable061.tex)
[177

] (./ExpBtParmTable062.tex) [178

] (./ExpBtParmTable063.tex) [179

]
(./ExpBGrammarTable018.tex) [180

] (./ExpBStatsTable022.tex) [181

]
(./ExpBSolutionTable015.tex) [182

]

pdfTeX warning: pdflatex (file ./ExpBDerivationTreeFigure015.pdf): PDF inclusio
n: found PDF version <1.7>, but at most version <1.5> allowed
<ExpBDerivationTreeFigure015.pdf, id=6271, 505.89pt x 505.89pt>
File: ExpBDerivationTreeFigure015.pdf Graphic file (type pdf)
<use ExpBDerivationTreeFigure015.pdf>
Package pdftex.def Info: ExpBDerivationTreeFigure015.pdf  used on input line 24
71.
(pdftex.def)             Requested size: 153.64493pt x 153.64394pt.
[183

 <./ExpBDerivationTreeFigure015.pdf>]
Package epstopdf Info: Source file: <ExpBPlotPopStatsFigure015.eps>
(epstopdf)                    date: 2025-05-09 19:05:00
(epstopdf)                    size: 5487 bytes
(epstopdf)             Output file: <ExpBPlotPopStatsFigure015-eps-converted-to
.pdf>
(epstopdf)                    date: 2025-05-09 19:06:14
(epstopdf)                    size: 13079 bytes
(epstopdf)             Command: <repstopdf --outfile=ExpBPlotPopStatsFigure015-
eps-converted-to.pdf ExpBPlotPopStatsFigure015.eps>
(epstopdf)             \includegraphics on input line 2484.
Package epstopdf Info: Output file is already uptodate.
<ExpBPlotPopStatsFigure015-eps-converted-to.pdf, id=6310, 578.16pt x 758.835pt>

File: ExpBPlotPopStatsFigure015-eps-converted-to.pdf Graphic file (type pdf)
<use ExpBPlotPopStatsFigure015-eps-converted-to.pdf>
Package pdftex.def Info: ExpBPlotPopStatsFigure015-eps-converted-to.pdf  used o
n input line 2484.
(pdftex.def)             Requested size: 153.64493pt x 201.65768pt.
 [184

 <./ExpBPlotPopStatsFigure015-eps-converted-to.pdf>] (./ExpBtParmTable064.tex) 
[185

] (./ExpBtParmTable065.tex)
[186

] (./ExpBtParmTable066.tex) [187

] (./ExpBtParmTable067.tex) [188

]
(./ExpBGrammarTable019.tex) [189

] (./ExpBStatsTable023.tex) [190

]
(./ExpBSolutionTable016.tex) [191

]

pdfTeX warning: pdflatex (file ./ExpBDerivationTreeFigure016.pdf): PDF inclusio
n: found PDF version <1.7>, but at most version <1.5> allowed
<ExpBDerivationTreeFigure016.pdf, id=6575, 505.89pt x 505.89pt>
File: ExpBDerivationTreeFigure016.pdf Graphic file (type pdf)
<use ExpBDerivationTreeFigure016.pdf>
Package pdftex.def Info: ExpBDerivationTreeFigure016.pdf  used on input line 25
92.
(pdftex.def)             Requested size: 153.64493pt x 153.64394pt.
[192

 <./ExpBDerivationTreeFigure016.pdf>]
Package epstopdf Info: Source file: <ExpBPlotPopStatsFigure016.eps>
(epstopdf)                    date: 2025-05-09 19:05:02
(epstopdf)                    size: 5366 bytes
(epstopdf)             Output file: <ExpBPlotPopStatsFigure016-eps-converted-to
.pdf>
(epstopdf)                    date: 2025-05-09 19:06:16
(epstopdf)                    size: 13001 bytes
(epstopdf)             Command: <repstopdf --outfile=ExpBPlotPopStatsFigure016-
eps-converted-to.pdf ExpBPlotPopStatsFigure016.eps>
(epstopdf)             \includegraphics on input line 2605.
Package epstopdf Info: Output file is already uptodate.
<ExpBPlotPopStatsFigure016-eps-converted-to.pdf, id=6614, 578.16pt x 758.835pt>

File: ExpBPlotPopStatsFigure016-eps-converted-to.pdf Graphic file (type pdf)
<use ExpBPlotPopStatsFigure016-eps-converted-to.pdf>
Package pdftex.def Info: ExpBPlotPopStatsFigure016-eps-converted-to.pdf  used o
n input line 2605.
(pdftex.def)             Requested size: 153.64493pt x 201.65768pt.
 [193

 <./ExpBPlotPopStatsFigure016-eps-converted-to.pdf>] (./ExpBtParmTable068.tex) 
[194

] (./ExpBtParmTable069.tex)
[195

] (./ExpBtParmTable070.tex) [196

] (./ExpBtParmTable071.tex) [197

]
(./ExpBGrammarTable020.tex) [198

] (./ExpBGrammarTable021.tex) [199

]
(./ExpBStatsTable024.tex
Overfull \hbox (24.93304pt too wide) in paragraph at lines 5--15
 [] 
 []

) [200

] (./ExpBSolutionTable017.tex) [201

]

pdfTeX warning: pdflatex (file ./ExpBDerivationTreeFigure017.pdf): PDF inclusio
n: found PDF version <1.7>, but at most version <1.5> allowed
<ExpBDerivationTreeFigure017.pdf, id=6911, 505.89pt x 505.89pt>
File: ExpBDerivationTreeFigure017.pdf Graphic file (type pdf)
<use ExpBDerivationTreeFigure017.pdf>
Package pdftex.def Info: ExpBDerivationTreeFigure017.pdf  used on input line 27
25.
(pdftex.def)             Requested size: 153.64493pt x 153.64394pt.
[202

 <./ExpBDerivationTreeFigure017.pdf>]
Package epstopdf Info: Source file: <ExpBPlotPopStatsFigure017.eps>
(epstopdf)                    date: 2025-05-09 19:05:03
(epstopdf)                    size: 12959 bytes
(epstopdf)             Output file: <ExpBPlotPopStatsFigure017-eps-converted-to
.pdf>
(epstopdf)                    date: 2025-05-09 19:06:19
(epstopdf)                    size: 14918 bytes
(epstopdf)             Command: <repstopdf --outfile=ExpBPlotPopStatsFigure017-
eps-converted-to.pdf ExpBPlotPopStatsFigure017.eps>
(epstopdf)             \includegraphics on input line 2738.
Package epstopdf Info: Output file is already uptodate.
<ExpBPlotPopStatsFigure017-eps-converted-to.pdf, id=6950, 578.16pt x 758.835pt>

File: ExpBPlotPopStatsFigure017-eps-converted-to.pdf Graphic file (type pdf)
<use ExpBPlotPopStatsFigure017-eps-converted-to.pdf>
Package pdftex.def Info: ExpBPlotPopStatsFigure017-eps-converted-to.pdf  used o
n input line 2738.
(pdftex.def)             Requested size: 153.64493pt x 201.65768pt.
 [203

 <./ExpBPlotPopStatsFigure017-eps-converted-to.pdf>] (./ExpBtParmTable072.tex) 
[204

] (./ExpBtParmTable073.tex)
[205

] (./ExpBtParmTable074.tex) [206

] (./ExpBtParmTable075.tex) [207

]
(./ExpBGrammarTable022.tex) [208

] (./ExpBGrammarTable023.tex) [209

]
(./ExpBStatsTable025.tex
Overfull \hbox (24.93304pt too wide) in paragraph at lines 5--15
 [] 
 []

) [210

] (./ExpBSolutionTable018.tex) [211

]

pdfTeX warning: pdflatex (file ./ExpBDerivationTreeFigure018.pdf): PDF inclusio
n: found PDF version <1.7>, but at most version <1.5> allowed
<ExpBDerivationTreeFigure018.pdf, id=7247, 505.89pt x 505.89pt>
File: ExpBDerivationTreeFigure018.pdf Graphic file (type pdf)
<use ExpBDerivationTreeFigure018.pdf>
Package pdftex.def Info: ExpBDerivationTreeFigure018.pdf  used on input line 28
58.
(pdftex.def)             Requested size: 153.64493pt x 153.64394pt.
[212

 <./ExpBDerivationTreeFigure018.pdf>]
Package epstopdf Info: Source file: <ExpBPlotPopStatsFigure018.eps>
(epstopdf)                    date: 2025-05-09 19:05:05
(epstopdf)                    size: 8339 bytes
(epstopdf)             Output file: <ExpBPlotPopStatsFigure018-eps-converted-to
.pdf>
(epstopdf)                    date: 2025-05-09 19:06:21
(epstopdf)                    size: 13659 bytes
(epstopdf)             Command: <repstopdf --outfile=ExpBPlotPopStatsFigure018-
eps-converted-to.pdf ExpBPlotPopStatsFigure018.eps>
(epstopdf)             \includegraphics on input line 2871.
Package epstopdf Info: Output file is already uptodate.
<ExpBPlotPopStatsFigure018-eps-converted-to.pdf, id=7286, 578.16pt x 758.835pt>

File: ExpBPlotPopStatsFigure018-eps-converted-to.pdf Graphic file (type pdf)
<use ExpBPlotPopStatsFigure018-eps-converted-to.pdf>
Package pdftex.def Info: ExpBPlotPopStatsFigure018-eps-converted-to.pdf  used o
n input line 2871.
(pdftex.def)             Requested size: 153.64493pt x 201.65768pt.
 [213

 <./ExpBPlotPopStatsFigure018-eps-converted-to.pdf>] (./ExpBtParmTable076.tex) 
[214

] (./ExpBtParmTable077.tex)
[215

] (./ExpBtParmTable078.tex) [216

] (./ExpBtParmTable079.tex) [217

]
(./ExpBGrammarTable024.tex) [218

] (./ExpBGrammarTable025.tex) [219

]
(./ExpBStatsTable026.tex
Overfull \hbox (37.68323pt too wide) in paragraph at lines 5--15
 [] 
 []

) [220

] (./ExpBSolutionTable019.tex
Underfull \hbox (badness 10000) in paragraph at lines 9--10
[]\OT1/cmss/m/n/8 AND(AND(OR(AND(NOT(D1), NOT(D6)), AND(D1, D6)),
 []


Underfull \hbox (badness 4328) in paragraph at lines 9--10
\OT1/cmss/m/n/8 OR(AND(NOT(D2), NOT(D5)), AND(D2, D5))), OR(AND(D3,
 []

) [221

]

pdfTeX warning: pdflatex (file ./ExpBDerivationTreeFigure019.pdf): PDF inclusio
n: found PDF version <1.7>, but at most version <1.5> allowed
<ExpBDerivationTreeFigure019.pdf, id=7582, 505.89pt x 505.89pt>
File: ExpBDerivationTreeFigure019.pdf Graphic file (type pdf)
<use ExpBDerivationTreeFigure019.pdf>
Package pdftex.def Info: ExpBDerivationTreeFigure019.pdf  used on input line 29
91.
(pdftex.def)             Requested size: 153.64493pt x 153.64394pt.
[222

 <./ExpBDerivationTreeFigure019.pdf>]
Package epstopdf Info: Source file: <ExpBPlotPopStatsFigure019.eps>
(epstopdf)                    date: 2025-05-09 19:05:07
(epstopdf)                    size: 37322 bytes
(epstopdf)             Output file: <ExpBPlotPopStatsFigure019-eps-converted-to
.pdf>
(epstopdf)                    date: 2025-05-09 19:06:22
(epstopdf)                    size: 23086 bytes
(epstopdf)             Command: <repstopdf --outfile=ExpBPlotPopStatsFigure019-
eps-converted-to.pdf ExpBPlotPopStatsFigure019.eps>
(epstopdf)             \includegraphics on input line 3004.
Package epstopdf Info: Output file is already uptodate.
<ExpBPlotPopStatsFigure019-eps-converted-to.pdf, id=7621, 578.16pt x 758.835pt>

File: ExpBPlotPopStatsFigure019-eps-converted-to.pdf Graphic file (type pdf)
<use ExpBPlotPopStatsFigure019-eps-converted-to.pdf>
Package pdftex.def Info: ExpBPlotPopStatsFigure019-eps-converted-to.pdf  used o
n input line 3004.
(pdftex.def)             Requested size: 153.64493pt x 201.65768pt.
 [223

 <./ExpBPlotPopStatsFigure019-eps-converted-to.pdf>] (./ExpBtParmTable080.tex) 
[224

] (./ExpBtParmTable081.tex)
[225

] (./ExpBtParmTable082.tex) [226

] (./ExpBtParmTable083.tex) [227

]
(./ExpBGrammarTable026.tex) [228

] (./ExpBStatsTable027.tex) [229

]
(./ExpBSolutionTable020.tex) [230

]

pdfTeX warning: pdflatex (file ./ExpBDerivationTreeFigure020.pdf): PDF inclusio
n: found PDF version <1.7>, but at most version <1.5> allowed
<ExpBDerivationTreeFigure020.pdf, id=7886, 505.89pt x 505.89pt>
File: ExpBDerivationTreeFigure020.pdf Graphic file (type pdf)
<use ExpBDerivationTreeFigure020.pdf>
Package pdftex.def Info: ExpBDerivationTreeFigure020.pdf  used on input line 31
12.
(pdftex.def)             Requested size: 153.64493pt x 153.64394pt.
[231

 <./ExpBDerivationTreeFigure020.pdf>]
Package epstopdf Info: Source file: <ExpBPlotPopStatsFigure020.eps>
(epstopdf)                    date: 2025-05-09 19:05:08
(epstopdf)                    size: 5492 bytes
(epstopdf)             Output file: <ExpBPlotPopStatsFigure020-eps-converted-to
.pdf>
(epstopdf)                    date: 2025-05-09 19:06:23
(epstopdf)                    size: 13078 bytes
(epstopdf)             Command: <repstopdf --outfile=ExpBPlotPopStatsFigure020-
eps-converted-to.pdf ExpBPlotPopStatsFigure020.eps>
(epstopdf)             \includegraphics on input line 3125.
Package epstopdf Info: Output file is already uptodate.
<ExpBPlotPopStatsFigure020-eps-converted-to.pdf, id=7926, 578.16pt x 758.835pt>

File: ExpBPlotPopStatsFigure020-eps-converted-to.pdf Graphic file (type pdf)
<use ExpBPlotPopStatsFigure020-eps-converted-to.pdf>
Package pdftex.def Info: ExpBPlotPopStatsFigure020-eps-converted-to.pdf  used o
n input line 3125.
(pdftex.def)             Requested size: 153.64493pt x 201.65768pt.
 [232

 <./ExpBPlotPopStatsFigure020-eps-converted-to.pdf>] (./ExpBtParmTable084.tex) 
[233

] (./ExpBtParmTable085.tex)
[234

] (./ExpBtParmTable086.tex) [235

] (./ExpBtParmTable087.tex) [236

]
(./ExpBGrammarTable027.tex) [237

] (./ExpBStatsTable028.tex) [238

]
(./ExpBSolutionTable021.tex) [239

]

pdfTeX warning: pdflatex (file ./ExpBDerivationTreeFigure021.pdf): PDF inclusio
n: found PDF version <1.7>, but at most version <1.5> allowed
<ExpBDerivationTreeFigure021.pdf, id=8190, 505.89pt x 505.89pt>
File: ExpBDerivationTreeFigure021.pdf Graphic file (type pdf)
<use ExpBDerivationTreeFigure021.pdf>
Package pdftex.def Info: ExpBDerivationTreeFigure021.pdf  used on input line 32
33.
(pdftex.def)             Requested size: 153.64493pt x 153.64394pt.
[240

 <./ExpBDerivationTreeFigure021.pdf>]
Package epstopdf Info: Source file: <ExpBPlotPopStatsFigure021.eps>
(epstopdf)                    date: 2025-05-09 19:05:09
(epstopdf)                    size: 5364 bytes
(epstopdf)             Output file: <ExpBPlotPopStatsFigure021-eps-converted-to
.pdf>
(epstopdf)                    date: 2025-05-09 19:06:24
(epstopdf)                    size: 12999 bytes
(epstopdf)             Command: <repstopdf --outfile=ExpBPlotPopStatsFigure021-
eps-converted-to.pdf ExpBPlotPopStatsFigure021.eps>
(epstopdf)             \includegraphics on input line 3246.
Package epstopdf Info: Output file is already uptodate.
<ExpBPlotPopStatsFigure021-eps-converted-to.pdf, id=8229, 578.16pt x 758.835pt>

File: ExpBPlotPopStatsFigure021-eps-converted-to.pdf Graphic file (type pdf)
<use ExpBPlotPopStatsFigure021-eps-converted-to.pdf>
Package pdftex.def Info: ExpBPlotPopStatsFigure021-eps-converted-to.pdf  used o
n input line 3246.
(pdftex.def)             Requested size: 153.64493pt x 201.65768pt.
 [241

 <./ExpBPlotPopStatsFigure021-eps-converted-to.pdf>] (./ExpBtParmTable088.tex) 
[242

] (./ExpBtParmTable089.tex)
[243

] (./ExpBtParmTable090.tex) [244

] (./ExpBtParmTable091.tex) [245

]
(./ExpBGrammarTable028.tex) [246

] (./ExpBGrammarTable029.tex) [247

]
(./ExpBStatsTable029.tex
Overfull \hbox (24.93304pt too wide) in paragraph at lines 5--15
 [] 
 []

) [248

] (./ExpBSolutionTable022.tex) [249

]

pdfTeX warning: pdflatex (file ./ExpBDerivationTreeFigure022.pdf): PDF inclusio
n: found PDF version <1.7>, but at most version <1.5> allowed
<ExpBDerivationTreeFigure022.pdf, id=8526, 505.89pt x 505.89pt>
File: ExpBDerivationTreeFigure022.pdf Graphic file (type pdf)
<use ExpBDerivationTreeFigure022.pdf>
Package pdftex.def Info: ExpBDerivationTreeFigure022.pdf  used on input line 33
66.
(pdftex.def)             Requested size: 153.64493pt x 153.64394pt.
[250

 <./ExpBDerivationTreeFigure022.pdf>]
Package epstopdf Info: Source file: <ExpBPlotPopStatsFigure022.eps>
(epstopdf)                    date: 2025-05-09 19:05:10
(epstopdf)                    size: 8264 bytes
(epstopdf)             Output file: <ExpBPlotPopStatsFigure022-eps-converted-to
.pdf>
(epstopdf)                    date: 2025-05-09 19:06:25
(epstopdf)                    size: 13638 bytes
(epstopdf)             Command: <repstopdf --outfile=ExpBPlotPopStatsFigure022-
eps-converted-to.pdf ExpBPlotPopStatsFigure022.eps>
(epstopdf)             \includegraphics on input line 3379.
Package epstopdf Info: Output file is already uptodate.
<ExpBPlotPopStatsFigure022-eps-converted-to.pdf, id=8565, 578.16pt x 758.835pt>

File: ExpBPlotPopStatsFigure022-eps-converted-to.pdf Graphic file (type pdf)
<use ExpBPlotPopStatsFigure022-eps-converted-to.pdf>
Package pdftex.def Info: ExpBPlotPopStatsFigure022-eps-converted-to.pdf  used o
n input line 3379.
(pdftex.def)             Requested size: 153.64493pt x 201.65768pt.
 [251

 <./ExpBPlotPopStatsFigure022-eps-converted-to.pdf>] (./ExpBtParmTable092.tex) 
[252

] (./ExpBtParmTable093.tex)
[253

] (./ExpBtParmTable094.tex) [254

] (./ExpBtParmTable095.tex) [255

]
(./ExpBGrammarTable030.tex) [256

] (./ExpBGrammarTable031.tex) [257

]
(./ExpBStatsTable030.tex
Overfull \hbox (29.1831pt too wide) in paragraph at lines 5--15
 [] 
 []

) [258

] (./ExpBSolutionTable023.tex
Underfull \hbox (badness 10000) in paragraph at lines 9--10
[]\OT1/cmss/m/n/8 AND(OR(AND(NOT(D2), NOT(D4)), AND(D2, D4)),
 []

) [259

]

pdfTeX warning: pdflatex (file ./ExpBDerivationTreeFigure023.pdf): PDF inclusio
n: found PDF version <1.7>, but at most version <1.5> allowed
<ExpBDerivationTreeFigure023.pdf, id=8862, 505.89pt x 505.89pt>
File: ExpBDerivationTreeFigure023.pdf Graphic file (type pdf)
<use ExpBDerivationTreeFigure023.pdf>
Package pdftex.def Info: ExpBDerivationTreeFigure023.pdf  used on input line 34
99.
(pdftex.def)             Requested size: 153.64493pt x 153.64394pt.
[260

 <./ExpBDerivationTreeFigure023.pdf>]
Package epstopdf Info: Source file: <ExpBPlotPopStatsFigure023.eps>
(epstopdf)                    date: 2025-05-09 19:05:11
(epstopdf)                    size: 11160 bytes
(epstopdf)             Output file: <ExpBPlotPopStatsFigure023-eps-converted-to
.pdf>
(epstopdf)                    date: 2025-05-09 19:06:27
(epstopdf)                    size: 14719 bytes
(epstopdf)             Command: <repstopdf --outfile=ExpBPlotPopStatsFigure023-
eps-converted-to.pdf ExpBPlotPopStatsFigure023.eps>
(epstopdf)             \includegraphics on input line 3512.
Package epstopdf Info: Output file is already uptodate.
<ExpBPlotPopStatsFigure023-eps-converted-to.pdf, id=8901, 578.16pt x 758.835pt>

File: ExpBPlotPopStatsFigure023-eps-converted-to.pdf Graphic file (type pdf)
<use ExpBPlotPopStatsFigure023-eps-converted-to.pdf>
Package pdftex.def Info: ExpBPlotPopStatsFigure023-eps-converted-to.pdf  used o
n input line 3512.
(pdftex.def)             Requested size: 153.64493pt x 201.65768pt.
 [261

 <./ExpBPlotPopStatsFigure023-eps-converted-to.pdf>] (./ExpBtParmTable096.tex) 
[262

] (./ExpBtParmTable097.tex)
[263

] (./ExpBtParmTable098.tex) [264

] (./ExpBtParmTable099.tex) [265

]
(./ExpBGrammarTable032.tex) [266

] (./ExpBGrammarTable033.tex) [267

]
(./ExpBStatsTable031.tex
Overfull \hbox (41.93329pt too wide) in paragraph at lines 5--15
 [] 
 []

) [268

] (./ExpBSolutionTable024.tex
Underfull \hbox (badness 10000) in paragraph at lines 9--10
[]\OT1/cmss/m/n/8 AND(AND(OR(AND(NOT(D1), NOT(D6)), AND(D1, D6)),
 []


Underfull \hbox (badness 4328) in paragraph at lines 9--10
\OT1/cmss/m/n/8 OR(AND(NOT(D3), NOT(D4)), AND(D3, D4))), OR(AND(D2,
 []

) [269

]

pdfTeX warning: pdflatex (file ./ExpBDerivationTreeFigure024.pdf): PDF inclusio
n: found PDF version <1.7>, but at most version <1.5> allowed
<ExpBDerivationTreeFigure024.pdf, id=9196, 505.89pt x 505.89pt>
File: ExpBDerivationTreeFigure024.pdf Graphic file (type pdf)
<use ExpBDerivationTreeFigure024.pdf>
Package pdftex.def Info: ExpBDerivationTreeFigure024.pdf  used on input line 36
32.
(pdftex.def)             Requested size: 153.64493pt x 153.64394pt.
[270

 <./ExpBDerivationTreeFigure024.pdf>]
Package epstopdf Info: Source file: <ExpBPlotPopStatsFigure024.eps>
(epstopdf)                    date: 2025-05-09 19:05:11
(epstopdf)                    size: 37123 bytes
(epstopdf)             Output file: <ExpBPlotPopStatsFigure024-eps-converted-to
.pdf>
(epstopdf)                    date: 2025-05-09 19:06:29
(epstopdf)                    size: 23071 bytes
(epstopdf)             Command: <repstopdf --outfile=ExpBPlotPopStatsFigure024-
eps-converted-to.pdf ExpBPlotPopStatsFigure024.eps>
(epstopdf)             \includegraphics on input line 3645.
Package epstopdf Info: Output file is already uptodate.
<ExpBPlotPopStatsFigure024-eps-converted-to.pdf, id=9235, 578.16pt x 758.835pt>

File: ExpBPlotPopStatsFigure024-eps-converted-to.pdf Graphic file (type pdf)
<use ExpBPlotPopStatsFigure024-eps-converted-to.pdf>
Package pdftex.def Info: ExpBPlotPopStatsFigure024-eps-converted-to.pdf  used o
n input line 3645.
(pdftex.def)             Requested size: 153.64493pt x 201.65768pt.
 [271

 <./ExpBPlotPopStatsFigure024-eps-converted-to.pdf>] (./ExpBtParmTable100.tex) 
[272

] (./ExpBtParmTable101.tex)
[273

] (./ExpBtParmTable102.tex) [274

] (./ExpBtParmTable103.tex) [275

]
(./ExpBtParmTable104.tex) [276

] (./ExpBtParmTable105.tex) [277

]
\tf@nav=\write6
\openout6 = `mainExpB.nav'.

\tf@toc=\write7
\openout7 = `mainExpB.toc'.

\tf@snm=\write8
\openout8 = `mainExpB.snm'.

 (./mainExpB.aux)
Package rerunfilecheck Info: File `mainExpB.out' has not changed.
(rerunfilecheck)             Checksum: 2857E0BD86A92898B860EC5502C1F669;5489.
 ) 
Here is how much of TeX's memory you used:
 24633 strings out of 476041
 495155 string characters out of 5793174
 1874388 words of memory out of 6000000
 43097 multiletter control sequences out of 15000+600000
 521744 words of font info for 66 fonts, out of 8000000 for 9000
 1137 hyphenation exceptions out of 8191
 128i,14n,122p,490b,563s stack positions out of 10000i,1000n,20000p,200000b,200000s
</usr/share/texlive/texmf-dist/fonts/type1/public/amsfonts/cm/cmmi10.pfb></us
r/share/texlive/texmf-dist/fonts/type1/public/amsfonts/cm/cmmi8.pfb></usr/share
/texlive/texmf-dist/fonts/type1/public/amsfonts/cm/cmss10.pfb></usr/share/texli
ve/texmf-dist/fonts/type1/public/amsfonts/cm/cmss12.pfb></usr/share/texlive/tex
mf-dist/fonts/type1/public/amsfonts/cm/cmss8.pfb></usr/share/texlive/texmf-dist
/fonts/type1/public/amsfonts/cm/cmss9.pfb></usr/share/texlive/texmf-dist/fonts/
type1/public/amsfonts/cm/cmssbx10.pfb></usr/share/texlive/texmf-dist/fonts/type
1/public/amsfonts/cm/cmssi10.pfb></usr/share/texlive/texmf-dist/fonts/type1/pub
lic/amsfonts/cm/cmssi8.pfb></usr/share/texlive/texmf-dist/fonts/type1/public/am
sfonts/cm/cmsy10.pfb></usr/share/texlive/texmf-dist/fonts/type1/public/amsfonts
/cm/cmtt10.pfb>
Output written on mainExpB.pdf (277 pages, 1644398 bytes).
PDF statistics:
 9688 PDF objects out of 10688 (max. 8388607)
 8570 compressed objects within 86 object streams
 853 named destinations out of 1000 (max. 500000)
 607 words of extra memory for PDF output out of 10000 (max. 10000000)

