This is pdfTeX, Version 3.141592653-2.6-1.40.25 (TeX Live 2023) (preloaded format=pdflatex 2025.4.11)  8 MAY 2025 20:52
entering extended mode
 restricted \write18 enabled.
 %&-line parsing enabled.
**mainExpF.tex
(./mainExpF.tex
LaTeX2e <2022-11-01> patch level 1
L3 programming layer <2023-02-22>
(/usr/share/texlive/texmf-dist/tex/latex/beamer/beamer.cls
Document Class: beamer 2023/02/20 v3.69 A class for typesetting presentations
(/usr/share/texlive/texmf-dist/tex/latex/beamer/beamerbasemodes.sty
(/usr/share/texlive/texmf-dist/tex/latex/etoolbox/etoolbox.sty
Package: etoolbox 2020/10/05 v2.5k e-TeX tools for LaTeX (JAW)
\etb@tempcnta=\count185
)
\beamer@tempbox=\box51
\beamer@tempcount=\count186
\c@beamerpauses=\count187

(/usr/share/texlive/texmf-dist/tex/latex/beamer/beamerbasedecode.sty
\beamer@slideinframe=\count188
\beamer@minimum=\count189
\beamer@decode@box=\box52
)
\beamer@commentbox=\box53
\beamer@modecount=\count190
)
(/usr/share/texlive/texmf-dist/tex/generic/iftex/iftex.sty
Package: iftex 2022/02/03 v1.0f TeX engine tests
)
\headdp=\dimen140
\footheight=\dimen141
\sidebarheight=\dimen142
\beamer@tempdim=\dimen143
\beamer@finalheight=\dimen144
\beamer@animht=\dimen145
\beamer@animdp=\dimen146
\beamer@animwd=\dimen147
\beamer@leftmargin=\dimen148
\beamer@rightmargin=\dimen149
\beamer@leftsidebar=\dimen150
\beamer@rightsidebar=\dimen151
\beamer@boxsize=\dimen152
\beamer@vboxoffset=\dimen153
\beamer@descdefault=\dimen154
\beamer@descriptionwidth=\dimen155
\beamer@lastskip=\skip48
\beamer@areabox=\box54
\beamer@animcurrent=\box55
\beamer@animshowbox=\box56
\beamer@sectionbox=\box57
\beamer@logobox=\box58
\beamer@linebox=\box59
\beamer@sectioncount=\count191
\beamer@subsubsectionmax=\count192
\beamer@subsectionmax=\count193
\beamer@sectionmax=\count194
\beamer@totalheads=\count195
\beamer@headcounter=\count196
\beamer@partstartpage=\count197
\beamer@sectionstartpage=\count198
\beamer@subsectionstartpage=\count199
\beamer@animationtempa=\count266
\beamer@animationtempb=\count267
\beamer@xpos=\count268
\beamer@ypos=\count269
\beamer@ypos@offset=\count270
\beamer@showpartnumber=\count271
\beamer@currentsubsection=\count272
\beamer@coveringdepth=\count273
\beamer@sectionadjust=\count274
\beamer@toclastsection=\count275
\beamer@tocsectionnumber=\count276

(/usr/share/texlive/texmf-dist/tex/latex/beamer/beamerbaseoptions.sty
(/usr/share/texlive/texmf-dist/tex/latex/graphics/keyval.sty
Package: keyval 2022/05/29 v1.15 key=value parser (DPC)
\KV@toks@=\toks16
))
\beamer@paperwidth=\skip49
\beamer@paperheight=\skip50

(/usr/share/texlive/texmf-dist/tex/latex/geometry/geometry.sty
Package: geometry 2020/01/02 v5.9 Page Geometry

(/usr/share/texlive/texmf-dist/tex/generic/iftex/ifvtex.sty
Package: ifvtex 2019/10/25 v1.7 ifvtex legacy package. Use iftex instead.
)
\Gm@cnth=\count277
\Gm@cntv=\count278
\c@Gm@tempcnt=\count279
\Gm@bindingoffset=\dimen156
\Gm@wd@mp=\dimen157
\Gm@odd@mp=\dimen158
\Gm@even@mp=\dimen159
\Gm@layoutwidth=\dimen160
\Gm@layoutheight=\dimen161
\Gm@layouthoffset=\dimen162
\Gm@layoutvoffset=\dimen163
\Gm@dimlist=\toks17
)
(/usr/share/texlive/texmf-dist/tex/latex/pgf/math/pgfmath.sty
(/usr/share/texlive/texmf-dist/tex/latex/pgf/utilities/pgfrcs.sty
(/usr/share/texlive/texmf-dist/tex/generic/pgf/utilities/pgfutil-common.tex
\pgfutil@everybye=\toks18
\pgfutil@tempdima=\dimen164
\pgfutil@tempdimb=\dimen165
)
(/usr/share/texlive/texmf-dist/tex/generic/pgf/utilities/pgfutil-latex.def
\pgfutil@abb=\box60
)
(/usr/share/texlive/texmf-dist/tex/generic/pgf/utilities/pgfrcs.code.tex
(/usr/share/texlive/texmf-dist/tex/generic/pgf/pgf.revision.tex)
Package: pgfrcs 2023-01-15 v3.1.10 (3.1.10)
))
(/usr/share/texlive/texmf-dist/tex/latex/pgf/utilities/pgfkeys.sty
(/usr/share/texlive/texmf-dist/tex/generic/pgf/utilities/pgfkeys.code.tex
\pgfkeys@pathtoks=\toks19
\pgfkeys@temptoks=\toks20

(/usr/share/texlive/texmf-dist/tex/generic/pgf/utilities/pgfkeyslibraryfiltered
.code.tex
\pgfkeys@tmptoks=\toks21
)))
(/usr/share/texlive/texmf-dist/tex/generic/pgf/math/pgfmath.code.tex
(/usr/share/texlive/texmf-dist/tex/generic/pgf/math/pgfmathutil.code.tex
\pgf@x=\dimen166
\pgf@xa=\dimen167
\pgf@xb=\dimen168
\pgf@xc=\dimen169
\pgf@y=\dimen170
\pgf@ya=\dimen171
\pgf@yb=\dimen172
\pgf@yc=\dimen173
\c@pgf@counta=\count280
\c@pgf@countb=\count281
\c@pgf@countc=\count282
\c@pgf@countd=\count283
)
(/usr/share/texlive/texmf-dist/tex/generic/pgf/math/pgfmathparser.code.tex
\pgfmath@dimen=\dimen174
\pgfmath@count=\count284
\pgfmath@box=\box61
\pgfmath@toks=\toks22
\pgfmath@stack@operand=\toks23
\pgfmath@stack@operation=\toks24
)
(/usr/share/texlive/texmf-dist/tex/generic/pgf/math/pgfmathfunctions.code.tex)
(/usr/share/texlive/texmf-dist/tex/generic/pgf/math/pgfmathfunctions.basic.code
.tex)
(/usr/share/texlive/texmf-dist/tex/generic/pgf/math/pgfmathfunctions.trigonomet
ric.code.tex)
(/usr/share/texlive/texmf-dist/tex/generic/pgf/math/pgfmathfunctions.random.cod
e.tex)
(/usr/share/texlive/texmf-dist/tex/generic/pgf/math/pgfmathfunctions.comparison
.code.tex)
(/usr/share/texlive/texmf-dist/tex/generic/pgf/math/pgfmathfunctions.base.code.
tex)
(/usr/share/texlive/texmf-dist/tex/generic/pgf/math/pgfmathfunctions.round.code
.tex)
(/usr/share/texlive/texmf-dist/tex/generic/pgf/math/pgfmathfunctions.misc.code.
tex)
(/usr/share/texlive/texmf-dist/tex/generic/pgf/math/pgfmathfunctions.integerari
thmetics.code.tex)
(/usr/share/texlive/texmf-dist/tex/generic/pgf/math/pgfmathcalc.code.tex)
(/usr/share/texlive/texmf-dist/tex/generic/pgf/math/pgfmathfloat.code.tex
\c@pgfmathroundto@lastzeros=\count285
)))
(/usr/share/texlive/texmf-dist/tex/latex/base/size11.clo
File: size11.clo 2022/07/02 v1.4n Standard LaTeX file (size option)
)
(/usr/share/texlive/texmf-dist/tex/latex/pgf/basiclayer/pgfcore.sty
(/usr/share/texlive/texmf-dist/tex/latex/graphics/graphicx.sty
Package: graphicx 2021/09/16 v1.2d Enhanced LaTeX Graphics (DPC,SPQR)

(/usr/share/texlive/texmf-dist/tex/latex/graphics/graphics.sty
Package: graphics 2022/03/10 v1.4e Standard LaTeX Graphics (DPC,SPQR)

(/usr/share/texlive/texmf-dist/tex/latex/graphics/trig.sty
Package: trig 2021/08/11 v1.11 sin cos tan (DPC)
)
(/usr/share/texlive/texmf-dist/tex/latex/graphics-cfg/graphics.cfg
File: graphics.cfg 2016/06/04 v1.11 sample graphics configuration
)
Package graphics Info: Driver file: pdftex.def on input line 107.

(/usr/share/texlive/texmf-dist/tex/latex/graphics-def/pdftex.def
File: pdftex.def 2022/09/22 v1.2b Graphics/color driver for pdftex
))
\Gin@req@height=\dimen175
\Gin@req@width=\dimen176
)
(/usr/share/texlive/texmf-dist/tex/latex/pgf/systemlayer/pgfsys.sty
(/usr/share/texlive/texmf-dist/tex/generic/pgf/systemlayer/pgfsys.code.tex
Package: pgfsys 2023-01-15 v3.1.10 (3.1.10)
\pgf@x=\dimen177
\pgf@y=\dimen178
\pgf@xa=\dimen179
\pgf@ya=\dimen180
\pgf@xb=\dimen181
\pgf@yb=\dimen182
\pgf@xc=\dimen183
\pgf@yc=\dimen184
\pgf@xd=\dimen185
\pgf@yd=\dimen186
\w@pgf@writea=\write3
\r@pgf@reada=\read2
\c@pgf@counta=\count286
\c@pgf@countb=\count287
\c@pgf@countc=\count288
\c@pgf@countd=\count289
\t@pgf@toka=\toks25
\t@pgf@tokb=\toks26
\t@pgf@tokc=\toks27
\pgf@sys@id@count=\count290

(/usr/share/texlive/texmf-dist/tex/generic/pgf/systemlayer/pgf.cfg
File: pgf.cfg 2023-01-15 v3.1.10 (3.1.10)
)
Driver file for pgf: pgfsys-pdftex.def

(/usr/share/texlive/texmf-dist/tex/generic/pgf/systemlayer/pgfsys-pdftex.def
File: pgfsys-pdftex.def 2023-01-15 v3.1.10 (3.1.10)

(/usr/share/texlive/texmf-dist/tex/generic/pgf/systemlayer/pgfsys-common-pdf.de
f
File: pgfsys-common-pdf.def 2023-01-15 v3.1.10 (3.1.10)
)))
(/usr/share/texlive/texmf-dist/tex/generic/pgf/systemlayer/pgfsyssoftpath.code.
tex
File: pgfsyssoftpath.code.tex 2023-01-15 v3.1.10 (3.1.10)
\pgfsyssoftpath@smallbuffer@items=\count291
\pgfsyssoftpath@bigbuffer@items=\count292
)
(/usr/share/texlive/texmf-dist/tex/generic/pgf/systemlayer/pgfsysprotocol.code.
tex
File: pgfsysprotocol.code.tex 2023-01-15 v3.1.10 (3.1.10)
)) (/usr/share/texlive/texmf-dist/tex/latex/xcolor/xcolor.sty
Package: xcolor 2022/06/12 v2.14 LaTeX color extensions (UK)

(/usr/share/texlive/texmf-dist/tex/latex/graphics-cfg/color.cfg
File: color.cfg 2016/01/02 v1.6 sample color configuration
)
Package xcolor Info: Driver file: pdftex.def on input line 227.

(/usr/share/texlive/texmf-dist/tex/latex/graphics/mathcolor.ltx)
Package xcolor Info: Model `cmy' substituted by `cmy0' on input line 1353.
Package xcolor Info: Model `hsb' substituted by `rgb' on input line 1357.
Package xcolor Info: Model `RGB' extended on input line 1369.
Package xcolor Info: Model `HTML' substituted by `rgb' on input line 1371.
Package xcolor Info: Model `Hsb' substituted by `hsb' on input line 1372.
Package xcolor Info: Model `tHsb' substituted by `hsb' on input line 1373.
Package xcolor Info: Model `HSB' substituted by `hsb' on input line 1374.
Package xcolor Info: Model `Gray' substituted by `gray' on input line 1375.
Package xcolor Info: Model `wave' substituted by `hsb' on input line 1376.
)
(/usr/share/texlive/texmf-dist/tex/generic/pgf/basiclayer/pgfcore.code.tex
Package: pgfcore 2023-01-15 v3.1.10 (3.1.10)

(/usr/share/texlive/texmf-dist/tex/generic/pgf/math/pgfint.code.tex)
(/usr/share/texlive/texmf-dist/tex/generic/pgf/basiclayer/pgfcorepoints.code.te
x
File: pgfcorepoints.code.tex 2023-01-15 v3.1.10 (3.1.10)
\pgf@picminx=\dimen187
\pgf@picmaxx=\dimen188
\pgf@picminy=\dimen189
\pgf@picmaxy=\dimen190
\pgf@pathminx=\dimen191
\pgf@pathmaxx=\dimen192
\pgf@pathminy=\dimen193
\pgf@pathmaxy=\dimen194
\pgf@xx=\dimen195
\pgf@xy=\dimen196
\pgf@yx=\dimen197
\pgf@yy=\dimen198
\pgf@zx=\dimen199
\pgf@zy=\dimen256
)
(/usr/share/texlive/texmf-dist/tex/generic/pgf/basiclayer/pgfcorepathconstruct.
code.tex
File: pgfcorepathconstruct.code.tex 2023-01-15 v3.1.10 (3.1.10)
\pgf@path@lastx=\dimen257
\pgf@path@lasty=\dimen258
)
(/usr/share/texlive/texmf-dist/tex/generic/pgf/basiclayer/pgfcorepathusage.code
.tex
File: pgfcorepathusage.code.tex 2023-01-15 v3.1.10 (3.1.10)
\pgf@shorten@end@additional=\dimen259
\pgf@shorten@start@additional=\dimen260
)
(/usr/share/texlive/texmf-dist/tex/generic/pgf/basiclayer/pgfcorescopes.code.te
x
File: pgfcorescopes.code.tex 2023-01-15 v3.1.10 (3.1.10)
\pgfpic=\box62
\pgf@hbox=\box63
\pgf@layerbox@main=\box64
\pgf@picture@serial@count=\count293
)
(/usr/share/texlive/texmf-dist/tex/generic/pgf/basiclayer/pgfcoregraphicstate.c
ode.tex
File: pgfcoregraphicstate.code.tex 2023-01-15 v3.1.10 (3.1.10)
\pgflinewidth=\dimen261
)
(/usr/share/texlive/texmf-dist/tex/generic/pgf/basiclayer/pgfcoretransformation
s.code.tex
File: pgfcoretransformations.code.tex 2023-01-15 v3.1.10 (3.1.10)
\pgf@pt@x=\dimen262
\pgf@pt@y=\dimen263
\pgf@pt@temp=\dimen264
)
(/usr/share/texlive/texmf-dist/tex/generic/pgf/basiclayer/pgfcorequick.code.tex
File: pgfcorequick.code.tex 2023-01-15 v3.1.10 (3.1.10)
)
(/usr/share/texlive/texmf-dist/tex/generic/pgf/basiclayer/pgfcoreobjects.code.t
ex
File: pgfcoreobjects.code.tex 2023-01-15 v3.1.10 (3.1.10)
)
(/usr/share/texlive/texmf-dist/tex/generic/pgf/basiclayer/pgfcorepathprocessing
.code.tex
File: pgfcorepathprocessing.code.tex 2023-01-15 v3.1.10 (3.1.10)
)
(/usr/share/texlive/texmf-dist/tex/generic/pgf/basiclayer/pgfcorearrows.code.te
x
File: pgfcorearrows.code.tex 2023-01-15 v3.1.10 (3.1.10)
\pgfarrowsep=\dimen265
)
(/usr/share/texlive/texmf-dist/tex/generic/pgf/basiclayer/pgfcoreshade.code.tex
File: pgfcoreshade.code.tex 2023-01-15 v3.1.10 (3.1.10)
\pgf@max=\dimen266
\pgf@sys@shading@range@num=\count294
\pgf@shadingcount=\count295
)
(/usr/share/texlive/texmf-dist/tex/generic/pgf/basiclayer/pgfcoreimage.code.tex
File: pgfcoreimage.code.tex 2023-01-15 v3.1.10 (3.1.10)
)
(/usr/share/texlive/texmf-dist/tex/generic/pgf/basiclayer/pgfcoreexternal.code.
tex
File: pgfcoreexternal.code.tex 2023-01-15 v3.1.10 (3.1.10)
\pgfexternal@startupbox=\box65
)
(/usr/share/texlive/texmf-dist/tex/generic/pgf/basiclayer/pgfcorelayers.code.te
x
File: pgfcorelayers.code.tex 2023-01-15 v3.1.10 (3.1.10)
)
(/usr/share/texlive/texmf-dist/tex/generic/pgf/basiclayer/pgfcoretransparency.c
ode.tex
File: pgfcoretransparency.code.tex 2023-01-15 v3.1.10 (3.1.10)
)
(/usr/share/texlive/texmf-dist/tex/generic/pgf/basiclayer/pgfcorepatterns.code.
tex
File: pgfcorepatterns.code.tex 2023-01-15 v3.1.10 (3.1.10)
)
(/usr/share/texlive/texmf-dist/tex/generic/pgf/basiclayer/pgfcorerdf.code.tex
File: pgfcorerdf.code.tex 2023-01-15 v3.1.10 (3.1.10)
))) (/usr/share/texlive/texmf-dist/tex/latex/pgf/utilities/xxcolor.sty
Package: xxcolor 2003/10/24 ver 0.1
\XC@nummixins=\count296
\XC@countmixins=\count297
)
(/usr/share/texlive/texmf-dist/tex/latex/base/atbegshi-ltx.sty
Package: atbegshi-ltx 2021/01/10 v1.0c Emulation of the original atbegshi
package with kernel methods
)
(/usr/share/texlive/texmf-dist/tex/latex/hyperref/hyperref.sty
Package: hyperref 2023-02-07 v7.00v Hypertext links for LaTeX

(/usr/share/texlive/texmf-dist/tex/generic/ltxcmds/ltxcmds.sty
Package: ltxcmds 2020-05-10 v1.25 LaTeX kernel commands for general use (HO)
)
(/usr/share/texlive/texmf-dist/tex/generic/pdftexcmds/pdftexcmds.sty
Package: pdftexcmds 2020-06-27 v0.33 Utility functions of pdfTeX for LuaTeX (HO
)

(/usr/share/texlive/texmf-dist/tex/generic/infwarerr/infwarerr.sty
Package: infwarerr 2019/12/03 v1.5 Providing info/warning/error messages (HO)
)
Package pdftexcmds Info: \pdf@primitive is available.
Package pdftexcmds Info: \pdf@ifprimitive is available.
Package pdftexcmds Info: \pdfdraftmode found.
)
(/usr/share/texlive/texmf-dist/tex/latex/kvsetkeys/kvsetkeys.sty
Package: kvsetkeys 2022-10-05 v1.19 Key value parser (HO)
)
(/usr/share/texlive/texmf-dist/tex/generic/kvdefinekeys/kvdefinekeys.sty
Package: kvdefinekeys 2019-12-19 v1.6 Define keys (HO)
)
(/usr/share/texlive/texmf-dist/tex/generic/pdfescape/pdfescape.sty
Package: pdfescape 2019/12/09 v1.15 Implements pdfTeX's escape features (HO)
)
(/usr/share/texlive/texmf-dist/tex/latex/hycolor/hycolor.sty
Package: hycolor 2020-01-27 v1.10 Color options for hyperref/bookmark (HO)
)
(/usr/share/texlive/texmf-dist/tex/latex/letltxmacro/letltxmacro.sty
Package: letltxmacro 2019/12/03 v1.6 Let assignment for LaTeX macros (HO)
)
(/usr/share/texlive/texmf-dist/tex/latex/auxhook/auxhook.sty
Package: auxhook 2019-12-17 v1.6 Hooks for auxiliary files (HO)
)
(/usr/share/texlive/texmf-dist/tex/latex/hyperref/nameref.sty
Package: nameref 2022-05-17 v2.50 Cross-referencing by name of section

(/usr/share/texlive/texmf-dist/tex/latex/refcount/refcount.sty
Package: refcount 2019/12/15 v3.6 Data extraction from label references (HO)
)
(/usr/share/texlive/texmf-dist/tex/generic/gettitlestring/gettitlestring.sty
Package: gettitlestring 2019/12/15 v1.6 Cleanup title references (HO)

(/usr/share/texlive/texmf-dist/tex/latex/kvoptions/kvoptions.sty
Package: kvoptions 2022-06-15 v3.15 Key value format for package options (HO)
))
\c@section@level=\count298
)
\@linkdim=\dimen267
\Hy@linkcounter=\count299
\Hy@pagecounter=\count300

(/usr/share/texlive/texmf-dist/tex/latex/hyperref/pd1enc.def
File: pd1enc.def 2023-02-07 v7.00v Hyperref: PDFDocEncoding definition (HO)
Now handling font encoding PD1 ...
... no UTF-8 mapping file for font encoding PD1
)
(/usr/share/texlive/texmf-dist/tex/generic/intcalc/intcalc.sty
Package: intcalc 2019/12/15 v1.3 Expandable calculations with integers (HO)
)
(/usr/share/texlive/texmf-dist/tex/generic/etexcmds/etexcmds.sty
Package: etexcmds 2019/12/15 v1.7 Avoid name clashes with e-TeX commands (HO)
)
\Hy@SavedSpaceFactor=\count301

(/usr/share/texlive/texmf-dist/tex/latex/hyperref/puenc.def
File: puenc.def 2023-02-07 v7.00v Hyperref: PDF Unicode definition (HO)
Now handling font encoding PU ...
... no UTF-8 mapping file for font encoding PU
)
Package hyperref Info: Option `bookmarks' set `true' on input line 4060.
Package hyperref Info: Option `bookmarksopen' set `true' on input line 4060.
Package hyperref Info: Option `implicit' set `false' on input line 4060.
Package hyperref Info: Hyper figures OFF on input line 4177.
Package hyperref Info: Link nesting OFF on input line 4182.
Package hyperref Info: Hyper index ON on input line 4185.
Package hyperref Info: Plain pages OFF on input line 4192.
Package hyperref Info: Backreferencing OFF on input line 4197.
Package hyperref Info: Implicit mode OFF; no redefinition of LaTeX internals.
Package hyperref Info: Bookmarks ON on input line 4425.
\c@Hy@tempcnt=\count302

(/usr/share/texlive/texmf-dist/tex/latex/url/url.sty
\Urlmuskip=\muskip16
Package: url 2013/09/16  ver 3.4  Verb mode for urls, etc.
)
LaTeX Info: Redefining \url on input line 4763.
\XeTeXLinkMargin=\dimen268

(/usr/share/texlive/texmf-dist/tex/generic/bitset/bitset.sty
Package: bitset 2019/12/09 v1.3 Handle bit-vector datatype (HO)

(/usr/share/texlive/texmf-dist/tex/generic/bigintcalc/bigintcalc.sty
Package: bigintcalc 2019/12/15 v1.5 Expandable calculations on big integers (HO
)
))
\Fld@menulength=\count303
\Field@Width=\dimen269
\Fld@charsize=\dimen270
Package hyperref Info: Hyper figures OFF on input line 6042.
Package hyperref Info: Link nesting OFF on input line 6047.
Package hyperref Info: Hyper index ON on input line 6050.
Package hyperref Info: backreferencing OFF on input line 6057.
Package hyperref Info: Link coloring OFF on input line 6062.
Package hyperref Info: Link coloring with OCG OFF on input line 6067.
Package hyperref Info: PDF/A mode OFF on input line 6072.
\Hy@abspage=\count304


Package hyperref Message: Stopped early.

)
Package hyperref Info: Driver (autodetected): hpdftex.
 (/usr/share/texlive/texmf-dist/tex/latex/hyperref/hpdftex.def
File: hpdftex.def 2023-02-07 v7.00v Hyperref driver for pdfTeX

(/usr/share/texlive/texmf-dist/tex/latex/base/atveryend-ltx.sty
Package: atveryend-ltx 2020/08/19 v1.0a Emulation of the original atveryend pac
kage
with kernel methods
)
\Fld@listcount=\count305
\c@bookmark@seq@number=\count306

(/usr/share/texlive/texmf-dist/tex/latex/rerunfilecheck/rerunfilecheck.sty
Package: rerunfilecheck 2022-07-10 v1.10 Rerun checks for auxiliary files (HO)

(/usr/share/texlive/texmf-dist/tex/generic/uniquecounter/uniquecounter.sty
Package: uniquecounter 2019/12/15 v1.4 Provide unlimited unique counter (HO)
)
Package uniquecounter Info: New unique counter `rerunfilecheck' on input line 2
85.
))
(/usr/share/texlive/texmf-dist/tex/latex/beamer/beamerbaserequires.sty
(/usr/share/texlive/texmf-dist/tex/latex/beamer/beamerbasecompatibility.sty)
(/usr/share/texlive/texmf-dist/tex/latex/beamer/beamerbasefont.sty
(/usr/share/texlive/texmf-dist/tex/latex/amsfonts/amssymb.sty
Package: amssymb 2013/01/14 v3.01 AMS font symbols

(/usr/share/texlive/texmf-dist/tex/latex/amsfonts/amsfonts.sty
Package: amsfonts 2013/01/14 v3.01 Basic AMSFonts support
\@emptytoks=\toks28
\symAMSa=\mathgroup4
\symAMSb=\mathgroup5
LaTeX Font Info:    Redeclaring math symbol \hbar on input line 98.
LaTeX Font Info:    Overwriting math alphabet `\mathfrak' in version `bold'
(Font)                  U/euf/m/n --> U/euf/b/n on input line 106.
))
(/usr/share/texlive/texmf-dist/tex/latex/sansmathaccent/sansmathaccent.sty
Package: sansmathaccent 2020/01/31

(/usr/share/texlive/texmf-dist/tex/latex/koma-script/scrlfile.sty
Package: scrlfile 2022/10/12 v3.38 KOMA-Script package (file load hooks)

(/usr/share/texlive/texmf-dist/tex/latex/koma-script/scrlfile-hook.sty
Package: scrlfile-hook 2022/10/12 v3.38 KOMA-Script package (using LaTeX hooks)


(/usr/share/texlive/texmf-dist/tex/latex/koma-script/scrlogo.sty
Package: scrlogo 2022/10/12 v3.38 KOMA-Script package (logo)
)))))
(/usr/share/texlive/texmf-dist/tex/latex/beamer/beamerbasetranslator.sty
(/usr/share/texlive/texmf-dist/tex/latex/translator/translator.sty
Package: translator 2021-05-31 v1.12d Easy translation of strings in LaTeX
))
(/usr/share/texlive/texmf-dist/tex/latex/beamer/beamerbasemisc.sty)
(/usr/share/texlive/texmf-dist/tex/latex/beamer/beamerbasetwoscreens.sty)
(/usr/share/texlive/texmf-dist/tex/latex/beamer/beamerbaseoverlay.sty
\beamer@argscount=\count307
\beamer@lastskipcover=\skip51
\beamer@trivlistdepth=\count308
)
(/usr/share/texlive/texmf-dist/tex/latex/beamer/beamerbasetitle.sty)
(/usr/share/texlive/texmf-dist/tex/latex/beamer/beamerbasesection.sty
\c@lecture=\count309
\c@part=\count310
\c@section=\count311
\c@subsection=\count312
\c@subsubsection=\count313
)
(/usr/share/texlive/texmf-dist/tex/latex/beamer/beamerbaseframe.sty
\beamer@framebox=\box66
\beamer@frametitlebox=\box67
\beamer@zoombox=\box68
\beamer@zoomcount=\count314
\beamer@zoomframecount=\count315
\beamer@frametextheight=\dimen271
\c@subsectionslide=\count316
\beamer@frametopskip=\skip52
\beamer@framebottomskip=\skip53
\beamer@frametopskipautobreak=\skip54
\beamer@framebottomskipautobreak=\skip55
\beamer@envbody=\toks29
\framewidth=\dimen272
\c@framenumber=\count317
)
(/usr/share/texlive/texmf-dist/tex/latex/beamer/beamerbaseverbatim.sty
\beamer@verbatimfileout=\write4
)
(/usr/share/texlive/texmf-dist/tex/latex/beamer/beamerbaseframesize.sty
\beamer@splitbox=\box69
\beamer@autobreakcount=\count318
\beamer@autobreaklastheight=\dimen273
\beamer@frametitletoks=\toks30
\beamer@framesubtitletoks=\toks31
)
(/usr/share/texlive/texmf-dist/tex/latex/beamer/beamerbaseframecomponents.sty
\beamer@footins=\box70
)
(/usr/share/texlive/texmf-dist/tex/latex/beamer/beamerbasecolor.sty)
(/usr/share/texlive/texmf-dist/tex/latex/beamer/beamerbasenotes.sty
\beamer@frameboxcopy=\box71
)
(/usr/share/texlive/texmf-dist/tex/latex/beamer/beamerbasetoc.sty)
(/usr/share/texlive/texmf-dist/tex/latex/beamer/beamerbasetemplates.sty
\beamer@sbttoks=\toks32

(/usr/share/texlive/texmf-dist/tex/latex/beamer/beamerbaseauxtemplates.sty
(/usr/share/texlive/texmf-dist/tex/latex/beamer/beamerbaseboxes.sty
\bmb@box=\box72
\bmb@colorbox=\box73
\bmb@boxwidth=\dimen274
\bmb@boxheight=\dimen275
\bmb@prevheight=\dimen276
\bmb@temp=\dimen277
\bmb@dima=\dimen278
\bmb@dimb=\dimen279
\bmb@prevheight=\dimen280
)
\beamer@blockheadheight=\dimen281
))
(/usr/share/texlive/texmf-dist/tex/latex/beamer/beamerbaselocalstructure.sty
(/usr/share/texlive/texmf-dist/tex/latex/tools/enumerate.sty
Package: enumerate 2015/07/23 v3.00 enumerate extensions (DPC)
\@enLab=\toks33
)
\beamer@bibiconwidth=\skip56
\c@figure=\count319
\c@table=\count320
\abovecaptionskip=\skip57
\belowcaptionskip=\skip58
)
(/usr/share/texlive/texmf-dist/tex/latex/beamer/beamerbasenavigation.sty
(/usr/share/texlive/texmf-dist/tex/latex/beamer/beamerbasenavigationsymbols.tex
)
\beamer@section@min@dim=\dimen282
) (/usr/share/texlive/texmf-dist/tex/latex/beamer/beamerbasetheorems.sty
(/usr/share/texlive/texmf-dist/tex/latex/amsmath/amsmath.sty
Package: amsmath 2022/04/08 v2.17n AMS math features
\@mathmargin=\skip59

For additional information on amsmath, use the `?' option.
(/usr/share/texlive/texmf-dist/tex/latex/amsmath/amstext.sty
Package: amstext 2021/08/26 v2.01 AMS text

(/usr/share/texlive/texmf-dist/tex/latex/amsmath/amsgen.sty
File: amsgen.sty 1999/11/30 v2.0 generic functions
\@emptytoks=\toks34
\ex@=\dimen283
))
(/usr/share/texlive/texmf-dist/tex/latex/amsmath/amsbsy.sty
Package: amsbsy 1999/11/29 v1.2d Bold Symbols
\pmbraise@=\dimen284
)
(/usr/share/texlive/texmf-dist/tex/latex/amsmath/amsopn.sty
Package: amsopn 2022/04/08 v2.04 operator names
)
\inf@bad=\count321
LaTeX Info: Redefining \frac on input line 234.
\uproot@=\count322
\leftroot@=\count323
LaTeX Info: Redefining \overline on input line 399.
LaTeX Info: Redefining \colon on input line 410.
\classnum@=\count324
\DOTSCASE@=\count325
LaTeX Info: Redefining \ldots on input line 496.
LaTeX Info: Redefining \dots on input line 499.
LaTeX Info: Redefining \cdots on input line 620.
\Mathstrutbox@=\box74
\strutbox@=\box75
LaTeX Info: Redefining \big on input line 722.
LaTeX Info: Redefining \Big on input line 723.
LaTeX Info: Redefining \bigg on input line 724.
LaTeX Info: Redefining \Bigg on input line 725.
\big@size=\dimen285
LaTeX Font Info:    Redeclaring font encoding OML on input line 743.
LaTeX Font Info:    Redeclaring font encoding OMS on input line 744.
\macc@depth=\count326
LaTeX Info: Redefining \bmod on input line 905.
LaTeX Info: Redefining \pmod on input line 910.
LaTeX Info: Redefining \smash on input line 940.
LaTeX Info: Redefining \relbar on input line 970.
LaTeX Info: Redefining \Relbar on input line 971.
\c@MaxMatrixCols=\count327
\dotsspace@=\muskip17
\c@parentequation=\count328
\dspbrk@lvl=\count329
\tag@help=\toks35
\row@=\count330
\column@=\count331
\maxfields@=\count332
\andhelp@=\toks36
\eqnshift@=\dimen286
\alignsep@=\dimen287
\tagshift@=\dimen288
\tagwidth@=\dimen289
\totwidth@=\dimen290
\lineht@=\dimen291
\@envbody=\toks37
\multlinegap=\skip60
\multlinetaggap=\skip61
\mathdisplay@stack=\toks38
LaTeX Info: Redefining \[ on input line 2953.
LaTeX Info: Redefining \] on input line 2954.
)
(/usr/share/texlive/texmf-dist/tex/latex/amscls/amsthm.sty
Package: amsthm 2020/05/29 v2.20.6
\thm@style=\toks39
\thm@bodyfont=\toks40
\thm@headfont=\toks41
\thm@notefont=\toks42
\thm@headpunct=\toks43
\thm@preskip=\skip62
\thm@postskip=\skip63
\thm@headsep=\skip64
\dth@everypar=\toks44
)
\c@theorem=\count333
)
(/usr/share/texlive/texmf-dist/tex/latex/beamer/beamerbasethemes.sty))
(/usr/share/texlive/texmf-dist/tex/latex/beamer/beamerthemedefault.sty
(/usr/share/texlive/texmf-dist/tex/latex/beamer/beamerfontthemedefault.sty)
(/usr/share/texlive/texmf-dist/tex/latex/beamer/beamercolorthemedefault.sty)
(/usr/share/texlive/texmf-dist/tex/latex/beamer/beamerinnerthemedefault.sty
\beamer@dima=\dimen292
\beamer@dimb=\dimen293
)
(/usr/share/texlive/texmf-dist/tex/latex/beamer/beamerouterthemedefault.sty)))
(/usr/share/texlive/texmf-dist/tex/latex/beamer/beamerthemeBerkeley.sty
(/usr/share/texlive/texmf-dist/tex/latex/beamer/beamerouterthemesidebar.sty
\beamer@sidebarwidth=\dimen294
\beamer@headheight=\dimen295
)
(/usr/share/texlive/texmf-dist/tex/latex/beamer/beamerinnerthemerectangles.sty)
(/usr/share/texlive/texmf-dist/tex/latex/beamer/beamercolorthemewhale.sty)
(/usr/share/texlive/texmf-dist/tex/latex/beamer/beamercolorthemeorchid.sty))
(/usr/share/texlive/texmf-dist/tex/latex/l3backend/l3backend-pdftex.def
File: l3backend-pdftex.def 2023-01-16 L3 backend support: PDF output (pdfTeX)
\l__color_backend_stack_int=\count334
\l__pdf_internal_box=\box76
)
(./mainExpF.aux)
\openout1 = `mainExpF.aux'.

LaTeX Font Info:    Checking defaults for OML/cmm/m/it on input line 53.
LaTeX Font Info:    ... okay on input line 53.
LaTeX Font Info:    Checking defaults for OMS/cmsy/m/n on input line 53.
LaTeX Font Info:    ... okay on input line 53.
LaTeX Font Info:    Checking defaults for OT1/cmr/m/n on input line 53.
LaTeX Font Info:    ... okay on input line 53.
LaTeX Font Info:    Checking defaults for T1/cmr/m/n on input line 53.
LaTeX Font Info:    ... okay on input line 53.
LaTeX Font Info:    Checking defaults for TS1/cmr/m/n on input line 53.
LaTeX Font Info:    ... okay on input line 53.
LaTeX Font Info:    Checking defaults for OMX/cmex/m/n on input line 53.
LaTeX Font Info:    ... okay on input line 53.
LaTeX Font Info:    Checking defaults for U/cmr/m/n on input line 53.
LaTeX Font Info:    ... okay on input line 53.
LaTeX Font Info:    Checking defaults for PD1/pdf/m/n on input line 53.
LaTeX Font Info:    ... okay on input line 53.
LaTeX Font Info:    Checking defaults for PU/pdf/m/n on input line 53.
LaTeX Font Info:    ... okay on input line 53.

*geometry* driver: auto-detecting
*geometry* detected driver: pdftex
*geometry* verbose mode - [ preamble ] result:
* driver: pdftex
* paper: custom
* layout: <same size as paper>
* layoutoffset:(h,v)=(0.0pt,0.0pt)
* modes: includehead includefoot 
* h-part:(L,W,R)=(59.22636pt, 290.74263pt, 14.22636pt)
* v-part:(T,H,B)=(0.0pt, 273.14662pt, 0.0pt)
* \paperwidth=364.19536pt
* \paperheight=273.14662pt
* \textwidth=290.74263pt
* \textheight=244.6939pt
* \oddsidemargin=-13.04362pt
* \evensidemargin=-13.04362pt
* \topmargin=-72.26999pt
* \headheight=14.22636pt
* \headsep=0.0pt
* \topskip=11.0pt
* \footskip=14.22636pt
* \marginparwidth=4.0pt
* \marginparsep=10.0pt
* \columnsep=10.0pt
* \skip\footins=10.0pt plus 4.0pt minus 2.0pt
* \hoffset=0.0pt
* \voffset=0.0pt
* \mag=1000
* \@twocolumnfalse
* \@twosidefalse
* \@mparswitchfalse
* \@reversemarginfalse
* (1in=72.27pt=25.4mm, 1cm=28.453pt)

(/usr/share/texlive/texmf-dist/tex/context/base/mkii/supp-pdf.mkii
[Loading MPS to PDF converter (version 2006.09.02).]
\scratchcounter=\count335
\scratchdimen=\dimen296
\scratchbox=\box77
\nofMPsegments=\count336
\nofMParguments=\count337
\everyMPshowfont=\toks45
\MPscratchCnt=\count338
\MPscratchDim=\dimen297
\MPnumerator=\count339
\makeMPintoPDFobject=\count340
\everyMPtoPDFconversion=\toks46
) (/usr/share/texlive/texmf-dist/tex/latex/epstopdf-pkg/epstopdf-base.sty
Package: epstopdf-base 2020-01-24 v2.11 Base part for package epstopdf
Package epstopdf-base Info: Redefining graphics rule for `.eps' on input line 4
85.

(/usr/share/texlive/texmf-dist/tex/latex/latexconfig/epstopdf-sys.cfg
File: epstopdf-sys.cfg 2010/07/13 v1.3 Configuration of (r)epstopdf for TeX Liv
e
))
Package hyperref Info: Link coloring OFF on input line 53.

(./mainExpF.out) (./mainExpF.out)
\@outlinefile=\write5
\openout5 = `mainExpF.out'.

LaTeX Font Info:    Overwriting symbol font `operators' in version `normal'
(Font)                  OT1/cmr/m/n --> OT1/cmss/m/n on input line 53.
LaTeX Font Info:    Overwriting symbol font `operators' in version `bold'
(Font)                  OT1/cmr/bx/n --> OT1/cmss/b/n on input line 53.
\symnumbers=\mathgroup6
\sympureletters=\mathgroup7
LaTeX Font Info:    Overwriting math alphabet `\mathrm' in version `normal'
(Font)                  OT1/cmss/m/n --> OT1/cmr/m/n on input line 53.
LaTeX Font Info:    Redeclaring math alphabet \mathbf on input line 53.
LaTeX Font Info:    Overwriting math alphabet `\mathbf' in version `normal'
(Font)                  OT1/cmr/bx/n --> OT1/cmss/b/n on input line 53.
LaTeX Font Info:    Overwriting math alphabet `\mathbf' in version `bold'
(Font)                  OT1/cmr/bx/n --> OT1/cmss/b/n on input line 53.
LaTeX Font Info:    Redeclaring math alphabet \mathsf on input line 53.
LaTeX Font Info:    Overwriting math alphabet `\mathsf' in version `normal'
(Font)                  OT1/cmss/m/n --> OT1/cmss/m/n on input line 53.
LaTeX Font Info:    Overwriting math alphabet `\mathsf' in version `bold'
(Font)                  OT1/cmss/bx/n --> OT1/cmss/m/n on input line 53.
LaTeX Font Info:    Redeclaring math alphabet \mathit on input line 53.
LaTeX Font Info:    Overwriting math alphabet `\mathit' in version `normal'
(Font)                  OT1/cmr/m/it --> OT1/cmss/m/it on input line 53.
LaTeX Font Info:    Overwriting math alphabet `\mathit' in version `bold'
(Font)                  OT1/cmr/bx/it --> OT1/cmss/m/it on input line 53.
LaTeX Font Info:    Redeclaring math alphabet \mathtt on input line 53.
LaTeX Font Info:    Overwriting math alphabet `\mathtt' in version `normal'
(Font)                  OT1/cmtt/m/n --> OT1/cmtt/m/n on input line 53.
LaTeX Font Info:    Overwriting math alphabet `\mathtt' in version `bold'
(Font)                  OT1/cmtt/m/n --> OT1/cmtt/m/n on input line 53.
LaTeX Font Info:    Overwriting symbol font `numbers' in version `bold'
(Font)                  OT1/cmss/m/n --> OT1/cmss/b/n on input line 53.
LaTeX Font Info:    Overwriting symbol font `pureletters' in version `bold'
(Font)                  OT1/cmss/m/it --> OT1/cmss/b/it on input line 53.
LaTeX Font Info:    Overwriting math alphabet `\mathrm' in version `bold'
(Font)                  OT1/cmss/b/n --> OT1/cmr/b/n on input line 53.
LaTeX Font Info:    Overwriting math alphabet `\mathbf' in version `bold'
(Font)                  OT1/cmss/b/n --> OT1/cmss/b/n on input line 53.
LaTeX Font Info:    Overwriting math alphabet `\mathsf' in version `bold'
(Font)                  OT1/cmss/m/n --> OT1/cmss/b/n on input line 53.
LaTeX Font Info:    Overwriting math alphabet `\mathit' in version `bold'
(Font)                  OT1/cmss/m/it --> OT1/cmss/b/it on input line 53.
LaTeX Font Info:    Overwriting math alphabet `\mathtt' in version `bold'
(Font)                  OT1/cmtt/m/n --> OT1/cmtt/b/n on input line 53.
LaTeX Font Info:    Redeclaring symbol font `pureletters' on input line 53.
LaTeX Font Info:    Overwriting symbol font `pureletters' in version `normal'
(Font)                  OT1/cmss/m/it --> OT1/mathkerncmss/m/sl on input line 5
3.
LaTeX Font Info:    Overwriting symbol font `pureletters' in version `bold'
(Font)                  OT1/cmss/b/it --> OT1/mathkerncmss/m/sl on input line 5
3.
LaTeX Font Info:    Overwriting symbol font `pureletters' in version `bold'
(Font)                  OT1/mathkerncmss/m/sl --> OT1/mathkerncmss/bx/sl on inp
ut line 53.

(/usr/share/texlive/texmf-dist/tex/latex/translator/translator-basic-dictionary
-English.dict
Dictionary: translator-basic-dictionary, Language: English 
)
(/usr/share/texlive/texmf-dist/tex/latex/translator/translator-bibliography-dic
tionary-English.dict
Dictionary: translator-bibliography-dictionary, Language: English 
)
(/usr/share/texlive/texmf-dist/tex/latex/translator/translator-environment-dict
ionary-English.dict
Dictionary: translator-environment-dictionary, Language: English 
)
(/usr/share/texlive/texmf-dist/tex/latex/translator/translator-months-dictionar
y-English.dict
Dictionary: translator-months-dictionary, Language: English 
)
(/usr/share/texlive/texmf-dist/tex/latex/translator/translator-numbers-dictiona
ry-English.dict
Dictionary: translator-numbers-dictionary, Language: English 
)
(/usr/share/texlive/texmf-dist/tex/latex/translator/translator-theorem-dictiona
ry-English.dict
Dictionary: translator-theorem-dictionary, Language: English 
) (./mainExpF.nav)

Package hyperref Warning: Option `pdfauthor' has already been used,
(hyperref)                setting the option has no effect on input line 55.


Overfull \vbox (71.35382pt too high) has occurred while \output is active []


[1{/var/lib/texmf/fonts/map/pdftex/updmap/pdftex.map}

]
Overfull \vbox (71.35382pt too high) has occurred while \output is active []


[2

] (./mainExpF.toc)
Overfull \vbox (71.35382pt too high) has occurred while \output is active []


[3

] (./ExpFCommonTable000.tex
LaTeX Font Info:    Trying to load font information for U+msa on input line 5.

(/usr/share/texlive/texmf-dist/tex/latex/amsfonts/umsa.fd
File: umsa.fd 2013/01/14 v3.01 AMS symbols A
)
LaTeX Font Info:    Trying to load font information for U+msb on input line 5.

(/usr/share/texlive/texmf-dist/tex/latex/amsfonts/umsb.fd
File: umsb.fd 2013/01/14 v3.01 AMS symbols B
)
LaTeX Font Info:    Trying to load font information for OT1+mathkerncmss on inp
ut line 5.

(/usr/share/texlive/texmf-dist/tex/latex/sansmathaccent/ot1mathkerncmss.fd
File: ot1mathkerncmss.fd 2020/01/31 Fontinst v1.933 font definitions for OT1/ma
thkerncmss.
))
Overfull \vbox (71.35382pt too high) has occurred while \output is active []


[4

] (./ExpFCommonTable001.tex)
Overfull \vbox (71.35382pt too high) has occurred while \output is active []


[5

] (./ExpFDifferentTable000.tex)
Overfull \vbox (71.35382pt too high) has occurred while \output is active []


[6

] (./ExpFGrammarTable000.tex)
Overfull \vbox (71.35382pt too high) has occurred while \output is active []


[7

] (./ExpFStatsTable000.tex
Overfull \hbox (57.48051pt too wide) in paragraph at lines 5--26
 [] 
 []

)
Overfull \vbox (71.35382pt too high) has occurred while \output is active []


[8

] (./ExpFStatsTable001.tex
Overfull \hbox (3.22974pt too wide) in paragraph at lines 5--26
 [] 
 []

)
Overfull \vbox (71.35382pt too high) has occurred while \output is active []


[9

] (./ExpFStatsTable002.tex
Overfull \hbox (32.98016pt too wide) in paragraph at lines 5--25
 [] 
 []

)
Overfull \vbox (71.35382pt too high) has occurred while \output is active []


[10

] (./ExpFtParmTable000.tex)
Overfull \vbox (71.35382pt too high) has occurred while \output is active []


[11

] (./ExpFtParmTable001.tex
Overfull \hbox (8.66124pt too wide) in paragraph at lines 5--27
 [] 
 []

)
Overfull \vbox (71.35382pt too high) has occurred while \output is active []


[12

] (./ExpFtParmTable002.tex)
Overfull \vbox (71.35382pt too high) has occurred while \output is active []


[13

] (./ExpFtParmTable003.tex)
Overfull \vbox (71.35382pt too high) has occurred while \output is active []


[14

] (./ExpFStatsTable003.tex
Overfull \hbox (11.72986pt too wide) in paragraph at lines 5--15
 [] 
 []

)
Overfull \vbox (71.35382pt too high) has occurred while \output is active []


[15

] (./ExpFSolutionTable000.tex)
Overfull \vbox (71.35382pt too high) has occurred while \output is active []


[16

]

pdfTeX warning: pdflatex (file ./ExpFDerivationTreeFigure000.pdf): PDF inclusio
n: found PDF version <1.7>, but at most version <1.5> allowed
<ExpFDerivationTreeFigure000.pdf, id=787, 505.89pt x 505.89pt>
File: ExpFDerivationTreeFigure000.pdf Graphic file (type pdf)
<use ExpFDerivationTreeFigure000.pdf>
Package pdftex.def Info: ExpFDerivationTreeFigure000.pdf  used on input line 25
6.
(pdftex.def)             Requested size: 145.3713pt x 145.3689pt.

Overfull \vbox (71.35382pt too high) has occurred while \output is active []


[17

 <./ExpFDerivationTreeFigure000.pdf>]
Package epstopdf Info: Source file: <ExpFPlotPopStatsFigure000.eps>
(epstopdf)                    date: 2025-05-08 20:52:19
(epstopdf)                    size: 5368 bytes
(epstopdf)             Output file: <ExpFPlotPopStatsFigure000-eps-converted-to
.pdf>
(epstopdf)                    date: 2025-05-08 20:52:31
(epstopdf)                    size: 13052 bytes
(epstopdf)             Command: <repstopdf --outfile=ExpFPlotPopStatsFigure000-
eps-converted-to.pdf ExpFPlotPopStatsFigure000.eps>
(epstopdf)             \includegraphics on input line 269.
Package epstopdf Info: Output file is already uptodate.
<ExpFPlotPopStatsFigure000-eps-converted-to.pdf, id=837, 578.16pt x 758.835pt>
File: ExpFPlotPopStatsFigure000-eps-converted-to.pdf Graphic file (type pdf)
<use ExpFPlotPopStatsFigure000-eps-converted-to.pdf>
Package pdftex.def Info: ExpFPlotPopStatsFigure000-eps-converted-to.pdf  used o
n input line 269.
(pdftex.def)             Requested size: 145.3713pt x 190.79669pt.

Overfull \vbox (71.35382pt too high) has occurred while \output is active []


[18

 <./ExpFPlotPopStatsFigure000-eps-converted-to.pdf>]
(./ExpFtParmTable004.tex)
Overfull \vbox (71.35382pt too high) has occurred while \output is active []


[19

] (./ExpFtParmTable005.tex
Overfull \hbox (8.66124pt too wide) in paragraph at lines 5--27
 [] 
 []

)
Overfull \vbox (71.35382pt too high) has occurred while \output is active []


[20

] (./ExpFtParmTable006.tex)
Overfull \vbox (71.35382pt too high) has occurred while \output is active []


[21

] (./ExpFtParmTable007.tex)
Overfull \vbox (71.35382pt too high) has occurred while \output is active []


[22

] (./ExpFStatsTable004.tex
Overfull \hbox (11.72986pt too wide) in paragraph at lines 5--15
 [] 
 []

)
Overfull \vbox (71.35382pt too high) has occurred while \output is active []


[23

] (./ExpFSolutionTable001.tex)
Overfull \vbox (71.35382pt too high) has occurred while \output is active []


[24

]

pdfTeX warning: pdflatex (file ./ExpFDerivationTreeFigure001.pdf): PDF inclusio
n: found PDF version <1.7>, but at most version <1.5> allowed
<ExpFDerivationTreeFigure001.pdf, id=1148, 505.89pt x 505.89pt>
File: ExpFDerivationTreeFigure001.pdf Graphic file (type pdf)
<use ExpFDerivationTreeFigure001.pdf>
Package pdftex.def Info: ExpFDerivationTreeFigure001.pdf  used on input line 36
5.
(pdftex.def)             Requested size: 145.3713pt x 145.3689pt.

Overfull \vbox (71.35382pt too high) has occurred while \output is active []


[25

 <./ExpFDerivationTreeFigure001.pdf>]
Package epstopdf Info: Source file: <ExpFPlotPopStatsFigure001.eps>
(epstopdf)                    date: 2025-05-08 20:52:19
(epstopdf)                    size: 5363 bytes
(epstopdf)             Output file: <ExpFPlotPopStatsFigure001-eps-converted-to
.pdf>
(epstopdf)                    date: 2025-05-08 20:52:32
(epstopdf)                    size: 13091 bytes
(epstopdf)             Command: <repstopdf --outfile=ExpFPlotPopStatsFigure001-
eps-converted-to.pdf ExpFPlotPopStatsFigure001.eps>
(epstopdf)             \includegraphics on input line 378.
Package epstopdf Info: Output file is already uptodate.
<ExpFPlotPopStatsFigure001-eps-converted-to.pdf, id=1199, 578.16pt x 758.835pt>

File: ExpFPlotPopStatsFigure001-eps-converted-to.pdf Graphic file (type pdf)
<use ExpFPlotPopStatsFigure001-eps-converted-to.pdf>
Package pdftex.def Info: ExpFPlotPopStatsFigure001-eps-converted-to.pdf  used o
n input line 378.
(pdftex.def)             Requested size: 145.3713pt x 190.79669pt.

Overfull \vbox (71.35382pt too high) has occurred while \output is active []


[26

 <./ExpFPlotPopStatsFigure001-eps-converted-to.pdf>]
(./ExpFtParmTable008.tex)
Overfull \vbox (71.35382pt too high) has occurred while \output is active []


[27

] (./ExpFtParmTable009.tex
Overfull \hbox (8.66124pt too wide) in paragraph at lines 5--27
 [] 
 []

)
Overfull \vbox (71.35382pt too high) has occurred while \output is active []


[28

] (./ExpFtParmTable010.tex)
Overfull \vbox (71.35382pt too high) has occurred while \output is active []


[29

] (./ExpFtParmTable011.tex)
Overfull \vbox (71.35382pt too high) has occurred while \output is active []


[30

] (./ExpFStatsTable005.tex
Overfull \hbox (15.97992pt too wide) in paragraph at lines 5--15
 [] 
 []

)
Overfull \vbox (71.35382pt too high) has occurred while \output is active []


[31

] (./ExpFSolutionTable002.tex)
Overfull \vbox (71.35382pt too high) has occurred while \output is active []


[32

]

pdfTeX warning: pdflatex (file ./ExpFDerivationTreeFigure002.pdf): PDF inclusio
n: found PDF version <1.7>, but at most version <1.5> allowed
<ExpFDerivationTreeFigure002.pdf, id=1510, 505.89pt x 505.89pt>
File: ExpFDerivationTreeFigure002.pdf Graphic file (type pdf)
<use ExpFDerivationTreeFigure002.pdf>
Package pdftex.def Info: ExpFDerivationTreeFigure002.pdf  used on input line 47
4.
(pdftex.def)             Requested size: 145.3713pt x 145.3689pt.

Overfull \vbox (71.35382pt too high) has occurred while \output is active []


[33

 <./ExpFDerivationTreeFigure002.pdf>]
Package epstopdf Info: Source file: <ExpFPlotPopStatsFigure002.eps>
(epstopdf)                    date: 2025-05-08 20:52:19
(epstopdf)                    size: 5542 bytes
(epstopdf)             Output file: <ExpFPlotPopStatsFigure002-eps-converted-to
.pdf>
(epstopdf)                    date: 2025-05-08 20:52:32
(epstopdf)                    size: 13064 bytes
(epstopdf)             Command: <repstopdf --outfile=ExpFPlotPopStatsFigure002-
eps-converted-to.pdf ExpFPlotPopStatsFigure002.eps>
(epstopdf)             \includegraphics on input line 487.
Package epstopdf Info: Output file is already uptodate.
<ExpFPlotPopStatsFigure002-eps-converted-to.pdf, id=1561, 578.16pt x 758.835pt>

File: ExpFPlotPopStatsFigure002-eps-converted-to.pdf Graphic file (type pdf)
<use ExpFPlotPopStatsFigure002-eps-converted-to.pdf>
Package pdftex.def Info: ExpFPlotPopStatsFigure002-eps-converted-to.pdf  used o
n input line 487.
(pdftex.def)             Requested size: 145.3713pt x 190.79669pt.

Overfull \vbox (71.35382pt too high) has occurred while \output is active []


[34

 <./ExpFPlotPopStatsFigure002-eps-converted-to.pdf>]
(./ExpFtParmTable012.tex)
Overfull \vbox (71.35382pt too high) has occurred while \output is active []


[35

] (./ExpFtParmTable013.tex
Overfull \hbox (8.66124pt too wide) in paragraph at lines 5--27
 [] 
 []

)
Overfull \vbox (71.35382pt too high) has occurred while \output is active []


[36

] (./ExpFtParmTable014.tex)
Overfull \vbox (71.35382pt too high) has occurred while \output is active []


[37

] (./ExpFtParmTable015.tex)
Overfull \vbox (71.35382pt too high) has occurred while \output is active []


[38

] (./ExpFStatsTable006.tex
Overfull \hbox (15.97992pt too wide) in paragraph at lines 5--15
 [] 
 []

)
Overfull \vbox (71.35382pt too high) has occurred while \output is active []


[39

] (./ExpFSolutionTable003.tex)
Overfull \vbox (71.35382pt too high) has occurred while \output is active []


[40

]

pdfTeX warning: pdflatex (file ./ExpFDerivationTreeFigure003.pdf): PDF inclusio
n: found PDF version <1.7>, but at most version <1.5> allowed
<ExpFDerivationTreeFigure003.pdf, id=1872, 505.89pt x 505.89pt>
File: ExpFDerivationTreeFigure003.pdf Graphic file (type pdf)
<use ExpFDerivationTreeFigure003.pdf>
Package pdftex.def Info: ExpFDerivationTreeFigure003.pdf  used on input line 58
3.
(pdftex.def)             Requested size: 145.3713pt x 145.3689pt.

Overfull \vbox (71.35382pt too high) has occurred while \output is active []


[41

 <./ExpFDerivationTreeFigure003.pdf>]
Package epstopdf Info: Source file: <ExpFPlotPopStatsFigure003.eps>
(epstopdf)                    date: 2025-05-08 20:52:19
(epstopdf)                    size: 5489 bytes
(epstopdf)             Output file: <ExpFPlotPopStatsFigure003-eps-converted-to
.pdf>
(epstopdf)                    date: 2025-05-08 20:52:32
(epstopdf)                    size: 13085 bytes
(epstopdf)             Command: <repstopdf --outfile=ExpFPlotPopStatsFigure003-
eps-converted-to.pdf ExpFPlotPopStatsFigure003.eps>
(epstopdf)             \includegraphics on input line 596.
Package epstopdf Info: Output file is already uptodate.
<ExpFPlotPopStatsFigure003-eps-converted-to.pdf, id=1922, 578.16pt x 758.835pt>

File: ExpFPlotPopStatsFigure003-eps-converted-to.pdf Graphic file (type pdf)
<use ExpFPlotPopStatsFigure003-eps-converted-to.pdf>
Package pdftex.def Info: ExpFPlotPopStatsFigure003-eps-converted-to.pdf  used o
n input line 596.
(pdftex.def)             Requested size: 145.3713pt x 190.79669pt.

Overfull \vbox (71.35382pt too high) has occurred while \output is active []


[42

 <./ExpFPlotPopStatsFigure003-eps-converted-to.pdf>]
(./ExpFtParmTable016.tex)
Overfull \vbox (71.35382pt too high) has occurred while \output is active []


[43

] (./ExpFtParmTable017.tex
Overfull \hbox (8.66124pt too wide) in paragraph at lines 5--27
 [] 
 []

)
Overfull \vbox (71.35382pt too high) has occurred while \output is active []


[44

] (./ExpFtParmTable018.tex)
Overfull \vbox (71.35382pt too high) has occurred while \output is active []


[45

] (./ExpFtParmTable019.tex)
Overfull \vbox (71.35382pt too high) has occurred while \output is active []


[46

] (./ExpFStatsTable007.tex
Overfull \hbox (37.23022pt too wide) in paragraph at lines 5--15
 [] 
 []

)
Overfull \vbox (71.35382pt too high) has occurred while \output is active []


[47

] (./ExpFSolutionTable004.tex)
Overfull \vbox (71.35382pt too high) has occurred while \output is active []


[48

]

pdfTeX warning: pdflatex (file ./ExpFDerivationTreeFigure004.pdf): PDF inclusio
n: found PDF version <1.7>, but at most version <1.5> allowed
<ExpFDerivationTreeFigure004.pdf, id=2233, 505.89pt x 505.89pt>
File: ExpFDerivationTreeFigure004.pdf Graphic file (type pdf)
<use ExpFDerivationTreeFigure004.pdf>
Package pdftex.def Info: ExpFDerivationTreeFigure004.pdf  used on input line 69
2.
(pdftex.def)             Requested size: 145.3713pt x 145.3689pt.

Overfull \vbox (71.35382pt too high) has occurred while \output is active []


[49

 <./ExpFDerivationTreeFigure004.pdf>]
Package epstopdf Info: Source file: <ExpFPlotPopStatsFigure004.eps>
(epstopdf)                    date: 2025-05-08 20:52:19
(epstopdf)                    size: 5648 bytes
(epstopdf)             Output file: <ExpFPlotPopStatsFigure004-eps-converted-to
.pdf>
(epstopdf)                    date: 2025-05-08 20:52:33
(epstopdf)                    size: 13047 bytes
(epstopdf)             Command: <repstopdf --outfile=ExpFPlotPopStatsFigure004-
eps-converted-to.pdf ExpFPlotPopStatsFigure004.eps>
(epstopdf)             \includegraphics on input line 705.
Package epstopdf Info: Output file is already uptodate.
<ExpFPlotPopStatsFigure004-eps-converted-to.pdf, id=2285, 578.16pt x 758.835pt>

File: ExpFPlotPopStatsFigure004-eps-converted-to.pdf Graphic file (type pdf)
<use ExpFPlotPopStatsFigure004-eps-converted-to.pdf>
Package pdftex.def Info: ExpFPlotPopStatsFigure004-eps-converted-to.pdf  used o
n input line 705.
(pdftex.def)             Requested size: 145.3713pt x 190.79669pt.

Overfull \vbox (71.35382pt too high) has occurred while \output is active []


[50

 <./ExpFPlotPopStatsFigure004-eps-converted-to.pdf>]
(./ExpFtParmTable020.tex)
Overfull \vbox (71.35382pt too high) has occurred while \output is active []


[51

] (./ExpFtParmTable021.tex
Overfull \hbox (8.66124pt too wide) in paragraph at lines 5--27
 [] 
 []

)
Overfull \vbox (71.35382pt too high) has occurred while \output is active []


[52

] (./ExpFtParmTable022.tex)
Overfull \vbox (71.35382pt too high) has occurred while \output is active []


[53

] (./ExpFtParmTable023.tex)
Overfull \vbox (71.35382pt too high) has occurred while \output is active []


[54

] (./ExpFStatsTable008.tex
Overfull \hbox (32.98016pt too wide) in paragraph at lines 5--15
 [] 
 []

)
Overfull \vbox (71.35382pt too high) has occurred while \output is active []


[55

] (./ExpFSolutionTable005.tex)
Overfull \vbox (71.35382pt too high) has occurred while \output is active []


[56

]

pdfTeX warning: pdflatex (file ./ExpFDerivationTreeFigure005.pdf): PDF inclusio
n: found PDF version <1.7>, but at most version <1.5> allowed
<ExpFDerivationTreeFigure005.pdf, id=2596, 505.89pt x 505.89pt>
File: ExpFDerivationTreeFigure005.pdf Graphic file (type pdf)
<use ExpFDerivationTreeFigure005.pdf>
Package pdftex.def Info: ExpFDerivationTreeFigure005.pdf  used on input line 80
1.
(pdftex.def)             Requested size: 145.3713pt x 145.3689pt.

Overfull \vbox (71.35382pt too high) has occurred while \output is active []


[57

 <./ExpFDerivationTreeFigure005.pdf>]
Package epstopdf Info: Source file: <ExpFPlotPopStatsFigure005.eps>
(epstopdf)                    date: 2025-05-08 20:52:20
(epstopdf)                    size: 5995 bytes
(epstopdf)             Output file: <ExpFPlotPopStatsFigure005-eps-converted-to
.pdf>
(epstopdf)                    date: 2025-05-08 20:52:33
(epstopdf)                    size: 13272 bytes
(epstopdf)             Command: <repstopdf --outfile=ExpFPlotPopStatsFigure005-
eps-converted-to.pdf ExpFPlotPopStatsFigure005.eps>
(epstopdf)             \includegraphics on input line 814.
Package epstopdf Info: Output file is already uptodate.
<ExpFPlotPopStatsFigure005-eps-converted-to.pdf, id=2646, 578.16pt x 758.835pt>

File: ExpFPlotPopStatsFigure005-eps-converted-to.pdf Graphic file (type pdf)
<use ExpFPlotPopStatsFigure005-eps-converted-to.pdf>
Package pdftex.def Info: ExpFPlotPopStatsFigure005-eps-converted-to.pdf  used o
n input line 814.
(pdftex.def)             Requested size: 145.3713pt x 190.79669pt.

Overfull \vbox (71.35382pt too high) has occurred while \output is active []


[58

 <./ExpFPlotPopStatsFigure005-eps-converted-to.pdf>]
(./ExpFtParmTable024.tex)
Overfull \vbox (71.35382pt too high) has occurred while \output is active []


[59

] (./ExpFtParmTable025.tex
Overfull \hbox (8.66124pt too wide) in paragraph at lines 5--27
 [] 
 []

)
Overfull \vbox (71.35382pt too high) has occurred while \output is active []


[60

] (./ExpFtParmTable026.tex)
Overfull \vbox (71.35382pt too high) has occurred while \output is active []


[61

] (./ExpFtParmTable027.tex)
Overfull \vbox (71.35382pt too high) has occurred while \output is active []


[62

] (./ExpFStatsTable009.tex
Overfull \hbox (45.73035pt too wide) in paragraph at lines 5--15
 [] 
 []

)
Overfull \vbox (71.35382pt too high) has occurred while \output is active []


[63

] (./ExpFSolutionTable006.tex)
Overfull \vbox (71.35382pt too high) has occurred while \output is active []


[64

]

pdfTeX warning: pdflatex (file ./ExpFDerivationTreeFigure006.pdf): PDF inclusio
n: found PDF version <1.7>, but at most version <1.5> allowed
<ExpFDerivationTreeFigure006.pdf, id=2957, 505.89pt x 505.89pt>
File: ExpFDerivationTreeFigure006.pdf Graphic file (type pdf)
<use ExpFDerivationTreeFigure006.pdf>
Package pdftex.def Info: ExpFDerivationTreeFigure006.pdf  used on input line 91
0.
(pdftex.def)             Requested size: 145.3713pt x 145.3689pt.

Overfull \vbox (71.35382pt too high) has occurred while \output is active []


[65

 <./ExpFDerivationTreeFigure006.pdf>]
Package epstopdf Info: Source file: <ExpFPlotPopStatsFigure006.eps>
(epstopdf)                    date: 2025-05-08 20:52:20
(epstopdf)                    size: 6378 bytes
(epstopdf)             Output file: <ExpFPlotPopStatsFigure006-eps-converted-to
.pdf>
(epstopdf)                    date: 2025-05-08 20:52:33
(epstopdf)                    size: 13375 bytes
(epstopdf)             Command: <repstopdf --outfile=ExpFPlotPopStatsFigure006-
eps-converted-to.pdf ExpFPlotPopStatsFigure006.eps>
(epstopdf)             \includegraphics on input line 923.
Package epstopdf Info: Output file is already uptodate.
<ExpFPlotPopStatsFigure006-eps-converted-to.pdf, id=3008, 578.16pt x 758.835pt>

File: ExpFPlotPopStatsFigure006-eps-converted-to.pdf Graphic file (type pdf)
<use ExpFPlotPopStatsFigure006-eps-converted-to.pdf>
Package pdftex.def Info: ExpFPlotPopStatsFigure006-eps-converted-to.pdf  used o
n input line 923.
(pdftex.def)             Requested size: 145.3713pt x 190.79669pt.

Overfull \vbox (71.35382pt too high) has occurred while \output is active []


[66

 <./ExpFPlotPopStatsFigure006-eps-converted-to.pdf>]
(./ExpFtParmTable028.tex)
Overfull \vbox (71.35382pt too high) has occurred while \output is active []


[67

] (./ExpFtParmTable029.tex
Overfull \hbox (8.66124pt too wide) in paragraph at lines 5--27
 [] 
 []

)
Overfull \vbox (71.35382pt too high) has occurred while \output is active []


[68

] (./ExpFtParmTable030.tex)
Overfull \vbox (71.35382pt too high) has occurred while \output is active []


[69

] (./ExpFtParmTable031.tex)
Overfull \vbox (71.35382pt too high) has occurred while \output is active []


[70

] (./ExpFStatsTable010.tex
Overfull \hbox (45.73035pt too wide) in paragraph at lines 5--15
 [] 
 []

)
Overfull \vbox (71.35382pt too high) has occurred while \output is active []


[71

] (./ExpFSolutionTable007.tex
Underfull \hbox (badness 10000) in paragraph at lines 9--10
[]\OT1/cmss/m/n/8 AND(sPair(NOT(D3), NOT(D7)), AND(AND(sPair(NOT(D4),
 []

)
Overfull \vbox (71.35382pt too high) has occurred while \output is active []


[72

]

pdfTeX warning: pdflatex (file ./ExpFDerivationTreeFigure007.pdf): PDF inclusio
n: found PDF version <1.7>, but at most version <1.5> allowed
<ExpFDerivationTreeFigure007.pdf, id=3319, 505.89pt x 505.89pt>
File: ExpFDerivationTreeFigure007.pdf Graphic file (type pdf)
<use ExpFDerivationTreeFigure007.pdf>
Package pdftex.def Info: ExpFDerivationTreeFigure007.pdf  used on input line 10
19.
(pdftex.def)             Requested size: 145.3713pt x 145.3689pt.

Overfull \vbox (71.35382pt too high) has occurred while \output is active []


[73

 <./ExpFDerivationTreeFigure007.pdf>]
Package epstopdf Info: Source file: <ExpFPlotPopStatsFigure007.eps>
(epstopdf)                    date: 2025-05-08 20:52:20
(epstopdf)                    size: 6164 bytes
(epstopdf)             Output file: <ExpFPlotPopStatsFigure007-eps-converted-to
.pdf>
(epstopdf)                    date: 2025-05-08 20:52:34
(epstopdf)                    size: 13543 bytes
(epstopdf)             Command: <repstopdf --outfile=ExpFPlotPopStatsFigure007-
eps-converted-to.pdf ExpFPlotPopStatsFigure007.eps>
(epstopdf)             \includegraphics on input line 1032.
Package epstopdf Info: Output file is already uptodate.
<ExpFPlotPopStatsFigure007-eps-converted-to.pdf, id=3370, 578.16pt x 758.835pt>

File: ExpFPlotPopStatsFigure007-eps-converted-to.pdf Graphic file (type pdf)
<use ExpFPlotPopStatsFigure007-eps-converted-to.pdf>
Package pdftex.def Info: ExpFPlotPopStatsFigure007-eps-converted-to.pdf  used o
n input line 1032.
(pdftex.def)             Requested size: 145.3713pt x 190.79669pt.

Overfull \vbox (71.35382pt too high) has occurred while \output is active []


[74

 <./ExpFPlotPopStatsFigure007-eps-converted-to.pdf>]
(./ExpFtParmTable032.tex)
Overfull \vbox (71.35382pt too high) has occurred while \output is active []


[75

] (./ExpFtParmTable033.tex
Overfull \hbox (8.66124pt too wide) in paragraph at lines 5--27
 [] 
 []

)
Overfull \vbox (71.35382pt too high) has occurred while \output is active []


[76

] (./ExpFtParmTable034.tex)
Overfull \vbox (71.35382pt too high) has occurred while \output is active []


[77

] (./ExpFtParmTable035.tex)
Overfull \vbox (71.35382pt too high) has occurred while \output is active []


[78

] (./ExpFStatsTable011.tex
Overfull \hbox (54.23047pt too wide) in paragraph at lines 5--15
 [] 
 []

)
Overfull \vbox (71.35382pt too high) has occurred while \output is active []


[79

] (./ExpFSolutionTable008.tex)
Overfull \vbox (71.35382pt too high) has occurred while \output is active []


[80

]

pdfTeX warning: pdflatex (file ./ExpFDerivationTreeFigure008.pdf): PDF inclusio
n: found PDF version <1.7>, but at most version <1.5> allowed
<ExpFDerivationTreeFigure008.pdf, id=3681, 505.89pt x 505.89pt>
File: ExpFDerivationTreeFigure008.pdf Graphic file (type pdf)
<use ExpFDerivationTreeFigure008.pdf>
Package pdftex.def Info: ExpFDerivationTreeFigure008.pdf  used on input line 11
28.
(pdftex.def)             Requested size: 145.3713pt x 145.3689pt.

Overfull \vbox (71.35382pt too high) has occurred while \output is active []


[81

 <./ExpFDerivationTreeFigure008.pdf>]
Package epstopdf Info: Source file: <ExpFPlotPopStatsFigure008.eps>
(epstopdf)                    date: 2025-05-08 20:52:20
(epstopdf)                    size: 8763 bytes
(epstopdf)             Output file: <ExpFPlotPopStatsFigure008-eps-converted-to
.pdf>
(epstopdf)                    date: 2025-05-08 20:52:34
(epstopdf)                    size: 14324 bytes
(epstopdf)             Command: <repstopdf --outfile=ExpFPlotPopStatsFigure008-
eps-converted-to.pdf ExpFPlotPopStatsFigure008.eps>
(epstopdf)             \includegraphics on input line 1141.
Package epstopdf Info: Output file is already uptodate.
<ExpFPlotPopStatsFigure008-eps-converted-to.pdf, id=3732, 578.16pt x 758.835pt>

File: ExpFPlotPopStatsFigure008-eps-converted-to.pdf Graphic file (type pdf)
<use ExpFPlotPopStatsFigure008-eps-converted-to.pdf>
Package pdftex.def Info: ExpFPlotPopStatsFigure008-eps-converted-to.pdf  used o
n input line 1141.
(pdftex.def)             Requested size: 145.3713pt x 190.79669pt.

Overfull \vbox (71.35382pt too high) has occurred while \output is active []


[82

 <./ExpFPlotPopStatsFigure008-eps-converted-to.pdf>]
(./ExpFtParmTable036.tex)
Overfull \vbox (71.35382pt too high) has occurred while \output is active []


[83

] (./ExpFtParmTable037.tex
Overfull \hbox (8.66124pt too wide) in paragraph at lines 5--27
 [] 
 []

)
Overfull \vbox (71.35382pt too high) has occurred while \output is active []


[84

] (./ExpFtParmTable038.tex)
Overfull \vbox (71.35382pt too high) has occurred while \output is active []


[85

] (./ExpFtParmTable039.tex)
Overfull \vbox (71.35382pt too high) has occurred while \output is active []


[86

] (./ExpFStatsTable012.tex
Overfull \hbox (58.48053pt too wide) in paragraph at lines 5--15
 [] 
 []

)
Overfull \vbox (71.35382pt too high) has occurred while \output is active []


[87

] (./ExpFSolutionTable009.tex
Underfull \hbox (badness 10000) in paragraph at lines 9--10
[]\OT1/cmss/m/n/8 NOT(NOT(AND(AND(sPair(D5, D7), OR(AND(sPair(D2,
 []


Underfull \hbox (badness 10000) in paragraph at lines 9--10
\OT1/cmss/m/n/8 D10), NOT(D10)), sPair(NOT(D2), NOT(D10)))),
 []


Underfull \hbox (badness 10000) in paragraph at lines 9--10
\OT1/cmss/m/n/8 NOT(OR(NOT(AND(sPair(D4, D8), sPair(D3, D9))),
 []

)
Overfull \vbox (71.35382pt too high) has occurred while \output is active []


[88

]

pdfTeX warning: pdflatex (file ./ExpFDerivationTreeFigure009.pdf): PDF inclusio
n: found PDF version <1.7>, but at most version <1.5> allowed
<ExpFDerivationTreeFigure009.pdf, id=4042, 505.89pt x 505.89pt>
File: ExpFDerivationTreeFigure009.pdf Graphic file (type pdf)
<use ExpFDerivationTreeFigure009.pdf>
Package pdftex.def Info: ExpFDerivationTreeFigure009.pdf  used on input line 12
37.
(pdftex.def)             Requested size: 145.3713pt x 145.3689pt.

Overfull \vbox (71.35382pt too high) has occurred while \output is active []


[89

 <./ExpFDerivationTreeFigure009.pdf>]
Package epstopdf Info: Source file: <ExpFPlotPopStatsFigure009.eps>
(epstopdf)                    date: 2025-05-08 20:52:20
(epstopdf)                    size: 6246 bytes
(epstopdf)             Output file: <ExpFPlotPopStatsFigure009-eps-converted-to
.pdf>
(epstopdf)                    date: 2025-05-08 20:52:34
(epstopdf)                    size: 13096 bytes
(epstopdf)             Command: <repstopdf --outfile=ExpFPlotPopStatsFigure009-
eps-converted-to.pdf ExpFPlotPopStatsFigure009.eps>
(epstopdf)             \includegraphics on input line 1250.
Package epstopdf Info: Output file is already uptodate.
<ExpFPlotPopStatsFigure009-eps-converted-to.pdf, id=4093, 578.16pt x 758.835pt>

File: ExpFPlotPopStatsFigure009-eps-converted-to.pdf Graphic file (type pdf)
<use ExpFPlotPopStatsFigure009-eps-converted-to.pdf>
Package pdftex.def Info: ExpFPlotPopStatsFigure009-eps-converted-to.pdf  used o
n input line 1250.
(pdftex.def)             Requested size: 145.3713pt x 190.79669pt.

Overfull \vbox (71.35382pt too high) has occurred while \output is active []


[90

 <./ExpFPlotPopStatsFigure009-eps-converted-to.pdf>]
(./ExpFtParmTable040.tex)
Overfull \vbox (71.35382pt too high) has occurred while \output is active []


[91

] (./ExpFtParmTable041.tex
Overfull \hbox (8.66124pt too wide) in paragraph at lines 5--27
 [] 
 []

)
Overfull \vbox (71.35382pt too high) has occurred while \output is active []


[92

] (./ExpFtParmTable042.tex)
Overfull \vbox (71.35382pt too high) has occurred while \output is active []


[93

] (./ExpFtParmTable043.tex)
Overfull \vbox (71.35382pt too high) has occurred while \output is active []


[94

] (./ExpFStatsTable013.tex
Overfull \hbox (58.48053pt too wide) in paragraph at lines 5--15
 [] 
 []

)
Overfull \vbox (71.35382pt too high) has occurred while \output is active []


[95

] (./ExpFSolutionTable010.tex
Underfull \hbox (badness 10000) in paragraph at lines 9--10
[]\OT1/cmss/m/n/8 AND(AND(sPair(D2, D11), NOT(NOT(sPair(D1, D12)))),
 []

)
Overfull \vbox (71.35382pt too high) has occurred while \output is active []


[96

]

pdfTeX warning: pdflatex (file ./ExpFDerivationTreeFigure010.pdf): PDF inclusio
n: found PDF version <1.7>, but at most version <1.5> allowed
<ExpFDerivationTreeFigure010.pdf, id=4403, 505.89pt x 505.89pt>
File: ExpFDerivationTreeFigure010.pdf Graphic file (type pdf)
<use ExpFDerivationTreeFigure010.pdf>
Package pdftex.def Info: ExpFDerivationTreeFigure010.pdf  used on input line 13
46.
(pdftex.def)             Requested size: 145.3713pt x 145.3689pt.

Overfull \vbox (71.35382pt too high) has occurred while \output is active []


[97

 <./ExpFDerivationTreeFigure010.pdf>]
Package epstopdf Info: Source file: <ExpFPlotPopStatsFigure010.eps>
(epstopdf)                    date: 2025-05-08 20:52:20
(epstopdf)                    size: 20929 bytes
(epstopdf)             Output file: <ExpFPlotPopStatsFigure010-eps-converted-to
.pdf>
(epstopdf)                    date: 2025-05-08 20:52:35
(epstopdf)                    size: 18397 bytes
(epstopdf)             Command: <repstopdf --outfile=ExpFPlotPopStatsFigure010-
eps-converted-to.pdf ExpFPlotPopStatsFigure010.eps>
(epstopdf)             \includegraphics on input line 1359.
Package epstopdf Info: Output file is already uptodate.
<ExpFPlotPopStatsFigure010-eps-converted-to.pdf, id=4454, 578.16pt x 758.835pt>

File: ExpFPlotPopStatsFigure010-eps-converted-to.pdf Graphic file (type pdf)
<use ExpFPlotPopStatsFigure010-eps-converted-to.pdf>
Package pdftex.def Info: ExpFPlotPopStatsFigure010-eps-converted-to.pdf  used o
n input line 1359.
(pdftex.def)             Requested size: 145.3713pt x 190.79669pt.

Overfull \vbox (71.35382pt too high) has occurred while \output is active []


[98

 <./ExpFPlotPopStatsFigure010-eps-converted-to.pdf>]
(./ExpFtParmTable044.tex
Overfull \hbox (18.33914pt too wide) in paragraph at lines 5--27
 [] 
 []

)
Overfull \vbox (71.35382pt too high) has occurred while \output is active []


[99

] (./ExpFtParmTable045.tex)
Overfull \vbox (71.35382pt too high) has occurred while \output is active []


[100

] (./ExpFtParmTable046.tex)
Overfull \vbox (71.35382pt too high) has occurred while \output is active []


[101

] (./ExpFtParmTable047.tex)
Overfull \vbox (71.35382pt too high) has occurred while \output is active []


[102

] (./ExpFtParmTable048.tex)
Overfull \vbox (71.35382pt too high) has occurred while \output is active []


[103

] (./ExpFtParmTable049.tex)
Overfull \vbox (71.35382pt too high) has occurred while \output is active []


[104

]
\tf@nav=\write6
\openout6 = `mainExpF.nav'.

\tf@toc=\write7
\openout7 = `mainExpF.toc'.

\tf@snm=\write8
\openout8 = `mainExpF.snm'.

 (./mainExpF.aux)
Package rerunfilecheck Info: File `mainExpF.out' has not changed.
(rerunfilecheck)             Checksum: BA5DDFEDC3AB9821680EE89BC518B8B0;2366.
 ) 
Here is how much of TeX's memory you used:
 23082 strings out of 476041
 456256 string characters out of 5793174
 1878388 words of memory out of 6000000
 42493 multiletter control sequences out of 15000+600000
 519340 words of font info for 57 fonts, out of 8000000 for 9000
 1137 hyphenation exceptions out of 8191
 128i,16n,122p,396b,563s stack positions out of 10000i,1000n,20000p,200000b,200000s
</usr/share/texlive/texmf-dist/fonts/type1/public/amsfonts/cm/cmmi8.pfb></usr
/share/texlive/texmf-dist/fonts/type1/public/amsfonts/cm/cmss10.pfb></usr/share
/texlive/texmf-dist/fonts/type1/public/amsfonts/cm/cmss12.pfb></usr/share/texli
ve/texmf-dist/fonts/type1/public/amsfonts/cm/cmss8.pfb></usr/share/texlive/texm
f-dist/fonts/type1/public/amsfonts/cm/cmss9.pfb>
Output written on mainExpF.pdf (104 pages, 614691 bytes).
PDF statistics:
 4860 PDF objects out of 5155 (max. 8388607)
 4614 compressed objects within 47 object streams
 325 named destinations out of 1000 (max. 500000)
 273 words of extra memory for PDF output out of 10000 (max. 10000000)

